-- Install configuration: ""
-- Execute custom install script
-- Up-to-date symlink: /home/anand/Igus/Igus_ROS2/install/irc_ros_navigation2/share/irc_ros_navigation2/launch/cpr_platform.launch.py
-- Up-to-date symlink: /home/anand/Igus/Igus_ROS2/install/irc_ros_navigation2/share/irc_ros_navigation2/params/cpr_platform_medium.yaml
-- Up-to-date symlink: /home/anand/Igus/Igus_ROS2/install/irc_ros_navigation2/share/irc_ros_navigation2/map/map.pgm
-- Up-to-date symlink: /home/anand/Igus/Igus_ROS2/install/irc_ros_navigation2/share/irc_ros_navigation2/map/map.yaml
-- Up-to-date symlink: /home/anand/Igus/Igus_ROS2/install/irc_ros_navigation2/share/irc_ros_navigation2/map/map_office.pgm
-- Up-to-date symlink: /home/anand/Igus/Igus_ROS2/install/irc_ros_navigation2/share/irc_ros_navigation2/map/map_office.yaml
-- Up-to-date symlink: /home/anand/Igus/Igus_ROS2/install/irc_ros_navigation2/share/irc_ros_navigation2/rviz/platform.rviz
-- Up-to-date symlink: /home/anand/Igus/Igus_ROS2/install/irc_ros_navigation2/share/ament_index/resource_index/package_run_dependencies/irc_ros_navigation2
-- Up-to-date symlink: /home/anand/Igus/Igus_ROS2/install/irc_ros_navigation2/share/ament_index/resource_index/parent_prefix_path/irc_ros_navigation2
-- Up-to-date symlink: /home/anand/Igus/Igus_ROS2/install/irc_ros_navigation2/share/irc_ros_navigation2/environment/ament_prefix_path.sh
-- Up-to-date symlink: /home/anand/Igus/Igus_ROS2/install/irc_ros_navigation2/share/irc_ros_navigation2/environment/ament_prefix_path.dsv
-- Up-to-date symlink: /home/anand/Igus/Igus_ROS2/install/irc_ros_navigation2/share/irc_ros_navigation2/environment/path.sh
-- Up-to-date symlink: /home/anand/Igus/Igus_ROS2/install/irc_ros_navigation2/share/irc_ros_navigation2/environment/path.dsv
-- Up-to-date symlink: /home/anand/Igus/Igus_ROS2/install/irc_ros_navigation2/share/irc_ros_navigation2/local_setup.bash
-- Up-to-date symlink: /home/anand/Igus/Igus_ROS2/install/irc_ros_navigation2/share/irc_ros_navigation2/local_setup.sh
-- Up-to-date symlink: /home/anand/Igus/Igus_ROS2/install/irc_ros_navigation2/share/irc_ros_navigation2/local_setup.zsh
-- Up-to-date symlink: /home/anand/Igus/Igus_ROS2/install/irc_ros_navigation2/share/irc_ros_navigation2/local_setup.dsv
-- Symlinking: /home/anand/Igus/Igus_ROS2/install/irc_ros_navigation2/share/irc_ros_navigation2/package.dsv
-- Up-to-date symlink: /home/anand/Igus/Igus_ROS2/install/irc_ros_navigation2/share/ament_index/resource_index/packages/irc_ros_navigation2
-- Up-to-date symlink: /home/anand/Igus/Igus_ROS2/install/irc_ros_navigation2/share/irc_ros_navigation2/cmake/irc_ros_navigation2Config.cmake
-- Up-to-date symlink: /home/anand/Igus/Igus_ROS2/install/irc_ros_navigation2/share/irc_ros_navigation2/cmake/irc_ros_navigation2Config-version.cmake
-- Up-to-date symlink: /home/anand/Igus/Igus_ROS2/install/irc_ros_navigation2/share/irc_ros_navigation2/package.xml
