[0.378s] Invoking command in '/home/anand/Igus/Igus_ROS2/build/irc_ros_examples': CMAKE_PREFIX_PATH=/home/anand/Igus/Igus_ROS2/install/irc_ros_moveit_config:/home/anand/Igus/Igus_ROS2/install/irc_ros_msgs:/home/anand/Igus/Igus_ROS2/install/irc_ros_description:/home/anand/Igus/Igus_ROS2/install/irc_ros_navigation2:/home/anand/Igus/Igus_ROS2/install/irc_ros_controllers:/home/anand/Igus/Igus_ROS2/install/irc_ros_bringup:/home/anand/Igus/Igus_ROS2/install/irc_ros_hardware:/home/anand/Igus/Igus_ROS2/install/irc_ros_examples:/home/anand/rover_ws/install/rover_description:/home/anand/rebel_ws/install/myrobot_moveit_config:/home/anand/rebel_ws/install/igus_rebel_description:/home/anand/Igus/Igus_ROS2/install/testtube_sorting:/home/anand/Igus/Igus_ROS2/install/irc_ros_dashboard:/opt/ros/humble LD_LIBRARY_PATH=/home/anand/Igus/Igus_ROS2/install/irc_ros_msgs/lib:/home/anand/Igus/Igus_ROS2/install/irc_ros_controllers/lib:/home/anand/Igus/Igus_ROS2/install/irc_ros_hardware/lib:/usr/lib/x86_64-linux-gnu/gazebo-11/plugins:/opt/ros/humble/opt/rviz_ogre_vendor/lib:/opt/ros/humble/lib/x86_64-linux-gnu:/opt/ros/humble/lib /usr/bin/cmake /home/anand/Igus/Igus_ROS2/irc_ros_examples -DCMAKE_INSTALL_PREFIX=/home/anand/Igus/Igus_ROS2/install/irc_ros_examples
[0.398s] -- Found ament_cmake: 1.3.12 (/opt/ros/humble/share/ament_cmake/cmake)
[0.629s] -- Override CMake install command with custom implementation using symlinks instead of copying resources
[0.639s] -- Found irc_ros_msgs: 0.0.0 (/home/anand/Igus/Igus_ROS2/install/irc_ros_msgs/share/irc_ros_msgs/cmake)
[0.692s] -- Found rosidl_generator_c: 3.1.7 (/opt/ros/humble/share/rosidl_generator_c/cmake)
[0.695s] -- Found rosidl_adapter: 3.1.7 (/opt/ros/humble/share/rosidl_adapter/cmake)
[0.704s] -- Found rosidl_generator_cpp: 3.1.7 (/opt/ros/humble/share/rosidl_generator_cpp/cmake)
[0.719s] -- Using all available rosidl_typesupport_c: rosidl_typesupport_fastrtps_c;rosidl_typesupport_introspection_c
[0.739s] -- Using all available rosidl_typesupport_cpp: rosidl_typesupport_fastrtps_cpp;rosidl_typesupport_introspection_cpp
[0.846s] -- Found moveit_core: 2.5.9 (/opt/ros/humble/share/moveit_core/cmake)
[0.877s] -- Found Boost: /usr/lib/x86_64-linux-gnu/cmake/Boost-1.74.0/BoostConfig.cmake (found version "1.74.0") found components: chrono date_time filesystem iostreams program_options regex serialization system thread 
[0.926s] -- Found parameter_traits: 0.5.0 (/opt/ros/humble/share/parameter_traits/cmake)
[0.969s] -- Found rmw_implementation_cmake: 6.1.2 (/opt/ros/humble/share/rmw_implementation_cmake/cmake)
[0.972s] -- Found rmw_fastrtps_cpp: 6.2.8 (/opt/ros/humble/share/rmw_fastrtps_cpp/cmake)
[1.142s] -- Using RMW implementation 'rmw_fastrtps_cpp' as default
[1.230s] -- Found rclcpp_lifecycle: 16.0.15 (/opt/ros/humble/share/rclcpp_lifecycle/cmake)
[1.263s] -- Found Boost: /usr/lib/x86_64-linux-gnu/cmake/Boost-1.74.0/BoostConfig.cmake (found version "1.74.0") found components: filesystem 
[1.316s] -- library: /usr/lib/x86_64-linux-gnu/libcurl.so
[1.377s] -- Ensuring Eigen3 include directory is part of orocos-kdl CMake target
[1.745s] -- Found moveit_ros_move_group: 2.5.9 (/opt/ros/humble/share/moveit_ros_move_group/cmake)
[1.752s] -- Found Boost: /usr/lib/x86_64-linux-gnu/cmake/Boost-1.74.0/BoostConfig.cmake (found version "1.74.0") found components: system filesystem date_time program_options thread 
[1.797s] -- Found Boost: /usr/lib/x86_64-linux-gnu/cmake/Boost-1.74.0/BoostConfig.cmake (found version "1.74.0") found components: system filesystem date_time program_options thread chrono 
[1.821s] -- Found moveit_ros_planning_interface: 2.5.9 (/opt/ros/humble/share/moveit_ros_planning_interface/cmake)
[1.829s] -- Found Boost: /usr/lib/x86_64-linux-gnu/cmake/Boost-1.74.0/BoostConfig.cmake (found version "1.74.0") found components: date_time filesystem program_options system thread 
[1.851s] -- Found Boost: /usr/lib/x86_64-linux-gnu/cmake/Boost-1.74.0/BoostConfig.cmake (found version "1.74.0") found components: thread system filesystem regex date_time program_options 
[1.888s] -- Found rclpy: 3.3.17 (/opt/ros/humble/share/rclpy/cmake)
[2.014s] -- Found ament_lint_auto: 0.12.14 (/opt/ros/humble/share/ament_lint_auto/cmake)
[2.181s] -- Added test 'cppcheck' to perform static code analysis on C / C++ code
[2.181s] -- Configured cppcheck include dirs: /home/anand/Igus/Igus_ROS2/irc_ros_examples/include;$<BUILD_INTERFACE:/home/anand/Igus/Igus_ROS2/irc_ros_examples/include>
[2.181s] -- Configured cppcheck exclude dirs and/or files: 
[2.182s] -- Added test 'flake8' to check Python code syntax and style conventions
[2.183s] -- Added test 'lint_cmake' to check CMake code style
[2.183s] -- Added test 'pep257' to check Python code against some of the docstring style conventions in PEP 257
[2.185s] -- Added test 'uncrustify' to check C / C++ code style
[2.185s] -- Configured uncrustify additional arguments: 
[2.185s] -- Added test 'xmllint' to check XML markup files
[2.186s] -- Configuring done
[2.241s] -- Generating done
[2.260s] -- Build files have been written to: /home/anand/Igus/Igus_ROS2/build/irc_ros_examples
[2.277s] Invoked command in '/home/anand/Igus/Igus_ROS2/build/irc_ros_examples' returned '0': CMAKE_PREFIX_PATH=/home/anand/Igus/Igus_ROS2/install/irc_ros_moveit_config:/home/anand/Igus/Igus_ROS2/install/irc_ros_msgs:/home/anand/Igus/Igus_ROS2/install/irc_ros_description:/home/anand/Igus/Igus_ROS2/install/irc_ros_navigation2:/home/anand/Igus/Igus_ROS2/install/irc_ros_controllers:/home/anand/Igus/Igus_ROS2/install/irc_ros_bringup:/home/anand/Igus/Igus_ROS2/install/irc_ros_hardware:/home/anand/Igus/Igus_ROS2/install/irc_ros_examples:/home/anand/rover_ws/install/rover_description:/home/anand/rebel_ws/install/myrobot_moveit_config:/home/anand/rebel_ws/install/igus_rebel_description:/home/anand/Igus/Igus_ROS2/install/testtube_sorting:/home/anand/Igus/Igus_ROS2/install/irc_ros_dashboard:/opt/ros/humble LD_LIBRARY_PATH=/home/anand/Igus/Igus_ROS2/install/irc_ros_msgs/lib:/home/anand/Igus/Igus_ROS2/install/irc_ros_controllers/lib:/home/anand/Igus/Igus_ROS2/install/irc_ros_hardware/lib:/usr/lib/x86_64-linux-gnu/gazebo-11/plugins:/opt/ros/humble/opt/rviz_ogre_vendor/lib:/opt/ros/humble/lib/x86_64-linux-gnu:/opt/ros/humble/lib /usr/bin/cmake /home/anand/Igus/Igus_ROS2/irc_ros_examples -DCMAKE_INSTALL_PREFIX=/home/anand/Igus/Igus_ROS2/install/irc_ros_examples
[2.280s] Invoking command in '/home/anand/Igus/Igus_ROS2/build/irc_ros_examples': CMAKE_PREFIX_PATH=/home/anand/Igus/Igus_ROS2/install/irc_ros_moveit_config:/home/anand/Igus/Igus_ROS2/install/irc_ros_msgs:/home/anand/Igus/Igus_ROS2/install/irc_ros_description:/home/anand/Igus/Igus_ROS2/install/irc_ros_navigation2:/home/anand/Igus/Igus_ROS2/install/irc_ros_controllers:/home/anand/Igus/Igus_ROS2/install/irc_ros_bringup:/home/anand/Igus/Igus_ROS2/install/irc_ros_hardware:/home/anand/Igus/Igus_ROS2/install/irc_ros_examples:/home/anand/rover_ws/install/rover_description:/home/anand/rebel_ws/install/myrobot_moveit_config:/home/anand/rebel_ws/install/igus_rebel_description:/home/anand/Igus/Igus_ROS2/install/testtube_sorting:/home/anand/Igus/Igus_ROS2/install/irc_ros_dashboard:/opt/ros/humble LD_LIBRARY_PATH=/home/anand/Igus/Igus_ROS2/install/irc_ros_msgs/lib:/home/anand/Igus/Igus_ROS2/install/irc_ros_controllers/lib:/home/anand/Igus/Igus_ROS2/install/irc_ros_hardware/lib:/usr/lib/x86_64-linux-gnu/gazebo-11/plugins:/opt/ros/humble/opt/rviz_ogre_vendor/lib:/opt/ros/humble/lib/x86_64-linux-gnu:/opt/ros/humble/lib /usr/bin/cmake --build /home/anand/Igus/Igus_ROS2/build/irc_ros_examples -- -j16 -l16
[2.349s] [35m[1mConsolidate compiler generated dependencies of target pick_and_place[0m
[2.353s] [35m[1mConsolidate compiler generated dependencies of target pick_and_place_vacuum[0m
[2.378s] [  0%] Built target ament_cmake_python_symlink_irc_ros_examples
[2.389s] [ 50%] Built target pick_and_place
[2.399s] [100%] Built target pick_and_place_vacuum
[2.789s] running egg_info
[2.814s] writing irc_ros_examples.egg-info/PKG-INFO
[2.815s] writing dependency_links to irc_ros_examples.egg-info/dependency_links.txt
[2.816s] writing top-level names to irc_ros_examples.egg-info/top_level.txt
[2.881s] reading manifest file 'irc_ros_examples.egg-info/SOURCES.txt'
[2.882s] writing manifest file 'irc_ros_examples.egg-info/SOURCES.txt'
[2.935s] [100%] Built target ament_cmake_python_build_irc_ros_examples_egg
[2.954s] Invoked command in '/home/anand/Igus/Igus_ROS2/build/irc_ros_examples' returned '0': CMAKE_PREFIX_PATH=/home/anand/Igus/Igus_ROS2/install/irc_ros_moveit_config:/home/anand/Igus/Igus_ROS2/install/irc_ros_msgs:/home/anand/Igus/Igus_ROS2/install/irc_ros_description:/home/anand/Igus/Igus_ROS2/install/irc_ros_navigation2:/home/anand/Igus/Igus_ROS2/install/irc_ros_controllers:/home/anand/Igus/Igus_ROS2/install/irc_ros_bringup:/home/anand/Igus/Igus_ROS2/install/irc_ros_hardware:/home/anand/Igus/Igus_ROS2/install/irc_ros_examples:/home/anand/rover_ws/install/rover_description:/home/anand/rebel_ws/install/myrobot_moveit_config:/home/anand/rebel_ws/install/igus_rebel_description:/home/anand/Igus/Igus_ROS2/install/testtube_sorting:/home/anand/Igus/Igus_ROS2/install/irc_ros_dashboard:/opt/ros/humble LD_LIBRARY_PATH=/home/anand/Igus/Igus_ROS2/install/irc_ros_msgs/lib:/home/anand/Igus/Igus_ROS2/install/irc_ros_controllers/lib:/home/anand/Igus/Igus_ROS2/install/irc_ros_hardware/lib:/usr/lib/x86_64-linux-gnu/gazebo-11/plugins:/opt/ros/humble/opt/rviz_ogre_vendor/lib:/opt/ros/humble/lib/x86_64-linux-gnu:/opt/ros/humble/lib /usr/bin/cmake --build /home/anand/Igus/Igus_ROS2/build/irc_ros_examples -- -j16 -l16
[2.958s] Invoking command in '/home/anand/Igus/Igus_ROS2/build/irc_ros_examples': CMAKE_PREFIX_PATH=/home/anand/Igus/Igus_ROS2/install/irc_ros_moveit_config:/home/anand/Igus/Igus_ROS2/install/irc_ros_msgs:/home/anand/Igus/Igus_ROS2/install/irc_ros_description:/home/anand/Igus/Igus_ROS2/install/irc_ros_navigation2:/home/anand/Igus/Igus_ROS2/install/irc_ros_controllers:/home/anand/Igus/Igus_ROS2/install/irc_ros_bringup:/home/anand/Igus/Igus_ROS2/install/irc_ros_hardware:/home/anand/Igus/Igus_ROS2/install/irc_ros_examples:/home/anand/rover_ws/install/rover_description:/home/anand/rebel_ws/install/myrobot_moveit_config:/home/anand/rebel_ws/install/igus_rebel_description:/home/anand/Igus/Igus_ROS2/install/testtube_sorting:/home/anand/Igus/Igus_ROS2/install/irc_ros_dashboard:/opt/ros/humble LD_LIBRARY_PATH=/home/anand/Igus/Igus_ROS2/install/irc_ros_msgs/lib:/home/anand/Igus/Igus_ROS2/install/irc_ros_controllers/lib:/home/anand/Igus/Igus_ROS2/install/irc_ros_hardware/lib:/usr/lib/x86_64-linux-gnu/gazebo-11/plugins:/opt/ros/humble/opt/rviz_ogre_vendor/lib:/opt/ros/humble/lib/x86_64-linux-gnu:/opt/ros/humble/lib /usr/bin/cmake --install /home/anand/Igus/Igus_ROS2/build/irc_ros_examples
[2.975s] -- Install configuration: ""
[2.977s] -- Execute custom install script
[2.977s] -- Up-to-date symlink: /home/anand/Igus/Igus_ROS2/install/irc_ros_examples/lib/irc_ros_examples/pick_and_place
[2.978s] -- Up-to-date symlink: /home/anand/Igus/Igus_ROS2/install/irc_ros_examples/lib/irc_ros_examples/pick_and_place_vacuum
[2.978s] -- Up-to-date symlink: /home/anand/Igus/Igus_ROS2/install/irc_ros_examples/share/irc_ros_examples/environment/pythonpath.sh
[2.979s] -- Up-to-date symlink: /home/anand/Igus/Igus_ROS2/install/irc_ros_examples/share/irc_ros_examples/environment/pythonpath.dsv
[2.979s] -- Up-to-date symlink: /home/anand/Igus/Igus_ROS2/install/irc_ros_examples/local/lib/python3.10/dist-packages/irc_ros_examples-0.1.0-py3.10.egg-info/PKG-INFO
[2.980s] -- Up-to-date symlink: /home/anand/Igus/Igus_ROS2/install/irc_ros_examples/local/lib/python3.10/dist-packages/irc_ros_examples-0.1.0-py3.10.egg-info/SOURCES.txt
[2.980s] -- Up-to-date symlink: /home/anand/Igus/Igus_ROS2/install/irc_ros_examples/local/lib/python3.10/dist-packages/irc_ros_examples-0.1.0-py3.10.egg-info/dependency_links.txt
[2.980s] -- Up-to-date symlink: /home/anand/Igus/Igus_ROS2/install/irc_ros_examples/local/lib/python3.10/dist-packages/irc_ros_examples-0.1.0-py3.10.egg-info/top_level.txt
[2.981s] -- Up-to-date symlink: /home/anand/Igus/Igus_ROS2/install/irc_ros_examples/local/lib/python3.10/dist-packages/irc_ros_examples/__init__.py
[2.982s] -- Up-to-date symlink: /home/anand/Igus/Igus_ROS2/install/irc_ros_examples/lib/irc_ros_examples/nav2_simple_commander_example.py
[2.982s] -- Up-to-date symlink: /home/anand/Igus/Igus_ROS2/install/irc_ros_examples/lib/irc_ros_examples/baristabot.py
[2.983s] -- Up-to-date symlink: /home/anand/Igus/Igus_ROS2/install/irc_ros_examples/share/irc_ros_examples/launch/baristabot.launch.py
[2.983s] -- Up-to-date symlink: /home/anand/Igus/Igus_ROS2/install/irc_ros_examples/share/irc_ros_examples/launch/nav2_simple_commander_example.launch.py
[2.983s] -- Up-to-date symlink: /home/anand/Igus/Igus_ROS2/install/irc_ros_examples/share/irc_ros_examples/launch/pick_and_place.launch.py
[2.983s] -- Up-to-date symlink: /home/anand/Igus/Igus_ROS2/install/irc_ros_examples/share/irc_ros_examples/launch/pick_and_place_vacuum.launch.py
[2.984s] -- Up-to-date symlink: /home/anand/Igus/Igus_ROS2/install/irc_ros_examples/share/ament_index/resource_index/package_run_dependencies/irc_ros_examples
[2.984s] -- Up-to-date symlink: /home/anand/Igus/Igus_ROS2/install/irc_ros_examples/share/ament_index/resource_index/parent_prefix_path/irc_ros_examples
[2.985s] -- Up-to-date symlink: /home/anand/Igus/Igus_ROS2/install/irc_ros_examples/share/irc_ros_examples/environment/ament_prefix_path.sh
[2.985s] -- Up-to-date symlink: /home/anand/Igus/Igus_ROS2/install/irc_ros_examples/share/irc_ros_examples/environment/ament_prefix_path.dsv
[2.985s] -- Up-to-date symlink: /home/anand/Igus/Igus_ROS2/install/irc_ros_examples/share/irc_ros_examples/environment/path.sh
[2.986s] -- Up-to-date symlink: /home/anand/Igus/Igus_ROS2/install/irc_ros_examples/share/irc_ros_examples/environment/path.dsv
[2.986s] -- Up-to-date symlink: /home/anand/Igus/Igus_ROS2/install/irc_ros_examples/share/irc_ros_examples/local_setup.bash
[2.986s] -- Up-to-date symlink: /home/anand/Igus/Igus_ROS2/install/irc_ros_examples/share/irc_ros_examples/local_setup.sh
[2.987s] -- Up-to-date symlink: /home/anand/Igus/Igus_ROS2/install/irc_ros_examples/share/irc_ros_examples/local_setup.zsh
[2.987s] -- Up-to-date symlink: /home/anand/Igus/Igus_ROS2/install/irc_ros_examples/share/irc_ros_examples/local_setup.dsv
[2.987s] -- Symlinking: /home/anand/Igus/Igus_ROS2/install/irc_ros_examples/share/irc_ros_examples/package.dsv
[3.004s] -- Up-to-date symlink: /home/anand/Igus/Igus_ROS2/install/irc_ros_examples/share/ament_index/resource_index/packages/irc_ros_examples
[3.004s] -- Up-to-date symlink: /home/anand/Igus/Igus_ROS2/install/irc_ros_examples/share/irc_ros_examples/cmake/irc_ros_examplesConfig.cmake
[3.004s] -- Up-to-date symlink: /home/anand/Igus/Igus_ROS2/install/irc_ros_examples/share/irc_ros_examples/cmake/irc_ros_examplesConfig-version.cmake
[3.005s] -- Up-to-date symlink: /home/anand/Igus/Igus_ROS2/install/irc_ros_examples/share/irc_ros_examples/package.xml
[3.066s] Listing '/home/anand/Igus/Igus_ROS2/install/irc_ros_examples/local/lib/python3.10/dist-packages/irc_ros_examples'...
[3.078s] Invoked command in '/home/anand/Igus/Igus_ROS2/build/irc_ros_examples' returned '0': CMAKE_PREFIX_PATH=/home/anand/Igus/Igus_ROS2/install/irc_ros_moveit_config:/home/anand/Igus/Igus_ROS2/install/irc_ros_msgs:/home/anand/Igus/Igus_ROS2/install/irc_ros_description:/home/anand/Igus/Igus_ROS2/install/irc_ros_navigation2:/home/anand/Igus/Igus_ROS2/install/irc_ros_controllers:/home/anand/Igus/Igus_ROS2/install/irc_ros_bringup:/home/anand/Igus/Igus_ROS2/install/irc_ros_hardware:/home/anand/Igus/Igus_ROS2/install/irc_ros_examples:/home/anand/rover_ws/install/rover_description:/home/anand/rebel_ws/install/myrobot_moveit_config:/home/anand/rebel_ws/install/igus_rebel_description:/home/anand/Igus/Igus_ROS2/install/testtube_sorting:/home/anand/Igus/Igus_ROS2/install/irc_ros_dashboard:/opt/ros/humble LD_LIBRARY_PATH=/home/anand/Igus/Igus_ROS2/install/irc_ros_msgs/lib:/home/anand/Igus/Igus_ROS2/install/irc_ros_controllers/lib:/home/anand/Igus/Igus_ROS2/install/irc_ros_hardware/lib:/usr/lib/x86_64-linux-gnu/gazebo-11/plugins:/opt/ros/humble/opt/rviz_ogre_vendor/lib:/opt/ros/humble/lib/x86_64-linux-gnu:/opt/ros/humble/lib /usr/bin/cmake --install /home/anand/Igus/Igus_ROS2/build/irc_ros_examples
