/home/anand/.local/lib/python3.10/site-packages/setuptools/_distutils/dist.py:289: UserWarning: Unknown distribution option: 'tests_require'
  warnings.warn(msg)
running develop
Removing /home/anand/Igus/Igus_ROS2/install/irc_ros_dashboard/lib/python3.10/site-packages/irc-ros-dashboard.egg-link (link to .)
/home/anand/.local/lib/python3.10/site-packages/setuptools/_distutils/dist.py:289: UserWarning: Unknown distribution option: 'tests_require'
  warnings.warn(msg)
running egg_info
writing ../build/irc_ros_dashboard/irc_ros_dashboard.egg-info/PKG-INFO
writing dependency_links to ../build/irc_ros_dashboard/irc_ros_dashboard.egg-info/dependency_links.txt
writing entry points to ../build/irc_ros_dashboard/irc_ros_dashboard.egg-info/entry_points.txt
writing requirements to ../build/irc_ros_dashboard/irc_ros_dashboard.egg-info/requires.txt
writing top-level names to ../build/irc_ros_dashboard/irc_ros_dashboard.egg-info/top_level.txt
reading manifest file '../build/irc_ros_dashboard/irc_ros_dashboard.egg-info/SOURCES.txt'
writing manifest file '../build/irc_ros_dashboard/irc_ros_dashboard.egg-info/SOURCES.txt'
running build
running build_py
creating /home/anand/Igus/Igus_ROS2/build/irc_ros_dashboard/build/lib/irc_ros_dashboard
copying irc_ros_dashboard/cli_dashboard.py -> /home/anand/Igus/Igus_ROS2/build/irc_ros_dashboard/build/lib/irc_ros_dashboard
copying irc_ros_dashboard/__init__.py -> /home/anand/Igus/Igus_ROS2/build/irc_ros_dashboard/build/lib/irc_ros_dashboard
running install
running install_lib
creating /home/anand/Igus/Igus_ROS2/install/irc_ros_dashboard/lib/python3.10/site-packages/irc_ros_dashboard
copying /home/anand/Igus/Igus_ROS2/build/irc_ros_dashboard/build/lib/irc_ros_dashboard/cli_dashboard.py -> /home/anand/Igus/Igus_ROS2/install/irc_ros_dashboard/lib/python3.10/site-packages/irc_ros_dashboard
copying /home/anand/Igus/Igus_ROS2/build/irc_ros_dashboard/build/lib/irc_ros_dashboard/__init__.py -> /home/anand/Igus/Igus_ROS2/install/irc_ros_dashboard/lib/python3.10/site-packages/irc_ros_dashboard
byte-compiling /home/anand/Igus/Igus_ROS2/install/irc_ros_dashboard/lib/python3.10/site-packages/irc_ros_dashboard/cli_dashboard.py to cli_dashboard.cpython-310.pyc
byte-compiling /home/anand/Igus/Igus_ROS2/install/irc_ros_dashboard/lib/python3.10/site-packages/irc_ros_dashboard/__init__.py to __init__.cpython-310.pyc
running install_data
copying resource/irc_ros_dashboard -> /home/anand/Igus/Igus_ROS2/install/irc_ros_dashboard/share/ament_index/resource_index/packages
copying package.xml -> /home/anand/Igus/Igus_ROS2/install/irc_ros_dashboard/share/irc_ros_dashboard
running install_egg_info
Copying ../build/irc_ros_dashboard/irc_ros_dashboard.egg-info to /home/anand/Igus/Igus_ROS2/install/irc_ros_dashboard/lib/python3.10/site-packages/irc_ros_dashboard-0.1.0-py3.10.egg-info
running install_scripts
Installing cli_dashboard script to /home/anand/Igus/Igus_ROS2/install/irc_ros_dashboard/lib/irc_ros_dashboard
writing list of installed files to '/home/anand/Igus/Igus_ROS2/build/irc_ros_dashboard/install.log'
