[1.182s] Invoking command in '/home/anand/Igus/Igus_ROS2/build/irc_ros_dashboard': CMAKE_PREFIX_PATH=/home/anand/Igus/Igus_ROS2/install/irc_ros_msgs:/home/anand/Igus/Igus_ROS2/install/irc_ros_navigation2:/home/anand/Igus/Igus_ROS2/install/irc_ros_controllers:/home/anand/Igus/Igus_ROS2/install/irc_ros_bringup:/home/anand/Igus/Igus_ROS2/install/irc_ros_hardware:/home/anand/Igus/Igus_ROS2/install/irc_ros_examples:/home/anand/Igus/Igus_ROS2/install/irc_ros_moveit_config:/home/anand/Igus/Igus_ROS2/install/irc_ros_description:/home/anand/rover_ws/install/rover_description:/home/anand/rebel_ws/install/myrobot_moveit_config:/home/anand/rebel_ws/install/igus_rebel_description LD_LIBRARY_PATH=/home/anand/Igus/Igus_ROS2/install/irc_ros_msgs/lib:/home/anand/Igus/Igus_ROS2/install/irc_ros_controllers/lib:/home/anand/Igus/Igus_ROS2/install/irc_ros_hardware/lib:/usr/lib/x86_64-linux-gnu/gazebo-11/plugins:/opt/ros/humble/opt/rviz_ogre_vendor/lib:/opt/ros/humble/lib/x86_64-linux-gnu:/opt/ros/humble/lib PYTHONPATH=/home/anand/Igus/Igus_ROS2/build/irc_ros_dashboard/prefix_override:/usr/lib/python3/dist-packages/colcon_core/task/python/colcon_distutils_commands:/home/anand/Igus/Igus_ROS2/install/irc_ros_dashboard/lib/python3.10/site-packages:${PYTHONPATH} /usr/bin/python3 -W ignore:setup.py install is deprecated -W ignore:easy_install command is deprecated setup.py develop --uninstall --editable --build-directory /home/anand/Igus/Igus_ROS2/build/irc_ros_dashboard/build
[1.446s] /home/anand/.local/lib/python3.10/site-packages/setuptools/_distutils/dist.py:289: UserWarning: Unknown distribution option: 'tests_require'
[1.447s]   warnings.warn(msg)
[1.704s] running develop
[2.060s] Removing /home/anand/Igus/Igus_ROS2/install/irc_ros_dashboard/lib/python3.10/site-packages/irc-ros-dashboard.egg-link (link to .)
[2.121s] Invoked command in '/home/anand/Igus/Igus_ROS2/build/irc_ros_dashboard' returned '0': CMAKE_PREFIX_PATH=/home/anand/Igus/Igus_ROS2/install/irc_ros_msgs:/home/anand/Igus/Igus_ROS2/install/irc_ros_navigation2:/home/anand/Igus/Igus_ROS2/install/irc_ros_controllers:/home/anand/Igus/Igus_ROS2/install/irc_ros_bringup:/home/anand/Igus/Igus_ROS2/install/irc_ros_hardware:/home/anand/Igus/Igus_ROS2/install/irc_ros_examples:/home/anand/Igus/Igus_ROS2/install/irc_ros_moveit_config:/home/anand/Igus/Igus_ROS2/install/irc_ros_description:/home/anand/rover_ws/install/rover_description:/home/anand/rebel_ws/install/myrobot_moveit_config:/home/anand/rebel_ws/install/igus_rebel_description LD_LIBRARY_PATH=/home/anand/Igus/Igus_ROS2/install/irc_ros_msgs/lib:/home/anand/Igus/Igus_ROS2/install/irc_ros_controllers/lib:/home/anand/Igus/Igus_ROS2/install/irc_ros_hardware/lib:/usr/lib/x86_64-linux-gnu/gazebo-11/plugins:/opt/ros/humble/opt/rviz_ogre_vendor/lib:/opt/ros/humble/lib/x86_64-linux-gnu:/opt/ros/humble/lib PYTHONPATH=/home/anand/Igus/Igus_ROS2/build/irc_ros_dashboard/prefix_override:/usr/lib/python3/dist-packages/colcon_core/task/python/colcon_distutils_commands:/home/anand/Igus/Igus_ROS2/install/irc_ros_dashboard/lib/python3.10/site-packages:${PYTHONPATH} /usr/bin/python3 -W ignore:setup.py install is deprecated -W ignore:easy_install command is deprecated setup.py develop --uninstall --editable --build-directory /home/anand/Igus/Igus_ROS2/build/irc_ros_dashboard/build
[2.125s] Invoking command in '/home/anand/Igus/Igus_ROS2/irc_ros_dashboard': CMAKE_PREFIX_PATH=/home/anand/Igus/Igus_ROS2/install/irc_ros_msgs:/home/anand/Igus/Igus_ROS2/install/irc_ros_navigation2:/home/anand/Igus/Igus_ROS2/install/irc_ros_controllers:/home/anand/Igus/Igus_ROS2/install/irc_ros_bringup:/home/anand/Igus/Igus_ROS2/install/irc_ros_hardware:/home/anand/Igus/Igus_ROS2/install/irc_ros_examples:/home/anand/Igus/Igus_ROS2/install/irc_ros_moveit_config:/home/anand/Igus/Igus_ROS2/install/irc_ros_description:/home/anand/rover_ws/install/rover_description:/home/anand/rebel_ws/install/myrobot_moveit_config:/home/anand/rebel_ws/install/igus_rebel_description LD_LIBRARY_PATH=/home/anand/Igus/Igus_ROS2/install/irc_ros_msgs/lib:/home/anand/Igus/Igus_ROS2/install/irc_ros_controllers/lib:/home/anand/Igus/Igus_ROS2/install/irc_ros_hardware/lib:/usr/lib/x86_64-linux-gnu/gazebo-11/plugins:/opt/ros/humble/opt/rviz_ogre_vendor/lib:/opt/ros/humble/lib/x86_64-linux-gnu:/opt/ros/humble/lib PYTHONPATH=/home/anand/Igus/Igus_ROS2/build/irc_ros_dashboard/prefix_override:/usr/lib/python3/dist-packages/colcon_core/task/python/colcon_distutils_commands:/home/anand/Igus/Igus_ROS2/install/irc_ros_dashboard/lib/python3.10/site-packages:${PYTHONPATH} /usr/bin/python3 -W ignore:setup.py install is deprecated -W ignore:easy_install command is deprecated setup.py egg_info --egg-base ../build/irc_ros_dashboard build --build-base /home/anand/Igus/Igus_ROS2/build/irc_ros_dashboard/build install --record /home/anand/Igus/Igus_ROS2/build/irc_ros_dashboard/install.log --single-version-externally-managed install_data --force
[2.435s] /home/anand/.local/lib/python3.10/site-packages/setuptools/_distutils/dist.py:289: UserWarning: Unknown distribution option: 'tests_require'
[2.435s]   warnings.warn(msg)
[2.587s] running egg_info
[2.610s] writing ../build/irc_ros_dashboard/irc_ros_dashboard.egg-info/PKG-INFO
[2.611s] writing dependency_links to ../build/irc_ros_dashboard/irc_ros_dashboard.egg-info/dependency_links.txt
[2.611s] writing entry points to ../build/irc_ros_dashboard/irc_ros_dashboard.egg-info/entry_points.txt
[2.612s] writing requirements to ../build/irc_ros_dashboard/irc_ros_dashboard.egg-info/requires.txt
[2.612s] writing top-level names to ../build/irc_ros_dashboard/irc_ros_dashboard.egg-info/top_level.txt
[2.661s] reading manifest file '../build/irc_ros_dashboard/irc_ros_dashboard.egg-info/SOURCES.txt'
[2.661s] writing manifest file '../build/irc_ros_dashboard/irc_ros_dashboard.egg-info/SOURCES.txt'
[2.661s] running build
[2.661s] running build_py
[2.662s] creating /home/anand/Igus/Igus_ROS2/build/irc_ros_dashboard/build/lib/irc_ros_dashboard
[2.662s] copying irc_ros_dashboard/cli_dashboard.py -> /home/anand/Igus/Igus_ROS2/build/irc_ros_dashboard/build/lib/irc_ros_dashboard
[2.662s] copying irc_ros_dashboard/__init__.py -> /home/anand/Igus/Igus_ROS2/build/irc_ros_dashboard/build/lib/irc_ros_dashboard
[2.662s] running install
[2.668s] running install_lib
[2.690s] creating /home/anand/Igus/Igus_ROS2/install/irc_ros_dashboard/lib/python3.10/site-packages/irc_ros_dashboard
[2.690s] copying /home/anand/Igus/Igus_ROS2/build/irc_ros_dashboard/build/lib/irc_ros_dashboard/cli_dashboard.py -> /home/anand/Igus/Igus_ROS2/install/irc_ros_dashboard/lib/python3.10/site-packages/irc_ros_dashboard
[2.690s] copying /home/anand/Igus/Igus_ROS2/build/irc_ros_dashboard/build/lib/irc_ros_dashboard/__init__.py -> /home/anand/Igus/Igus_ROS2/install/irc_ros_dashboard/lib/python3.10/site-packages/irc_ros_dashboard
[2.691s] byte-compiling /home/anand/Igus/Igus_ROS2/install/irc_ros_dashboard/lib/python3.10/site-packages/irc_ros_dashboard/cli_dashboard.py to cli_dashboard.cpython-310.pyc
[2.693s] byte-compiling /home/anand/Igus/Igus_ROS2/install/irc_ros_dashboard/lib/python3.10/site-packages/irc_ros_dashboard/__init__.py to __init__.cpython-310.pyc
[2.693s] running install_data
[2.694s] copying resource/irc_ros_dashboard -> /home/anand/Igus/Igus_ROS2/install/irc_ros_dashboard/share/ament_index/resource_index/packages
[2.694s] copying package.xml -> /home/anand/Igus/Igus_ROS2/install/irc_ros_dashboard/share/irc_ros_dashboard
[2.694s] running install_egg_info
[2.741s] Copying ../build/irc_ros_dashboard/irc_ros_dashboard.egg-info to /home/anand/Igus/Igus_ROS2/install/irc_ros_dashboard/lib/python3.10/site-packages/irc_ros_dashboard-0.1.0-py3.10.egg-info
[2.743s] running install_scripts
[3.016s] Installing cli_dashboard script to /home/anand/Igus/Igus_ROS2/install/irc_ros_dashboard/lib/irc_ros_dashboard
[3.016s] writing list of installed files to '/home/anand/Igus/Igus_ROS2/build/irc_ros_dashboard/install.log'
[3.066s] Invoked command in '/home/anand/Igus/Igus_ROS2/irc_ros_dashboard' returned '0': CMAKE_PREFIX_PATH=/home/anand/Igus/Igus_ROS2/install/irc_ros_msgs:/home/anand/Igus/Igus_ROS2/install/irc_ros_navigation2:/home/anand/Igus/Igus_ROS2/install/irc_ros_controllers:/home/anand/Igus/Igus_ROS2/install/irc_ros_bringup:/home/anand/Igus/Igus_ROS2/install/irc_ros_hardware:/home/anand/Igus/Igus_ROS2/install/irc_ros_examples:/home/anand/Igus/Igus_ROS2/install/irc_ros_moveit_config:/home/anand/Igus/Igus_ROS2/install/irc_ros_description:/home/anand/rover_ws/install/rover_description:/home/anand/rebel_ws/install/myrobot_moveit_config:/home/anand/rebel_ws/install/igus_rebel_description LD_LIBRARY_PATH=/home/anand/Igus/Igus_ROS2/install/irc_ros_msgs/lib:/home/anand/Igus/Igus_ROS2/install/irc_ros_controllers/lib:/home/anand/Igus/Igus_ROS2/install/irc_ros_hardware/lib:/usr/lib/x86_64-linux-gnu/gazebo-11/plugins:/opt/ros/humble/opt/rviz_ogre_vendor/lib:/opt/ros/humble/lib/x86_64-linux-gnu:/opt/ros/humble/lib PYTHONPATH=/home/anand/Igus/Igus_ROS2/build/irc_ros_dashboard/prefix_override:/usr/lib/python3/dist-packages/colcon_core/task/python/colcon_distutils_commands:/home/anand/Igus/Igus_ROS2/install/irc_ros_dashboard/lib/python3.10/site-packages:${PYTHONPATH} /usr/bin/python3 -W ignore:setup.py install is deprecated -W ignore:easy_install command is deprecated setup.py egg_info --egg-base ../build/irc_ros_dashboard build --build-base /home/anand/Igus/Igus_ROS2/build/irc_ros_dashboard/build install --record /home/anand/Igus/Igus_ROS2/build/irc_ros_dashboard/install.log --single-version-externally-managed install_data --force
