[0.161s] Invoking command in '/home/anand/Igus/Igus_ROS2/build/irc_ros_examples': CMAKE_PREFIX_PATH=/home/anand/Igus/Igus_ROS2/install/irc_ros_moveit_config:/home/anand/Igus/Igus_ROS2/install/irc_ros_msgs:/home/anand/Igus/Igus_ROS2/install/irc_ros_description:/home/anand/Igus/Igus_ROS2/install/irc_ros_navigation2:/home/anand/Igus/Igus_ROS2/install/irc_ros_controllers:/home/anand/Igus/Igus_ROS2/install/irc_ros_bringup:/home/anand/Igus/Igus_ROS2/install/irc_ros_hardware:/home/anand/Igus/Igus_ROS2/install/irc_ros_examples:/home/anand/rover_ws/install/rover_description:/home/anand/rebel_ws/install/myrobot_moveit_config:/home/anand/rebel_ws/install/igus_rebel_description:/home/anand/Igus/Igus_ROS2/install/testtube_sorting:/home/anand/Igus/Igus_ROS2/install/irc_ros_dashboard:/opt/ros/humble LD_LIBRARY_PATH=/home/anand/Igus/Igus_ROS2/install/irc_ros_msgs/lib:/home/anand/Igus/Igus_ROS2/install/irc_ros_controllers/lib:/home/anand/Igus/Igus_ROS2/install/irc_ros_hardware/lib:/usr/lib/x86_64-linux-gnu/gazebo-11/plugins:/opt/ros/humble/opt/rviz_ogre_vendor/lib:/opt/ros/humble/lib/x86_64-linux-gnu:/opt/ros/humble/lib /usr/bin/cmake --build /home/anand/Igus/Igus_ROS2/build/irc_ros_examples -- -j16 -l16
[0.220s] [  0%] Built target ament_cmake_python_symlink_irc_ros_examples
[0.221s] [ 50%] Built target pick_and_place_vacuum
[0.222s] [100%] Built target pick_and_place
[0.382s] running egg_info
[0.392s] writing irc_ros_examples.egg-info/PKG-INFO
[0.392s] writing dependency_links to irc_ros_examples.egg-info/dependency_links.txt
[0.392s] writing top-level names to irc_ros_examples.egg-info/top_level.txt
[0.420s] reading manifest file 'irc_ros_examples.egg-info/SOURCES.txt'
[0.421s] writing manifest file 'irc_ros_examples.egg-info/SOURCES.txt'
[0.445s] [100%] Built target ament_cmake_python_build_irc_ros_examples_egg
[0.456s] Invoked command in '/home/anand/Igus/Igus_ROS2/build/irc_ros_examples' returned '0': CMAKE_PREFIX_PATH=/home/anand/Igus/Igus_ROS2/install/irc_ros_moveit_config:/home/anand/Igus/Igus_ROS2/install/irc_ros_msgs:/home/anand/Igus/Igus_ROS2/install/irc_ros_description:/home/anand/Igus/Igus_ROS2/install/irc_ros_navigation2:/home/anand/Igus/Igus_ROS2/install/irc_ros_controllers:/home/anand/Igus/Igus_ROS2/install/irc_ros_bringup:/home/anand/Igus/Igus_ROS2/install/irc_ros_hardware:/home/anand/Igus/Igus_ROS2/install/irc_ros_examples:/home/anand/rover_ws/install/rover_description:/home/anand/rebel_ws/install/myrobot_moveit_config:/home/anand/rebel_ws/install/igus_rebel_description:/home/anand/Igus/Igus_ROS2/install/testtube_sorting:/home/anand/Igus/Igus_ROS2/install/irc_ros_dashboard:/opt/ros/humble LD_LIBRARY_PATH=/home/anand/Igus/Igus_ROS2/install/irc_ros_msgs/lib:/home/anand/Igus/Igus_ROS2/install/irc_ros_controllers/lib:/home/anand/Igus/Igus_ROS2/install/irc_ros_hardware/lib:/usr/lib/x86_64-linux-gnu/gazebo-11/plugins:/opt/ros/humble/opt/rviz_ogre_vendor/lib:/opt/ros/humble/lib/x86_64-linux-gnu:/opt/ros/humble/lib /usr/bin/cmake --build /home/anand/Igus/Igus_ROS2/build/irc_ros_examples -- -j16 -l16
[0.458s] Invoking command in '/home/anand/Igus/Igus_ROS2/build/irc_ros_examples': CMAKE_PREFIX_PATH=/home/anand/Igus/Igus_ROS2/install/irc_ros_moveit_config:/home/anand/Igus/Igus_ROS2/install/irc_ros_msgs:/home/anand/Igus/Igus_ROS2/install/irc_ros_description:/home/anand/Igus/Igus_ROS2/install/irc_ros_navigation2:/home/anand/Igus/Igus_ROS2/install/irc_ros_controllers:/home/anand/Igus/Igus_ROS2/install/irc_ros_bringup:/home/anand/Igus/Igus_ROS2/install/irc_ros_hardware:/home/anand/Igus/Igus_ROS2/install/irc_ros_examples:/home/anand/rover_ws/install/rover_description:/home/anand/rebel_ws/install/myrobot_moveit_config:/home/anand/rebel_ws/install/igus_rebel_description:/home/anand/Igus/Igus_ROS2/install/testtube_sorting:/home/anand/Igus/Igus_ROS2/install/irc_ros_dashboard:/opt/ros/humble LD_LIBRARY_PATH=/home/anand/Igus/Igus_ROS2/install/irc_ros_msgs/lib:/home/anand/Igus/Igus_ROS2/install/irc_ros_controllers/lib:/home/anand/Igus/Igus_ROS2/install/irc_ros_hardware/lib:/usr/lib/x86_64-linux-gnu/gazebo-11/plugins:/opt/ros/humble/opt/rviz_ogre_vendor/lib:/opt/ros/humble/lib/x86_64-linux-gnu:/opt/ros/humble/lib /usr/bin/cmake --install /home/anand/Igus/Igus_ROS2/build/irc_ros_examples
[0.464s] -- Install configuration: ""
[0.464s] -- Execute custom install script
[0.464s] -- Up-to-date symlink: /home/anand/Igus/Igus_ROS2/install/irc_ros_examples/lib/irc_ros_examples/pick_and_place
[0.464s] -- Up-to-date symlink: /home/anand/Igus/Igus_ROS2/install/irc_ros_examples/lib/irc_ros_examples/pick_and_place_vacuum
[0.464s] -- Up-to-date symlink: /home/anand/Igus/Igus_ROS2/install/irc_ros_examples/share/irc_ros_examples/environment/pythonpath.sh
[0.465s] -- Up-to-date symlink: /home/anand/Igus/Igus_ROS2/install/irc_ros_examples/share/irc_ros_examples/environment/pythonpath.dsv
[0.465s] -- Up-to-date symlink: /home/anand/Igus/Igus_ROS2/install/irc_ros_examples/local/lib/python3.10/dist-packages/irc_ros_examples-0.1.0-py3.10.egg-info/PKG-INFO
[0.465s] -- Up-to-date symlink: /home/anand/Igus/Igus_ROS2/install/irc_ros_examples/local/lib/python3.10/dist-packages/irc_ros_examples-0.1.0-py3.10.egg-info/SOURCES.txt
[0.465s] -- Up-to-date symlink: /home/anand/Igus/Igus_ROS2/install/irc_ros_examples/local/lib/python3.10/dist-packages/irc_ros_examples-0.1.0-py3.10.egg-info/dependency_links.txt
[0.465s] -- Up-to-date symlink: /home/anand/Igus/Igus_ROS2/install/irc_ros_examples/local/lib/python3.10/dist-packages/irc_ros_examples-0.1.0-py3.10.egg-info/top_level.txt
[0.465s] -- Up-to-date symlink: /home/anand/Igus/Igus_ROS2/install/irc_ros_examples/local/lib/python3.10/dist-packages/irc_ros_examples/__init__.py
[0.465s] -- Up-to-date symlink: /home/anand/Igus/Igus_ROS2/install/irc_ros_examples/lib/irc_ros_examples/nav2_simple_commander_example.py
[0.465s] -- Up-to-date symlink: /home/anand/Igus/Igus_ROS2/install/irc_ros_examples/lib/irc_ros_examples/baristabot.py
[0.466s] -- Up-to-date symlink: /home/anand/Igus/Igus_ROS2/install/irc_ros_examples/share/irc_ros_examples/launch/baristabot.launch.py
[0.466s] -- Up-to-date symlink: /home/anand/Igus/Igus_ROS2/install/irc_ros_examples/share/irc_ros_examples/launch/nav2_simple_commander_example.launch.py
[0.466s] -- Up-to-date symlink: /home/anand/Igus/Igus_ROS2/install/irc_ros_examples/share/irc_ros_examples/launch/pick_and_place.launch.py
[0.466s] -- Up-to-date symlink: /home/anand/Igus/Igus_ROS2/install/irc_ros_examples/share/irc_ros_examples/launch/pick_and_place_vacuum.launch.py
[0.466s] -- Up-to-date symlink: /home/anand/Igus/Igus_ROS2/install/irc_ros_examples/share/ament_index/resource_index/package_run_dependencies/irc_ros_examples
[0.466s] -- Up-to-date symlink: /home/anand/Igus/Igus_ROS2/install/irc_ros_examples/share/ament_index/resource_index/parent_prefix_path/irc_ros_examples
[0.466s] -- Up-to-date symlink: /home/anand/Igus/Igus_ROS2/install/irc_ros_examples/share/irc_ros_examples/environment/ament_prefix_path.sh
[0.466s] -- Up-to-date symlink: /home/anand/Igus/Igus_ROS2/install/irc_ros_examples/share/irc_ros_examples/environment/ament_prefix_path.dsv
[0.466s] -- Up-to-date symlink: /home/anand/Igus/Igus_ROS2/install/irc_ros_examples/share/irc_ros_examples/environment/path.sh
[0.467s] -- Up-to-date symlink: /home/anand/Igus/Igus_ROS2/install/irc_ros_examples/share/irc_ros_examples/environment/path.dsv
[0.467s] -- Up-to-date symlink: /home/anand/Igus/Igus_ROS2/install/irc_ros_examples/share/irc_ros_examples/local_setup.bash
[0.467s] -- Up-to-date symlink: /home/anand/Igus/Igus_ROS2/install/irc_ros_examples/share/irc_ros_examples/local_setup.sh
[0.467s] -- Up-to-date symlink: /home/anand/Igus/Igus_ROS2/install/irc_ros_examples/share/irc_ros_examples/local_setup.zsh
[0.467s] -- Up-to-date symlink: /home/anand/Igus/Igus_ROS2/install/irc_ros_examples/share/irc_ros_examples/local_setup.dsv
[0.467s] -- Symlinking: /home/anand/Igus/Igus_ROS2/install/irc_ros_examples/share/irc_ros_examples/package.dsv
[0.473s] -- Up-to-date symlink: /home/anand/Igus/Igus_ROS2/install/irc_ros_examples/share/ament_index/resource_index/packages/irc_ros_examples
[0.473s] -- Up-to-date symlink: /home/anand/Igus/Igus_ROS2/install/irc_ros_examples/share/irc_ros_examples/cmake/irc_ros_examplesConfig.cmake
[0.473s] -- Up-to-date symlink: /home/anand/Igus/Igus_ROS2/install/irc_ros_examples/share/irc_ros_examples/cmake/irc_ros_examplesConfig-version.cmake
[0.473s] -- Up-to-date symlink: /home/anand/Igus/Igus_ROS2/install/irc_ros_examples/share/irc_ros_examples/package.xml
[0.500s] Listing '/home/anand/Igus/Igus_ROS2/install/irc_ros_examples/local/lib/python3.10/dist-packages/irc_ros_examples'...
[0.508s] Invoked command in '/home/anand/Igus/Igus_ROS2/build/irc_ros_examples' returned '0': CMAKE_PREFIX_PATH=/home/anand/Igus/Igus_ROS2/install/irc_ros_moveit_config:/home/anand/Igus/Igus_ROS2/install/irc_ros_msgs:/home/anand/Igus/Igus_ROS2/install/irc_ros_description:/home/anand/Igus/Igus_ROS2/install/irc_ros_navigation2:/home/anand/Igus/Igus_ROS2/install/irc_ros_controllers:/home/anand/Igus/Igus_ROS2/install/irc_ros_bringup:/home/anand/Igus/Igus_ROS2/install/irc_ros_hardware:/home/anand/Igus/Igus_ROS2/install/irc_ros_examples:/home/anand/rover_ws/install/rover_description:/home/anand/rebel_ws/install/myrobot_moveit_config:/home/anand/rebel_ws/install/igus_rebel_description:/home/anand/Igus/Igus_ROS2/install/testtube_sorting:/home/anand/Igus/Igus_ROS2/install/irc_ros_dashboard:/opt/ros/humble LD_LIBRARY_PATH=/home/anand/Igus/Igus_ROS2/install/irc_ros_msgs/lib:/home/anand/Igus/Igus_ROS2/install/irc_ros_controllers/lib:/home/anand/Igus/Igus_ROS2/install/irc_ros_hardware/lib:/usr/lib/x86_64-linux-gnu/gazebo-11/plugins:/opt/ros/humble/opt/rviz_ogre_vendor/lib:/opt/ros/humble/lib/x86_64-linux-gnu:/opt/ros/humble/lib /usr/bin/cmake --install /home/anand/Igus/Igus_ROS2/build/irc_ros_examples
