-- The C compiler identification is GNU 11.4.0
-- The CXX compiler identification is GNU 11.4.0
-- Detecting C compiler ABI info
-- Detecting C compiler ABI info - done
-- Check for working C compiler: /usr/bin/cc - skipped
-- Detecting C compile features
-- Detecting C compile features - done
-- Detecting CXX compiler ABI info
-- Detecting CXX compiler ABI info - done
-- Check for working CXX compiler: /usr/bin/c++ - skipped
-- Detecting CXX compile features
-- Detecting CXX compile features - done
-- Found ament_cmake: 1.3.12 (/opt/ros/humble/share/ament_cmake/cmake)
-- Found Python3: /usr/bin/python3 (found version "3.10.12") found components: Interpreter 
-- Override CMake install command with custom implementation using symlinks instead of copying resources
-- Found rclcpp: 16.0.15 (/opt/ros/humble/share/rclcpp/cmake)
-- Found rosidl_generator_c: 3.1.7 (/opt/ros/humble/share/rosidl_generator_c/cmake)
-- Found rosidl_adapter: 3.1.7 (/opt/ros/humble/share/rosidl_adapter/cmake)
-- Found rosidl_generator_cpp: 3.1.7 (/opt/ros/humble/share/rosidl_generator_cpp/cmake)
-- Using all available rosidl_typesupport_c: rosidl_typesupport_fastrtps_c;rosidl_typesupport_introspection_c
-- Using all available rosidl_typesupport_cpp: rosidl_typesupport_fastrtps_cpp;rosidl_typesupport_introspection_cpp
-- Found rmw_implementation_cmake: 6.1.2 (/opt/ros/humble/share/rmw_implementation_cmake/cmake)
-- Found rmw_fastrtps_cpp: 6.2.8 (/opt/ros/humble/share/rmw_fastrtps_cpp/cmake)
-- Found OpenSSL: /usr/lib/x86_64-linux-gnu/libcrypto.so (found version "3.0.2")  
-- Found FastRTPS: /opt/ros/humble/include  
-- Using RMW implementation 'rmw_fastrtps_cpp' as default
-- Looking for pthread.h
-- Looking for pthread.h - found
-- Performing Test CMAKE_HAVE_LIBC_PTHREAD
-- Performing Test CMAKE_HAVE_LIBC_PTHREAD - Success
-- Found Threads: TRUE  
-- Found sensor_msgs: 4.9.0 (/opt/ros/humble/share/sensor_msgs/cmake)
-- Found rosidl_default_generators: 1.2.0 (/opt/ros/humble/share/rosidl_default_generators/cmake)
-- Found ament_cmake_ros: 0.10.0 (/opt/ros/humble/share/ament_cmake_ros/cmake)
-- Using all available rosidl_typesupport_c: rosidl_typesupport_fastrtps_c;rosidl_typesupport_introspection_c
-- Using all available rosidl_typesupport_cpp: rosidl_typesupport_fastrtps_cpp;rosidl_typesupport_introspection_cpp
-- Found PythonInterp: /usr/bin/python3 (found suitable version "3.10.12", minimum required is "3.6") 
-- Found python_cmake_module: 0.10.0 (/opt/ros/humble/share/python_cmake_module/cmake)
-- Found PythonLibs: /usr/lib/x86_64-linux-gnu/libpython3.10.so (found suitable version "3.10.12", minimum required is "3.5") 
-- Using PYTHON_EXECUTABLE: /usr/bin/python3
-- Using PYTHON_INCLUDE_DIRS: /usr/include/python3.10
-- Using PYTHON_LIBRARIES: /usr/lib/x86_64-linux-gnu/libpython3.10.so
-- Found PythonExtra: .so  
-- Found ament_lint_auto: 0.12.14 (/opt/ros/humble/share/ament_lint_auto/cmake)
-- Added test 'lint_cmake' to check CMake code style
-- Added test 'xmllint' to check XML markup files
-- Configuring done
-- Generating done
-- Build files have been written to: /home/anand/Igus/Igus_ROS2/build/irc_ros_msgs
[  1%] [34m[1mGenerating C code for ROS interfaces[0m
[  1%] [34m[1mGenerating C++ code for ROS interfaces[0m
[  1%] Built target ament_cmake_python_symlink_irc_ros_msgs
running egg_info
creating irc_ros_msgs.egg-info
writing irc_ros_msgs.egg-info/PKG-INFO
writing dependency_links to irc_ros_msgs.egg-info/dependency_links.txt
writing top-level names to irc_ros_msgs.egg-info/top_level.txt
writing manifest file 'irc_ros_msgs.egg-info/SOURCES.txt'
reading manifest file 'irc_ros_msgs.egg-info/SOURCES.txt'
writing manifest file 'irc_ros_msgs.egg-info/SOURCES.txt'
[  1%] Built target ament_cmake_python_build_irc_ros_msgs_egg
[  2%] [32mBuilding C object CMakeFiles/irc_ros_msgs__rosidl_generator_c.dir/rosidl_generator_c/irc_ros_msgs/msg/detail/can_module_command__functions.c.o[0m
[  3%] [32mBuilding C object CMakeFiles/irc_ros_msgs__rosidl_generator_c.dir/rosidl_generator_c/irc_ros_msgs/msg/detail/can_module_state__functions.c.o[0m
[  5%] [32mBuilding C object CMakeFiles/irc_ros_msgs__rosidl_generator_c.dir/rosidl_generator_c/irc_ros_msgs/msg/detail/can_module_states__functions.c.o[0m
[  5%] [32mBuilding C object CMakeFiles/irc_ros_msgs__rosidl_generator_c.dir/rosidl_generator_c/irc_ros_msgs/msg/detail/dio_state__functions.c.o[0m
[  6%] [32mBuilding C object CMakeFiles/irc_ros_msgs__rosidl_generator_c.dir/rosidl_generator_c/irc_ros_msgs/msg/detail/dio_command__functions.c.o[0m
[  6%] [32mBuilding C object CMakeFiles/irc_ros_msgs__rosidl_generator_c.dir/rosidl_generator_c/irc_ros_msgs/msg/detail/gripper_state__functions.c.o[0m
[  7%] [32mBuilding C object CMakeFiles/irc_ros_msgs__rosidl_generator_c.dir/rosidl_generator_c/irc_ros_msgs/msg/detail/dio_states__functions.c.o[0m
[  8%] [32mBuilding C object CMakeFiles/irc_ros_msgs__rosidl_generator_c.dir/rosidl_generator_c/irc_ros_msgs/msg/detail/gripper_command__functions.c.o[0m
[  9%] [32mBuilding C object CMakeFiles/irc_ros_msgs__rosidl_generator_c.dir/rosidl_generator_c/irc_ros_msgs/srv/detail/can_module_command__functions.c.o[0m
[ 10%] [32mBuilding C object CMakeFiles/irc_ros_msgs__rosidl_generator_c.dir/rosidl_generator_c/irc_ros_msgs/srv/detail/dio_command__functions.c.o[0m
[ 11%] [32mBuilding C object CMakeFiles/irc_ros_msgs__rosidl_generator_c.dir/rosidl_generator_c/irc_ros_msgs/srv/detail/gripper_command__functions.c.o[0m
[ 12%] [32m[1mLinking C shared library libirc_ros_msgs__rosidl_generator_c.so[0m
[ 12%] Built target irc_ros_msgs__cpp
[ 13%] [34m[1mGenerating C++ type support dispatch for ROS interfaces[0m
[ 13%] [34m[1mGenerating C++ type support for eProsima Fast-RTPS[0m
[ 14%] [34m[1mGenerating C++ introspection for ROS interfaces[0m
[ 14%] Built target irc_ros_msgs__rosidl_generator_c
[ 15%] [34m[1mGenerating C type support dispatch for ROS interfaces[0m
[ 16%] [34m[1mGenerating C introspection for ROS interfaces[0m
[ 17%] [34m[1mGenerating C type support for eProsima Fast-RTPS[0m
[ 19%] [32mBuilding CXX object CMakeFiles/irc_ros_msgs__rosidl_typesupport_cpp.dir/rosidl_typesupport_cpp/irc_ros_msgs/msg/dio_command__type_support.cpp.o[0m
[ 20%] [32mBuilding CXX object CMakeFiles/irc_ros_msgs__rosidl_typesupport_cpp.dir/rosidl_typesupport_cpp/irc_ros_msgs/msg/can_module_command__type_support.cpp.o[0m
[ 20%] [32mBuilding CXX object CMakeFiles/irc_ros_msgs__rosidl_typesupport_cpp.dir/rosidl_typesupport_cpp/irc_ros_msgs/msg/can_module_state__type_support.cpp.o[0m
[ 21%] [32mBuilding CXX object CMakeFiles/irc_ros_msgs__rosidl_typesupport_cpp.dir/rosidl_typesupport_cpp/irc_ros_msgs/msg/dio_state__type_support.cpp.o[0m
[ 22%] [32mBuilding CXX object CMakeFiles/irc_ros_msgs__rosidl_typesupport_cpp.dir/rosidl_typesupport_cpp/irc_ros_msgs/msg/gripper_command__type_support.cpp.o[0m
[ 22%] [32mBuilding CXX object CMakeFiles/irc_ros_msgs__rosidl_typesupport_cpp.dir/rosidl_typesupport_cpp/irc_ros_msgs/msg/gripper_state__type_support.cpp.o[0m
[ 23%] [32mBuilding CXX object CMakeFiles/irc_ros_msgs__rosidl_typesupport_cpp.dir/rosidl_typesupport_cpp/irc_ros_msgs/msg/dio_states__type_support.cpp.o[0m
[ 24%] [32mBuilding CXX object CMakeFiles/irc_ros_msgs__rosidl_typesupport_cpp.dir/rosidl_typesupport_cpp/irc_ros_msgs/srv/gripper_command__type_support.cpp.o[0m
[ 25%] [32mBuilding CXX object CMakeFiles/irc_ros_msgs__rosidl_typesupport_cpp.dir/rosidl_typesupport_cpp/irc_ros_msgs/msg/can_module_states__type_support.cpp.o[0m
[ 26%] [32mBuilding CXX object CMakeFiles/irc_ros_msgs__rosidl_typesupport_cpp.dir/rosidl_typesupport_cpp/irc_ros_msgs/srv/can_module_command__type_support.cpp.o[0m
[ 27%] [32mBuilding CXX object CMakeFiles/irc_ros_msgs__rosidl_typesupport_cpp.dir/rosidl_typesupport_cpp/irc_ros_msgs/srv/dio_command__type_support.cpp.o[0m
[ 28%] [32mBuilding CXX object CMakeFiles/irc_ros_msgs__rosidl_typesupport_c.dir/rosidl_typesupport_c/irc_ros_msgs/msg/can_module_command__type_support.cpp.o[0m
[ 29%] [32mBuilding CXX object CMakeFiles/irc_ros_msgs__rosidl_typesupport_c.dir/rosidl_typesupport_c/irc_ros_msgs/msg/can_module_state__type_support.cpp.o[0m
[ 30%] [32mBuilding CXX object CMakeFiles/irc_ros_msgs__rosidl_typesupport_c.dir/rosidl_typesupport_c/irc_ros_msgs/msg/dio_command__type_support.cpp.o[0m
[ 30%] [32mBuilding CXX object CMakeFiles/irc_ros_msgs__rosidl_typesupport_c.dir/rosidl_typesupport_c/irc_ros_msgs/msg/can_module_states__type_support.cpp.o[0m
[ 31%] [32mBuilding CXX object CMakeFiles/irc_ros_msgs__rosidl_typesupport_c.dir/rosidl_typesupport_c/irc_ros_msgs/msg/dio_state__type_support.cpp.o[0m
[ 32%] [32mBuilding CXX object CMakeFiles/irc_ros_msgs__rosidl_typesupport_c.dir/rosidl_typesupport_c/irc_ros_msgs/msg/dio_states__type_support.cpp.o[0m
[ 33%] [32mBuilding CXX object CMakeFiles/irc_ros_msgs__rosidl_typesupport_c.dir/rosidl_typesupport_c/irc_ros_msgs/msg/gripper_command__type_support.cpp.o[0m
[ 34%] [32mBuilding CXX object CMakeFiles/irc_ros_msgs__rosidl_typesupport_c.dir/rosidl_typesupport_c/irc_ros_msgs/msg/gripper_state__type_support.cpp.o[0m
[ 35%] [32mBuilding CXX object CMakeFiles/irc_ros_msgs__rosidl_typesupport_c.dir/rosidl_typesupport_c/irc_ros_msgs/srv/can_module_command__type_support.cpp.o[0m
[ 36%] [32mBuilding CXX object CMakeFiles/irc_ros_msgs__rosidl_typesupport_c.dir/rosidl_typesupport_c/irc_ros_msgs/srv/gripper_command__type_support.cpp.o[0m
[ 37%] [32mBuilding CXX object CMakeFiles/irc_ros_msgs__rosidl_typesupport_c.dir/rosidl_typesupport_c/irc_ros_msgs/srv/dio_command__type_support.cpp.o[0m
[ 38%] [32mBuilding C object CMakeFiles/irc_ros_msgs__rosidl_typesupport_introspection_c.dir/rosidl_typesupport_introspection_c/irc_ros_msgs/msg/detail/dio_state__type_support.c.o[0m
[ 39%] [32mBuilding C object CMakeFiles/irc_ros_msgs__rosidl_typesupport_introspection_c.dir/rosidl_typesupport_introspection_c/irc_ros_msgs/msg/detail/can_module_state__type_support.c.o[0m
[ 40%] [32mBuilding C object CMakeFiles/irc_ros_msgs__rosidl_typesupport_introspection_c.dir/rosidl_typesupport_introspection_c/irc_ros_msgs/msg/detail/gripper_state__type_support.c.o[0m
[ 41%] [32mBuilding C object CMakeFiles/irc_ros_msgs__rosidl_typesupport_introspection_c.dir/rosidl_typesupport_introspection_c/irc_ros_msgs/msg/detail/dio_states__type_support.c.o[0m
[ 42%] [32mBuilding C object CMakeFiles/irc_ros_msgs__rosidl_typesupport_introspection_c.dir/rosidl_typesupport_introspection_c/irc_ros_msgs/msg/detail/dio_command__type_support.c.o[0m
[ 42%] [32mBuilding C object CMakeFiles/irc_ros_msgs__rosidl_typesupport_introspection_c.dir/rosidl_typesupport_introspection_c/irc_ros_msgs/msg/detail/gripper_command__type_support.c.o[0m
[ 43%] [32mBuilding C object CMakeFiles/irc_ros_msgs__rosidl_typesupport_introspection_c.dir/rosidl_typesupport_introspection_c/irc_ros_msgs/srv/detail/can_module_command__type_support.c.o[0m
[ 44%] [32mBuilding C object CMakeFiles/irc_ros_msgs__rosidl_typesupport_introspection_c.dir/rosidl_typesupport_introspection_c/irc_ros_msgs/msg/detail/can_module_command__type_support.c.o[0m
[ 46%] [32m[1mLinking CXX shared library libirc_ros_msgs__rosidl_typesupport_c.so[0m
[ 46%] [32mBuilding C object CMakeFiles/irc_ros_msgs__rosidl_typesupport_introspection_c.dir/rosidl_typesupport_introspection_c/irc_ros_msgs/msg/detail/can_module_states__type_support.c.o[0m
[ 47%] [32mBuilding C object CMakeFiles/irc_ros_msgs__rosidl_typesupport_introspection_c.dir/rosidl_typesupport_introspection_c/irc_ros_msgs/srv/detail/gripper_command__type_support.c.o[0m
[ 48%] [32mBuilding C object CMakeFiles/irc_ros_msgs__rosidl_typesupport_introspection_c.dir/rosidl_typesupport_introspection_c/irc_ros_msgs/srv/detail/dio_command__type_support.c.o[0m
[ 48%] Built target irc_ros_msgs__rosidl_typesupport_c
[ 49%] [32m[1mLinking C shared library libirc_ros_msgs__rosidl_typesupport_introspection_c.so[0m
[ 49%] Built target irc_ros_msgs__rosidl_typesupport_introspection_c
[ 49%] [32mBuilding CXX object CMakeFiles/irc_ros_msgs__rosidl_typesupport_introspection_cpp.dir/rosidl_typesupport_introspection_cpp/irc_ros_msgs/msg/detail/can_module_state__type_support.cpp.o[0m
[ 50%] [32mBuilding CXX object CMakeFiles/irc_ros_msgs__rosidl_typesupport_introspection_cpp.dir/rosidl_typesupport_introspection_cpp/irc_ros_msgs/msg/detail/can_module_command__type_support.cpp.o[0m
[ 51%] [32mBuilding CXX object CMakeFiles/irc_ros_msgs__rosidl_typesupport_introspection_cpp.dir/rosidl_typesupport_introspection_cpp/irc_ros_msgs/msg/detail/dio_state__type_support.cpp.o[0m
[ 52%] [32mBuilding CXX object CMakeFiles/irc_ros_msgs__rosidl_typesupport_introspection_cpp.dir/rosidl_typesupport_introspection_cpp/irc_ros_msgs/msg/detail/gripper_command__type_support.cpp.o[0m
[ 53%] [32mBuilding CXX object CMakeFiles/irc_ros_msgs__rosidl_typesupport_introspection_cpp.dir/rosidl_typesupport_introspection_cpp/irc_ros_msgs/msg/detail/gripper_state__type_support.cpp.o[0m
[ 54%] [32mBuilding CXX object CMakeFiles/irc_ros_msgs__rosidl_typesupport_introspection_cpp.dir/rosidl_typesupport_introspection_cpp/irc_ros_msgs/srv/detail/dio_command__type_support.cpp.o[0m
[ 55%] [32mBuilding CXX object CMakeFiles/irc_ros_msgs__rosidl_typesupport_introspection_cpp.dir/rosidl_typesupport_introspection_cpp/irc_ros_msgs/srv/detail/can_module_command__type_support.cpp.o[0m
[ 57%] [32mBuilding CXX object CMakeFiles/irc_ros_msgs__rosidl_typesupport_introspection_cpp.dir/rosidl_typesupport_introspection_cpp/irc_ros_msgs/msg/detail/dio_command__type_support.cpp.o[0m
[ 57%] [32mBuilding CXX object CMakeFiles/irc_ros_msgs__rosidl_typesupport_introspection_cpp.dir/rosidl_typesupport_introspection_cpp/irc_ros_msgs/msg/detail/can_module_states__type_support.cpp.o[0m
[ 58%] [32mBuilding CXX object CMakeFiles/irc_ros_msgs__rosidl_typesupport_fastrtps_cpp.dir/rosidl_typesupport_fastrtps_cpp/irc_ros_msgs/msg/detail/dds_fastrtps/can_module_state__type_support.cpp.o[0m
[ 59%] [32mBuilding CXX object CMakeFiles/irc_ros_msgs__rosidl_typesupport_introspection_cpp.dir/rosidl_typesupport_introspection_cpp/irc_ros_msgs/srv/detail/gripper_command__type_support.cpp.o[0m
[ 60%] [32mBuilding CXX object CMakeFiles/irc_ros_msgs__rosidl_typesupport_fastrtps_cpp.dir/rosidl_typesupport_fastrtps_cpp/irc_ros_msgs/msg/detail/dds_fastrtps/can_module_command__type_support.cpp.o[0m
[ 61%] [32mBuilding CXX object CMakeFiles/irc_ros_msgs__rosidl_typesupport_fastrtps_cpp.dir/rosidl_typesupport_fastrtps_cpp/irc_ros_msgs/msg/detail/dds_fastrtps/can_module_states__type_support.cpp.o[0m
[ 62%] [32mBuilding CXX object CMakeFiles/irc_ros_msgs__rosidl_typesupport_introspection_cpp.dir/rosidl_typesupport_introspection_cpp/irc_ros_msgs/msg/detail/dio_states__type_support.cpp.o[0m
[ 64%] [32mBuilding CXX object CMakeFiles/irc_ros_msgs__rosidl_typesupport_fastrtps_cpp.dir/rosidl_typesupport_fastrtps_cpp/irc_ros_msgs/msg/detail/dds_fastrtps/dio_state__type_support.cpp.o[0m
[ 64%] [32mBuilding CXX object CMakeFiles/irc_ros_msgs__rosidl_typesupport_fastrtps_cpp.dir/rosidl_typesupport_fastrtps_cpp/irc_ros_msgs/msg/detail/dds_fastrtps/dio_command__type_support.cpp.o[0m
[ 65%] [32mBuilding CXX object CMakeFiles/irc_ros_msgs__rosidl_typesupport_fastrtps_cpp.dir/rosidl_typesupport_fastrtps_cpp/irc_ros_msgs/msg/detail/dds_fastrtps/dio_states__type_support.cpp.o[0m
[ 66%] [32m[1mLinking CXX shared library libirc_ros_msgs__rosidl_typesupport_cpp.so[0m
[ 67%] [32mBuilding CXX object CMakeFiles/irc_ros_msgs__rosidl_typesupport_fastrtps_cpp.dir/rosidl_typesupport_fastrtps_cpp/irc_ros_msgs/msg/detail/dds_fastrtps/gripper_command__type_support.cpp.o[0m
[ 67%] Built target irc_ros_msgs__rosidl_typesupport_cpp
[ 68%] [32mBuilding CXX object CMakeFiles/irc_ros_msgs__rosidl_typesupport_fastrtps_cpp.dir/rosidl_typesupport_fastrtps_cpp/irc_ros_msgs/msg/detail/dds_fastrtps/gripper_state__type_support.cpp.o[0m
[ 68%] [32mBuilding CXX object CMakeFiles/irc_ros_msgs__rosidl_typesupport_fastrtps_cpp.dir/rosidl_typesupport_fastrtps_cpp/irc_ros_msgs/srv/detail/dds_fastrtps/dio_command__type_support.cpp.o[0m
[ 69%] [32mBuilding CXX object CMakeFiles/irc_ros_msgs__rosidl_typesupport_fastrtps_cpp.dir/rosidl_typesupport_fastrtps_cpp/irc_ros_msgs/srv/detail/dds_fastrtps/can_module_command__type_support.cpp.o[0m
[ 70%] [32mBuilding CXX object CMakeFiles/irc_ros_msgs__rosidl_typesupport_fastrtps_cpp.dir/rosidl_typesupport_fastrtps_cpp/irc_ros_msgs/srv/detail/dds_fastrtps/gripper_command__type_support.cpp.o[0m
[ 71%] [32mBuilding CXX object CMakeFiles/irc_ros_msgs__rosidl_typesupport_fastrtps_c.dir/rosidl_typesupport_fastrtps_c/irc_ros_msgs/msg/detail/can_module_command__type_support_c.cpp.o[0m
[ 72%] [32mBuilding CXX object CMakeFiles/irc_ros_msgs__rosidl_typesupport_fastrtps_c.dir/rosidl_typesupport_fastrtps_c/irc_ros_msgs/msg/detail/can_module_state__type_support_c.cpp.o[0m
[ 72%] [32mBuilding CXX object CMakeFiles/irc_ros_msgs__rosidl_typesupport_fastrtps_c.dir/rosidl_typesupport_fastrtps_c/irc_ros_msgs/msg/detail/dio_state__type_support_c.cpp.o[0m
[ 73%] [32mBuilding CXX object CMakeFiles/irc_ros_msgs__rosidl_typesupport_fastrtps_c.dir/rosidl_typesupport_fastrtps_c/irc_ros_msgs/msg/detail/dio_states__type_support_c.cpp.o[0m
[ 74%] [32mBuilding CXX object CMakeFiles/irc_ros_msgs__rosidl_typesupport_fastrtps_c.dir/rosidl_typesupport_fastrtps_c/irc_ros_msgs/msg/detail/can_module_states__type_support_c.cpp.o[0m
[ 75%] [32mBuilding CXX object CMakeFiles/irc_ros_msgs__rosidl_typesupport_fastrtps_c.dir/rosidl_typesupport_fastrtps_c/irc_ros_msgs/msg/detail/dio_command__type_support_c.cpp.o[0m
[ 76%] [32mBuilding CXX object CMakeFiles/irc_ros_msgs__rosidl_typesupport_fastrtps_c.dir/rosidl_typesupport_fastrtps_c/irc_ros_msgs/msg/detail/gripper_command__type_support_c.cpp.o[0m
[ 77%] [32mBuilding CXX object CMakeFiles/irc_ros_msgs__rosidl_typesupport_fastrtps_c.dir/rosidl_typesupport_fastrtps_c/irc_ros_msgs/msg/detail/gripper_state__type_support_c.cpp.o[0m
[ 78%] [32mBuilding CXX object CMakeFiles/irc_ros_msgs__rosidl_typesupport_fastrtps_c.dir/rosidl_typesupport_fastrtps_c/irc_ros_msgs/srv/detail/dio_command__type_support_c.cpp.o[0m
[ 79%] [32mBuilding CXX object CMakeFiles/irc_ros_msgs__rosidl_typesupport_fastrtps_c.dir/rosidl_typesupport_fastrtps_c/irc_ros_msgs/srv/detail/can_module_command__type_support_c.cpp.o[0m
[ 80%] [32mBuilding CXX object CMakeFiles/irc_ros_msgs__rosidl_typesupport_fastrtps_c.dir/rosidl_typesupport_fastrtps_c/irc_ros_msgs/srv/detail/gripper_command__type_support_c.cpp.o[0m
[ 81%] [32m[1mLinking CXX shared library libirc_ros_msgs__rosidl_typesupport_introspection_cpp.so[0m
[ 81%] Built target irc_ros_msgs__rosidl_typesupport_introspection_cpp
[ 82%] [32m[1mLinking CXX shared library libirc_ros_msgs__rosidl_typesupport_fastrtps_cpp.so[0m
[ 83%] [32m[1mLinking CXX shared library libirc_ros_msgs__rosidl_typesupport_fastrtps_c.so[0m
[ 83%] Built target irc_ros_msgs__rosidl_typesupport_fastrtps_cpp
[ 83%] Built target irc_ros_msgs__rosidl_typesupport_fastrtps_c
[ 83%] Built target irc_ros_msgs
[ 84%] [34m[1mGenerating Python code for ROS interfaces[0m
[ 84%] Built target irc_ros_msgs__py
[ 85%] [32mBuilding C object CMakeFiles/irc_ros_msgs__rosidl_generator_py.dir/rosidl_generator_py/irc_ros_msgs/msg/_can_module_command_s.c.o[0m
[ 86%] [32mBuilding C object CMakeFiles/irc_ros_msgs__rosidl_generator_py.dir/rosidl_generator_py/irc_ros_msgs/msg/_can_module_state_s.c.o[0m
[ 88%] [32mBuilding C object CMakeFiles/irc_ros_msgs__rosidl_generator_py.dir/rosidl_generator_py/irc_ros_msgs/srv/_gripper_command_s.c.o[0m
[ 88%] [32mBuilding C object CMakeFiles/irc_ros_msgs__rosidl_generator_py.dir/rosidl_generator_py/irc_ros_msgs/srv/_can_module_command_s.c.o[0m
[ 90%] [32mBuilding C object CMakeFiles/irc_ros_msgs__rosidl_generator_py.dir/rosidl_generator_py/irc_ros_msgs/srv/_dio_command_s.c.o[0m
[ 90%] [32mBuilding C object CMakeFiles/irc_ros_msgs__rosidl_generator_py.dir/rosidl_generator_py/irc_ros_msgs/msg/_gripper_state_s.c.o[0m
[ 91%] [32mBuilding C object CMakeFiles/irc_ros_msgs__rosidl_generator_py.dir/rosidl_generator_py/irc_ros_msgs/msg/_gripper_command_s.c.o[0m
[ 92%] [32mBuilding C object CMakeFiles/irc_ros_msgs__rosidl_generator_py.dir/rosidl_generator_py/irc_ros_msgs/msg/_dio_command_s.c.o[0m
[ 93%] [32mBuilding C object CMakeFiles/irc_ros_msgs__rosidl_generator_py.dir/rosidl_generator_py/irc_ros_msgs/msg/_dio_state_s.c.o[0m
[ 93%] [32mBuilding C object CMakeFiles/irc_ros_msgs__rosidl_generator_py.dir/rosidl_generator_py/irc_ros_msgs/msg/_dio_states_s.c.o[0m
[ 94%] [32mBuilding C object CMakeFiles/irc_ros_msgs__rosidl_generator_py.dir/rosidl_generator_py/irc_ros_msgs/msg/_can_module_states_s.c.o[0m
[ 95%] [32m[1mLinking C shared library rosidl_generator_py/irc_ros_msgs/libirc_ros_msgs__rosidl_generator_py.so[0m
[ 95%] Built target irc_ros_msgs__rosidl_generator_py
[ 96%] [32mBuilding C object CMakeFiles/irc_ros_msgs__rosidl_typesupport_c__pyext.dir/rosidl_generator_py/irc_ros_msgs/_irc_ros_msgs_s.ep.rosidl_typesupport_c.c.o[0m
[ 96%] [32mBuilding C object CMakeFiles/irc_ros_msgs__rosidl_typesupport_introspection_c__pyext.dir/rosidl_generator_py/irc_ros_msgs/_irc_ros_msgs_s.ep.rosidl_typesupport_introspection_c.c.o[0m
[ 97%] [32mBuilding C object CMakeFiles/irc_ros_msgs__rosidl_typesupport_fastrtps_c__pyext.dir/rosidl_generator_py/irc_ros_msgs/_irc_ros_msgs_s.ep.rosidl_typesupport_fastrtps_c.c.o[0m
[ 98%] [32m[1mLinking C shared library rosidl_generator_py/irc_ros_msgs/irc_ros_msgs_s__rosidl_typesupport_c.cpython-310-x86_64-linux-gnu.so[0m
[ 98%] Built target irc_ros_msgs__rosidl_typesupport_c__pyext
[ 99%] [32m[1mLinking C shared library rosidl_generator_py/irc_ros_msgs/irc_ros_msgs_s__rosidl_typesupport_introspection_c.cpython-310-x86_64-linux-gnu.so[0m
[100%] [32m[1mLinking C shared library rosidl_generator_py/irc_ros_msgs/irc_ros_msgs_s__rosidl_typesupport_fastrtps_c.cpython-310-x86_64-linux-gnu.so[0m
[100%] Built target irc_ros_msgs__rosidl_typesupport_introspection_c__pyext
[100%] Built target irc_ros_msgs__rosidl_typesupport_fastrtps_c__pyext
-- Install configuration: ""
-- Execute custom install script
-- Symlinking: /home/anand/Igus/Igus_ROS2/install/irc_ros_msgs/share/ament_index/resource_index/rosidl_interfaces/irc_ros_msgs
-- Symlinking: /home/anand/Igus/Igus_ROS2/install/irc_ros_msgs/include/irc_ros_msgs/irc_ros_msgs/msg/can_module_command.h
-- Symlinking: /home/anand/Igus/Igus_ROS2/install/irc_ros_msgs/include/irc_ros_msgs/irc_ros_msgs/msg/can_module_state.h
-- Symlinking: /home/anand/Igus/Igus_ROS2/install/irc_ros_msgs/include/irc_ros_msgs/irc_ros_msgs/msg/can_module_states.h
-- Symlinking: /home/anand/Igus/Igus_ROS2/install/irc_ros_msgs/include/irc_ros_msgs/irc_ros_msgs/msg/detail/can_module_command__functions.h
-- Symlinking: /home/anand/Igus/Igus_ROS2/install/irc_ros_msgs/include/irc_ros_msgs/irc_ros_msgs/msg/detail/can_module_command__struct.h
-- Symlinking: /home/anand/Igus/Igus_ROS2/install/irc_ros_msgs/include/irc_ros_msgs/irc_ros_msgs/msg/detail/can_module_command__type_support.h
-- Symlinking: /home/anand/Igus/Igus_ROS2/install/irc_ros_msgs/include/irc_ros_msgs/irc_ros_msgs/msg/detail/can_module_state__functions.h
-- Symlinking: /home/anand/Igus/Igus_ROS2/install/irc_ros_msgs/include/irc_ros_msgs/irc_ros_msgs/msg/detail/can_module_state__struct.h
-- Symlinking: /home/anand/Igus/Igus_ROS2/install/irc_ros_msgs/include/irc_ros_msgs/irc_ros_msgs/msg/detail/can_module_state__type_support.h
-- Symlinking: /home/anand/Igus/Igus_ROS2/install/irc_ros_msgs/include/irc_ros_msgs/irc_ros_msgs/msg/detail/can_module_states__functions.h
-- Symlinking: /home/anand/Igus/Igus_ROS2/install/irc_ros_msgs/include/irc_ros_msgs/irc_ros_msgs/msg/detail/can_module_states__struct.h
-- Symlinking: /home/anand/Igus/Igus_ROS2/install/irc_ros_msgs/include/irc_ros_msgs/irc_ros_msgs/msg/detail/can_module_states__type_support.h
-- Symlinking: /home/anand/Igus/Igus_ROS2/install/irc_ros_msgs/include/irc_ros_msgs/irc_ros_msgs/msg/detail/dio_command__functions.h
-- Symlinking: /home/anand/Igus/Igus_ROS2/install/irc_ros_msgs/include/irc_ros_msgs/irc_ros_msgs/msg/detail/dio_command__struct.h
-- Symlinking: /home/anand/Igus/Igus_ROS2/install/irc_ros_msgs/include/irc_ros_msgs/irc_ros_msgs/msg/detail/dio_command__type_support.h
-- Symlinking: /home/anand/Igus/Igus_ROS2/install/irc_ros_msgs/include/irc_ros_msgs/irc_ros_msgs/msg/detail/dio_state__functions.h
-- Symlinking: /home/anand/Igus/Igus_ROS2/install/irc_ros_msgs/include/irc_ros_msgs/irc_ros_msgs/msg/detail/dio_state__struct.h
-- Symlinking: /home/anand/Igus/Igus_ROS2/install/irc_ros_msgs/include/irc_ros_msgs/irc_ros_msgs/msg/detail/dio_state__type_support.h
-- Symlinking: /home/anand/Igus/Igus_ROS2/install/irc_ros_msgs/include/irc_ros_msgs/irc_ros_msgs/msg/detail/dio_states__functions.h
-- Symlinking: /home/anand/Igus/Igus_ROS2/install/irc_ros_msgs/include/irc_ros_msgs/irc_ros_msgs/msg/detail/dio_states__struct.h
-- Symlinking: /home/anand/Igus/Igus_ROS2/install/irc_ros_msgs/include/irc_ros_msgs/irc_ros_msgs/msg/detail/dio_states__type_support.h
-- Symlinking: /home/anand/Igus/Igus_ROS2/install/irc_ros_msgs/include/irc_ros_msgs/irc_ros_msgs/msg/detail/gripper_command__functions.h
-- Symlinking: /home/anand/Igus/Igus_ROS2/install/irc_ros_msgs/include/irc_ros_msgs/irc_ros_msgs/msg/detail/gripper_command__struct.h
-- Symlinking: /home/anand/Igus/Igus_ROS2/install/irc_ros_msgs/include/irc_ros_msgs/irc_ros_msgs/msg/detail/gripper_command__type_support.h
-- Symlinking: /home/anand/Igus/Igus_ROS2/install/irc_ros_msgs/include/irc_ros_msgs/irc_ros_msgs/msg/detail/gripper_state__functions.h
-- Symlinking: /home/anand/Igus/Igus_ROS2/install/irc_ros_msgs/include/irc_ros_msgs/irc_ros_msgs/msg/detail/gripper_state__struct.h
-- Symlinking: /home/anand/Igus/Igus_ROS2/install/irc_ros_msgs/include/irc_ros_msgs/irc_ros_msgs/msg/detail/gripper_state__type_support.h
-- Symlinking: /home/anand/Igus/Igus_ROS2/install/irc_ros_msgs/include/irc_ros_msgs/irc_ros_msgs/msg/dio_command.h
-- Symlinking: /home/anand/Igus/Igus_ROS2/install/irc_ros_msgs/include/irc_ros_msgs/irc_ros_msgs/msg/dio_state.h
-- Symlinking: /home/anand/Igus/Igus_ROS2/install/irc_ros_msgs/include/irc_ros_msgs/irc_ros_msgs/msg/dio_states.h
-- Symlinking: /home/anand/Igus/Igus_ROS2/install/irc_ros_msgs/include/irc_ros_msgs/irc_ros_msgs/msg/gripper_command.h
-- Symlinking: /home/anand/Igus/Igus_ROS2/install/irc_ros_msgs/include/irc_ros_msgs/irc_ros_msgs/msg/gripper_state.h
-- Symlinking: /home/anand/Igus/Igus_ROS2/install/irc_ros_msgs/include/irc_ros_msgs/irc_ros_msgs/msg/rosidl_generator_c__visibility_control.h
-- Symlinking: /home/anand/Igus/Igus_ROS2/install/irc_ros_msgs/include/irc_ros_msgs/irc_ros_msgs/srv/can_module_command.h
-- Symlinking: /home/anand/Igus/Igus_ROS2/install/irc_ros_msgs/include/irc_ros_msgs/irc_ros_msgs/srv/detail/can_module_command__functions.h
-- Symlinking: /home/anand/Igus/Igus_ROS2/install/irc_ros_msgs/include/irc_ros_msgs/irc_ros_msgs/srv/detail/can_module_command__struct.h
-- Symlinking: /home/anand/Igus/Igus_ROS2/install/irc_ros_msgs/include/irc_ros_msgs/irc_ros_msgs/srv/detail/can_module_command__type_support.h
-- Symlinking: /home/anand/Igus/Igus_ROS2/install/irc_ros_msgs/include/irc_ros_msgs/irc_ros_msgs/srv/detail/dio_command__functions.h
-- Symlinking: /home/anand/Igus/Igus_ROS2/install/irc_ros_msgs/include/irc_ros_msgs/irc_ros_msgs/srv/detail/dio_command__struct.h
-- Symlinking: /home/anand/Igus/Igus_ROS2/install/irc_ros_msgs/include/irc_ros_msgs/irc_ros_msgs/srv/detail/dio_command__type_support.h
-- Symlinking: /home/anand/Igus/Igus_ROS2/install/irc_ros_msgs/include/irc_ros_msgs/irc_ros_msgs/srv/detail/gripper_command__functions.h
-- Symlinking: /home/anand/Igus/Igus_ROS2/install/irc_ros_msgs/include/irc_ros_msgs/irc_ros_msgs/srv/detail/gripper_command__struct.h
-- Symlinking: /home/anand/Igus/Igus_ROS2/install/irc_ros_msgs/include/irc_ros_msgs/irc_ros_msgs/srv/detail/gripper_command__type_support.h
-- Symlinking: /home/anand/Igus/Igus_ROS2/install/irc_ros_msgs/include/irc_ros_msgs/irc_ros_msgs/srv/dio_command.h
-- Symlinking: /home/anand/Igus/Igus_ROS2/install/irc_ros_msgs/include/irc_ros_msgs/irc_ros_msgs/srv/gripper_command.h
-- Symlinking: /home/anand/Igus/Igus_ROS2/install/irc_ros_msgs/share/irc_ros_msgs/environment/library_path.sh
-- Symlinking: /home/anand/Igus/Igus_ROS2/install/irc_ros_msgs/share/irc_ros_msgs/environment/library_path.dsv
-- Symlinking: /home/anand/Igus/Igus_ROS2/install/irc_ros_msgs/include/irc_ros_msgs/irc_ros_msgs/msg/detail/can_module_command__rosidl_typesupport_fastrtps_c.h
-- Symlinking: /home/anand/Igus/Igus_ROS2/install/irc_ros_msgs/include/irc_ros_msgs/irc_ros_msgs/msg/detail/can_module_state__rosidl_typesupport_fastrtps_c.h
-- Symlinking: /home/anand/Igus/Igus_ROS2/install/irc_ros_msgs/include/irc_ros_msgs/irc_ros_msgs/msg/detail/can_module_states__rosidl_typesupport_fastrtps_c.h
-- Symlinking: /home/anand/Igus/Igus_ROS2/install/irc_ros_msgs/include/irc_ros_msgs/irc_ros_msgs/msg/detail/dio_command__rosidl_typesupport_fastrtps_c.h
-- Symlinking: /home/anand/Igus/Igus_ROS2/install/irc_ros_msgs/include/irc_ros_msgs/irc_ros_msgs/msg/detail/dio_state__rosidl_typesupport_fastrtps_c.h
-- Symlinking: /home/anand/Igus/Igus_ROS2/install/irc_ros_msgs/include/irc_ros_msgs/irc_ros_msgs/msg/detail/dio_states__rosidl_typesupport_fastrtps_c.h
-- Symlinking: /home/anand/Igus/Igus_ROS2/install/irc_ros_msgs/include/irc_ros_msgs/irc_ros_msgs/msg/detail/gripper_command__rosidl_typesupport_fastrtps_c.h
-- Symlinking: /home/anand/Igus/Igus_ROS2/install/irc_ros_msgs/include/irc_ros_msgs/irc_ros_msgs/msg/detail/gripper_state__rosidl_typesupport_fastrtps_c.h
-- Symlinking: /home/anand/Igus/Igus_ROS2/install/irc_ros_msgs/include/irc_ros_msgs/irc_ros_msgs/msg/rosidl_typesupport_fastrtps_c__visibility_control.h
-- Symlinking: /home/anand/Igus/Igus_ROS2/install/irc_ros_msgs/include/irc_ros_msgs/irc_ros_msgs/srv/detail/can_module_command__rosidl_typesupport_fastrtps_c.h
-- Symlinking: /home/anand/Igus/Igus_ROS2/install/irc_ros_msgs/include/irc_ros_msgs/irc_ros_msgs/srv/detail/dio_command__rosidl_typesupport_fastrtps_c.h
-- Symlinking: /home/anand/Igus/Igus_ROS2/install/irc_ros_msgs/include/irc_ros_msgs/irc_ros_msgs/srv/detail/gripper_command__rosidl_typesupport_fastrtps_c.h
-- Symlinking: /home/anand/Igus/Igus_ROS2/install/irc_ros_msgs/include/irc_ros_msgs/irc_ros_msgs/msg/can_module_command.hpp
-- Symlinking: /home/anand/Igus/Igus_ROS2/install/irc_ros_msgs/include/irc_ros_msgs/irc_ros_msgs/msg/can_module_state.hpp
-- Symlinking: /home/anand/Igus/Igus_ROS2/install/irc_ros_msgs/include/irc_ros_msgs/irc_ros_msgs/msg/can_module_states.hpp
-- Symlinking: /home/anand/Igus/Igus_ROS2/install/irc_ros_msgs/include/irc_ros_msgs/irc_ros_msgs/msg/detail/can_module_command__builder.hpp
-- Symlinking: /home/anand/Igus/Igus_ROS2/install/irc_ros_msgs/include/irc_ros_msgs/irc_ros_msgs/msg/detail/can_module_command__struct.hpp
-- Symlinking: /home/anand/Igus/Igus_ROS2/install/irc_ros_msgs/include/irc_ros_msgs/irc_ros_msgs/msg/detail/can_module_command__traits.hpp
-- Symlinking: /home/anand/Igus/Igus_ROS2/install/irc_ros_msgs/include/irc_ros_msgs/irc_ros_msgs/msg/detail/can_module_command__type_support.hpp
-- Symlinking: /home/anand/Igus/Igus_ROS2/install/irc_ros_msgs/include/irc_ros_msgs/irc_ros_msgs/msg/detail/can_module_state__builder.hpp
-- Symlinking: /home/anand/Igus/Igus_ROS2/install/irc_ros_msgs/include/irc_ros_msgs/irc_ros_msgs/msg/detail/can_module_state__struct.hpp
-- Symlinking: /home/anand/Igus/Igus_ROS2/install/irc_ros_msgs/include/irc_ros_msgs/irc_ros_msgs/msg/detail/can_module_state__traits.hpp
-- Symlinking: /home/anand/Igus/Igus_ROS2/install/irc_ros_msgs/include/irc_ros_msgs/irc_ros_msgs/msg/detail/can_module_state__type_support.hpp
-- Symlinking: /home/anand/Igus/Igus_ROS2/install/irc_ros_msgs/include/irc_ros_msgs/irc_ros_msgs/msg/detail/can_module_states__builder.hpp
-- Symlinking: /home/anand/Igus/Igus_ROS2/install/irc_ros_msgs/include/irc_ros_msgs/irc_ros_msgs/msg/detail/can_module_states__struct.hpp
-- Symlinking: /home/anand/Igus/Igus_ROS2/install/irc_ros_msgs/include/irc_ros_msgs/irc_ros_msgs/msg/detail/can_module_states__traits.hpp
-- Symlinking: /home/anand/Igus/Igus_ROS2/install/irc_ros_msgs/include/irc_ros_msgs/irc_ros_msgs/msg/detail/can_module_states__type_support.hpp
-- Symlinking: /home/anand/Igus/Igus_ROS2/install/irc_ros_msgs/include/irc_ros_msgs/irc_ros_msgs/msg/detail/dio_command__builder.hpp
-- Symlinking: /home/anand/Igus/Igus_ROS2/install/irc_ros_msgs/include/irc_ros_msgs/irc_ros_msgs/msg/detail/dio_command__struct.hpp
-- Symlinking: /home/anand/Igus/Igus_ROS2/install/irc_ros_msgs/include/irc_ros_msgs/irc_ros_msgs/msg/detail/dio_command__traits.hpp
-- Symlinking: /home/anand/Igus/Igus_ROS2/install/irc_ros_msgs/include/irc_ros_msgs/irc_ros_msgs/msg/detail/dio_command__type_support.hpp
-- Symlinking: /home/anand/Igus/Igus_ROS2/install/irc_ros_msgs/include/irc_ros_msgs/irc_ros_msgs/msg/detail/dio_state__builder.hpp
-- Symlinking: /home/anand/Igus/Igus_ROS2/install/irc_ros_msgs/include/irc_ros_msgs/irc_ros_msgs/msg/detail/dio_state__struct.hpp
-- Symlinking: /home/anand/Igus/Igus_ROS2/install/irc_ros_msgs/include/irc_ros_msgs/irc_ros_msgs/msg/detail/dio_state__traits.hpp
-- Symlinking: /home/anand/Igus/Igus_ROS2/install/irc_ros_msgs/include/irc_ros_msgs/irc_ros_msgs/msg/detail/dio_state__type_support.hpp
-- Symlinking: /home/anand/Igus/Igus_ROS2/install/irc_ros_msgs/include/irc_ros_msgs/irc_ros_msgs/msg/detail/dio_states__builder.hpp
-- Symlinking: /home/anand/Igus/Igus_ROS2/install/irc_ros_msgs/include/irc_ros_msgs/irc_ros_msgs/msg/detail/dio_states__struct.hpp
-- Symlinking: /home/anand/Igus/Igus_ROS2/install/irc_ros_msgs/include/irc_ros_msgs/irc_ros_msgs/msg/detail/dio_states__traits.hpp
-- Symlinking: /home/anand/Igus/Igus_ROS2/install/irc_ros_msgs/include/irc_ros_msgs/irc_ros_msgs/msg/detail/dio_states__type_support.hpp
-- Symlinking: /home/anand/Igus/Igus_ROS2/install/irc_ros_msgs/include/irc_ros_msgs/irc_ros_msgs/msg/detail/gripper_command__builder.hpp
-- Symlinking: /home/anand/Igus/Igus_ROS2/install/irc_ros_msgs/include/irc_ros_msgs/irc_ros_msgs/msg/detail/gripper_command__struct.hpp
-- Symlinking: /home/anand/Igus/Igus_ROS2/install/irc_ros_msgs/include/irc_ros_msgs/irc_ros_msgs/msg/detail/gripper_command__traits.hpp
-- Symlinking: /home/anand/Igus/Igus_ROS2/install/irc_ros_msgs/include/irc_ros_msgs/irc_ros_msgs/msg/detail/gripper_command__type_support.hpp
-- Symlinking: /home/anand/Igus/Igus_ROS2/install/irc_ros_msgs/include/irc_ros_msgs/irc_ros_msgs/msg/detail/gripper_state__builder.hpp
-- Symlinking: /home/anand/Igus/Igus_ROS2/install/irc_ros_msgs/include/irc_ros_msgs/irc_ros_msgs/msg/detail/gripper_state__struct.hpp
-- Symlinking: /home/anand/Igus/Igus_ROS2/install/irc_ros_msgs/include/irc_ros_msgs/irc_ros_msgs/msg/detail/gripper_state__traits.hpp
-- Symlinking: /home/anand/Igus/Igus_ROS2/install/irc_ros_msgs/include/irc_ros_msgs/irc_ros_msgs/msg/detail/gripper_state__type_support.hpp
-- Symlinking: /home/anand/Igus/Igus_ROS2/install/irc_ros_msgs/include/irc_ros_msgs/irc_ros_msgs/msg/dio_command.hpp
-- Symlinking: /home/anand/Igus/Igus_ROS2/install/irc_ros_msgs/include/irc_ros_msgs/irc_ros_msgs/msg/dio_state.hpp
-- Symlinking: /home/anand/Igus/Igus_ROS2/install/irc_ros_msgs/include/irc_ros_msgs/irc_ros_msgs/msg/dio_states.hpp
-- Symlinking: /home/anand/Igus/Igus_ROS2/install/irc_ros_msgs/include/irc_ros_msgs/irc_ros_msgs/msg/gripper_command.hpp
-- Symlinking: /home/anand/Igus/Igus_ROS2/install/irc_ros_msgs/include/irc_ros_msgs/irc_ros_msgs/msg/gripper_state.hpp
-- Symlinking: /home/anand/Igus/Igus_ROS2/install/irc_ros_msgs/include/irc_ros_msgs/irc_ros_msgs/msg/rosidl_generator_cpp__visibility_control.hpp
-- Symlinking: /home/anand/Igus/Igus_ROS2/install/irc_ros_msgs/include/irc_ros_msgs/irc_ros_msgs/srv/can_module_command.hpp
-- Symlinking: /home/anand/Igus/Igus_ROS2/install/irc_ros_msgs/include/irc_ros_msgs/irc_ros_msgs/srv/detail/can_module_command__builder.hpp
-- Symlinking: /home/anand/Igus/Igus_ROS2/install/irc_ros_msgs/include/irc_ros_msgs/irc_ros_msgs/srv/detail/can_module_command__struct.hpp
-- Symlinking: /home/anand/Igus/Igus_ROS2/install/irc_ros_msgs/include/irc_ros_msgs/irc_ros_msgs/srv/detail/can_module_command__traits.hpp
-- Symlinking: /home/anand/Igus/Igus_ROS2/install/irc_ros_msgs/include/irc_ros_msgs/irc_ros_msgs/srv/detail/can_module_command__type_support.hpp
-- Symlinking: /home/anand/Igus/Igus_ROS2/install/irc_ros_msgs/include/irc_ros_msgs/irc_ros_msgs/srv/detail/dio_command__builder.hpp
-- Symlinking: /home/anand/Igus/Igus_ROS2/install/irc_ros_msgs/include/irc_ros_msgs/irc_ros_msgs/srv/detail/dio_command__struct.hpp
-- Symlinking: /home/anand/Igus/Igus_ROS2/install/irc_ros_msgs/include/irc_ros_msgs/irc_ros_msgs/srv/detail/dio_command__traits.hpp
-- Symlinking: /home/anand/Igus/Igus_ROS2/install/irc_ros_msgs/include/irc_ros_msgs/irc_ros_msgs/srv/detail/dio_command__type_support.hpp
-- Symlinking: /home/anand/Igus/Igus_ROS2/install/irc_ros_msgs/include/irc_ros_msgs/irc_ros_msgs/srv/detail/gripper_command__builder.hpp
-- Symlinking: /home/anand/Igus/Igus_ROS2/install/irc_ros_msgs/include/irc_ros_msgs/irc_ros_msgs/srv/detail/gripper_command__struct.hpp
-- Symlinking: /home/anand/Igus/Igus_ROS2/install/irc_ros_msgs/include/irc_ros_msgs/irc_ros_msgs/srv/detail/gripper_command__traits.hpp
-- Symlinking: /home/anand/Igus/Igus_ROS2/install/irc_ros_msgs/include/irc_ros_msgs/irc_ros_msgs/srv/detail/gripper_command__type_support.hpp
-- Symlinking: /home/anand/Igus/Igus_ROS2/install/irc_ros_msgs/include/irc_ros_msgs/irc_ros_msgs/srv/dio_command.hpp
-- Symlinking: /home/anand/Igus/Igus_ROS2/install/irc_ros_msgs/include/irc_ros_msgs/irc_ros_msgs/srv/gripper_command.hpp
-- Symlinking: /home/anand/Igus/Igus_ROS2/install/irc_ros_msgs/include/irc_ros_msgs/irc_ros_msgs/msg/detail/can_module_command__rosidl_typesupport_fastrtps_cpp.hpp
-- Symlinking: /home/anand/Igus/Igus_ROS2/install/irc_ros_msgs/include/irc_ros_msgs/irc_ros_msgs/msg/detail/can_module_state__rosidl_typesupport_fastrtps_cpp.hpp
-- Symlinking: /home/anand/Igus/Igus_ROS2/install/irc_ros_msgs/include/irc_ros_msgs/irc_ros_msgs/msg/detail/can_module_states__rosidl_typesupport_fastrtps_cpp.hpp
-- Symlinking: /home/anand/Igus/Igus_ROS2/install/irc_ros_msgs/include/irc_ros_msgs/irc_ros_msgs/msg/detail/dio_command__rosidl_typesupport_fastrtps_cpp.hpp
-- Symlinking: /home/anand/Igus/Igus_ROS2/install/irc_ros_msgs/include/irc_ros_msgs/irc_ros_msgs/msg/detail/dio_state__rosidl_typesupport_fastrtps_cpp.hpp
-- Symlinking: /home/anand/Igus/Igus_ROS2/install/irc_ros_msgs/include/irc_ros_msgs/irc_ros_msgs/msg/detail/dio_states__rosidl_typesupport_fastrtps_cpp.hpp
-- Symlinking: /home/anand/Igus/Igus_ROS2/install/irc_ros_msgs/include/irc_ros_msgs/irc_ros_msgs/msg/detail/gripper_command__rosidl_typesupport_fastrtps_cpp.hpp
-- Symlinking: /home/anand/Igus/Igus_ROS2/install/irc_ros_msgs/include/irc_ros_msgs/irc_ros_msgs/msg/detail/gripper_state__rosidl_typesupport_fastrtps_cpp.hpp
-- Symlinking: /home/anand/Igus/Igus_ROS2/install/irc_ros_msgs/include/irc_ros_msgs/irc_ros_msgs/msg/rosidl_typesupport_fastrtps_cpp__visibility_control.h
-- Symlinking: /home/anand/Igus/Igus_ROS2/install/irc_ros_msgs/include/irc_ros_msgs/irc_ros_msgs/srv/detail/can_module_command__rosidl_typesupport_fastrtps_cpp.hpp
-- Symlinking: /home/anand/Igus/Igus_ROS2/install/irc_ros_msgs/include/irc_ros_msgs/irc_ros_msgs/srv/detail/dio_command__rosidl_typesupport_fastrtps_cpp.hpp
-- Symlinking: /home/anand/Igus/Igus_ROS2/install/irc_ros_msgs/include/irc_ros_msgs/irc_ros_msgs/srv/detail/gripper_command__rosidl_typesupport_fastrtps_cpp.hpp
-- Symlinking: /home/anand/Igus/Igus_ROS2/install/irc_ros_msgs/include/irc_ros_msgs/irc_ros_msgs/msg/detail/can_module_command__rosidl_typesupport_introspection_c.h
-- Symlinking: /home/anand/Igus/Igus_ROS2/install/irc_ros_msgs/include/irc_ros_msgs/irc_ros_msgs/msg/detail/can_module_state__rosidl_typesupport_introspection_c.h
-- Symlinking: /home/anand/Igus/Igus_ROS2/install/irc_ros_msgs/include/irc_ros_msgs/irc_ros_msgs/msg/detail/can_module_states__rosidl_typesupport_introspection_c.h
-- Symlinking: /home/anand/Igus/Igus_ROS2/install/irc_ros_msgs/include/irc_ros_msgs/irc_ros_msgs/msg/detail/dio_command__rosidl_typesupport_introspection_c.h
-- Symlinking: /home/anand/Igus/Igus_ROS2/install/irc_ros_msgs/include/irc_ros_msgs/irc_ros_msgs/msg/detail/dio_state__rosidl_typesupport_introspection_c.h
-- Symlinking: /home/anand/Igus/Igus_ROS2/install/irc_ros_msgs/include/irc_ros_msgs/irc_ros_msgs/msg/detail/dio_states__rosidl_typesupport_introspection_c.h
-- Symlinking: /home/anand/Igus/Igus_ROS2/install/irc_ros_msgs/include/irc_ros_msgs/irc_ros_msgs/msg/detail/gripper_command__rosidl_typesupport_introspection_c.h
-- Symlinking: /home/anand/Igus/Igus_ROS2/install/irc_ros_msgs/include/irc_ros_msgs/irc_ros_msgs/msg/detail/gripper_state__rosidl_typesupport_introspection_c.h
-- Symlinking: /home/anand/Igus/Igus_ROS2/install/irc_ros_msgs/include/irc_ros_msgs/irc_ros_msgs/msg/rosidl_typesupport_introspection_c__visibility_control.h
-- Symlinking: /home/anand/Igus/Igus_ROS2/install/irc_ros_msgs/include/irc_ros_msgs/irc_ros_msgs/srv/detail/can_module_command__rosidl_typesupport_introspection_c.h
-- Symlinking: /home/anand/Igus/Igus_ROS2/install/irc_ros_msgs/include/irc_ros_msgs/irc_ros_msgs/srv/detail/dio_command__rosidl_typesupport_introspection_c.h
-- Symlinking: /home/anand/Igus/Igus_ROS2/install/irc_ros_msgs/include/irc_ros_msgs/irc_ros_msgs/srv/detail/gripper_command__rosidl_typesupport_introspection_c.h
-- Symlinking: /home/anand/Igus/Igus_ROS2/install/irc_ros_msgs/include/irc_ros_msgs/irc_ros_msgs/msg/detail/can_module_command__rosidl_typesupport_introspection_cpp.hpp
-- Symlinking: /home/anand/Igus/Igus_ROS2/install/irc_ros_msgs/include/irc_ros_msgs/irc_ros_msgs/msg/detail/can_module_state__rosidl_typesupport_introspection_cpp.hpp
-- Symlinking: /home/anand/Igus/Igus_ROS2/install/irc_ros_msgs/include/irc_ros_msgs/irc_ros_msgs/msg/detail/can_module_states__rosidl_typesupport_introspection_cpp.hpp
-- Symlinking: /home/anand/Igus/Igus_ROS2/install/irc_ros_msgs/include/irc_ros_msgs/irc_ros_msgs/msg/detail/dio_command__rosidl_typesupport_introspection_cpp.hpp
-- Symlinking: /home/anand/Igus/Igus_ROS2/install/irc_ros_msgs/include/irc_ros_msgs/irc_ros_msgs/msg/detail/dio_state__rosidl_typesupport_introspection_cpp.hpp
-- Symlinking: /home/anand/Igus/Igus_ROS2/install/irc_ros_msgs/include/irc_ros_msgs/irc_ros_msgs/msg/detail/dio_states__rosidl_typesupport_introspection_cpp.hpp
-- Symlinking: /home/anand/Igus/Igus_ROS2/install/irc_ros_msgs/include/irc_ros_msgs/irc_ros_msgs/msg/detail/gripper_command__rosidl_typesupport_introspection_cpp.hpp
-- Symlinking: /home/anand/Igus/Igus_ROS2/install/irc_ros_msgs/include/irc_ros_msgs/irc_ros_msgs/msg/detail/gripper_state__rosidl_typesupport_introspection_cpp.hpp
-- Symlinking: /home/anand/Igus/Igus_ROS2/install/irc_ros_msgs/include/irc_ros_msgs/irc_ros_msgs/srv/detail/can_module_command__rosidl_typesupport_introspection_cpp.hpp
-- Symlinking: /home/anand/Igus/Igus_ROS2/install/irc_ros_msgs/include/irc_ros_msgs/irc_ros_msgs/srv/detail/dio_command__rosidl_typesupport_introspection_cpp.hpp
-- Symlinking: /home/anand/Igus/Igus_ROS2/install/irc_ros_msgs/include/irc_ros_msgs/irc_ros_msgs/srv/detail/gripper_command__rosidl_typesupport_introspection_cpp.hpp
-- Symlinking: /home/anand/Igus/Igus_ROS2/install/irc_ros_msgs/share/irc_ros_msgs/environment/pythonpath.sh
-- Symlinking: /home/anand/Igus/Igus_ROS2/install/irc_ros_msgs/share/irc_ros_msgs/environment/pythonpath.dsv
-- Symlinking: /home/anand/Igus/Igus_ROS2/install/irc_ros_msgs/local/lib/python3.10/dist-packages/irc_ros_msgs-0.0.0-py3.10.egg-info/PKG-INFO
-- Symlinking: /home/anand/Igus/Igus_ROS2/install/irc_ros_msgs/local/lib/python3.10/dist-packages/irc_ros_msgs-0.0.0-py3.10.egg-info/SOURCES.txt
-- Symlinking: /home/anand/Igus/Igus_ROS2/install/irc_ros_msgs/local/lib/python3.10/dist-packages/irc_ros_msgs-0.0.0-py3.10.egg-info/dependency_links.txt
-- Symlinking: /home/anand/Igus/Igus_ROS2/install/irc_ros_msgs/local/lib/python3.10/dist-packages/irc_ros_msgs-0.0.0-py3.10.egg-info/top_level.txt
-- Symlinking: /home/anand/Igus/Igus_ROS2/install/irc_ros_msgs/local/lib/python3.10/dist-packages/irc_ros_msgs/__init__.py
-- Symlinking: /home/anand/Igus/Igus_ROS2/install/irc_ros_msgs/local/lib/python3.10/dist-packages/irc_ros_msgs/_irc_ros_msgs_s.ep.rosidl_typesupport_c.c
-- Symlinking: /home/anand/Igus/Igus_ROS2/install/irc_ros_msgs/local/lib/python3.10/dist-packages/irc_ros_msgs/_irc_ros_msgs_s.ep.rosidl_typesupport_fastrtps_c.c
-- Symlinking: /home/anand/Igus/Igus_ROS2/install/irc_ros_msgs/local/lib/python3.10/dist-packages/irc_ros_msgs/_irc_ros_msgs_s.ep.rosidl_typesupport_introspection_c.c
-- Symlinking: /home/anand/Igus/Igus_ROS2/install/irc_ros_msgs/local/lib/python3.10/dist-packages/irc_ros_msgs/irc_ros_msgs_s__rosidl_typesupport_c.cpython-310-x86_64-linux-gnu.so
-- Symlinking: /home/anand/Igus/Igus_ROS2/install/irc_ros_msgs/local/lib/python3.10/dist-packages/irc_ros_msgs/irc_ros_msgs_s__rosidl_typesupport_fastrtps_c.cpython-310-x86_64-linux-gnu.so
-- Symlinking: /home/anand/Igus/Igus_ROS2/install/irc_ros_msgs/local/lib/python3.10/dist-packages/irc_ros_msgs/irc_ros_msgs_s__rosidl_typesupport_introspection_c.cpython-310-x86_64-linux-gnu.so
-- Symlinking: /home/anand/Igus/Igus_ROS2/install/irc_ros_msgs/local/lib/python3.10/dist-packages/irc_ros_msgs/libirc_ros_msgs__rosidl_generator_py.so
-- Symlinking: /home/anand/Igus/Igus_ROS2/install/irc_ros_msgs/local/lib/python3.10/dist-packages/irc_ros_msgs/msg/__init__.py
-- Symlinking: /home/anand/Igus/Igus_ROS2/install/irc_ros_msgs/local/lib/python3.10/dist-packages/irc_ros_msgs/msg/_can_module_command.py
-- Symlinking: /home/anand/Igus/Igus_ROS2/install/irc_ros_msgs/local/lib/python3.10/dist-packages/irc_ros_msgs/msg/_can_module_command_s.c
-- Symlinking: /home/anand/Igus/Igus_ROS2/install/irc_ros_msgs/local/lib/python3.10/dist-packages/irc_ros_msgs/msg/_can_module_state.py
-- Symlinking: /home/anand/Igus/Igus_ROS2/install/irc_ros_msgs/local/lib/python3.10/dist-packages/irc_ros_msgs/msg/_can_module_state_s.c
-- Symlinking: /home/anand/Igus/Igus_ROS2/install/irc_ros_msgs/local/lib/python3.10/dist-packages/irc_ros_msgs/msg/_can_module_states.py
-- Symlinking: /home/anand/Igus/Igus_ROS2/install/irc_ros_msgs/local/lib/python3.10/dist-packages/irc_ros_msgs/msg/_can_module_states_s.c
-- Symlinking: /home/anand/Igus/Igus_ROS2/install/irc_ros_msgs/local/lib/python3.10/dist-packages/irc_ros_msgs/msg/_dio_command.py
-- Symlinking: /home/anand/Igus/Igus_ROS2/install/irc_ros_msgs/local/lib/python3.10/dist-packages/irc_ros_msgs/msg/_dio_command_s.c
-- Symlinking: /home/anand/Igus/Igus_ROS2/install/irc_ros_msgs/local/lib/python3.10/dist-packages/irc_ros_msgs/msg/_dio_state.py
-- Symlinking: /home/anand/Igus/Igus_ROS2/install/irc_ros_msgs/local/lib/python3.10/dist-packages/irc_ros_msgs/msg/_dio_state_s.c
-- Symlinking: /home/anand/Igus/Igus_ROS2/install/irc_ros_msgs/local/lib/python3.10/dist-packages/irc_ros_msgs/msg/_dio_states.py
-- Symlinking: /home/anand/Igus/Igus_ROS2/install/irc_ros_msgs/local/lib/python3.10/dist-packages/irc_ros_msgs/msg/_dio_states_s.c
-- Symlinking: /home/anand/Igus/Igus_ROS2/install/irc_ros_msgs/local/lib/python3.10/dist-packages/irc_ros_msgs/msg/_gripper_command.py
-- Symlinking: /home/anand/Igus/Igus_ROS2/install/irc_ros_msgs/local/lib/python3.10/dist-packages/irc_ros_msgs/msg/_gripper_command_s.c
-- Symlinking: /home/anand/Igus/Igus_ROS2/install/irc_ros_msgs/local/lib/python3.10/dist-packages/irc_ros_msgs/msg/_gripper_state.py
-- Symlinking: /home/anand/Igus/Igus_ROS2/install/irc_ros_msgs/local/lib/python3.10/dist-packages/irc_ros_msgs/msg/_gripper_state_s.c
-- Symlinking: /home/anand/Igus/Igus_ROS2/install/irc_ros_msgs/local/lib/python3.10/dist-packages/irc_ros_msgs/srv/__init__.py
-- Symlinking: /home/anand/Igus/Igus_ROS2/install/irc_ros_msgs/local/lib/python3.10/dist-packages/irc_ros_msgs/srv/_can_module_command.py
-- Symlinking: /home/anand/Igus/Igus_ROS2/install/irc_ros_msgs/local/lib/python3.10/dist-packages/irc_ros_msgs/srv/_can_module_command_s.c
-- Symlinking: /home/anand/Igus/Igus_ROS2/install/irc_ros_msgs/local/lib/python3.10/dist-packages/irc_ros_msgs/srv/_dio_command.py
-- Symlinking: /home/anand/Igus/Igus_ROS2/install/irc_ros_msgs/local/lib/python3.10/dist-packages/irc_ros_msgs/srv/_dio_command_s.c
-- Symlinking: /home/anand/Igus/Igus_ROS2/install/irc_ros_msgs/local/lib/python3.10/dist-packages/irc_ros_msgs/srv/_gripper_command.py
-- Symlinking: /home/anand/Igus/Igus_ROS2/install/irc_ros_msgs/local/lib/python3.10/dist-packages/irc_ros_msgs/srv/_gripper_command_s.c
-- Up-to-date symlink: /home/anand/Igus/Igus_ROS2/install/irc_ros_msgs/local/lib/python3.10/dist-packages/irc_ros_msgs/irc_ros_msgs_s__rosidl_typesupport_fastrtps_c.cpython-310-x86_64-linux-gnu.so
-- Up-to-date symlink: /home/anand/Igus/Igus_ROS2/install/irc_ros_msgs/local/lib/python3.10/dist-packages/irc_ros_msgs/irc_ros_msgs_s__rosidl_typesupport_introspection_c.cpython-310-x86_64-linux-gnu.so
-- Up-to-date symlink: /home/anand/Igus/Igus_ROS2/install/irc_ros_msgs/local/lib/python3.10/dist-packages/irc_ros_msgs/irc_ros_msgs_s__rosidl_typesupport_c.cpython-310-x86_64-linux-gnu.so
-- Symlinking: /home/anand/Igus/Igus_ROS2/install/irc_ros_msgs/share/irc_ros_msgs/msg/CanModuleCommand.idl
-- Symlinking: /home/anand/Igus/Igus_ROS2/install/irc_ros_msgs/share/irc_ros_msgs/msg/CanModuleState.idl
-- Symlinking: /home/anand/Igus/Igus_ROS2/install/irc_ros_msgs/share/irc_ros_msgs/msg/CanModuleStates.idl
-- Symlinking: /home/anand/Igus/Igus_ROS2/install/irc_ros_msgs/share/irc_ros_msgs/msg/DioCommand.idl
-- Symlinking: /home/anand/Igus/Igus_ROS2/install/irc_ros_msgs/share/irc_ros_msgs/msg/DioState.idl
-- Symlinking: /home/anand/Igus/Igus_ROS2/install/irc_ros_msgs/share/irc_ros_msgs/msg/DioStates.idl
-- Symlinking: /home/anand/Igus/Igus_ROS2/install/irc_ros_msgs/share/irc_ros_msgs/msg/GripperCommand.idl
-- Symlinking: /home/anand/Igus/Igus_ROS2/install/irc_ros_msgs/share/irc_ros_msgs/msg/GripperState.idl
-- Symlinking: /home/anand/Igus/Igus_ROS2/install/irc_ros_msgs/share/irc_ros_msgs/srv/CanModuleCommand.idl
-- Symlinking: /home/anand/Igus/Igus_ROS2/install/irc_ros_msgs/share/irc_ros_msgs/srv/DioCommand.idl
-- Symlinking: /home/anand/Igus/Igus_ROS2/install/irc_ros_msgs/share/irc_ros_msgs/srv/GripperCommand.idl
-- Symlinking: /home/anand/Igus/Igus_ROS2/install/irc_ros_msgs/share/irc_ros_msgs/msg/CanModuleCommand.msg
-- Symlinking: /home/anand/Igus/Igus_ROS2/install/irc_ros_msgs/share/irc_ros_msgs/msg/CanModuleState.msg
-- Symlinking: /home/anand/Igus/Igus_ROS2/install/irc_ros_msgs/share/irc_ros_msgs/msg/CanModuleStates.msg
-- Symlinking: /home/anand/Igus/Igus_ROS2/install/irc_ros_msgs/share/irc_ros_msgs/msg/DioCommand.msg
-- Symlinking: /home/anand/Igus/Igus_ROS2/install/irc_ros_msgs/share/irc_ros_msgs/msg/DioState.msg
-- Symlinking: /home/anand/Igus/Igus_ROS2/install/irc_ros_msgs/share/irc_ros_msgs/msg/DioStates.msg
-- Symlinking: /home/anand/Igus/Igus_ROS2/install/irc_ros_msgs/share/irc_ros_msgs/msg/GripperCommand.msg
-- Symlinking: /home/anand/Igus/Igus_ROS2/install/irc_ros_msgs/share/irc_ros_msgs/msg/GripperState.msg
-- Symlinking: /home/anand/Igus/Igus_ROS2/install/irc_ros_msgs/share/irc_ros_msgs/srv/CanModuleCommand.srv
-- Symlinking: /home/anand/Igus/Igus_ROS2/install/irc_ros_msgs/share/irc_ros_msgs/srv/CanModuleCommand_Request.msg
-- Symlinking: /home/anand/Igus/Igus_ROS2/install/irc_ros_msgs/share/irc_ros_msgs/srv/CanModuleCommand_Response.msg
-- Symlinking: /home/anand/Igus/Igus_ROS2/install/irc_ros_msgs/share/irc_ros_msgs/srv/DioCommand.srv
-- Symlinking: /home/anand/Igus/Igus_ROS2/install/irc_ros_msgs/share/irc_ros_msgs/srv/DioCommand_Request.msg
-- Symlinking: /home/anand/Igus/Igus_ROS2/install/irc_ros_msgs/share/irc_ros_msgs/srv/DioCommand_Response.msg
-- Symlinking: /home/anand/Igus/Igus_ROS2/install/irc_ros_msgs/share/irc_ros_msgs/srv/GripperCommand.srv
-- Symlinking: /home/anand/Igus/Igus_ROS2/install/irc_ros_msgs/share/irc_ros_msgs/srv/GripperCommand_Request.msg
-- Symlinking: /home/anand/Igus/Igus_ROS2/install/irc_ros_msgs/share/irc_ros_msgs/srv/GripperCommand_Response.msg
-- Symlinking: /home/anand/Igus/Igus_ROS2/install/irc_ros_msgs/share/ament_index/resource_index/package_run_dependencies/irc_ros_msgs
-- Symlinking: /home/anand/Igus/Igus_ROS2/install/irc_ros_msgs/share/ament_index/resource_index/parent_prefix_path/irc_ros_msgs
-- Symlinking: /home/anand/Igus/Igus_ROS2/install/irc_ros_msgs/share/irc_ros_msgs/environment/ament_prefix_path.sh
-- Symlinking: /home/anand/Igus/Igus_ROS2/install/irc_ros_msgs/share/irc_ros_msgs/environment/ament_prefix_path.dsv
-- Symlinking: /home/anand/Igus/Igus_ROS2/install/irc_ros_msgs/share/irc_ros_msgs/environment/path.sh
-- Symlinking: /home/anand/Igus/Igus_ROS2/install/irc_ros_msgs/share/irc_ros_msgs/environment/path.dsv
-- Symlinking: /home/anand/Igus/Igus_ROS2/install/irc_ros_msgs/share/irc_ros_msgs/local_setup.bash
-- Symlinking: /home/anand/Igus/Igus_ROS2/install/irc_ros_msgs/share/irc_ros_msgs/local_setup.sh
-- Symlinking: /home/anand/Igus/Igus_ROS2/install/irc_ros_msgs/share/irc_ros_msgs/local_setup.zsh
-- Symlinking: /home/anand/Igus/Igus_ROS2/install/irc_ros_msgs/share/irc_ros_msgs/local_setup.dsv
-- Symlinking: /home/anand/Igus/Igus_ROS2/install/irc_ros_msgs/share/irc_ros_msgs/package.dsv
-- Symlinking: /home/anand/Igus/Igus_ROS2/install/irc_ros_msgs/share/ament_index/resource_index/packages/irc_ros_msgs
-- Symlinking: /home/anand/Igus/Igus_ROS2/install/irc_ros_msgs/share/irc_ros_msgs/cmake/rosidl_cmake-extras.cmake
-- Symlinking: /home/anand/Igus/Igus_ROS2/install/irc_ros_msgs/share/irc_ros_msgs/cmake/ament_cmake_export_dependencies-extras.cmake
-- Symlinking: /home/anand/Igus/Igus_ROS2/install/irc_ros_msgs/share/irc_ros_msgs/cmake/ament_cmake_export_include_directories-extras.cmake
-- Symlinking: /home/anand/Igus/Igus_ROS2/install/irc_ros_msgs/share/irc_ros_msgs/cmake/ament_cmake_export_libraries-extras.cmake
-- Symlinking: /home/anand/Igus/Igus_ROS2/install/irc_ros_msgs/share/irc_ros_msgs/cmake/ament_cmake_export_targets-extras.cmake
-- Symlinking: /home/anand/Igus/Igus_ROS2/install/irc_ros_msgs/share/irc_ros_msgs/cmake/rosidl_cmake_export_typesupport_targets-extras.cmake
-- Symlinking: /home/anand/Igus/Igus_ROS2/install/irc_ros_msgs/share/irc_ros_msgs/cmake/rosidl_cmake_export_typesupport_libraries-extras.cmake
-- Symlinking: /home/anand/Igus/Igus_ROS2/install/irc_ros_msgs/share/irc_ros_msgs/cmake/irc_ros_msgsConfig.cmake
-- Symlinking: /home/anand/Igus/Igus_ROS2/install/irc_ros_msgs/share/irc_ros_msgs/cmake/irc_ros_msgsConfig-version.cmake
-- Symlinking: /home/anand/Igus/Igus_ROS2/install/irc_ros_msgs/share/irc_ros_msgs/package.xml
-- Installing: /home/anand/Igus/Igus_ROS2/install/irc_ros_msgs/lib/libirc_ros_msgs__rosidl_generator_c.so
-- Set runtime path of "/home/anand/Igus/Igus_ROS2/install/irc_ros_msgs/lib/libirc_ros_msgs__rosidl_generator_c.so" to ""
-- Installing: /home/anand/Igus/Igus_ROS2/install/irc_ros_msgs/lib/libirc_ros_msgs__rosidl_typesupport_fastrtps_c.so
-- Set runtime path of "/home/anand/Igus/Igus_ROS2/install/irc_ros_msgs/lib/libirc_ros_msgs__rosidl_typesupport_fastrtps_c.so" to ""
-- Installing: /home/anand/Igus/Igus_ROS2/install/irc_ros_msgs/lib/libirc_ros_msgs__rosidl_typesupport_fastrtps_cpp.so
-- Set runtime path of "/home/anand/Igus/Igus_ROS2/install/irc_ros_msgs/lib/libirc_ros_msgs__rosidl_typesupport_fastrtps_cpp.so" to ""
-- Installing: /home/anand/Igus/Igus_ROS2/install/irc_ros_msgs/lib/libirc_ros_msgs__rosidl_typesupport_introspection_c.so
-- Set runtime path of "/home/anand/Igus/Igus_ROS2/install/irc_ros_msgs/lib/libirc_ros_msgs__rosidl_typesupport_introspection_c.so" to ""
-- Installing: /home/anand/Igus/Igus_ROS2/install/irc_ros_msgs/lib/libirc_ros_msgs__rosidl_typesupport_c.so
-- Set runtime path of "/home/anand/Igus/Igus_ROS2/install/irc_ros_msgs/lib/libirc_ros_msgs__rosidl_typesupport_c.so" to ""
-- Installing: /home/anand/Igus/Igus_ROS2/install/irc_ros_msgs/lib/libirc_ros_msgs__rosidl_typesupport_introspection_cpp.so
-- Set runtime path of "/home/anand/Igus/Igus_ROS2/install/irc_ros_msgs/lib/libirc_ros_msgs__rosidl_typesupport_introspection_cpp.so" to ""
-- Installing: /home/anand/Igus/Igus_ROS2/install/irc_ros_msgs/lib/libirc_ros_msgs__rosidl_typesupport_cpp.so
-- Set runtime path of "/home/anand/Igus/Igus_ROS2/install/irc_ros_msgs/lib/libirc_ros_msgs__rosidl_typesupport_cpp.so" to ""
Listing '/home/anand/Igus/Igus_ROS2/install/irc_ros_msgs/local/lib/python3.10/dist-packages/irc_ros_msgs'...
Compiling '/home/anand/Igus/Igus_ROS2/install/irc_ros_msgs/local/lib/python3.10/dist-packages/irc_ros_msgs/__init__.py'...
Listing '/home/anand/Igus/Igus_ROS2/install/irc_ros_msgs/local/lib/python3.10/dist-packages/irc_ros_msgs/msg'...
Compiling '/home/anand/Igus/Igus_ROS2/install/irc_ros_msgs/local/lib/python3.10/dist-packages/irc_ros_msgs/msg/__init__.py'...
Compiling '/home/anand/Igus/Igus_ROS2/install/irc_ros_msgs/local/lib/python3.10/dist-packages/irc_ros_msgs/msg/_can_module_command.py'...
Compiling '/home/anand/Igus/Igus_ROS2/install/irc_ros_msgs/local/lib/python3.10/dist-packages/irc_ros_msgs/msg/_can_module_state.py'...
Compiling '/home/anand/Igus/Igus_ROS2/install/irc_ros_msgs/local/lib/python3.10/dist-packages/irc_ros_msgs/msg/_can_module_states.py'...
Compiling '/home/anand/Igus/Igus_ROS2/install/irc_ros_msgs/local/lib/python3.10/dist-packages/irc_ros_msgs/msg/_dio_command.py'...
Compiling '/home/anand/Igus/Igus_ROS2/install/irc_ros_msgs/local/lib/python3.10/dist-packages/irc_ros_msgs/msg/_dio_state.py'...
Compiling '/home/anand/Igus/Igus_ROS2/install/irc_ros_msgs/local/lib/python3.10/dist-packages/irc_ros_msgs/msg/_dio_states.py'...
Compiling '/home/anand/Igus/Igus_ROS2/install/irc_ros_msgs/local/lib/python3.10/dist-packages/irc_ros_msgs/msg/_gripper_command.py'...
Compiling '/home/anand/Igus/Igus_ROS2/install/irc_ros_msgs/local/lib/python3.10/dist-packages/irc_ros_msgs/msg/_gripper_state.py'...
Listing '/home/anand/Igus/Igus_ROS2/install/irc_ros_msgs/local/lib/python3.10/dist-packages/irc_ros_msgs/srv'...
Compiling '/home/anand/Igus/Igus_ROS2/install/irc_ros_msgs/local/lib/python3.10/dist-packages/irc_ros_msgs/srv/__init__.py'...
Compiling '/home/anand/Igus/Igus_ROS2/install/irc_ros_msgs/local/lib/python3.10/dist-packages/irc_ros_msgs/srv/_can_module_command.py'...
Compiling '/home/anand/Igus/Igus_ROS2/install/irc_ros_msgs/local/lib/python3.10/dist-packages/irc_ros_msgs/srv/_dio_command.py'...
Compiling '/home/anand/Igus/Igus_ROS2/install/irc_ros_msgs/local/lib/python3.10/dist-packages/irc_ros_msgs/srv/_gripper_command.py'...
-- Installing: /home/anand/Igus/Igus_ROS2/install/irc_ros_msgs/lib/libirc_ros_msgs__rosidl_generator_py.so
-- Set runtime path of "/home/anand/Igus/Igus_ROS2/install/irc_ros_msgs/lib/libirc_ros_msgs__rosidl_generator_py.so" to ""
-- Installing: /home/anand/Igus/Igus_ROS2/install/irc_ros_msgs/share/irc_ros_msgs/cmake/export_irc_ros_msgs__rosidl_generator_cExport.cmake
-- Installing: /home/anand/Igus/Igus_ROS2/install/irc_ros_msgs/share/irc_ros_msgs/cmake/export_irc_ros_msgs__rosidl_generator_cExport-noconfig.cmake
-- Installing: /home/anand/Igus/Igus_ROS2/install/irc_ros_msgs/share/irc_ros_msgs/cmake/export_irc_ros_msgs__rosidl_typesupport_fastrtps_cExport.cmake
-- Installing: /home/anand/Igus/Igus_ROS2/install/irc_ros_msgs/share/irc_ros_msgs/cmake/export_irc_ros_msgs__rosidl_typesupport_fastrtps_cExport-noconfig.cmake
-- Installing: /home/anand/Igus/Igus_ROS2/install/irc_ros_msgs/share/irc_ros_msgs/cmake/export_irc_ros_msgs__rosidl_generator_cppExport.cmake
-- Installing: /home/anand/Igus/Igus_ROS2/install/irc_ros_msgs/share/irc_ros_msgs/cmake/export_irc_ros_msgs__rosidl_typesupport_fastrtps_cppExport.cmake
-- Installing: /home/anand/Igus/Igus_ROS2/install/irc_ros_msgs/share/irc_ros_msgs/cmake/export_irc_ros_msgs__rosidl_typesupport_fastrtps_cppExport-noconfig.cmake
-- Installing: /home/anand/Igus/Igus_ROS2/install/irc_ros_msgs/share/irc_ros_msgs/cmake/irc_ros_msgs__rosidl_typesupport_introspection_cExport.cmake
-- Installing: /home/anand/Igus/Igus_ROS2/install/irc_ros_msgs/share/irc_ros_msgs/cmake/irc_ros_msgs__rosidl_typesupport_introspection_cExport-noconfig.cmake
-- Installing: /home/anand/Igus/Igus_ROS2/install/irc_ros_msgs/share/irc_ros_msgs/cmake/irc_ros_msgs__rosidl_typesupport_cExport.cmake
-- Installing: /home/anand/Igus/Igus_ROS2/install/irc_ros_msgs/share/irc_ros_msgs/cmake/irc_ros_msgs__rosidl_typesupport_cExport-noconfig.cmake
-- Installing: /home/anand/Igus/Igus_ROS2/install/irc_ros_msgs/share/irc_ros_msgs/cmake/irc_ros_msgs__rosidl_typesupport_introspection_cppExport.cmake
-- Installing: /home/anand/Igus/Igus_ROS2/install/irc_ros_msgs/share/irc_ros_msgs/cmake/irc_ros_msgs__rosidl_typesupport_introspection_cppExport-noconfig.cmake
-- Installing: /home/anand/Igus/Igus_ROS2/install/irc_ros_msgs/share/irc_ros_msgs/cmake/irc_ros_msgs__rosidl_typesupport_cppExport.cmake
-- Installing: /home/anand/Igus/Igus_ROS2/install/irc_ros_msgs/share/irc_ros_msgs/cmake/irc_ros_msgs__rosidl_typesupport_cppExport-noconfig.cmake
-- Installing: /home/anand/Igus/Igus_ROS2/install/irc_ros_msgs/share/irc_ros_msgs/cmake/export_irc_ros_msgs__rosidl_generator_pyExport.cmake
-- Installing: /home/anand/Igus/Igus_ROS2/install/irc_ros_msgs/share/irc_ros_msgs/cmake/export_irc_ros_msgs__rosidl_generator_pyExport-noconfig.cmake
