[0.040s] Invoking command in '/home/anand/Igus/Igus_ROS2/build/irc_ros_msgs': CMAKE_PREFIX_PATH=${CMAKE_PREFIX_PATH}:/home/anand/Igus/Igus_ROS2/install/testtube_sorting:/home/anand/Igus/Igus_ROS2/install/irc_ros_dashboard:/opt/ros/humble /usr/bin/cmake /home/anand/Igus/Igus_ROS2/irc_ros_msgs -DAMENT_CMAKE_SYMLINK_INSTALL=1 -DCMAKE_INSTALL_PREFIX=/home/anand/Igus/Igus_ROS2/install/irc_ros_msgs
[0.118s] -- The C compiler identification is GNU 11.4.0
[0.197s] -- The CXX compiler identification is GNU 11.4.0
[0.209s] -- Detecting C compiler ABI info
[0.312s] -- Detecting C compiler ABI info - done
[0.326s] -- Check for working C compiler: /usr/bin/cc - skipped
[0.327s] -- Detecting C compile features
[0.327s] -- Detecting C compile features - done
[0.333s] -- Detecting CXX compiler ABI info
[0.456s] -- Detecting CXX compiler ABI info - done
[0.469s] -- Check for working CXX compiler: /usr/bin/c++ - skipped
[0.470s] -- Detecting CXX compile features
[0.471s] -- Detecting CXX compile features - done
[0.475s] -- Found ament_cmake: 1.3.12 (/opt/ros/humble/share/ament_cmake/cmake)
[1.139s] -- Found Python3: /usr/bin/python3 (found version "3.10.12") found components: Interpreter 
[1.276s] -- Override CMake install command with custom implementation using symlinks instead of copying resources
[1.332s] -- Found rclcpp: 16.0.15 (/opt/ros/humble/share/rclcpp/cmake)
[1.405s] -- Found rosidl_generator_c: 3.1.7 (/opt/ros/humble/share/rosidl_generator_c/cmake)
[1.413s] -- Found rosidl_adapter: 3.1.7 (/opt/ros/humble/share/rosidl_adapter/cmake)
[1.425s] -- Found rosidl_generator_cpp: 3.1.7 (/opt/ros/humble/share/rosidl_generator_cpp/cmake)
[1.455s] -- Using all available rosidl_typesupport_c: rosidl_typesupport_fastrtps_c;rosidl_typesupport_introspection_c
[1.497s] -- Using all available rosidl_typesupport_cpp: rosidl_typesupport_fastrtps_cpp;rosidl_typesupport_introspection_cpp
[1.619s] -- Found rmw_implementation_cmake: 6.1.2 (/opt/ros/humble/share/rmw_implementation_cmake/cmake)
[1.628s] -- Found rmw_fastrtps_cpp: 6.2.8 (/opt/ros/humble/share/rmw_fastrtps_cpp/cmake)
[1.825s] -- Found OpenSSL: /usr/lib/x86_64-linux-gnu/libcrypto.so (found version "3.0.2")  
[1.881s] -- Found FastRTPS: /opt/ros/humble/include  
[1.947s] -- Using RMW implementation 'rmw_fastrtps_cpp' as default
[1.962s] -- Looking for pthread.h
[2.083s] -- Looking for pthread.h - found
[2.084s] -- Performing Test CMAKE_HAVE_LIBC_PTHREAD
[2.195s] -- Performing Test CMAKE_HAVE_LIBC_PTHREAD - Success
[2.198s] -- Found Threads: TRUE  
[2.283s] -- Found sensor_msgs: 4.9.0 (/opt/ros/humble/share/sensor_msgs/cmake)
[2.330s] -- Found rosidl_default_generators: 1.2.0 (/opt/ros/humble/share/rosidl_default_generators/cmake)
[2.867s] -- Found ament_cmake_ros: 0.10.0 (/opt/ros/humble/share/ament_cmake_ros/cmake)
[3.514s] -- Using all available rosidl_typesupport_c: rosidl_typesupport_fastrtps_c;rosidl_typesupport_introspection_c
[3.785s] -- Using all available rosidl_typesupport_cpp: rosidl_typesupport_fastrtps_cpp;rosidl_typesupport_introspection_cpp
[3.817s] -- Found PythonInterp: /usr/bin/python3 (found suitable version "3.10.12", minimum required is "3.6") 
[3.821s] -- Found python_cmake_module: 0.10.0 (/opt/ros/humble/share/python_cmake_module/cmake)
[3.862s] -- Found PythonLibs: /usr/lib/x86_64-linux-gnu/libpython3.10.so (found suitable version "3.10.12", minimum required is "3.5") 
[3.862s] -- Using PYTHON_EXECUTABLE: /usr/bin/python3
[3.862s] -- Using PYTHON_INCLUDE_DIRS: /usr/include/python3.10
[3.863s] -- Using PYTHON_LIBRARIES: /usr/lib/x86_64-linux-gnu/libpython3.10.so
[3.897s] -- Found PythonExtra: .so  
[4.020s] -- Found ament_lint_auto: 0.12.14 (/opt/ros/humble/share/ament_lint_auto/cmake)
[4.049s] -- Added test 'lint_cmake' to check CMake code style
[4.051s] -- Added test 'xmllint' to check XML markup files
[4.055s] -- Configuring done
[4.119s] -- Generating done
[4.137s] -- Build files have been written to: /home/anand/Igus/Igus_ROS2/build/irc_ros_msgs
[4.151s] Invoked command in '/home/anand/Igus/Igus_ROS2/build/irc_ros_msgs' returned '0': CMAKE_PREFIX_PATH=${CMAKE_PREFIX_PATH}:/home/anand/Igus/Igus_ROS2/install/testtube_sorting:/home/anand/Igus/Igus_ROS2/install/irc_ros_dashboard:/opt/ros/humble /usr/bin/cmake /home/anand/Igus/Igus_ROS2/irc_ros_msgs -DAMENT_CMAKE_SYMLINK_INSTALL=1 -DCMAKE_INSTALL_PREFIX=/home/anand/Igus/Igus_ROS2/install/irc_ros_msgs
[4.153s] Invoking command in '/home/anand/Igus/Igus_ROS2/build/irc_ros_msgs': CMAKE_PREFIX_PATH=${CMAKE_PREFIX_PATH}:/home/anand/Igus/Igus_ROS2/install/testtube_sorting:/home/anand/Igus/Igus_ROS2/install/irc_ros_dashboard:/opt/ros/humble /usr/bin/cmake --build /home/anand/Igus/Igus_ROS2/build/irc_ros_msgs -- -j16 -l16
[4.212s] [  1%] [34m[1mGenerating C code for ROS interfaces[0m
[4.230s] [  1%] [34m[1mGenerating C++ code for ROS interfaces[0m
[4.234s] [  1%] Built target ament_cmake_python_symlink_irc_ros_msgs
[4.579s] running egg_info
[4.600s] creating irc_ros_msgs.egg-info
[4.600s] writing irc_ros_msgs.egg-info/PKG-INFO
[4.600s] writing dependency_links to irc_ros_msgs.egg-info/dependency_links.txt
[4.601s] writing top-level names to irc_ros_msgs.egg-info/top_level.txt
[4.601s] writing manifest file 'irc_ros_msgs.egg-info/SOURCES.txt'
[4.674s] reading manifest file 'irc_ros_msgs.egg-info/SOURCES.txt'
[4.676s] writing manifest file 'irc_ros_msgs.egg-info/SOURCES.txt'
[4.723s] [  1%] Built target ament_cmake_python_build_irc_ros_msgs_egg
[5.432s] [  2%] [32mBuilding C object CMakeFiles/irc_ros_msgs__rosidl_generator_c.dir/rosidl_generator_c/irc_ros_msgs/msg/detail/can_module_command__functions.c.o[0m
[5.434s] [  3%] [32mBuilding C object CMakeFiles/irc_ros_msgs__rosidl_generator_c.dir/rosidl_generator_c/irc_ros_msgs/msg/detail/can_module_state__functions.c.o[0m
[5.437s] [  5%] [32mBuilding C object CMakeFiles/irc_ros_msgs__rosidl_generator_c.dir/rosidl_generator_c/irc_ros_msgs/msg/detail/can_module_states__functions.c.o[0m
[5.438s] [  5%] [32mBuilding C object CMakeFiles/irc_ros_msgs__rosidl_generator_c.dir/rosidl_generator_c/irc_ros_msgs/msg/detail/dio_state__functions.c.o[0m
[5.443s] [  6%] [32mBuilding C object CMakeFiles/irc_ros_msgs__rosidl_generator_c.dir/rosidl_generator_c/irc_ros_msgs/msg/detail/dio_command__functions.c.o[0m
[5.445s] [  6%] [32mBuilding C object CMakeFiles/irc_ros_msgs__rosidl_generator_c.dir/rosidl_generator_c/irc_ros_msgs/msg/detail/gripper_state__functions.c.o[0m
[5.446s] [  7%] [32mBuilding C object CMakeFiles/irc_ros_msgs__rosidl_generator_c.dir/rosidl_generator_c/irc_ros_msgs/msg/detail/dio_states__functions.c.o[0m
[5.446s] [  8%] [32mBuilding C object CMakeFiles/irc_ros_msgs__rosidl_generator_c.dir/rosidl_generator_c/irc_ros_msgs/msg/detail/gripper_command__functions.c.o[0m
[5.454s] [  9%] [32mBuilding C object CMakeFiles/irc_ros_msgs__rosidl_generator_c.dir/rosidl_generator_c/irc_ros_msgs/srv/detail/can_module_command__functions.c.o[0m
[5.454s] [ 10%] [32mBuilding C object CMakeFiles/irc_ros_msgs__rosidl_generator_c.dir/rosidl_generator_c/irc_ros_msgs/srv/detail/dio_command__functions.c.o[0m
[5.464s] [ 11%] [32mBuilding C object CMakeFiles/irc_ros_msgs__rosidl_generator_c.dir/rosidl_generator_c/irc_ros_msgs/srv/detail/gripper_command__functions.c.o[0m
[5.594s] [ 12%] [32m[1mLinking C shared library libirc_ros_msgs__rosidl_generator_c.so[0m
[5.595s] [ 12%] Built target irc_ros_msgs__cpp
[5.612s] [ 13%] [34m[1mGenerating C++ type support dispatch for ROS interfaces[0m
[5.615s] [ 13%] [34m[1mGenerating C++ type support for eProsima Fast-RTPS[0m
[5.621s] [ 14%] [34m[1mGenerating C++ introspection for ROS interfaces[0m
[5.658s] [ 14%] Built target irc_ros_msgs__rosidl_generator_c
[5.676s] [ 15%] [34m[1mGenerating C type support dispatch for ROS interfaces[0m
[5.676s] [ 16%] [34m[1mGenerating C introspection for ROS interfaces[0m
[5.685s] [ 17%] [34m[1mGenerating C type support for eProsima Fast-RTPS[0m
[6.497s] [ 19%] [32mBuilding CXX object CMakeFiles/irc_ros_msgs__rosidl_typesupport_cpp.dir/rosidl_typesupport_cpp/irc_ros_msgs/msg/dio_command__type_support.cpp.o[0m
[6.498s] [ 20%] [32mBuilding CXX object CMakeFiles/irc_ros_msgs__rosidl_typesupport_cpp.dir/rosidl_typesupport_cpp/irc_ros_msgs/msg/can_module_command__type_support.cpp.o[0m
[6.498s] [ 20%] [32mBuilding CXX object CMakeFiles/irc_ros_msgs__rosidl_typesupport_cpp.dir/rosidl_typesupport_cpp/irc_ros_msgs/msg/can_module_state__type_support.cpp.o[0m
[6.499s] [ 21%] [32mBuilding CXX object CMakeFiles/irc_ros_msgs__rosidl_typesupport_cpp.dir/rosidl_typesupport_cpp/irc_ros_msgs/msg/dio_state__type_support.cpp.o[0m
[6.499s] [ 22%] [32mBuilding CXX object CMakeFiles/irc_ros_msgs__rosidl_typesupport_cpp.dir/rosidl_typesupport_cpp/irc_ros_msgs/msg/gripper_command__type_support.cpp.o[0m
[6.499s] [ 22%] [32mBuilding CXX object CMakeFiles/irc_ros_msgs__rosidl_typesupport_cpp.dir/rosidl_typesupport_cpp/irc_ros_msgs/msg/gripper_state__type_support.cpp.o[0m
[6.510s] [ 23%] [32mBuilding CXX object CMakeFiles/irc_ros_msgs__rosidl_typesupport_cpp.dir/rosidl_typesupport_cpp/irc_ros_msgs/msg/dio_states__type_support.cpp.o[0m
[6.511s] [ 24%] [32mBuilding CXX object CMakeFiles/irc_ros_msgs__rosidl_typesupport_cpp.dir/rosidl_typesupport_cpp/irc_ros_msgs/srv/gripper_command__type_support.cpp.o[0m
[6.535s] [ 25%] [32mBuilding CXX object CMakeFiles/irc_ros_msgs__rosidl_typesupport_cpp.dir/rosidl_typesupport_cpp/irc_ros_msgs/msg/can_module_states__type_support.cpp.o[0m
[6.565s] [ 26%] [32mBuilding CXX object CMakeFiles/irc_ros_msgs__rosidl_typesupport_cpp.dir/rosidl_typesupport_cpp/irc_ros_msgs/srv/can_module_command__type_support.cpp.o[0m
[6.579s] [ 27%] [32mBuilding CXX object CMakeFiles/irc_ros_msgs__rosidl_typesupport_cpp.dir/rosidl_typesupport_cpp/irc_ros_msgs/srv/dio_command__type_support.cpp.o[0m
[7.357s] [ 28%] [32mBuilding CXX object CMakeFiles/irc_ros_msgs__rosidl_typesupport_c.dir/rosidl_typesupport_c/irc_ros_msgs/msg/can_module_command__type_support.cpp.o[0m
[7.358s] [ 29%] [32mBuilding CXX object CMakeFiles/irc_ros_msgs__rosidl_typesupport_c.dir/rosidl_typesupport_c/irc_ros_msgs/msg/can_module_state__type_support.cpp.o[0m
[7.380s] [ 30%] [32mBuilding CXX object CMakeFiles/irc_ros_msgs__rosidl_typesupport_c.dir/rosidl_typesupport_c/irc_ros_msgs/msg/dio_command__type_support.cpp.o[0m
[7.380s] [ 30%] [32mBuilding CXX object CMakeFiles/irc_ros_msgs__rosidl_typesupport_c.dir/rosidl_typesupport_c/irc_ros_msgs/msg/can_module_states__type_support.cpp.o[0m
[7.385s] [ 31%] [32mBuilding CXX object CMakeFiles/irc_ros_msgs__rosidl_typesupport_c.dir/rosidl_typesupport_c/irc_ros_msgs/msg/dio_state__type_support.cpp.o[0m
[7.438s] [ 32%] [32mBuilding CXX object CMakeFiles/irc_ros_msgs__rosidl_typesupport_c.dir/rosidl_typesupport_c/irc_ros_msgs/msg/dio_states__type_support.cpp.o[0m
[7.453s] [ 33%] [32mBuilding CXX object CMakeFiles/irc_ros_msgs__rosidl_typesupport_c.dir/rosidl_typesupport_c/irc_ros_msgs/msg/gripper_command__type_support.cpp.o[0m
[7.454s] [ 34%] [32mBuilding CXX object CMakeFiles/irc_ros_msgs__rosidl_typesupport_c.dir/rosidl_typesupport_c/irc_ros_msgs/msg/gripper_state__type_support.cpp.o[0m
[7.484s] [ 35%] [32mBuilding CXX object CMakeFiles/irc_ros_msgs__rosidl_typesupport_c.dir/rosidl_typesupport_c/irc_ros_msgs/srv/can_module_command__type_support.cpp.o[0m
[7.506s] [ 36%] [32mBuilding CXX object CMakeFiles/irc_ros_msgs__rosidl_typesupport_c.dir/rosidl_typesupport_c/irc_ros_msgs/srv/gripper_command__type_support.cpp.o[0m
[7.536s] [ 37%] [32mBuilding CXX object CMakeFiles/irc_ros_msgs__rosidl_typesupport_c.dir/rosidl_typesupport_c/irc_ros_msgs/srv/dio_command__type_support.cpp.o[0m
[7.633s] [ 38%] [32mBuilding C object CMakeFiles/irc_ros_msgs__rosidl_typesupport_introspection_c.dir/rosidl_typesupport_introspection_c/irc_ros_msgs/msg/detail/dio_state__type_support.c.o[0m
[7.634s] [ 39%] [32mBuilding C object CMakeFiles/irc_ros_msgs__rosidl_typesupport_introspection_c.dir/rosidl_typesupport_introspection_c/irc_ros_msgs/msg/detail/can_module_state__type_support.c.o[0m
[7.635s] [ 40%] [32mBuilding C object CMakeFiles/irc_ros_msgs__rosidl_typesupport_introspection_c.dir/rosidl_typesupport_introspection_c/irc_ros_msgs/msg/detail/gripper_state__type_support.c.o[0m
[7.637s] [ 41%] [32mBuilding C object CMakeFiles/irc_ros_msgs__rosidl_typesupport_introspection_c.dir/rosidl_typesupport_introspection_c/irc_ros_msgs/msg/detail/dio_states__type_support.c.o[0m
[7.638s] [ 42%] [32mBuilding C object CMakeFiles/irc_ros_msgs__rosidl_typesupport_introspection_c.dir/rosidl_typesupport_introspection_c/irc_ros_msgs/msg/detail/dio_command__type_support.c.o[0m
[7.639s] [ 42%] [32mBuilding C object CMakeFiles/irc_ros_msgs__rosidl_typesupport_introspection_c.dir/rosidl_typesupport_introspection_c/irc_ros_msgs/msg/detail/gripper_command__type_support.c.o[0m
[7.642s] [ 43%] [32mBuilding C object CMakeFiles/irc_ros_msgs__rosidl_typesupport_introspection_c.dir/rosidl_typesupport_introspection_c/irc_ros_msgs/srv/detail/can_module_command__type_support.c.o[0m
[7.667s] [ 44%] [32mBuilding C object CMakeFiles/irc_ros_msgs__rosidl_typesupport_introspection_c.dir/rosidl_typesupport_introspection_c/irc_ros_msgs/msg/detail/can_module_command__type_support.c.o[0m
[7.706s] [ 46%] [32m[1mLinking CXX shared library libirc_ros_msgs__rosidl_typesupport_c.so[0m
[7.710s] [ 46%] [32mBuilding C object CMakeFiles/irc_ros_msgs__rosidl_typesupport_introspection_c.dir/rosidl_typesupport_introspection_c/irc_ros_msgs/msg/detail/can_module_states__type_support.c.o[0m
[7.715s] [ 47%] [32mBuilding C object CMakeFiles/irc_ros_msgs__rosidl_typesupport_introspection_c.dir/rosidl_typesupport_introspection_c/irc_ros_msgs/srv/detail/gripper_command__type_support.c.o[0m
[7.719s] [ 48%] [32mBuilding C object CMakeFiles/irc_ros_msgs__rosidl_typesupport_introspection_c.dir/rosidl_typesupport_introspection_c/irc_ros_msgs/srv/detail/dio_command__type_support.c.o[0m
[7.810s] [ 48%] Built target irc_ros_msgs__rosidl_typesupport_c
[7.912s] [ 49%] [32m[1mLinking C shared library libirc_ros_msgs__rosidl_typesupport_introspection_c.so[0m
[7.983s] [ 49%] Built target irc_ros_msgs__rosidl_typesupport_introspection_c
[8.075s] [ 49%] [32mBuilding CXX object CMakeFiles/irc_ros_msgs__rosidl_typesupport_introspection_cpp.dir/rosidl_typesupport_introspection_cpp/irc_ros_msgs/msg/detail/can_module_state__type_support.cpp.o[0m
[8.076s] [ 50%] [32mBuilding CXX object CMakeFiles/irc_ros_msgs__rosidl_typesupport_introspection_cpp.dir/rosidl_typesupport_introspection_cpp/irc_ros_msgs/msg/detail/can_module_command__type_support.cpp.o[0m
[8.077s] [ 51%] [32mBuilding CXX object CMakeFiles/irc_ros_msgs__rosidl_typesupport_introspection_cpp.dir/rosidl_typesupport_introspection_cpp/irc_ros_msgs/msg/detail/dio_state__type_support.cpp.o[0m
[8.078s] [ 52%] [32mBuilding CXX object CMakeFiles/irc_ros_msgs__rosidl_typesupport_introspection_cpp.dir/rosidl_typesupport_introspection_cpp/irc_ros_msgs/msg/detail/gripper_command__type_support.cpp.o[0m
[8.079s] [ 53%] [32mBuilding CXX object CMakeFiles/irc_ros_msgs__rosidl_typesupport_introspection_cpp.dir/rosidl_typesupport_introspection_cpp/irc_ros_msgs/msg/detail/gripper_state__type_support.cpp.o[0m
[8.080s] [ 54%] [32mBuilding CXX object CMakeFiles/irc_ros_msgs__rosidl_typesupport_introspection_cpp.dir/rosidl_typesupport_introspection_cpp/irc_ros_msgs/srv/detail/dio_command__type_support.cpp.o[0m
[8.088s] [ 55%] [32mBuilding CXX object CMakeFiles/irc_ros_msgs__rosidl_typesupport_introspection_cpp.dir/rosidl_typesupport_introspection_cpp/irc_ros_msgs/srv/detail/can_module_command__type_support.cpp.o[0m
[8.118s] [ 57%] [32mBuilding CXX object CMakeFiles/irc_ros_msgs__rosidl_typesupport_introspection_cpp.dir/rosidl_typesupport_introspection_cpp/irc_ros_msgs/msg/detail/dio_command__type_support.cpp.o[0m
[8.118s] [ 57%] [32mBuilding CXX object CMakeFiles/irc_ros_msgs__rosidl_typesupport_introspection_cpp.dir/rosidl_typesupport_introspection_cpp/irc_ros_msgs/msg/detail/can_module_states__type_support.cpp.o[0m
[8.128s] [ 58%] [32mBuilding CXX object CMakeFiles/irc_ros_msgs__rosidl_typesupport_fastrtps_cpp.dir/rosidl_typesupport_fastrtps_cpp/irc_ros_msgs/msg/detail/dds_fastrtps/can_module_state__type_support.cpp.o[0m
[8.142s] [ 59%] [32mBuilding CXX object CMakeFiles/irc_ros_msgs__rosidl_typesupport_introspection_cpp.dir/rosidl_typesupport_introspection_cpp/irc_ros_msgs/srv/detail/gripper_command__type_support.cpp.o[0m
[8.143s] [ 60%] [32mBuilding CXX object CMakeFiles/irc_ros_msgs__rosidl_typesupport_fastrtps_cpp.dir/rosidl_typesupport_fastrtps_cpp/irc_ros_msgs/msg/detail/dds_fastrtps/can_module_command__type_support.cpp.o[0m
[8.145s] [ 61%] [32mBuilding CXX object CMakeFiles/irc_ros_msgs__rosidl_typesupport_fastrtps_cpp.dir/rosidl_typesupport_fastrtps_cpp/irc_ros_msgs/msg/detail/dds_fastrtps/can_module_states__type_support.cpp.o[0m
[8.166s] [ 62%] [32mBuilding CXX object CMakeFiles/irc_ros_msgs__rosidl_typesupport_introspection_cpp.dir/rosidl_typesupport_introspection_cpp/irc_ros_msgs/msg/detail/dio_states__type_support.cpp.o[0m
[9.128s] [ 64%] [32mBuilding CXX object CMakeFiles/irc_ros_msgs__rosidl_typesupport_fastrtps_cpp.dir/rosidl_typesupport_fastrtps_cpp/irc_ros_msgs/msg/detail/dds_fastrtps/dio_state__type_support.cpp.o[0m
[9.129s] [ 64%] [32mBuilding CXX object CMakeFiles/irc_ros_msgs__rosidl_typesupport_fastrtps_cpp.dir/rosidl_typesupport_fastrtps_cpp/irc_ros_msgs/msg/detail/dds_fastrtps/dio_command__type_support.cpp.o[0m
[9.164s] [ 65%] [32mBuilding CXX object CMakeFiles/irc_ros_msgs__rosidl_typesupport_fastrtps_cpp.dir/rosidl_typesupport_fastrtps_cpp/irc_ros_msgs/msg/detail/dds_fastrtps/dio_states__type_support.cpp.o[0m
[9.194s] [ 66%] [32m[1mLinking CXX shared library libirc_ros_msgs__rosidl_typesupport_cpp.so[0m
[9.258s] [ 67%] [32mBuilding CXX object CMakeFiles/irc_ros_msgs__rosidl_typesupport_fastrtps_cpp.dir/rosidl_typesupport_fastrtps_cpp/irc_ros_msgs/msg/detail/dds_fastrtps/gripper_command__type_support.cpp.o[0m
[9.342s] [ 67%] Built target irc_ros_msgs__rosidl_typesupport_cpp
[9.384s] [ 68%] [32mBuilding CXX object CMakeFiles/irc_ros_msgs__rosidl_typesupport_fastrtps_cpp.dir/rosidl_typesupport_fastrtps_cpp/irc_ros_msgs/msg/detail/dds_fastrtps/gripper_state__type_support.cpp.o[0m
[9.412s] [ 68%] [32mBuilding CXX object CMakeFiles/irc_ros_msgs__rosidl_typesupport_fastrtps_cpp.dir/rosidl_typesupport_fastrtps_cpp/irc_ros_msgs/srv/detail/dds_fastrtps/dio_command__type_support.cpp.o[0m
[9.502s] [ 69%] [32mBuilding CXX object CMakeFiles/irc_ros_msgs__rosidl_typesupport_fastrtps_cpp.dir/rosidl_typesupport_fastrtps_cpp/irc_ros_msgs/srv/detail/dds_fastrtps/can_module_command__type_support.cpp.o[0m
[9.573s] [ 70%] [32mBuilding CXX object CMakeFiles/irc_ros_msgs__rosidl_typesupport_fastrtps_cpp.dir/rosidl_typesupport_fastrtps_cpp/irc_ros_msgs/srv/detail/dds_fastrtps/gripper_command__type_support.cpp.o[0m
[10.540s] [ 71%] [32mBuilding CXX object CMakeFiles/irc_ros_msgs__rosidl_typesupport_fastrtps_c.dir/rosidl_typesupport_fastrtps_c/irc_ros_msgs/msg/detail/can_module_command__type_support_c.cpp.o[0m
[10.548s] [ 72%] [32mBuilding CXX object CMakeFiles/irc_ros_msgs__rosidl_typesupport_fastrtps_c.dir/rosidl_typesupport_fastrtps_c/irc_ros_msgs/msg/detail/can_module_state__type_support_c.cpp.o[0m
[10.556s] [ 72%] [32mBuilding CXX object CMakeFiles/irc_ros_msgs__rosidl_typesupport_fastrtps_c.dir/rosidl_typesupport_fastrtps_c/irc_ros_msgs/msg/detail/dio_state__type_support_c.cpp.o[0m
[10.573s] [ 73%] [32mBuilding CXX object CMakeFiles/irc_ros_msgs__rosidl_typesupport_fastrtps_c.dir/rosidl_typesupport_fastrtps_c/irc_ros_msgs/msg/detail/dio_states__type_support_c.cpp.o[0m
[10.601s] [ 74%] [32mBuilding CXX object CMakeFiles/irc_ros_msgs__rosidl_typesupport_fastrtps_c.dir/rosidl_typesupport_fastrtps_c/irc_ros_msgs/msg/detail/can_module_states__type_support_c.cpp.o[0m
[10.636s] [ 75%] [32mBuilding CXX object CMakeFiles/irc_ros_msgs__rosidl_typesupport_fastrtps_c.dir/rosidl_typesupport_fastrtps_c/irc_ros_msgs/msg/detail/dio_command__type_support_c.cpp.o[0m
[10.672s] [ 76%] [32mBuilding CXX object CMakeFiles/irc_ros_msgs__rosidl_typesupport_fastrtps_c.dir/rosidl_typesupport_fastrtps_c/irc_ros_msgs/msg/detail/gripper_command__type_support_c.cpp.o[0m
[10.789s] [ 77%] [32mBuilding CXX object CMakeFiles/irc_ros_msgs__rosidl_typesupport_fastrtps_c.dir/rosidl_typesupport_fastrtps_c/irc_ros_msgs/msg/detail/gripper_state__type_support_c.cpp.o[0m
[10.823s] [ 78%] [32mBuilding CXX object CMakeFiles/irc_ros_msgs__rosidl_typesupport_fastrtps_c.dir/rosidl_typesupport_fastrtps_c/irc_ros_msgs/srv/detail/dio_command__type_support_c.cpp.o[0m
[10.876s] [ 79%] [32mBuilding CXX object CMakeFiles/irc_ros_msgs__rosidl_typesupport_fastrtps_c.dir/rosidl_typesupport_fastrtps_c/irc_ros_msgs/srv/detail/can_module_command__type_support_c.cpp.o[0m
[10.918s] [ 80%] [32mBuilding CXX object CMakeFiles/irc_ros_msgs__rosidl_typesupport_fastrtps_c.dir/rosidl_typesupport_fastrtps_c/irc_ros_msgs/srv/detail/gripper_command__type_support_c.cpp.o[0m
[11.386s] [ 81%] [32m[1mLinking CXX shared library libirc_ros_msgs__rosidl_typesupport_introspection_cpp.so[0m
[11.571s] [ 81%] Built target irc_ros_msgs__rosidl_typesupport_introspection_cpp
[11.902s] [ 82%] [32m[1mLinking CXX shared library libirc_ros_msgs__rosidl_typesupport_fastrtps_cpp.so[0m
[12.047s] [ 83%] [32m[1mLinking CXX shared library libirc_ros_msgs__rosidl_typesupport_fastrtps_c.so[0m
[12.143s] [ 83%] Built target irc_ros_msgs__rosidl_typesupport_fastrtps_cpp
[12.192s] [ 83%] Built target irc_ros_msgs__rosidl_typesupport_fastrtps_c
[12.250s] [ 83%] Built target irc_ros_msgs
[12.304s] [ 84%] [34m[1mGenerating Python code for ROS interfaces[0m
[14.646s] [ 84%] Built target irc_ros_msgs__py
[14.701s] [ 85%] [32mBuilding C object CMakeFiles/irc_ros_msgs__rosidl_generator_py.dir/rosidl_generator_py/irc_ros_msgs/msg/_can_module_command_s.c.o[0m
[14.706s] [ 86%] [32mBuilding C object CMakeFiles/irc_ros_msgs__rosidl_generator_py.dir/rosidl_generator_py/irc_ros_msgs/msg/_can_module_state_s.c.o[0m
[14.713s] [ 88%] [32mBuilding C object CMakeFiles/irc_ros_msgs__rosidl_generator_py.dir/rosidl_generator_py/irc_ros_msgs/srv/_gripper_command_s.c.o[0m
[14.714s] [ 88%] [32mBuilding C object CMakeFiles/irc_ros_msgs__rosidl_generator_py.dir/rosidl_generator_py/irc_ros_msgs/srv/_can_module_command_s.c.o[0m
[14.737s] [ 90%] [32mBuilding C object CMakeFiles/irc_ros_msgs__rosidl_generator_py.dir/rosidl_generator_py/irc_ros_msgs/srv/_dio_command_s.c.o[0m
[14.737s] [ 90%] [32mBuilding C object CMakeFiles/irc_ros_msgs__rosidl_generator_py.dir/rosidl_generator_py/irc_ros_msgs/msg/_gripper_state_s.c.o[0m
[14.737s] [ 91%] [32mBuilding C object CMakeFiles/irc_ros_msgs__rosidl_generator_py.dir/rosidl_generator_py/irc_ros_msgs/msg/_gripper_command_s.c.o[0m
[14.738s] [ 92%] [32mBuilding C object CMakeFiles/irc_ros_msgs__rosidl_generator_py.dir/rosidl_generator_py/irc_ros_msgs/msg/_dio_command_s.c.o[0m
[14.738s] [ 93%] [32mBuilding C object CMakeFiles/irc_ros_msgs__rosidl_generator_py.dir/rosidl_generator_py/irc_ros_msgs/msg/_dio_state_s.c.o[0m
[14.741s] [ 93%] [32mBuilding C object CMakeFiles/irc_ros_msgs__rosidl_generator_py.dir/rosidl_generator_py/irc_ros_msgs/msg/_dio_states_s.c.o[0m
[14.752s] [ 94%] [32mBuilding C object CMakeFiles/irc_ros_msgs__rosidl_generator_py.dir/rosidl_generator_py/irc_ros_msgs/msg/_can_module_states_s.c.o[0m
[15.225s] [ 95%] [32m[1mLinking C shared library rosidl_generator_py/irc_ros_msgs/libirc_ros_msgs__rosidl_generator_py.so[0m
[15.318s] [ 95%] Built target irc_ros_msgs__rosidl_generator_py
[15.372s] [ 96%] [32mBuilding C object CMakeFiles/irc_ros_msgs__rosidl_typesupport_c__pyext.dir/rosidl_generator_py/irc_ros_msgs/_irc_ros_msgs_s.ep.rosidl_typesupport_c.c.o[0m
[15.373s] [ 96%] [32mBuilding C object CMakeFiles/irc_ros_msgs__rosidl_typesupport_introspection_c__pyext.dir/rosidl_generator_py/irc_ros_msgs/_irc_ros_msgs_s.ep.rosidl_typesupport_introspection_c.c.o[0m
[15.377s] [ 97%] [32mBuilding C object CMakeFiles/irc_ros_msgs__rosidl_typesupport_fastrtps_c__pyext.dir/rosidl_generator_py/irc_ros_msgs/_irc_ros_msgs_s.ep.rosidl_typesupport_fastrtps_c.c.o[0m
[15.587s] [ 98%] [32m[1mLinking C shared library rosidl_generator_py/irc_ros_msgs/irc_ros_msgs_s__rosidl_typesupport_c.cpython-310-x86_64-linux-gnu.so[0m
[15.660s] [ 98%] Built target irc_ros_msgs__rosidl_typesupport_c__pyext
[15.669s] [ 99%] [32m[1mLinking C shared library rosidl_generator_py/irc_ros_msgs/irc_ros_msgs_s__rosidl_typesupport_introspection_c.cpython-310-x86_64-linux-gnu.so[0m
[15.710s] [100%] [32m[1mLinking C shared library rosidl_generator_py/irc_ros_msgs/irc_ros_msgs_s__rosidl_typesupport_fastrtps_c.cpython-310-x86_64-linux-gnu.so[0m
[15.744s] [100%] Built target irc_ros_msgs__rosidl_typesupport_introspection_c__pyext
[15.778s] [100%] Built target irc_ros_msgs__rosidl_typesupport_fastrtps_c__pyext
[15.802s] Invoked command in '/home/anand/Igus/Igus_ROS2/build/irc_ros_msgs' returned '0': CMAKE_PREFIX_PATH=${CMAKE_PREFIX_PATH}:/home/anand/Igus/Igus_ROS2/install/testtube_sorting:/home/anand/Igus/Igus_ROS2/install/irc_ros_dashboard:/opt/ros/humble /usr/bin/cmake --build /home/anand/Igus/Igus_ROS2/build/irc_ros_msgs -- -j16 -l16
[15.806s] Invoking command in '/home/anand/Igus/Igus_ROS2/build/irc_ros_msgs': CMAKE_PREFIX_PATH=${CMAKE_PREFIX_PATH}:/home/anand/Igus/Igus_ROS2/install/testtube_sorting:/home/anand/Igus/Igus_ROS2/install/irc_ros_dashboard:/opt/ros/humble /usr/bin/cmake --install /home/anand/Igus/Igus_ROS2/build/irc_ros_msgs
[15.818s] -- Install configuration: ""
[15.819s] -- Execute custom install script
[15.819s] -- Symlinking: /home/anand/Igus/Igus_ROS2/install/irc_ros_msgs/share/ament_index/resource_index/rosidl_interfaces/irc_ros_msgs
[15.833s] -- Symlinking: /home/anand/Igus/Igus_ROS2/install/irc_ros_msgs/include/irc_ros_msgs/irc_ros_msgs/msg/can_module_command.h
[15.846s] -- Symlinking: /home/anand/Igus/Igus_ROS2/install/irc_ros_msgs/include/irc_ros_msgs/irc_ros_msgs/msg/can_module_state.h
[15.861s] -- Symlinking: /home/anand/Igus/Igus_ROS2/install/irc_ros_msgs/include/irc_ros_msgs/irc_ros_msgs/msg/can_module_states.h
[15.874s] -- Symlinking: /home/anand/Igus/Igus_ROS2/install/irc_ros_msgs/include/irc_ros_msgs/irc_ros_msgs/msg/detail/can_module_command__functions.h
[15.889s] -- Symlinking: /home/anand/Igus/Igus_ROS2/install/irc_ros_msgs/include/irc_ros_msgs/irc_ros_msgs/msg/detail/can_module_command__struct.h
[15.901s] -- Symlinking: /home/anand/Igus/Igus_ROS2/install/irc_ros_msgs/include/irc_ros_msgs/irc_ros_msgs/msg/detail/can_module_command__type_support.h
[15.917s] -- Symlinking: /home/anand/Igus/Igus_ROS2/install/irc_ros_msgs/include/irc_ros_msgs/irc_ros_msgs/msg/detail/can_module_state__functions.h
[15.932s] -- Symlinking: /home/anand/Igus/Igus_ROS2/install/irc_ros_msgs/include/irc_ros_msgs/irc_ros_msgs/msg/detail/can_module_state__struct.h
[15.944s] -- Symlinking: /home/anand/Igus/Igus_ROS2/install/irc_ros_msgs/include/irc_ros_msgs/irc_ros_msgs/msg/detail/can_module_state__type_support.h
[15.956s] -- Symlinking: /home/anand/Igus/Igus_ROS2/install/irc_ros_msgs/include/irc_ros_msgs/irc_ros_msgs/msg/detail/can_module_states__functions.h
[15.972s] -- Symlinking: /home/anand/Igus/Igus_ROS2/install/irc_ros_msgs/include/irc_ros_msgs/irc_ros_msgs/msg/detail/can_module_states__struct.h
[15.984s] -- Symlinking: /home/anand/Igus/Igus_ROS2/install/irc_ros_msgs/include/irc_ros_msgs/irc_ros_msgs/msg/detail/can_module_states__type_support.h
[15.998s] -- Symlinking: /home/anand/Igus/Igus_ROS2/install/irc_ros_msgs/include/irc_ros_msgs/irc_ros_msgs/msg/detail/dio_command__functions.h
[16.010s] -- Symlinking: /home/anand/Igus/Igus_ROS2/install/irc_ros_msgs/include/irc_ros_msgs/irc_ros_msgs/msg/detail/dio_command__struct.h
[16.021s] -- Symlinking: /home/anand/Igus/Igus_ROS2/install/irc_ros_msgs/include/irc_ros_msgs/irc_ros_msgs/msg/detail/dio_command__type_support.h
[16.034s] -- Symlinking: /home/anand/Igus/Igus_ROS2/install/irc_ros_msgs/include/irc_ros_msgs/irc_ros_msgs/msg/detail/dio_state__functions.h
[16.046s] -- Symlinking: /home/anand/Igus/Igus_ROS2/install/irc_ros_msgs/include/irc_ros_msgs/irc_ros_msgs/msg/detail/dio_state__struct.h
[16.059s] -- Symlinking: /home/anand/Igus/Igus_ROS2/install/irc_ros_msgs/include/irc_ros_msgs/irc_ros_msgs/msg/detail/dio_state__type_support.h
[16.069s] -- Symlinking: /home/anand/Igus/Igus_ROS2/install/irc_ros_msgs/include/irc_ros_msgs/irc_ros_msgs/msg/detail/dio_states__functions.h
[16.083s] -- Symlinking: /home/anand/Igus/Igus_ROS2/install/irc_ros_msgs/include/irc_ros_msgs/irc_ros_msgs/msg/detail/dio_states__struct.h
[16.096s] -- Symlinking: /home/anand/Igus/Igus_ROS2/install/irc_ros_msgs/include/irc_ros_msgs/irc_ros_msgs/msg/detail/dio_states__type_support.h
[16.108s] -- Symlinking: /home/anand/Igus/Igus_ROS2/install/irc_ros_msgs/include/irc_ros_msgs/irc_ros_msgs/msg/detail/gripper_command__functions.h
[16.122s] -- Symlinking: /home/anand/Igus/Igus_ROS2/install/irc_ros_msgs/include/irc_ros_msgs/irc_ros_msgs/msg/detail/gripper_command__struct.h
[16.134s] -- Symlinking: /home/anand/Igus/Igus_ROS2/install/irc_ros_msgs/include/irc_ros_msgs/irc_ros_msgs/msg/detail/gripper_command__type_support.h
[16.147s] -- Symlinking: /home/anand/Igus/Igus_ROS2/install/irc_ros_msgs/include/irc_ros_msgs/irc_ros_msgs/msg/detail/gripper_state__functions.h
[16.159s] -- Symlinking: /home/anand/Igus/Igus_ROS2/install/irc_ros_msgs/include/irc_ros_msgs/irc_ros_msgs/msg/detail/gripper_state__struct.h
[16.172s] -- Symlinking: /home/anand/Igus/Igus_ROS2/install/irc_ros_msgs/include/irc_ros_msgs/irc_ros_msgs/msg/detail/gripper_state__type_support.h
[16.182s] -- Symlinking: /home/anand/Igus/Igus_ROS2/install/irc_ros_msgs/include/irc_ros_msgs/irc_ros_msgs/msg/dio_command.h
[16.194s] -- Symlinking: /home/anand/Igus/Igus_ROS2/install/irc_ros_msgs/include/irc_ros_msgs/irc_ros_msgs/msg/dio_state.h
[16.207s] -- Symlinking: /home/anand/Igus/Igus_ROS2/install/irc_ros_msgs/include/irc_ros_msgs/irc_ros_msgs/msg/dio_states.h
[16.218s] -- Symlinking: /home/anand/Igus/Igus_ROS2/install/irc_ros_msgs/include/irc_ros_msgs/irc_ros_msgs/msg/gripper_command.h
[16.231s] -- Symlinking: /home/anand/Igus/Igus_ROS2/install/irc_ros_msgs/include/irc_ros_msgs/irc_ros_msgs/msg/gripper_state.h
[16.241s] -- Symlinking: /home/anand/Igus/Igus_ROS2/install/irc_ros_msgs/include/irc_ros_msgs/irc_ros_msgs/msg/rosidl_generator_c__visibility_control.h
[16.252s] -- Symlinking: /home/anand/Igus/Igus_ROS2/install/irc_ros_msgs/include/irc_ros_msgs/irc_ros_msgs/srv/can_module_command.h
[16.264s] -- Symlinking: /home/anand/Igus/Igus_ROS2/install/irc_ros_msgs/include/irc_ros_msgs/irc_ros_msgs/srv/detail/can_module_command__functions.h
[16.276s] -- Symlinking: /home/anand/Igus/Igus_ROS2/install/irc_ros_msgs/include/irc_ros_msgs/irc_ros_msgs/srv/detail/can_module_command__struct.h
[16.286s] -- Symlinking: /home/anand/Igus/Igus_ROS2/install/irc_ros_msgs/include/irc_ros_msgs/irc_ros_msgs/srv/detail/can_module_command__type_support.h
[16.297s] -- Symlinking: /home/anand/Igus/Igus_ROS2/install/irc_ros_msgs/include/irc_ros_msgs/irc_ros_msgs/srv/detail/dio_command__functions.h
[16.309s] -- Symlinking: /home/anand/Igus/Igus_ROS2/install/irc_ros_msgs/include/irc_ros_msgs/irc_ros_msgs/srv/detail/dio_command__struct.h
[16.319s] -- Symlinking: /home/anand/Igus/Igus_ROS2/install/irc_ros_msgs/include/irc_ros_msgs/irc_ros_msgs/srv/detail/dio_command__type_support.h
[16.329s] -- Symlinking: /home/anand/Igus/Igus_ROS2/install/irc_ros_msgs/include/irc_ros_msgs/irc_ros_msgs/srv/detail/gripper_command__functions.h
[16.339s] -- Symlinking: /home/anand/Igus/Igus_ROS2/install/irc_ros_msgs/include/irc_ros_msgs/irc_ros_msgs/srv/detail/gripper_command__struct.h
[16.350s] -- Symlinking: /home/anand/Igus/Igus_ROS2/install/irc_ros_msgs/include/irc_ros_msgs/irc_ros_msgs/srv/detail/gripper_command__type_support.h
[16.361s] -- Symlinking: /home/anand/Igus/Igus_ROS2/install/irc_ros_msgs/include/irc_ros_msgs/irc_ros_msgs/srv/dio_command.h
[16.371s] -- Symlinking: /home/anand/Igus/Igus_ROS2/install/irc_ros_msgs/include/irc_ros_msgs/irc_ros_msgs/srv/gripper_command.h
[16.382s] -- Symlinking: /home/anand/Igus/Igus_ROS2/install/irc_ros_msgs/share/irc_ros_msgs/environment/library_path.sh
[16.394s] -- Symlinking: /home/anand/Igus/Igus_ROS2/install/irc_ros_msgs/share/irc_ros_msgs/environment/library_path.dsv
[16.404s] -- Symlinking: /home/anand/Igus/Igus_ROS2/install/irc_ros_msgs/include/irc_ros_msgs/irc_ros_msgs/msg/detail/can_module_command__rosidl_typesupport_fastrtps_c.h
[16.416s] -- Symlinking: /home/anand/Igus/Igus_ROS2/install/irc_ros_msgs/include/irc_ros_msgs/irc_ros_msgs/msg/detail/can_module_state__rosidl_typesupport_fastrtps_c.h
[16.428s] -- Symlinking: /home/anand/Igus/Igus_ROS2/install/irc_ros_msgs/include/irc_ros_msgs/irc_ros_msgs/msg/detail/can_module_states__rosidl_typesupport_fastrtps_c.h
[16.438s] -- Symlinking: /home/anand/Igus/Igus_ROS2/install/irc_ros_msgs/include/irc_ros_msgs/irc_ros_msgs/msg/detail/dio_command__rosidl_typesupport_fastrtps_c.h
[16.449s] -- Symlinking: /home/anand/Igus/Igus_ROS2/install/irc_ros_msgs/include/irc_ros_msgs/irc_ros_msgs/msg/detail/dio_state__rosidl_typesupport_fastrtps_c.h
[16.461s] -- Symlinking: /home/anand/Igus/Igus_ROS2/install/irc_ros_msgs/include/irc_ros_msgs/irc_ros_msgs/msg/detail/dio_states__rosidl_typesupport_fastrtps_c.h
[16.474s] -- Symlinking: /home/anand/Igus/Igus_ROS2/install/irc_ros_msgs/include/irc_ros_msgs/irc_ros_msgs/msg/detail/gripper_command__rosidl_typesupport_fastrtps_c.h
[16.483s] -- Symlinking: /home/anand/Igus/Igus_ROS2/install/irc_ros_msgs/include/irc_ros_msgs/irc_ros_msgs/msg/detail/gripper_state__rosidl_typesupport_fastrtps_c.h
[16.496s] -- Symlinking: /home/anand/Igus/Igus_ROS2/install/irc_ros_msgs/include/irc_ros_msgs/irc_ros_msgs/msg/rosidl_typesupport_fastrtps_c__visibility_control.h
[16.508s] -- Symlinking: /home/anand/Igus/Igus_ROS2/install/irc_ros_msgs/include/irc_ros_msgs/irc_ros_msgs/srv/detail/can_module_command__rosidl_typesupport_fastrtps_c.h
[16.520s] -- Symlinking: /home/anand/Igus/Igus_ROS2/install/irc_ros_msgs/include/irc_ros_msgs/irc_ros_msgs/srv/detail/dio_command__rosidl_typesupport_fastrtps_c.h
[16.532s] -- Symlinking: /home/anand/Igus/Igus_ROS2/install/irc_ros_msgs/include/irc_ros_msgs/irc_ros_msgs/srv/detail/gripper_command__rosidl_typesupport_fastrtps_c.h
[16.543s] -- Symlinking: /home/anand/Igus/Igus_ROS2/install/irc_ros_msgs/include/irc_ros_msgs/irc_ros_msgs/msg/can_module_command.hpp
[16.556s] -- Symlinking: /home/anand/Igus/Igus_ROS2/install/irc_ros_msgs/include/irc_ros_msgs/irc_ros_msgs/msg/can_module_state.hpp
[16.569s] -- Symlinking: /home/anand/Igus/Igus_ROS2/install/irc_ros_msgs/include/irc_ros_msgs/irc_ros_msgs/msg/can_module_states.hpp
[16.581s] -- Symlinking: /home/anand/Igus/Igus_ROS2/install/irc_ros_msgs/include/irc_ros_msgs/irc_ros_msgs/msg/detail/can_module_command__builder.hpp
[16.591s] -- Symlinking: /home/anand/Igus/Igus_ROS2/install/irc_ros_msgs/include/irc_ros_msgs/irc_ros_msgs/msg/detail/can_module_command__struct.hpp
[16.602s] -- Symlinking: /home/anand/Igus/Igus_ROS2/install/irc_ros_msgs/include/irc_ros_msgs/irc_ros_msgs/msg/detail/can_module_command__traits.hpp
[16.614s] -- Symlinking: /home/anand/Igus/Igus_ROS2/install/irc_ros_msgs/include/irc_ros_msgs/irc_ros_msgs/msg/detail/can_module_command__type_support.hpp
[16.627s] -- Symlinking: /home/anand/Igus/Igus_ROS2/install/irc_ros_msgs/include/irc_ros_msgs/irc_ros_msgs/msg/detail/can_module_state__builder.hpp
[16.639s] -- Symlinking: /home/anand/Igus/Igus_ROS2/install/irc_ros_msgs/include/irc_ros_msgs/irc_ros_msgs/msg/detail/can_module_state__struct.hpp
[16.652s] -- Symlinking: /home/anand/Igus/Igus_ROS2/install/irc_ros_msgs/include/irc_ros_msgs/irc_ros_msgs/msg/detail/can_module_state__traits.hpp
[16.664s] -- Symlinking: /home/anand/Igus/Igus_ROS2/install/irc_ros_msgs/include/irc_ros_msgs/irc_ros_msgs/msg/detail/can_module_state__type_support.hpp
[16.677s] -- Symlinking: /home/anand/Igus/Igus_ROS2/install/irc_ros_msgs/include/irc_ros_msgs/irc_ros_msgs/msg/detail/can_module_states__builder.hpp
[16.690s] -- Symlinking: /home/anand/Igus/Igus_ROS2/install/irc_ros_msgs/include/irc_ros_msgs/irc_ros_msgs/msg/detail/can_module_states__struct.hpp
[16.702s] -- Symlinking: /home/anand/Igus/Igus_ROS2/install/irc_ros_msgs/include/irc_ros_msgs/irc_ros_msgs/msg/detail/can_module_states__traits.hpp
[16.713s] -- Symlinking: /home/anand/Igus/Igus_ROS2/install/irc_ros_msgs/include/irc_ros_msgs/irc_ros_msgs/msg/detail/can_module_states__type_support.hpp
[16.725s] -- Symlinking: /home/anand/Igus/Igus_ROS2/install/irc_ros_msgs/include/irc_ros_msgs/irc_ros_msgs/msg/detail/dio_command__builder.hpp
[16.738s] -- Symlinking: /home/anand/Igus/Igus_ROS2/install/irc_ros_msgs/include/irc_ros_msgs/irc_ros_msgs/msg/detail/dio_command__struct.hpp
[16.751s] -- Symlinking: /home/anand/Igus/Igus_ROS2/install/irc_ros_msgs/include/irc_ros_msgs/irc_ros_msgs/msg/detail/dio_command__traits.hpp
[16.761s] -- Symlinking: /home/anand/Igus/Igus_ROS2/install/irc_ros_msgs/include/irc_ros_msgs/irc_ros_msgs/msg/detail/dio_command__type_support.hpp
[16.771s] -- Symlinking: /home/anand/Igus/Igus_ROS2/install/irc_ros_msgs/include/irc_ros_msgs/irc_ros_msgs/msg/detail/dio_state__builder.hpp
[16.784s] -- Symlinking: /home/anand/Igus/Igus_ROS2/install/irc_ros_msgs/include/irc_ros_msgs/irc_ros_msgs/msg/detail/dio_state__struct.hpp
[16.796s] -- Symlinking: /home/anand/Igus/Igus_ROS2/install/irc_ros_msgs/include/irc_ros_msgs/irc_ros_msgs/msg/detail/dio_state__traits.hpp
[16.805s] -- Symlinking: /home/anand/Igus/Igus_ROS2/install/irc_ros_msgs/include/irc_ros_msgs/irc_ros_msgs/msg/detail/dio_state__type_support.hpp
[16.816s] -- Symlinking: /home/anand/Igus/Igus_ROS2/install/irc_ros_msgs/include/irc_ros_msgs/irc_ros_msgs/msg/detail/dio_states__builder.hpp
[16.826s] -- Symlinking: /home/anand/Igus/Igus_ROS2/install/irc_ros_msgs/include/irc_ros_msgs/irc_ros_msgs/msg/detail/dio_states__struct.hpp
[16.836s] -- Symlinking: /home/anand/Igus/Igus_ROS2/install/irc_ros_msgs/include/irc_ros_msgs/irc_ros_msgs/msg/detail/dio_states__traits.hpp
[16.848s] -- Symlinking: /home/anand/Igus/Igus_ROS2/install/irc_ros_msgs/include/irc_ros_msgs/irc_ros_msgs/msg/detail/dio_states__type_support.hpp
[16.859s] -- Symlinking: /home/anand/Igus/Igus_ROS2/install/irc_ros_msgs/include/irc_ros_msgs/irc_ros_msgs/msg/detail/gripper_command__builder.hpp
[16.868s] -- Symlinking: /home/anand/Igus/Igus_ROS2/install/irc_ros_msgs/include/irc_ros_msgs/irc_ros_msgs/msg/detail/gripper_command__struct.hpp
[16.879s] -- Symlinking: /home/anand/Igus/Igus_ROS2/install/irc_ros_msgs/include/irc_ros_msgs/irc_ros_msgs/msg/detail/gripper_command__traits.hpp
[16.890s] -- Symlinking: /home/anand/Igus/Igus_ROS2/install/irc_ros_msgs/include/irc_ros_msgs/irc_ros_msgs/msg/detail/gripper_command__type_support.hpp
[16.901s] -- Symlinking: /home/anand/Igus/Igus_ROS2/install/irc_ros_msgs/include/irc_ros_msgs/irc_ros_msgs/msg/detail/gripper_state__builder.hpp
[16.911s] -- Symlinking: /home/anand/Igus/Igus_ROS2/install/irc_ros_msgs/include/irc_ros_msgs/irc_ros_msgs/msg/detail/gripper_state__struct.hpp
[16.921s] -- Symlinking: /home/anand/Igus/Igus_ROS2/install/irc_ros_msgs/include/irc_ros_msgs/irc_ros_msgs/msg/detail/gripper_state__traits.hpp
[16.932s] -- Symlinking: /home/anand/Igus/Igus_ROS2/install/irc_ros_msgs/include/irc_ros_msgs/irc_ros_msgs/msg/detail/gripper_state__type_support.hpp
[16.943s] -- Symlinking: /home/anand/Igus/Igus_ROS2/install/irc_ros_msgs/include/irc_ros_msgs/irc_ros_msgs/msg/dio_command.hpp
[16.956s] -- Symlinking: /home/anand/Igus/Igus_ROS2/install/irc_ros_msgs/include/irc_ros_msgs/irc_ros_msgs/msg/dio_state.hpp
[16.967s] -- Symlinking: /home/anand/Igus/Igus_ROS2/install/irc_ros_msgs/include/irc_ros_msgs/irc_ros_msgs/msg/dio_states.hpp
[16.977s] -- Symlinking: /home/anand/Igus/Igus_ROS2/install/irc_ros_msgs/include/irc_ros_msgs/irc_ros_msgs/msg/gripper_command.hpp
[16.989s] -- Symlinking: /home/anand/Igus/Igus_ROS2/install/irc_ros_msgs/include/irc_ros_msgs/irc_ros_msgs/msg/gripper_state.hpp
[17.001s] -- Symlinking: /home/anand/Igus/Igus_ROS2/install/irc_ros_msgs/include/irc_ros_msgs/irc_ros_msgs/msg/rosidl_generator_cpp__visibility_control.hpp
[17.011s] -- Symlinking: /home/anand/Igus/Igus_ROS2/install/irc_ros_msgs/include/irc_ros_msgs/irc_ros_msgs/srv/can_module_command.hpp
[17.021s] -- Symlinking: /home/anand/Igus/Igus_ROS2/install/irc_ros_msgs/include/irc_ros_msgs/irc_ros_msgs/srv/detail/can_module_command__builder.hpp
[17.032s] -- Symlinking: /home/anand/Igus/Igus_ROS2/install/irc_ros_msgs/include/irc_ros_msgs/irc_ros_msgs/srv/detail/can_module_command__struct.hpp
[17.042s] -- Symlinking: /home/anand/Igus/Igus_ROS2/install/irc_ros_msgs/include/irc_ros_msgs/irc_ros_msgs/srv/detail/can_module_command__traits.hpp
[17.054s] -- Symlinking: /home/anand/Igus/Igus_ROS2/install/irc_ros_msgs/include/irc_ros_msgs/irc_ros_msgs/srv/detail/can_module_command__type_support.hpp
[17.066s] -- Symlinking: /home/anand/Igus/Igus_ROS2/install/irc_ros_msgs/include/irc_ros_msgs/irc_ros_msgs/srv/detail/dio_command__builder.hpp
[17.076s] -- Symlinking: /home/anand/Igus/Igus_ROS2/install/irc_ros_msgs/include/irc_ros_msgs/irc_ros_msgs/srv/detail/dio_command__struct.hpp
[17.086s] -- Symlinking: /home/anand/Igus/Igus_ROS2/install/irc_ros_msgs/include/irc_ros_msgs/irc_ros_msgs/srv/detail/dio_command__traits.hpp
[17.096s] -- Symlinking: /home/anand/Igus/Igus_ROS2/install/irc_ros_msgs/include/irc_ros_msgs/irc_ros_msgs/srv/detail/dio_command__type_support.hpp
[17.108s] -- Symlinking: /home/anand/Igus/Igus_ROS2/install/irc_ros_msgs/include/irc_ros_msgs/irc_ros_msgs/srv/detail/gripper_command__builder.hpp
[17.117s] -- Symlinking: /home/anand/Igus/Igus_ROS2/install/irc_ros_msgs/include/irc_ros_msgs/irc_ros_msgs/srv/detail/gripper_command__struct.hpp
[17.128s] -- Symlinking: /home/anand/Igus/Igus_ROS2/install/irc_ros_msgs/include/irc_ros_msgs/irc_ros_msgs/srv/detail/gripper_command__traits.hpp
[17.139s] -- Symlinking: /home/anand/Igus/Igus_ROS2/install/irc_ros_msgs/include/irc_ros_msgs/irc_ros_msgs/srv/detail/gripper_command__type_support.hpp
[17.150s] -- Symlinking: /home/anand/Igus/Igus_ROS2/install/irc_ros_msgs/include/irc_ros_msgs/irc_ros_msgs/srv/dio_command.hpp
[17.163s] -- Symlinking: /home/anand/Igus/Igus_ROS2/install/irc_ros_msgs/include/irc_ros_msgs/irc_ros_msgs/srv/gripper_command.hpp
[17.174s] -- Symlinking: /home/anand/Igus/Igus_ROS2/install/irc_ros_msgs/include/irc_ros_msgs/irc_ros_msgs/msg/detail/can_module_command__rosidl_typesupport_fastrtps_cpp.hpp
[17.184s] -- Symlinking: /home/anand/Igus/Igus_ROS2/install/irc_ros_msgs/include/irc_ros_msgs/irc_ros_msgs/msg/detail/can_module_state__rosidl_typesupport_fastrtps_cpp.hpp
[17.196s] -- Symlinking: /home/anand/Igus/Igus_ROS2/install/irc_ros_msgs/include/irc_ros_msgs/irc_ros_msgs/msg/detail/can_module_states__rosidl_typesupport_fastrtps_cpp.hpp
[17.205s] -- Symlinking: /home/anand/Igus/Igus_ROS2/install/irc_ros_msgs/include/irc_ros_msgs/irc_ros_msgs/msg/detail/dio_command__rosidl_typesupport_fastrtps_cpp.hpp
[17.216s] -- Symlinking: /home/anand/Igus/Igus_ROS2/install/irc_ros_msgs/include/irc_ros_msgs/irc_ros_msgs/msg/detail/dio_state__rosidl_typesupport_fastrtps_cpp.hpp
[17.228s] -- Symlinking: /home/anand/Igus/Igus_ROS2/install/irc_ros_msgs/include/irc_ros_msgs/irc_ros_msgs/msg/detail/dio_states__rosidl_typesupport_fastrtps_cpp.hpp
[17.239s] -- Symlinking: /home/anand/Igus/Igus_ROS2/install/irc_ros_msgs/include/irc_ros_msgs/irc_ros_msgs/msg/detail/gripper_command__rosidl_typesupport_fastrtps_cpp.hpp
[17.251s] -- Symlinking: /home/anand/Igus/Igus_ROS2/install/irc_ros_msgs/include/irc_ros_msgs/irc_ros_msgs/msg/detail/gripper_state__rosidl_typesupport_fastrtps_cpp.hpp
[17.262s] -- Symlinking: /home/anand/Igus/Igus_ROS2/install/irc_ros_msgs/include/irc_ros_msgs/irc_ros_msgs/msg/rosidl_typesupport_fastrtps_cpp__visibility_control.h
[17.271s] -- Symlinking: /home/anand/Igus/Igus_ROS2/install/irc_ros_msgs/include/irc_ros_msgs/irc_ros_msgs/srv/detail/can_module_command__rosidl_typesupport_fastrtps_cpp.hpp
[17.281s] -- Symlinking: /home/anand/Igus/Igus_ROS2/install/irc_ros_msgs/include/irc_ros_msgs/irc_ros_msgs/srv/detail/dio_command__rosidl_typesupport_fastrtps_cpp.hpp
[17.290s] -- Symlinking: /home/anand/Igus/Igus_ROS2/install/irc_ros_msgs/include/irc_ros_msgs/irc_ros_msgs/srv/detail/gripper_command__rosidl_typesupport_fastrtps_cpp.hpp
[17.302s] -- Symlinking: /home/anand/Igus/Igus_ROS2/install/irc_ros_msgs/include/irc_ros_msgs/irc_ros_msgs/msg/detail/can_module_command__rosidl_typesupport_introspection_c.h
[17.313s] -- Symlinking: /home/anand/Igus/Igus_ROS2/install/irc_ros_msgs/include/irc_ros_msgs/irc_ros_msgs/msg/detail/can_module_state__rosidl_typesupport_introspection_c.h
[17.322s] -- Symlinking: /home/anand/Igus/Igus_ROS2/install/irc_ros_msgs/include/irc_ros_msgs/irc_ros_msgs/msg/detail/can_module_states__rosidl_typesupport_introspection_c.h
[17.334s] -- Symlinking: /home/anand/Igus/Igus_ROS2/install/irc_ros_msgs/include/irc_ros_msgs/irc_ros_msgs/msg/detail/dio_command__rosidl_typesupport_introspection_c.h
[17.342s] -- Symlinking: /home/anand/Igus/Igus_ROS2/install/irc_ros_msgs/include/irc_ros_msgs/irc_ros_msgs/msg/detail/dio_state__rosidl_typesupport_introspection_c.h
[17.353s] -- Symlinking: /home/anand/Igus/Igus_ROS2/install/irc_ros_msgs/include/irc_ros_msgs/irc_ros_msgs/msg/detail/dio_states__rosidl_typesupport_introspection_c.h
[17.364s] -- Symlinking: /home/anand/Igus/Igus_ROS2/install/irc_ros_msgs/include/irc_ros_msgs/irc_ros_msgs/msg/detail/gripper_command__rosidl_typesupport_introspection_c.h
[17.374s] -- Symlinking: /home/anand/Igus/Igus_ROS2/install/irc_ros_msgs/include/irc_ros_msgs/irc_ros_msgs/msg/detail/gripper_state__rosidl_typesupport_introspection_c.h
[17.383s] -- Symlinking: /home/anand/Igus/Igus_ROS2/install/irc_ros_msgs/include/irc_ros_msgs/irc_ros_msgs/msg/rosidl_typesupport_introspection_c__visibility_control.h
[17.393s] -- Symlinking: /home/anand/Igus/Igus_ROS2/install/irc_ros_msgs/include/irc_ros_msgs/irc_ros_msgs/srv/detail/can_module_command__rosidl_typesupport_introspection_c.h
[17.402s] -- Symlinking: /home/anand/Igus/Igus_ROS2/install/irc_ros_msgs/include/irc_ros_msgs/irc_ros_msgs/srv/detail/dio_command__rosidl_typesupport_introspection_c.h
[17.413s] -- Symlinking: /home/anand/Igus/Igus_ROS2/install/irc_ros_msgs/include/irc_ros_msgs/irc_ros_msgs/srv/detail/gripper_command__rosidl_typesupport_introspection_c.h
[17.425s] -- Symlinking: /home/anand/Igus/Igus_ROS2/install/irc_ros_msgs/include/irc_ros_msgs/irc_ros_msgs/msg/detail/can_module_command__rosidl_typesupport_introspection_cpp.hpp
[17.435s] -- Symlinking: /home/anand/Igus/Igus_ROS2/install/irc_ros_msgs/include/irc_ros_msgs/irc_ros_msgs/msg/detail/can_module_state__rosidl_typesupport_introspection_cpp.hpp
[17.446s] -- Symlinking: /home/anand/Igus/Igus_ROS2/install/irc_ros_msgs/include/irc_ros_msgs/irc_ros_msgs/msg/detail/can_module_states__rosidl_typesupport_introspection_cpp.hpp
[17.455s] -- Symlinking: /home/anand/Igus/Igus_ROS2/install/irc_ros_msgs/include/irc_ros_msgs/irc_ros_msgs/msg/detail/dio_command__rosidl_typesupport_introspection_cpp.hpp
[17.465s] -- Symlinking: /home/anand/Igus/Igus_ROS2/install/irc_ros_msgs/include/irc_ros_msgs/irc_ros_msgs/msg/detail/dio_state__rosidl_typesupport_introspection_cpp.hpp
[17.474s] -- Symlinking: /home/anand/Igus/Igus_ROS2/install/irc_ros_msgs/include/irc_ros_msgs/irc_ros_msgs/msg/detail/dio_states__rosidl_typesupport_introspection_cpp.hpp
[17.484s] -- Symlinking: /home/anand/Igus/Igus_ROS2/install/irc_ros_msgs/include/irc_ros_msgs/irc_ros_msgs/msg/detail/gripper_command__rosidl_typesupport_introspection_cpp.hpp
[17.494s] -- Symlinking: /home/anand/Igus/Igus_ROS2/install/irc_ros_msgs/include/irc_ros_msgs/irc_ros_msgs/msg/detail/gripper_state__rosidl_typesupport_introspection_cpp.hpp
[17.505s] -- Symlinking: /home/anand/Igus/Igus_ROS2/install/irc_ros_msgs/include/irc_ros_msgs/irc_ros_msgs/srv/detail/can_module_command__rosidl_typesupport_introspection_cpp.hpp
[17.515s] -- Symlinking: /home/anand/Igus/Igus_ROS2/install/irc_ros_msgs/include/irc_ros_msgs/irc_ros_msgs/srv/detail/dio_command__rosidl_typesupport_introspection_cpp.hpp
[17.524s] -- Symlinking: /home/anand/Igus/Igus_ROS2/install/irc_ros_msgs/include/irc_ros_msgs/irc_ros_msgs/srv/detail/gripper_command__rosidl_typesupport_introspection_cpp.hpp
[17.534s] -- Symlinking: /home/anand/Igus/Igus_ROS2/install/irc_ros_msgs/share/irc_ros_msgs/environment/pythonpath.sh
[17.546s] -- Symlinking: /home/anand/Igus/Igus_ROS2/install/irc_ros_msgs/share/irc_ros_msgs/environment/pythonpath.dsv
[17.558s] -- Symlinking: /home/anand/Igus/Igus_ROS2/install/irc_ros_msgs/local/lib/python3.10/dist-packages/irc_ros_msgs-0.0.0-py3.10.egg-info/PKG-INFO
[17.568s] -- Symlinking: /home/anand/Igus/Igus_ROS2/install/irc_ros_msgs/local/lib/python3.10/dist-packages/irc_ros_msgs-0.0.0-py3.10.egg-info/SOURCES.txt
[17.578s] -- Symlinking: /home/anand/Igus/Igus_ROS2/install/irc_ros_msgs/local/lib/python3.10/dist-packages/irc_ros_msgs-0.0.0-py3.10.egg-info/dependency_links.txt
[17.589s] -- Symlinking: /home/anand/Igus/Igus_ROS2/install/irc_ros_msgs/local/lib/python3.10/dist-packages/irc_ros_msgs-0.0.0-py3.10.egg-info/top_level.txt
[17.600s] -- Symlinking: /home/anand/Igus/Igus_ROS2/install/irc_ros_msgs/local/lib/python3.10/dist-packages/irc_ros_msgs/__init__.py
[17.609s] -- Symlinking: /home/anand/Igus/Igus_ROS2/install/irc_ros_msgs/local/lib/python3.10/dist-packages/irc_ros_msgs/_irc_ros_msgs_s.ep.rosidl_typesupport_c.c
[17.621s] -- Symlinking: /home/anand/Igus/Igus_ROS2/install/irc_ros_msgs/local/lib/python3.10/dist-packages/irc_ros_msgs/_irc_ros_msgs_s.ep.rosidl_typesupport_fastrtps_c.c
[17.631s] -- Symlinking: /home/anand/Igus/Igus_ROS2/install/irc_ros_msgs/local/lib/python3.10/dist-packages/irc_ros_msgs/_irc_ros_msgs_s.ep.rosidl_typesupport_introspection_c.c
[17.642s] -- Symlinking: /home/anand/Igus/Igus_ROS2/install/irc_ros_msgs/local/lib/python3.10/dist-packages/irc_ros_msgs/irc_ros_msgs_s__rosidl_typesupport_c.cpython-310-x86_64-linux-gnu.so
[17.653s] -- Symlinking: /home/anand/Igus/Igus_ROS2/install/irc_ros_msgs/local/lib/python3.10/dist-packages/irc_ros_msgs/irc_ros_msgs_s__rosidl_typesupport_fastrtps_c.cpython-310-x86_64-linux-gnu.so
[17.665s] -- Symlinking: /home/anand/Igus/Igus_ROS2/install/irc_ros_msgs/local/lib/python3.10/dist-packages/irc_ros_msgs/irc_ros_msgs_s__rosidl_typesupport_introspection_c.cpython-310-x86_64-linux-gnu.so
[17.675s] -- Symlinking: /home/anand/Igus/Igus_ROS2/install/irc_ros_msgs/local/lib/python3.10/dist-packages/irc_ros_msgs/libirc_ros_msgs__rosidl_generator_py.so
[17.685s] -- Symlinking: /home/anand/Igus/Igus_ROS2/install/irc_ros_msgs/local/lib/python3.10/dist-packages/irc_ros_msgs/msg/__init__.py
[17.697s] -- Symlinking: /home/anand/Igus/Igus_ROS2/install/irc_ros_msgs/local/lib/python3.10/dist-packages/irc_ros_msgs/msg/_can_module_command.py
[17.707s] -- Symlinking: /home/anand/Igus/Igus_ROS2/install/irc_ros_msgs/local/lib/python3.10/dist-packages/irc_ros_msgs/msg/_can_module_command_s.c
[17.717s] -- Symlinking: /home/anand/Igus/Igus_ROS2/install/irc_ros_msgs/local/lib/python3.10/dist-packages/irc_ros_msgs/msg/_can_module_state.py
[17.728s] -- Symlinking: /home/anand/Igus/Igus_ROS2/install/irc_ros_msgs/local/lib/python3.10/dist-packages/irc_ros_msgs/msg/_can_module_state_s.c
[17.739s] -- Symlinking: /home/anand/Igus/Igus_ROS2/install/irc_ros_msgs/local/lib/python3.10/dist-packages/irc_ros_msgs/msg/_can_module_states.py
[17.749s] -- Symlinking: /home/anand/Igus/Igus_ROS2/install/irc_ros_msgs/local/lib/python3.10/dist-packages/irc_ros_msgs/msg/_can_module_states_s.c
[17.761s] -- Symlinking: /home/anand/Igus/Igus_ROS2/install/irc_ros_msgs/local/lib/python3.10/dist-packages/irc_ros_msgs/msg/_dio_command.py
[17.770s] -- Symlinking: /home/anand/Igus/Igus_ROS2/install/irc_ros_msgs/local/lib/python3.10/dist-packages/irc_ros_msgs/msg/_dio_command_s.c
[17.781s] -- Symlinking: /home/anand/Igus/Igus_ROS2/install/irc_ros_msgs/local/lib/python3.10/dist-packages/irc_ros_msgs/msg/_dio_state.py
[17.791s] -- Symlinking: /home/anand/Igus/Igus_ROS2/install/irc_ros_msgs/local/lib/python3.10/dist-packages/irc_ros_msgs/msg/_dio_state_s.c
[17.802s] -- Symlinking: /home/anand/Igus/Igus_ROS2/install/irc_ros_msgs/local/lib/python3.10/dist-packages/irc_ros_msgs/msg/_dio_states.py
[17.813s] -- Symlinking: /home/anand/Igus/Igus_ROS2/install/irc_ros_msgs/local/lib/python3.10/dist-packages/irc_ros_msgs/msg/_dio_states_s.c
[17.822s] -- Symlinking: /home/anand/Igus/Igus_ROS2/install/irc_ros_msgs/local/lib/python3.10/dist-packages/irc_ros_msgs/msg/_gripper_command.py
[17.833s] -- Symlinking: /home/anand/Igus/Igus_ROS2/install/irc_ros_msgs/local/lib/python3.10/dist-packages/irc_ros_msgs/msg/_gripper_command_s.c
[17.844s] -- Symlinking: /home/anand/Igus/Igus_ROS2/install/irc_ros_msgs/local/lib/python3.10/dist-packages/irc_ros_msgs/msg/_gripper_state.py
[17.854s] -- Symlinking: /home/anand/Igus/Igus_ROS2/install/irc_ros_msgs/local/lib/python3.10/dist-packages/irc_ros_msgs/msg/_gripper_state_s.c
[17.866s] -- Symlinking: /home/anand/Igus/Igus_ROS2/install/irc_ros_msgs/local/lib/python3.10/dist-packages/irc_ros_msgs/srv/__init__.py
[17.875s] -- Symlinking: /home/anand/Igus/Igus_ROS2/install/irc_ros_msgs/local/lib/python3.10/dist-packages/irc_ros_msgs/srv/_can_module_command.py
[17.885s] -- Symlinking: /home/anand/Igus/Igus_ROS2/install/irc_ros_msgs/local/lib/python3.10/dist-packages/irc_ros_msgs/srv/_can_module_command_s.c
[17.896s] -- Symlinking: /home/anand/Igus/Igus_ROS2/install/irc_ros_msgs/local/lib/python3.10/dist-packages/irc_ros_msgs/srv/_dio_command.py
[17.905s] -- Symlinking: /home/anand/Igus/Igus_ROS2/install/irc_ros_msgs/local/lib/python3.10/dist-packages/irc_ros_msgs/srv/_dio_command_s.c
[17.916s] -- Symlinking: /home/anand/Igus/Igus_ROS2/install/irc_ros_msgs/local/lib/python3.10/dist-packages/irc_ros_msgs/srv/_gripper_command.py
[17.928s] -- Symlinking: /home/anand/Igus/Igus_ROS2/install/irc_ros_msgs/local/lib/python3.10/dist-packages/irc_ros_msgs/srv/_gripper_command_s.c
[17.938s] -- Up-to-date symlink: /home/anand/Igus/Igus_ROS2/install/irc_ros_msgs/local/lib/python3.10/dist-packages/irc_ros_msgs/irc_ros_msgs_s__rosidl_typesupport_fastrtps_c.cpython-310-x86_64-linux-gnu.so
[17.938s] -- Up-to-date symlink: /home/anand/Igus/Igus_ROS2/install/irc_ros_msgs/local/lib/python3.10/dist-packages/irc_ros_msgs/irc_ros_msgs_s__rosidl_typesupport_introspection_c.cpython-310-x86_64-linux-gnu.so
[17.938s] -- Up-to-date symlink: /home/anand/Igus/Igus_ROS2/install/irc_ros_msgs/local/lib/python3.10/dist-packages/irc_ros_msgs/irc_ros_msgs_s__rosidl_typesupport_c.cpython-310-x86_64-linux-gnu.so
[17.939s] -- Symlinking: /home/anand/Igus/Igus_ROS2/install/irc_ros_msgs/share/irc_ros_msgs/msg/CanModuleCommand.idl
[17.950s] -- Symlinking: /home/anand/Igus/Igus_ROS2/install/irc_ros_msgs/share/irc_ros_msgs/msg/CanModuleState.idl
[17.961s] -- Symlinking: /home/anand/Igus/Igus_ROS2/install/irc_ros_msgs/share/irc_ros_msgs/msg/CanModuleStates.idl
[17.972s] -- Symlinking: /home/anand/Igus/Igus_ROS2/install/irc_ros_msgs/share/irc_ros_msgs/msg/DioCommand.idl
[17.983s] -- Symlinking: /home/anand/Igus/Igus_ROS2/install/irc_ros_msgs/share/irc_ros_msgs/msg/DioState.idl
[17.995s] -- Symlinking: /home/anand/Igus/Igus_ROS2/install/irc_ros_msgs/share/irc_ros_msgs/msg/DioStates.idl
[18.003s] -- Symlinking: /home/anand/Igus/Igus_ROS2/install/irc_ros_msgs/share/irc_ros_msgs/msg/GripperCommand.idl
[18.014s] -- Symlinking: /home/anand/Igus/Igus_ROS2/install/irc_ros_msgs/share/irc_ros_msgs/msg/GripperState.idl
[18.025s] -- Symlinking: /home/anand/Igus/Igus_ROS2/install/irc_ros_msgs/share/irc_ros_msgs/srv/CanModuleCommand.idl
[18.035s] -- Symlinking: /home/anand/Igus/Igus_ROS2/install/irc_ros_msgs/share/irc_ros_msgs/srv/DioCommand.idl
[18.047s] -- Symlinking: /home/anand/Igus/Igus_ROS2/install/irc_ros_msgs/share/irc_ros_msgs/srv/GripperCommand.idl
[18.059s] -- Symlinking: /home/anand/Igus/Igus_ROS2/install/irc_ros_msgs/share/irc_ros_msgs/msg/CanModuleCommand.msg
[18.070s] -- Symlinking: /home/anand/Igus/Igus_ROS2/install/irc_ros_msgs/share/irc_ros_msgs/msg/CanModuleState.msg
[18.081s] -- Symlinking: /home/anand/Igus/Igus_ROS2/install/irc_ros_msgs/share/irc_ros_msgs/msg/CanModuleStates.msg
[18.090s] -- Symlinking: /home/anand/Igus/Igus_ROS2/install/irc_ros_msgs/share/irc_ros_msgs/msg/DioCommand.msg
[18.102s] -- Symlinking: /home/anand/Igus/Igus_ROS2/install/irc_ros_msgs/share/irc_ros_msgs/msg/DioState.msg
[18.113s] -- Symlinking: /home/anand/Igus/Igus_ROS2/install/irc_ros_msgs/share/irc_ros_msgs/msg/DioStates.msg
[18.124s] -- Symlinking: /home/anand/Igus/Igus_ROS2/install/irc_ros_msgs/share/irc_ros_msgs/msg/GripperCommand.msg
[18.135s] -- Symlinking: /home/anand/Igus/Igus_ROS2/install/irc_ros_msgs/share/irc_ros_msgs/msg/GripperState.msg
[18.146s] -- Symlinking: /home/anand/Igus/Igus_ROS2/install/irc_ros_msgs/share/irc_ros_msgs/srv/CanModuleCommand.srv
[18.158s] -- Symlinking: /home/anand/Igus/Igus_ROS2/install/irc_ros_msgs/share/irc_ros_msgs/srv/CanModuleCommand_Request.msg
[18.168s] -- Symlinking: /home/anand/Igus/Igus_ROS2/install/irc_ros_msgs/share/irc_ros_msgs/srv/CanModuleCommand_Response.msg
[18.179s] -- Symlinking: /home/anand/Igus/Igus_ROS2/install/irc_ros_msgs/share/irc_ros_msgs/srv/DioCommand.srv
[18.191s] -- Symlinking: /home/anand/Igus/Igus_ROS2/install/irc_ros_msgs/share/irc_ros_msgs/srv/DioCommand_Request.msg
[18.203s] -- Symlinking: /home/anand/Igus/Igus_ROS2/install/irc_ros_msgs/share/irc_ros_msgs/srv/DioCommand_Response.msg
[18.214s] -- Symlinking: /home/anand/Igus/Igus_ROS2/install/irc_ros_msgs/share/irc_ros_msgs/srv/GripperCommand.srv
[18.225s] -- Symlinking: /home/anand/Igus/Igus_ROS2/install/irc_ros_msgs/share/irc_ros_msgs/srv/GripperCommand_Request.msg
[18.235s] -- Symlinking: /home/anand/Igus/Igus_ROS2/install/irc_ros_msgs/share/irc_ros_msgs/srv/GripperCommand_Response.msg
[18.245s] -- Symlinking: /home/anand/Igus/Igus_ROS2/install/irc_ros_msgs/share/ament_index/resource_index/package_run_dependencies/irc_ros_msgs
[18.256s] -- Symlinking: /home/anand/Igus/Igus_ROS2/install/irc_ros_msgs/share/ament_index/resource_index/parent_prefix_path/irc_ros_msgs
[18.267s] -- Symlinking: /home/anand/Igus/Igus_ROS2/install/irc_ros_msgs/share/irc_ros_msgs/environment/ament_prefix_path.sh
[18.276s] -- Symlinking: /home/anand/Igus/Igus_ROS2/install/irc_ros_msgs/share/irc_ros_msgs/environment/ament_prefix_path.dsv
[18.288s] -- Symlinking: /home/anand/Igus/Igus_ROS2/install/irc_ros_msgs/share/irc_ros_msgs/environment/path.sh
[18.300s] -- Symlinking: /home/anand/Igus/Igus_ROS2/install/irc_ros_msgs/share/irc_ros_msgs/environment/path.dsv
[18.311s] -- Symlinking: /home/anand/Igus/Igus_ROS2/install/irc_ros_msgs/share/irc_ros_msgs/local_setup.bash
[18.323s] -- Symlinking: /home/anand/Igus/Igus_ROS2/install/irc_ros_msgs/share/irc_ros_msgs/local_setup.sh
[18.334s] -- Symlinking: /home/anand/Igus/Igus_ROS2/install/irc_ros_msgs/share/irc_ros_msgs/local_setup.zsh
[18.345s] -- Symlinking: /home/anand/Igus/Igus_ROS2/install/irc_ros_msgs/share/irc_ros_msgs/local_setup.dsv
[18.356s] -- Symlinking: /home/anand/Igus/Igus_ROS2/install/irc_ros_msgs/share/irc_ros_msgs/package.dsv
[18.366s] -- Symlinking: /home/anand/Igus/Igus_ROS2/install/irc_ros_msgs/share/ament_index/resource_index/packages/irc_ros_msgs
[18.376s] -- Symlinking: /home/anand/Igus/Igus_ROS2/install/irc_ros_msgs/share/irc_ros_msgs/cmake/rosidl_cmake-extras.cmake
[18.385s] -- Symlinking: /home/anand/Igus/Igus_ROS2/install/irc_ros_msgs/share/irc_ros_msgs/cmake/ament_cmake_export_dependencies-extras.cmake
[18.395s] -- Symlinking: /home/anand/Igus/Igus_ROS2/install/irc_ros_msgs/share/irc_ros_msgs/cmake/ament_cmake_export_include_directories-extras.cmake
[18.405s] -- Symlinking: /home/anand/Igus/Igus_ROS2/install/irc_ros_msgs/share/irc_ros_msgs/cmake/ament_cmake_export_libraries-extras.cmake
[18.416s] -- Symlinking: /home/anand/Igus/Igus_ROS2/install/irc_ros_msgs/share/irc_ros_msgs/cmake/ament_cmake_export_targets-extras.cmake
[18.428s] -- Symlinking: /home/anand/Igus/Igus_ROS2/install/irc_ros_msgs/share/irc_ros_msgs/cmake/rosidl_cmake_export_typesupport_targets-extras.cmake
[18.439s] -- Symlinking: /home/anand/Igus/Igus_ROS2/install/irc_ros_msgs/share/irc_ros_msgs/cmake/rosidl_cmake_export_typesupport_libraries-extras.cmake
[18.450s] -- Symlinking: /home/anand/Igus/Igus_ROS2/install/irc_ros_msgs/share/irc_ros_msgs/cmake/irc_ros_msgsConfig.cmake
[18.461s] -- Symlinking: /home/anand/Igus/Igus_ROS2/install/irc_ros_msgs/share/irc_ros_msgs/cmake/irc_ros_msgsConfig-version.cmake
[18.471s] -- Symlinking: /home/anand/Igus/Igus_ROS2/install/irc_ros_msgs/share/irc_ros_msgs/package.xml
[18.482s] -- Installing: /home/anand/Igus/Igus_ROS2/install/irc_ros_msgs/lib/libirc_ros_msgs__rosidl_generator_c.so
[18.482s] -- Set runtime path of "/home/anand/Igus/Igus_ROS2/install/irc_ros_msgs/lib/libirc_ros_msgs__rosidl_generator_c.so" to ""
[18.483s] -- Installing: /home/anand/Igus/Igus_ROS2/install/irc_ros_msgs/lib/libirc_ros_msgs__rosidl_typesupport_fastrtps_c.so
[18.483s] -- Set runtime path of "/home/anand/Igus/Igus_ROS2/install/irc_ros_msgs/lib/libirc_ros_msgs__rosidl_typesupport_fastrtps_c.so" to ""
[18.483s] -- Installing: /home/anand/Igus/Igus_ROS2/install/irc_ros_msgs/lib/libirc_ros_msgs__rosidl_typesupport_fastrtps_cpp.so
[18.484s] -- Set runtime path of "/home/anand/Igus/Igus_ROS2/install/irc_ros_msgs/lib/libirc_ros_msgs__rosidl_typesupport_fastrtps_cpp.so" to ""
[18.484s] -- Installing: /home/anand/Igus/Igus_ROS2/install/irc_ros_msgs/lib/libirc_ros_msgs__rosidl_typesupport_introspection_c.so
[18.484s] -- Set runtime path of "/home/anand/Igus/Igus_ROS2/install/irc_ros_msgs/lib/libirc_ros_msgs__rosidl_typesupport_introspection_c.so" to ""
[18.484s] -- Installing: /home/anand/Igus/Igus_ROS2/install/irc_ros_msgs/lib/libirc_ros_msgs__rosidl_typesupport_c.so
[18.484s] -- Set runtime path of "/home/anand/Igus/Igus_ROS2/install/irc_ros_msgs/lib/libirc_ros_msgs__rosidl_typesupport_c.so" to ""
[18.484s] -- Installing: /home/anand/Igus/Igus_ROS2/install/irc_ros_msgs/lib/libirc_ros_msgs__rosidl_typesupport_introspection_cpp.so
[18.485s] -- Set runtime path of "/home/anand/Igus/Igus_ROS2/install/irc_ros_msgs/lib/libirc_ros_msgs__rosidl_typesupport_introspection_cpp.so" to ""
[18.485s] -- Installing: /home/anand/Igus/Igus_ROS2/install/irc_ros_msgs/lib/libirc_ros_msgs__rosidl_typesupport_cpp.so
[18.485s] -- Set runtime path of "/home/anand/Igus/Igus_ROS2/install/irc_ros_msgs/lib/libirc_ros_msgs__rosidl_typesupport_cpp.so" to ""
[18.555s] Listing '/home/anand/Igus/Igus_ROS2/install/irc_ros_msgs/local/lib/python3.10/dist-packages/irc_ros_msgs'...
[18.555s] Compiling '/home/anand/Igus/Igus_ROS2/install/irc_ros_msgs/local/lib/python3.10/dist-packages/irc_ros_msgs/__init__.py'...
[18.555s] Listing '/home/anand/Igus/Igus_ROS2/install/irc_ros_msgs/local/lib/python3.10/dist-packages/irc_ros_msgs/msg'...
[18.555s] Compiling '/home/anand/Igus/Igus_ROS2/install/irc_ros_msgs/local/lib/python3.10/dist-packages/irc_ros_msgs/msg/__init__.py'...
[18.555s] Compiling '/home/anand/Igus/Igus_ROS2/install/irc_ros_msgs/local/lib/python3.10/dist-packages/irc_ros_msgs/msg/_can_module_command.py'...
[18.556s] Compiling '/home/anand/Igus/Igus_ROS2/install/irc_ros_msgs/local/lib/python3.10/dist-packages/irc_ros_msgs/msg/_can_module_state.py'...
[18.556s] Compiling '/home/anand/Igus/Igus_ROS2/install/irc_ros_msgs/local/lib/python3.10/dist-packages/irc_ros_msgs/msg/_can_module_states.py'...
[18.556s] Compiling '/home/anand/Igus/Igus_ROS2/install/irc_ros_msgs/local/lib/python3.10/dist-packages/irc_ros_msgs/msg/_dio_command.py'...
[18.556s] Compiling '/home/anand/Igus/Igus_ROS2/install/irc_ros_msgs/local/lib/python3.10/dist-packages/irc_ros_msgs/msg/_dio_state.py'...
[18.556s] Compiling '/home/anand/Igus/Igus_ROS2/install/irc_ros_msgs/local/lib/python3.10/dist-packages/irc_ros_msgs/msg/_dio_states.py'...
[18.556s] Compiling '/home/anand/Igus/Igus_ROS2/install/irc_ros_msgs/local/lib/python3.10/dist-packages/irc_ros_msgs/msg/_gripper_command.py'...
[18.556s] Compiling '/home/anand/Igus/Igus_ROS2/install/irc_ros_msgs/local/lib/python3.10/dist-packages/irc_ros_msgs/msg/_gripper_state.py'...
[18.556s] Listing '/home/anand/Igus/Igus_ROS2/install/irc_ros_msgs/local/lib/python3.10/dist-packages/irc_ros_msgs/srv'...
[18.556s] Compiling '/home/anand/Igus/Igus_ROS2/install/irc_ros_msgs/local/lib/python3.10/dist-packages/irc_ros_msgs/srv/__init__.py'...
[18.557s] Compiling '/home/anand/Igus/Igus_ROS2/install/irc_ros_msgs/local/lib/python3.10/dist-packages/irc_ros_msgs/srv/_can_module_command.py'...
[18.557s] Compiling '/home/anand/Igus/Igus_ROS2/install/irc_ros_msgs/local/lib/python3.10/dist-packages/irc_ros_msgs/srv/_dio_command.py'...
[18.557s] Compiling '/home/anand/Igus/Igus_ROS2/install/irc_ros_msgs/local/lib/python3.10/dist-packages/irc_ros_msgs/srv/_gripper_command.py'...
[18.562s] -- Installing: /home/anand/Igus/Igus_ROS2/install/irc_ros_msgs/lib/libirc_ros_msgs__rosidl_generator_py.so
[18.563s] -- Set runtime path of "/home/anand/Igus/Igus_ROS2/install/irc_ros_msgs/lib/libirc_ros_msgs__rosidl_generator_py.so" to ""
[18.563s] -- Installing: /home/anand/Igus/Igus_ROS2/install/irc_ros_msgs/share/irc_ros_msgs/cmake/export_irc_ros_msgs__rosidl_generator_cExport.cmake
[18.564s] -- Installing: /home/anand/Igus/Igus_ROS2/install/irc_ros_msgs/share/irc_ros_msgs/cmake/export_irc_ros_msgs__rosidl_generator_cExport-noconfig.cmake
[18.564s] -- Installing: /home/anand/Igus/Igus_ROS2/install/irc_ros_msgs/share/irc_ros_msgs/cmake/export_irc_ros_msgs__rosidl_typesupport_fastrtps_cExport.cmake
[18.564s] -- Installing: /home/anand/Igus/Igus_ROS2/install/irc_ros_msgs/share/irc_ros_msgs/cmake/export_irc_ros_msgs__rosidl_typesupport_fastrtps_cExport-noconfig.cmake
[18.564s] -- Installing: /home/anand/Igus/Igus_ROS2/install/irc_ros_msgs/share/irc_ros_msgs/cmake/export_irc_ros_msgs__rosidl_generator_cppExport.cmake
[18.564s] -- Installing: /home/anand/Igus/Igus_ROS2/install/irc_ros_msgs/share/irc_ros_msgs/cmake/export_irc_ros_msgs__rosidl_typesupport_fastrtps_cppExport.cmake
[18.564s] -- Installing: /home/anand/Igus/Igus_ROS2/install/irc_ros_msgs/share/irc_ros_msgs/cmake/export_irc_ros_msgs__rosidl_typesupport_fastrtps_cppExport-noconfig.cmake
[18.564s] -- Installing: /home/anand/Igus/Igus_ROS2/install/irc_ros_msgs/share/irc_ros_msgs/cmake/irc_ros_msgs__rosidl_typesupport_introspection_cExport.cmake
[18.565s] -- Installing: /home/anand/Igus/Igus_ROS2/install/irc_ros_msgs/share/irc_ros_msgs/cmake/irc_ros_msgs__rosidl_typesupport_introspection_cExport-noconfig.cmake
[18.565s] -- Installing: /home/anand/Igus/Igus_ROS2/install/irc_ros_msgs/share/irc_ros_msgs/cmake/irc_ros_msgs__rosidl_typesupport_cExport.cmake
[18.565s] -- Installing: /home/anand/Igus/Igus_ROS2/install/irc_ros_msgs/share/irc_ros_msgs/cmake/irc_ros_msgs__rosidl_typesupport_cExport-noconfig.cmake
[18.565s] -- Installing: /home/anand/Igus/Igus_ROS2/install/irc_ros_msgs/share/irc_ros_msgs/cmake/irc_ros_msgs__rosidl_typesupport_introspection_cppExport.cmake
[18.565s] -- Installing: /home/anand/Igus/Igus_ROS2/install/irc_ros_msgs/share/irc_ros_msgs/cmake/irc_ros_msgs__rosidl_typesupport_introspection_cppExport-noconfig.cmake
[18.565s] -- Installing: /home/anand/Igus/Igus_ROS2/install/irc_ros_msgs/share/irc_ros_msgs/cmake/irc_ros_msgs__rosidl_typesupport_cppExport.cmake
[18.565s] -- Installing: /home/anand/Igus/Igus_ROS2/install/irc_ros_msgs/share/irc_ros_msgs/cmake/irc_ros_msgs__rosidl_typesupport_cppExport-noconfig.cmake
[18.565s] -- Installing: /home/anand/Igus/Igus_ROS2/install/irc_ros_msgs/share/irc_ros_msgs/cmake/export_irc_ros_msgs__rosidl_generator_pyExport.cmake
[18.565s] -- Installing: /home/anand/Igus/Igus_ROS2/install/irc_ros_msgs/share/irc_ros_msgs/cmake/export_irc_ros_msgs__rosidl_generator_pyExport-noconfig.cmake
[18.568s] Invoked command in '/home/anand/Igus/Igus_ROS2/build/irc_ros_msgs' returned '0': CMAKE_PREFIX_PATH=${CMAKE_PREFIX_PATH}:/home/anand/Igus/Igus_ROS2/install/testtube_sorting:/home/anand/Igus/Igus_ROS2/install/irc_ros_dashboard:/opt/ros/humble /usr/bin/cmake --install /home/anand/Igus/Igus_ROS2/build/irc_ros_msgs
