[0.014s] Invoking command in '/home/anand/Igus/Igus_ROS2/build/irc_ros_moveit_config': CMAKE_PREFIX_PATH=/home/anand/Igus/Igus_ROS2/install/irc_ros_description:/home/anand/Igus/Igus_ROS2/install/irc_ros_navigation2:/home/anand/Igus/Igus_ROS2/install/irc_ros_controllers:/home/anand/Igus/Igus_ROS2/install/irc_ros_bringup:/home/anand/Igus/Igus_ROS2/install/irc_ros_hardware:/home/anand/Igus/Igus_ROS2/install/irc_ros_examples:/home/anand/Igus/Igus_ROS2/install/irc_ros_msgs:/home/anand/Igus/Igus_ROS2/install/irc_ros_moveit_config:/home/anand/rover_ws/install/rover_description:/home/anand/rebel_ws/install/myrobot_moveit_config:/home/anand/rebel_ws/install/igus_rebel_description:/home/anand/Igus/Igus_ROS2/install/testtube_sorting:/home/anand/Igus/Igus_ROS2/install/irc_ros_dashboard:/opt/ros/humble /usr/bin/cmake /home/anand/Igus/Igus_ROS2/src/irc_ros_moveit_config -DAMENT_CMAKE_SYMLINK_INSTALL=1 -DCMAKE_INSTALL_PREFIX=/home/anand/Igus/Igus_ROS2/install/irc_ros_moveit_config
[0.083s] -- The C compiler identification is GNU 11.4.0
[0.152s] -- The CXX compiler identification is GNU 11.4.0
[0.161s] -- Detecting C compiler ABI info
[0.248s] -- Detecting C compiler ABI info - done
[0.260s] -- Check for working C compiler: /usr/bin/cc - skipped
[0.260s] -- Detecting C compile features
[0.261s] -- Detecting C compile features - done
[0.266s] -- Detecting CXX compiler ABI info
[0.368s] -- Detecting CXX compiler ABI info - done
[0.379s] -- Check for working CXX compiler: /usr/bin/c++ - skipped
[0.379s] -- Detecting CXX compile features
[0.379s] -- Detecting CXX compile features - done
[0.383s] -- Found ament_cmake: 1.3.12 (/opt/ros/humble/share/ament_cmake/cmake)
[0.924s] -- Found Python3: /usr/bin/python3 (found version "3.10.12") found components: Interpreter 
[1.014s] -- Override CMake install command with custom implementation using symlinks instead of copying resources
[1.146s] -- Configuring done
[1.149s] -- Generating done
[1.151s] -- Build files have been written to: /home/anand/Igus/Igus_ROS2/build/irc_ros_moveit_config
[1.160s] Invoked command in '/home/anand/Igus/Igus_ROS2/build/irc_ros_moveit_config' returned '0': CMAKE_PREFIX_PATH=/home/anand/Igus/Igus_ROS2/install/irc_ros_description:/home/anand/Igus/Igus_ROS2/install/irc_ros_navigation2:/home/anand/Igus/Igus_ROS2/install/irc_ros_controllers:/home/anand/Igus/Igus_ROS2/install/irc_ros_bringup:/home/anand/Igus/Igus_ROS2/install/irc_ros_hardware:/home/anand/Igus/Igus_ROS2/install/irc_ros_examples:/home/anand/Igus/Igus_ROS2/install/irc_ros_msgs:/home/anand/Igus/Igus_ROS2/install/irc_ros_moveit_config:/home/anand/rover_ws/install/rover_description:/home/anand/rebel_ws/install/myrobot_moveit_config:/home/anand/rebel_ws/install/igus_rebel_description:/home/anand/Igus/Igus_ROS2/install/testtube_sorting:/home/anand/Igus/Igus_ROS2/install/irc_ros_dashboard:/opt/ros/humble /usr/bin/cmake /home/anand/Igus/Igus_ROS2/src/irc_ros_moveit_config -DAMENT_CMAKE_SYMLINK_INSTALL=1 -DCMAKE_INSTALL_PREFIX=/home/anand/Igus/Igus_ROS2/install/irc_ros_moveit_config
[1.162s] Invoking command in '/home/anand/Igus/Igus_ROS2/build/irc_ros_moveit_config': CMAKE_PREFIX_PATH=/home/anand/Igus/Igus_ROS2/install/irc_ros_description:/home/anand/Igus/Igus_ROS2/install/irc_ros_navigation2:/home/anand/Igus/Igus_ROS2/install/irc_ros_controllers:/home/anand/Igus/Igus_ROS2/install/irc_ros_bringup:/home/anand/Igus/Igus_ROS2/install/irc_ros_hardware:/home/anand/Igus/Igus_ROS2/install/irc_ros_examples:/home/anand/Igus/Igus_ROS2/install/irc_ros_msgs:/home/anand/Igus/Igus_ROS2/install/irc_ros_moveit_config:/home/anand/rover_ws/install/rover_description:/home/anand/rebel_ws/install/myrobot_moveit_config:/home/anand/rebel_ws/install/igus_rebel_description:/home/anand/Igus/Igus_ROS2/install/testtube_sorting:/home/anand/Igus/Igus_ROS2/install/irc_ros_dashboard:/opt/ros/humble /usr/bin/cmake --build /home/anand/Igus/Igus_ROS2/build/irc_ros_moveit_config -- -j16 -l16
[1.216s] Invoked command in '/home/anand/Igus/Igus_ROS2/build/irc_ros_moveit_config' returned '0': CMAKE_PREFIX_PATH=/home/anand/Igus/Igus_ROS2/install/irc_ros_description:/home/anand/Igus/Igus_ROS2/install/irc_ros_navigation2:/home/anand/Igus/Igus_ROS2/install/irc_ros_controllers:/home/anand/Igus/Igus_ROS2/install/irc_ros_bringup:/home/anand/Igus/Igus_ROS2/install/irc_ros_hardware:/home/anand/Igus/Igus_ROS2/install/irc_ros_examples:/home/anand/Igus/Igus_ROS2/install/irc_ros_msgs:/home/anand/Igus/Igus_ROS2/install/irc_ros_moveit_config:/home/anand/rover_ws/install/rover_description:/home/anand/rebel_ws/install/myrobot_moveit_config:/home/anand/rebel_ws/install/igus_rebel_description:/home/anand/Igus/Igus_ROS2/install/testtube_sorting:/home/anand/Igus/Igus_ROS2/install/irc_ros_dashboard:/opt/ros/humble /usr/bin/cmake --build /home/anand/Igus/Igus_ROS2/build/irc_ros_moveit_config -- -j16 -l16
[1.218s] Invoking command in '/home/anand/Igus/Igus_ROS2/build/irc_ros_moveit_config': CMAKE_PREFIX_PATH=/home/anand/Igus/Igus_ROS2/install/irc_ros_description:/home/anand/Igus/Igus_ROS2/install/irc_ros_navigation2:/home/anand/Igus/Igus_ROS2/install/irc_ros_controllers:/home/anand/Igus/Igus_ROS2/install/irc_ros_bringup:/home/anand/Igus/Igus_ROS2/install/irc_ros_hardware:/home/anand/Igus/Igus_ROS2/install/irc_ros_examples:/home/anand/Igus/Igus_ROS2/install/irc_ros_msgs:/home/anand/Igus/Igus_ROS2/install/irc_ros_moveit_config:/home/anand/rover_ws/install/rover_description:/home/anand/rebel_ws/install/myrobot_moveit_config:/home/anand/rebel_ws/install/igus_rebel_description:/home/anand/Igus/Igus_ROS2/install/testtube_sorting:/home/anand/Igus/Igus_ROS2/install/irc_ros_dashboard:/opt/ros/humble /usr/bin/cmake --install /home/anand/Igus/Igus_ROS2/build/irc_ros_moveit_config
[1.227s] -- Install configuration: ""
[1.228s] -- Execute custom install script
[1.228s] -- Symlinking: /home/anand/Igus/Igus_ROS2/install/irc_ros_moveit_config/share/ament_index/resource_index/package_run_dependencies/irc_ros_moveit_config
[1.242s] -- Symlinking: /home/anand/Igus/Igus_ROS2/install/irc_ros_moveit_config/share/ament_index/resource_index/parent_prefix_path/irc_ros_moveit_config
[1.252s] -- Symlinking: /home/anand/Igus/Igus_ROS2/install/irc_ros_moveit_config/share/irc_ros_moveit_config/environment/ament_prefix_path.sh
[1.266s] -- Symlinking: /home/anand/Igus/Igus_ROS2/install/irc_ros_moveit_config/share/irc_ros_moveit_config/environment/ament_prefix_path.dsv
[1.279s] -- Symlinking: /home/anand/Igus/Igus_ROS2/install/irc_ros_moveit_config/share/irc_ros_moveit_config/environment/path.sh
[1.290s] -- Symlinking: /home/anand/Igus/Igus_ROS2/install/irc_ros_moveit_config/share/irc_ros_moveit_config/environment/path.dsv
[1.303s] -- Symlinking: /home/anand/Igus/Igus_ROS2/install/irc_ros_moveit_config/share/irc_ros_moveit_config/local_setup.bash
[1.315s] -- Symlinking: /home/anand/Igus/Igus_ROS2/install/irc_ros_moveit_config/share/irc_ros_moveit_config/local_setup.sh
[1.330s] -- Symlinking: /home/anand/Igus/Igus_ROS2/install/irc_ros_moveit_config/share/irc_ros_moveit_config/local_setup.zsh
[1.344s] -- Symlinking: /home/anand/Igus/Igus_ROS2/install/irc_ros_moveit_config/share/irc_ros_moveit_config/local_setup.dsv
[1.354s] -- Symlinking: /home/anand/Igus/Igus_ROS2/install/irc_ros_moveit_config/share/irc_ros_moveit_config/package.dsv
[1.368s] -- Symlinking: /home/anand/Igus/Igus_ROS2/install/irc_ros_moveit_config/share/ament_index/resource_index/packages/irc_ros_moveit_config
[1.381s] -- Symlinking: /home/anand/Igus/Igus_ROS2/install/irc_ros_moveit_config/share/irc_ros_moveit_config/cmake/irc_ros_moveit_configConfig.cmake
[1.394s] -- Symlinking: /home/anand/Igus/Igus_ROS2/install/irc_ros_moveit_config/share/irc_ros_moveit_config/cmake/irc_ros_moveit_configConfig-version.cmake
[1.407s] -- Symlinking: /home/anand/Igus/Igus_ROS2/install/irc_ros_moveit_config/share/irc_ros_moveit_config/package.xml
[1.419s] -- Symlinking: /home/anand/Igus/Igus_ROS2/install/irc_ros_moveit_config/share/irc_ros_moveit_config/launch/rebel.launch.py
[1.433s] -- Symlinking: /home/anand/Igus/Igus_ROS2/install/irc_ros_moveit_config/share/irc_ros_moveit_config/config/controllers.yaml
[1.447s] -- Symlinking: /home/anand/Igus/Igus_ROS2/install/irc_ros_moveit_config/share/irc_ros_moveit_config/config/igus_rebel_6dof.srdf.xacro
[1.460s] -- Symlinking: /home/anand/Igus/Igus_ROS2/install/irc_ros_moveit_config/share/irc_ros_moveit_config/config/initial_positions.yaml
[1.474s] -- Symlinking: /home/anand/Igus/Igus_ROS2/install/irc_ros_moveit_config/share/irc_ros_moveit_config/config/joint_limits.yaml
[1.485s] -- Symlinking: /home/anand/Igus/Igus_ROS2/install/irc_ros_moveit_config/share/irc_ros_moveit_config/config/kinematics.yaml
[1.497s] -- Symlinking: /home/anand/Igus/Igus_ROS2/install/irc_ros_moveit_config/share/irc_ros_moveit_config/config/moveit_controllers.yaml
[1.508s] -- Symlinking: /home/anand/Igus/Igus_ROS2/install/irc_ros_moveit_config/share/irc_ros_moveit_config/config/moveit_py.yaml
[1.519s] -- Symlinking: /home/anand/Igus/Igus_ROS2/install/irc_ros_moveit_config/share/irc_ros_moveit_config/config/ompl.yaml
[1.532s] -- Symlinking: /home/anand/Igus/Igus_ROS2/install/irc_ros_moveit_config/share/irc_ros_moveit_config/config/pilz_cartesian_limits.yaml
[1.545s] -- Symlinking: /home/anand/Igus/Igus_ROS2/install/irc_ros_moveit_config/share/irc_ros_moveit_config/config/ros2_controllers.yaml
[1.559s] -- Symlinking: /home/anand/Igus/Igus_ROS2/install/irc_ros_moveit_config/share/irc_ros_moveit_config/rviz/moveit.rviz
[1.575s] Invoked command in '/home/anand/Igus/Igus_ROS2/build/irc_ros_moveit_config' returned '0': CMAKE_PREFIX_PATH=/home/anand/Igus/Igus_ROS2/install/irc_ros_description:/home/anand/Igus/Igus_ROS2/install/irc_ros_navigation2:/home/anand/Igus/Igus_ROS2/install/irc_ros_controllers:/home/anand/Igus/Igus_ROS2/install/irc_ros_bringup:/home/anand/Igus/Igus_ROS2/install/irc_ros_hardware:/home/anand/Igus/Igus_ROS2/install/irc_ros_examples:/home/anand/Igus/Igus_ROS2/install/irc_ros_msgs:/home/anand/Igus/Igus_ROS2/install/irc_ros_moveit_config:/home/anand/rover_ws/install/rover_description:/home/anand/rebel_ws/install/myrobot_moveit_config:/home/anand/rebel_ws/install/igus_rebel_description:/home/anand/Igus/Igus_ROS2/install/testtube_sorting:/home/anand/Igus/Igus_ROS2/install/irc_ros_dashboard:/opt/ros/humble /usr/bin/cmake --install /home/anand/Igus/Igus_ROS2/build/irc_ros_moveit_config
