[0.022s] Invoking command in '/home/anand/Igus/Igus_ROS2/build/irc_ros_bringup': CMAKE_PREFIX_PATH=/home/anand/Igus/Igus_ROS2/install/irc_ros_hardware:/home/anand/Igus/Igus_ROS2/install/irc_ros_msgs:/home/anand/Igus/Igus_ROS2/install/irc_ros_description:/home/anand/Igus/Igus_ROS2/install/irc_ros_navigation2:/home/anand/Igus/Igus_ROS2/install/irc_ros_controllers:/home/anand/Igus/Igus_ROS2/install/irc_ros_bringup:/home/anand/Igus/Igus_ROS2/install/irc_ros_examples:/home/anand/Igus/Igus_ROS2/install/irc_ros_moveit_config:/home/anand/rover_ws/install/rover_description:/home/anand/rebel_ws/install/myrobot_moveit_config:/home/anand/rebel_ws/install/igus_rebel_description:/home/anand/Igus/Igus_ROS2/install/testtube_sorting:/home/anand/Igus/Igus_ROS2/install/irc_ros_dashboard:/opt/ros/humble LD_LIBRARY_PATH=/home/anand/Igus/Igus_ROS2/install/irc_ros_hardware/lib:/home/anand/Igus/Igus_ROS2/install/irc_ros_msgs/lib:/home/anand/Igus/Igus_ROS2/install/irc_ros_controllers/lib:/usr/lib/x86_64-linux-gnu/gazebo-11/plugins:/opt/ros/humble/opt/rviz_ogre_vendor/lib:/opt/ros/humble/lib/x86_64-linux-gnu:/opt/ros/humble/lib /usr/bin/cmake /home/anand/Igus/Igus_ROS2/src/irc_ros_bringup -DAMENT_CMAKE_SYMLINK_INSTALL=1 -DCMAKE_INSTALL_PREFIX=/home/anand/Igus/Igus_ROS2/install/irc_ros_bringup
[0.104s] -- The C compiler identification is GNU 11.4.0
[0.186s] -- The CXX compiler identification is GNU 11.4.0
[0.198s] -- Detecting C compiler ABI info
[0.299s] -- Detecting C compiler ABI info - done
[0.311s] -- Check for working C compiler: /usr/bin/cc - skipped
[0.312s] -- Detecting C compile features
[0.312s] -- Detecting C compile features - done
[0.316s] -- Detecting CXX compiler ABI info
[0.439s] -- Detecting CXX compiler ABI info - done
[0.453s] -- Check for working CXX compiler: /usr/bin/c++ - skipped
[0.453s] -- Detecting CXX compile features
[0.454s] -- Detecting CXX compile features - done
[0.458s] -- Found ament_cmake: 1.3.12 (/opt/ros/humble/share/ament_cmake/cmake)
[1.077s] -- Found Python3: /usr/bin/python3 (found version "3.10.12") found components: Interpreter 
[1.220s] -- Override CMake install command with custom implementation using symlinks instead of copying resources
[1.420s] -- Configuring done
[1.425s] -- Generating done
[1.427s] -- Build files have been written to: /home/anand/Igus/Igus_ROS2/build/irc_ros_bringup
[1.435s] Invoked command in '/home/anand/Igus/Igus_ROS2/build/irc_ros_bringup' returned '0': CMAKE_PREFIX_PATH=/home/anand/Igus/Igus_ROS2/install/irc_ros_hardware:/home/anand/Igus/Igus_ROS2/install/irc_ros_msgs:/home/anand/Igus/Igus_ROS2/install/irc_ros_description:/home/anand/Igus/Igus_ROS2/install/irc_ros_navigation2:/home/anand/Igus/Igus_ROS2/install/irc_ros_controllers:/home/anand/Igus/Igus_ROS2/install/irc_ros_bringup:/home/anand/Igus/Igus_ROS2/install/irc_ros_examples:/home/anand/Igus/Igus_ROS2/install/irc_ros_moveit_config:/home/anand/rover_ws/install/rover_description:/home/anand/rebel_ws/install/myrobot_moveit_config:/home/anand/rebel_ws/install/igus_rebel_description:/home/anand/Igus/Igus_ROS2/install/testtube_sorting:/home/anand/Igus/Igus_ROS2/install/irc_ros_dashboard:/opt/ros/humble LD_LIBRARY_PATH=/home/anand/Igus/Igus_ROS2/install/irc_ros_hardware/lib:/home/anand/Igus/Igus_ROS2/install/irc_ros_msgs/lib:/home/anand/Igus/Igus_ROS2/install/irc_ros_controllers/lib:/usr/lib/x86_64-linux-gnu/gazebo-11/plugins:/opt/ros/humble/opt/rviz_ogre_vendor/lib:/opt/ros/humble/lib/x86_64-linux-gnu:/opt/ros/humble/lib /usr/bin/cmake /home/anand/Igus/Igus_ROS2/src/irc_ros_bringup -DAMENT_CMAKE_SYMLINK_INSTALL=1 -DCMAKE_INSTALL_PREFIX=/home/anand/Igus/Igus_ROS2/install/irc_ros_bringup
[1.437s] Invoking command in '/home/anand/Igus/Igus_ROS2/build/irc_ros_bringup': CMAKE_PREFIX_PATH=/home/anand/Igus/Igus_ROS2/install/irc_ros_hardware:/home/anand/Igus/Igus_ROS2/install/irc_ros_msgs:/home/anand/Igus/Igus_ROS2/install/irc_ros_description:/home/anand/Igus/Igus_ROS2/install/irc_ros_navigation2:/home/anand/Igus/Igus_ROS2/install/irc_ros_controllers:/home/anand/Igus/Igus_ROS2/install/irc_ros_bringup:/home/anand/Igus/Igus_ROS2/install/irc_ros_examples:/home/anand/Igus/Igus_ROS2/install/irc_ros_moveit_config:/home/anand/rover_ws/install/rover_description:/home/anand/rebel_ws/install/myrobot_moveit_config:/home/anand/rebel_ws/install/igus_rebel_description:/home/anand/Igus/Igus_ROS2/install/testtube_sorting:/home/anand/Igus/Igus_ROS2/install/irc_ros_dashboard:/opt/ros/humble LD_LIBRARY_PATH=/home/anand/Igus/Igus_ROS2/install/irc_ros_hardware/lib:/home/anand/Igus/Igus_ROS2/install/irc_ros_msgs/lib:/home/anand/Igus/Igus_ROS2/install/irc_ros_controllers/lib:/usr/lib/x86_64-linux-gnu/gazebo-11/plugins:/opt/ros/humble/opt/rviz_ogre_vendor/lib:/opt/ros/humble/lib/x86_64-linux-gnu:/opt/ros/humble/lib /usr/bin/cmake --build /home/anand/Igus/Igus_ROS2/build/irc_ros_bringup -- -j16 -l16
[1.498s] Invoked command in '/home/anand/Igus/Igus_ROS2/build/irc_ros_bringup' returned '0': CMAKE_PREFIX_PATH=/home/anand/Igus/Igus_ROS2/install/irc_ros_hardware:/home/anand/Igus/Igus_ROS2/install/irc_ros_msgs:/home/anand/Igus/Igus_ROS2/install/irc_ros_description:/home/anand/Igus/Igus_ROS2/install/irc_ros_navigation2:/home/anand/Igus/Igus_ROS2/install/irc_ros_controllers:/home/anand/Igus/Igus_ROS2/install/irc_ros_bringup:/home/anand/Igus/Igus_ROS2/install/irc_ros_examples:/home/anand/Igus/Igus_ROS2/install/irc_ros_moveit_config:/home/anand/rover_ws/install/rover_description:/home/anand/rebel_ws/install/myrobot_moveit_config:/home/anand/rebel_ws/install/igus_rebel_description:/home/anand/Igus/Igus_ROS2/install/testtube_sorting:/home/anand/Igus/Igus_ROS2/install/irc_ros_dashboard:/opt/ros/humble LD_LIBRARY_PATH=/home/anand/Igus/Igus_ROS2/install/irc_ros_hardware/lib:/home/anand/Igus/Igus_ROS2/install/irc_ros_msgs/lib:/home/anand/Igus/Igus_ROS2/install/irc_ros_controllers/lib:/usr/lib/x86_64-linux-gnu/gazebo-11/plugins:/opt/ros/humble/opt/rviz_ogre_vendor/lib:/opt/ros/humble/lib/x86_64-linux-gnu:/opt/ros/humble/lib /usr/bin/cmake --build /home/anand/Igus/Igus_ROS2/build/irc_ros_bringup -- -j16 -l16
[1.501s] Invoking command in '/home/anand/Igus/Igus_ROS2/build/irc_ros_bringup': CMAKE_PREFIX_PATH=/home/anand/Igus/Igus_ROS2/install/irc_ros_hardware:/home/anand/Igus/Igus_ROS2/install/irc_ros_msgs:/home/anand/Igus/Igus_ROS2/install/irc_ros_description:/home/anand/Igus/Igus_ROS2/install/irc_ros_navigation2:/home/anand/Igus/Igus_ROS2/install/irc_ros_controllers:/home/anand/Igus/Igus_ROS2/install/irc_ros_bringup:/home/anand/Igus/Igus_ROS2/install/irc_ros_examples:/home/anand/Igus/Igus_ROS2/install/irc_ros_moveit_config:/home/anand/rover_ws/install/rover_description:/home/anand/rebel_ws/install/myrobot_moveit_config:/home/anand/rebel_ws/install/igus_rebel_description:/home/anand/Igus/Igus_ROS2/install/testtube_sorting:/home/anand/Igus/Igus_ROS2/install/irc_ros_dashboard:/opt/ros/humble LD_LIBRARY_PATH=/home/anand/Igus/Igus_ROS2/install/irc_ros_hardware/lib:/home/anand/Igus/Igus_ROS2/install/irc_ros_msgs/lib:/home/anand/Igus/Igus_ROS2/install/irc_ros_controllers/lib:/usr/lib/x86_64-linux-gnu/gazebo-11/plugins:/opt/ros/humble/opt/rviz_ogre_vendor/lib:/opt/ros/humble/lib/x86_64-linux-gnu:/opt/ros/humble/lib /usr/bin/cmake --install /home/anand/Igus/Igus_ROS2/build/irc_ros_bringup
[1.513s] -- Install configuration: ""
[1.514s] -- Execute custom install script
[1.515s] -- Symlinking: /home/anand/Igus/Igus_ROS2/install/irc_ros_bringup/share/irc_ros_bringup/config/controller_cpr_platform_medium.yaml
[1.528s] -- Symlinking: /home/anand/Igus/Igus_ROS2/install/irc_ros_bringup/share/irc_ros_bringup/config/controller_dio_module.yaml
[1.543s] -- Symlinking: /home/anand/Igus/Igus_ROS2/install/irc_ros_bringup/share/irc_ros_bringup/config/controller_igus_rebel_4dof.yaml
[1.556s] -- Symlinking: /home/anand/Igus/Igus_ROS2/install/irc_ros_bringup/share/irc_ros_bringup/config/controller_igus_rebel_6dof.yaml
[1.570s] -- Symlinking: /home/anand/Igus/Igus_ROS2/install/irc_ros_bringup/share/irc_ros_bringup/config/controller_igus_robolink_rl_dp_5.yaml
[1.583s] -- Symlinking: /home/anand/Igus/Igus_ROS2/install/irc_ros_bringup/share/irc_ros_bringup/launch/additional_controllers.launch.py
[1.595s] -- Symlinking: /home/anand/Igus/Igus_ROS2/install/irc_ros_bringup/share/irc_ros_bringup/launch/cpr_platform.launch.py
[1.610s] -- Symlinking: /home/anand/Igus/Igus_ROS2/install/irc_ros_bringup/share/irc_ros_bringup/launch/rebel.launch.py
[1.622s] -- Symlinking: /home/anand/Igus/Igus_ROS2/install/irc_ros_bringup/share/irc_ros_bringup/launch/rebel_on_platform.launch.py
[1.635s] -- Symlinking: /home/anand/Igus/Igus_ROS2/install/irc_ros_bringup/share/irc_ros_bringup/launch/robolink_rl_dp_5.launch.py
[1.651s] -- Symlinking: /home/anand/Igus/Igus_ROS2/install/irc_ros_bringup/share/irc_ros_bringup/launch/sick_s300_2.launch.py
[1.663s] -- Symlinking: /home/anand/Igus/Igus_ROS2/install/irc_ros_bringup/share/irc_ros_bringup/launch/sick_s300_2_two_scanners_merged.launch.py
[1.674s] -- Symlinking: /home/anand/Igus/Igus_ROS2/install/irc_ros_bringup/share/irc_ros_bringup/launch/two_rebels.launch.py
[1.691s] -- Symlinking: /home/anand/Igus/Igus_ROS2/install/irc_ros_bringup/share/irc_ros_bringup/params/sick_s300.yaml
[1.707s] -- Symlinking: /home/anand/Igus/Igus_ROS2/install/irc_ros_bringup/share/ament_index/resource_index/package_run_dependencies/irc_ros_bringup
[1.724s] -- Symlinking: /home/anand/Igus/Igus_ROS2/install/irc_ros_bringup/share/ament_index/resource_index/parent_prefix_path/irc_ros_bringup
[1.738s] -- Symlinking: /home/anand/Igus/Igus_ROS2/install/irc_ros_bringup/share/irc_ros_bringup/environment/ament_prefix_path.sh
[1.751s] -- Symlinking: /home/anand/Igus/Igus_ROS2/install/irc_ros_bringup/share/irc_ros_bringup/environment/ament_prefix_path.dsv
[1.766s] -- Symlinking: /home/anand/Igus/Igus_ROS2/install/irc_ros_bringup/share/irc_ros_bringup/environment/path.sh
[1.778s] -- Symlinking: /home/anand/Igus/Igus_ROS2/install/irc_ros_bringup/share/irc_ros_bringup/environment/path.dsv
[1.794s] -- Symlinking: /home/anand/Igus/Igus_ROS2/install/irc_ros_bringup/share/irc_ros_bringup/local_setup.bash
[1.809s] -- Symlinking: /home/anand/Igus/Igus_ROS2/install/irc_ros_bringup/share/irc_ros_bringup/local_setup.sh
[1.825s] -- Symlinking: /home/anand/Igus/Igus_ROS2/install/irc_ros_bringup/share/irc_ros_bringup/local_setup.zsh
[1.838s] -- Symlinking: /home/anand/Igus/Igus_ROS2/install/irc_ros_bringup/share/irc_ros_bringup/local_setup.dsv
[1.850s] -- Symlinking: /home/anand/Igus/Igus_ROS2/install/irc_ros_bringup/share/irc_ros_bringup/package.dsv
[1.865s] -- Symlinking: /home/anand/Igus/Igus_ROS2/install/irc_ros_bringup/share/ament_index/resource_index/packages/irc_ros_bringup
[1.876s] -- Symlinking: /home/anand/Igus/Igus_ROS2/install/irc_ros_bringup/share/irc_ros_bringup/cmake/irc_ros_bringupConfig.cmake
[1.890s] -- Symlinking: /home/anand/Igus/Igus_ROS2/install/irc_ros_bringup/share/irc_ros_bringup/cmake/irc_ros_bringupConfig-version.cmake
[1.907s] -- Symlinking: /home/anand/Igus/Igus_ROS2/install/irc_ros_bringup/share/irc_ros_bringup/package.xml
[1.927s] Invoked command in '/home/anand/Igus/Igus_ROS2/build/irc_ros_bringup' returned '0': CMAKE_PREFIX_PATH=/home/anand/Igus/Igus_ROS2/install/irc_ros_hardware:/home/anand/Igus/Igus_ROS2/install/irc_ros_msgs:/home/anand/Igus/Igus_ROS2/install/irc_ros_description:/home/anand/Igus/Igus_ROS2/install/irc_ros_navigation2:/home/anand/Igus/Igus_ROS2/install/irc_ros_controllers:/home/anand/Igus/Igus_ROS2/install/irc_ros_bringup:/home/anand/Igus/Igus_ROS2/install/irc_ros_examples:/home/anand/Igus/Igus_ROS2/install/irc_ros_moveit_config:/home/anand/rover_ws/install/rover_description:/home/anand/rebel_ws/install/myrobot_moveit_config:/home/anand/rebel_ws/install/igus_rebel_description:/home/anand/Igus/Igus_ROS2/install/testtube_sorting:/home/anand/Igus/Igus_ROS2/install/irc_ros_dashboard:/opt/ros/humble LD_LIBRARY_PATH=/home/anand/Igus/Igus_ROS2/install/irc_ros_hardware/lib:/home/anand/Igus/Igus_ROS2/install/irc_ros_msgs/lib:/home/anand/Igus/Igus_ROS2/install/irc_ros_controllers/lib:/usr/lib/x86_64-linux-gnu/gazebo-11/plugins:/opt/ros/humble/opt/rviz_ogre_vendor/lib:/opt/ros/humble/lib/x86_64-linux-gnu:/opt/ros/humble/lib /usr/bin/cmake --install /home/anand/Igus/Igus_ROS2/build/irc_ros_bringup
