[0.017s] Invoking command in '/home/anand/Igus/Igus_ROS2/build/irc_ros_controllers': CMAKE_PREFIX_PATH=/home/anand/Igus/Igus_ROS2/install/irc_ros_hardware:/home/anand/Igus/Igus_ROS2/install/irc_ros_msgs:/home/anand/Igus/Igus_ROS2/install/irc_ros_navigation2:/home/anand/Igus/Igus_ROS2/install/irc_ros_controllers:/home/anand/Igus/Igus_ROS2/install/irc_ros_bringup:/home/anand/Igus/Igus_ROS2/install/irc_ros_examples:/home/anand/Igus/Igus_ROS2/install/irc_ros_moveit_config:/home/anand/Igus/Igus_ROS2/install/irc_ros_description:/home/anand/rover_ws/install/rover_description:/home/anand/rebel_ws/install/myrobot_moveit_config:/home/anand/rebel_ws/install/igus_rebel_description:/home/anand/Igus/Igus_ROS2/install/testtube_sorting:/home/anand/Igus/Igus_ROS2/install/irc_ros_dashboard:/opt/ros/humble LD_LIBRARY_PATH=/home/anand/Igus/Igus_ROS2/install/irc_ros_hardware/lib:/home/anand/Igus/Igus_ROS2/install/irc_ros_msgs/lib:/home/anand/Igus/Igus_ROS2/install/irc_ros_controllers/lib:/usr/lib/x86_64-linux-gnu/gazebo-11/plugins:/opt/ros/humble/opt/rviz_ogre_vendor/lib:/opt/ros/humble/lib/x86_64-linux-gnu:/opt/ros/humble/lib /usr/bin/cmake --build /home/anand/Igus/Igus_ROS2/build/irc_ros_controllers -- -j16 -l16
[0.076s] [100%] Built target irc_ros_controllers
[0.087s] Invoked command in '/home/anand/Igus/Igus_ROS2/build/irc_ros_controllers' returned '0': CMAKE_PREFIX_PATH=/home/anand/Igus/Igus_ROS2/install/irc_ros_hardware:/home/anand/Igus/Igus_ROS2/install/irc_ros_msgs:/home/anand/Igus/Igus_ROS2/install/irc_ros_navigation2:/home/anand/Igus/Igus_ROS2/install/irc_ros_controllers:/home/anand/Igus/Igus_ROS2/install/irc_ros_bringup:/home/anand/Igus/Igus_ROS2/install/irc_ros_examples:/home/anand/Igus/Igus_ROS2/install/irc_ros_moveit_config:/home/anand/Igus/Igus_ROS2/install/irc_ros_description:/home/anand/rover_ws/install/rover_description:/home/anand/rebel_ws/install/myrobot_moveit_config:/home/anand/rebel_ws/install/igus_rebel_description:/home/anand/Igus/Igus_ROS2/install/testtube_sorting:/home/anand/Igus/Igus_ROS2/install/irc_ros_dashboard:/opt/ros/humble LD_LIBRARY_PATH=/home/anand/Igus/Igus_ROS2/install/irc_ros_hardware/lib:/home/anand/Igus/Igus_ROS2/install/irc_ros_msgs/lib:/home/anand/Igus/Igus_ROS2/install/irc_ros_controllers/lib:/usr/lib/x86_64-linux-gnu/gazebo-11/plugins:/opt/ros/humble/opt/rviz_ogre_vendor/lib:/opt/ros/humble/lib/x86_64-linux-gnu:/opt/ros/humble/lib /usr/bin/cmake --build /home/anand/Igus/Igus_ROS2/build/irc_ros_controllers -- -j16 -l16
[0.089s] Invoking command in '/home/anand/Igus/Igus_ROS2/build/irc_ros_controllers': CMAKE_PREFIX_PATH=/home/anand/Igus/Igus_ROS2/install/irc_ros_hardware:/home/anand/Igus/Igus_ROS2/install/irc_ros_msgs:/home/anand/Igus/Igus_ROS2/install/irc_ros_navigation2:/home/anand/Igus/Igus_ROS2/install/irc_ros_controllers:/home/anand/Igus/Igus_ROS2/install/irc_ros_bringup:/home/anand/Igus/Igus_ROS2/install/irc_ros_examples:/home/anand/Igus/Igus_ROS2/install/irc_ros_moveit_config:/home/anand/Igus/Igus_ROS2/install/irc_ros_description:/home/anand/rover_ws/install/rover_description:/home/anand/rebel_ws/install/myrobot_moveit_config:/home/anand/rebel_ws/install/igus_rebel_description:/home/anand/Igus/Igus_ROS2/install/testtube_sorting:/home/anand/Igus/Igus_ROS2/install/irc_ros_dashboard:/opt/ros/humble LD_LIBRARY_PATH=/home/anand/Igus/Igus_ROS2/install/irc_ros_hardware/lib:/home/anand/Igus/Igus_ROS2/install/irc_ros_msgs/lib:/home/anand/Igus/Igus_ROS2/install/irc_ros_controllers/lib:/usr/lib/x86_64-linux-gnu/gazebo-11/plugins:/opt/ros/humble/opt/rviz_ogre_vendor/lib:/opt/ros/humble/lib/x86_64-linux-gnu:/opt/ros/humble/lib /usr/bin/cmake --install /home/anand/Igus/Igus_ROS2/build/irc_ros_controllers
[0.096s] -- Install configuration: ""
[0.096s] -- Execute custom install script
[0.096s] -- Up-to-date symlink: /home/anand/Igus/Igus_ROS2/install/irc_ros_controllers/share/irc_ros_controllers//dashboard_controller.xml
[0.096s] -- Up-to-date symlink: /home/anand/Igus/Igus_ROS2/install/irc_ros_controllers/share/irc_ros_controllers//dio_controller.xml
[0.096s] -- Up-to-date symlink: /home/anand/Igus/Igus_ROS2/install/irc_ros_controllers/share/irc_ros_controllers//schmalz_ecbpmi_controller.xml
[0.096s] -- Up-to-date symlink: /home/anand/Igus/Igus_ROS2/install/irc_ros_controllers/include/irc_ros_controllers/dashboard_controller.hpp
[0.097s] -- Up-to-date symlink: /home/anand/Igus/Igus_ROS2/install/irc_ros_controllers/include/irc_ros_controllers/dashboard_semantic_component_interface.hpp
[0.097s] -- Up-to-date symlink: /home/anand/Igus/Igus_ROS2/install/irc_ros_controllers/include/irc_ros_controllers/dio_controller.hpp
[0.097s] -- Up-to-date symlink: /home/anand/Igus/Igus_ROS2/install/irc_ros_controllers/include/irc_ros_controllers/schmalz_ecbpmi_controller.hpp
[0.097s] -- Up-to-date symlink: /home/anand/Igus/Igus_ROS2/install/irc_ros_controllers/lib/libirc_ros_controllers.so
[0.097s] -- Up-to-date symlink: /home/anand/Igus/Igus_ROS2/install/irc_ros_controllers/share/irc_ros_controllers/environment/library_path.sh
[0.097s] -- Up-to-date symlink: /home/anand/Igus/Igus_ROS2/install/irc_ros_controllers/share/irc_ros_controllers/environment/library_path.dsv
[0.097s] -- Up-to-date symlink: /home/anand/Igus/Igus_ROS2/install/irc_ros_controllers/share/ament_index/resource_index/package_run_dependencies/irc_ros_controllers
[0.097s] -- Up-to-date symlink: /home/anand/Igus/Igus_ROS2/install/irc_ros_controllers/share/ament_index/resource_index/parent_prefix_path/irc_ros_controllers
[0.097s] -- Up-to-date symlink: /home/anand/Igus/Igus_ROS2/install/irc_ros_controllers/share/irc_ros_controllers/environment/ament_prefix_path.sh
[0.098s] -- Up-to-date symlink: /home/anand/Igus/Igus_ROS2/install/irc_ros_controllers/share/irc_ros_controllers/environment/ament_prefix_path.dsv
[0.098s] -- Up-to-date symlink: /home/anand/Igus/Igus_ROS2/install/irc_ros_controllers/share/irc_ros_controllers/environment/path.sh
[0.098s] -- Up-to-date symlink: /home/anand/Igus/Igus_ROS2/install/irc_ros_controllers/share/irc_ros_controllers/environment/path.dsv
[0.098s] -- Up-to-date symlink: /home/anand/Igus/Igus_ROS2/install/irc_ros_controllers/share/irc_ros_controllers/local_setup.bash
[0.098s] -- Up-to-date symlink: /home/anand/Igus/Igus_ROS2/install/irc_ros_controllers/share/irc_ros_controllers/local_setup.sh
[0.098s] -- Up-to-date symlink: /home/anand/Igus/Igus_ROS2/install/irc_ros_controllers/share/irc_ros_controllers/local_setup.zsh
[0.098s] -- Up-to-date symlink: /home/anand/Igus/Igus_ROS2/install/irc_ros_controllers/share/irc_ros_controllers/local_setup.dsv
[0.098s] -- Symlinking: /home/anand/Igus/Igus_ROS2/install/irc_ros_controllers/share/irc_ros_controllers/package.dsv
[0.107s] -- Up-to-date symlink: /home/anand/Igus/Igus_ROS2/install/irc_ros_controllers/share/ament_index/resource_index/packages/irc_ros_controllers
[0.108s] -- Up-to-date symlink: /home/anand/Igus/Igus_ROS2/install/irc_ros_controllers/share/ament_index/resource_index/controller_interface__pluginlib__plugin/irc_ros_controllers
[0.108s] -- Up-to-date symlink: /home/anand/Igus/Igus_ROS2/install/irc_ros_controllers/share/irc_ros_controllers/cmake/ament_cmake_export_dependencies-extras.cmake
[0.108s] -- Up-to-date symlink: /home/anand/Igus/Igus_ROS2/install/irc_ros_controllers/share/irc_ros_controllers/cmake/ament_cmake_export_include_directories-extras.cmake
[0.108s] -- Up-to-date symlink: /home/anand/Igus/Igus_ROS2/install/irc_ros_controllers/share/irc_ros_controllers/cmake/ament_cmake_export_libraries-extras.cmake
[0.108s] -- Up-to-date symlink: /home/anand/Igus/Igus_ROS2/install/irc_ros_controllers/share/irc_ros_controllers/cmake/irc_ros_controllersConfig.cmake
[0.108s] -- Up-to-date symlink: /home/anand/Igus/Igus_ROS2/install/irc_ros_controllers/share/irc_ros_controllers/cmake/irc_ros_controllersConfig-version.cmake
[0.108s] -- Up-to-date symlink: /home/anand/Igus/Igus_ROS2/install/irc_ros_controllers/share/irc_ros_controllers/package.xml
[0.110s] Invoked command in '/home/anand/Igus/Igus_ROS2/build/irc_ros_controllers' returned '0': CMAKE_PREFIX_PATH=/home/anand/Igus/Igus_ROS2/install/irc_ros_hardware:/home/anand/Igus/Igus_ROS2/install/irc_ros_msgs:/home/anand/Igus/Igus_ROS2/install/irc_ros_navigation2:/home/anand/Igus/Igus_ROS2/install/irc_ros_controllers:/home/anand/Igus/Igus_ROS2/install/irc_ros_bringup:/home/anand/Igus/Igus_ROS2/install/irc_ros_examples:/home/anand/Igus/Igus_ROS2/install/irc_ros_moveit_config:/home/anand/Igus/Igus_ROS2/install/irc_ros_description:/home/anand/rover_ws/install/rover_description:/home/anand/rebel_ws/install/myrobot_moveit_config:/home/anand/rebel_ws/install/igus_rebel_description:/home/anand/Igus/Igus_ROS2/install/testtube_sorting:/home/anand/Igus/Igus_ROS2/install/irc_ros_dashboard:/opt/ros/humble LD_LIBRARY_PATH=/home/anand/Igus/Igus_ROS2/install/irc_ros_hardware/lib:/home/anand/Igus/Igus_ROS2/install/irc_ros_msgs/lib:/home/anand/Igus/Igus_ROS2/install/irc_ros_controllers/lib:/usr/lib/x86_64-linux-gnu/gazebo-11/plugins:/opt/ros/humble/opt/rviz_ogre_vendor/lib:/opt/ros/humble/lib/x86_64-linux-gnu:/opt/ros/humble/lib /usr/bin/cmake --install /home/anand/Igus/Igus_ROS2/build/irc_ros_controllers
