[0.153s] DEBUG:colcon:Command line arguments: ['/usr/bin/colcon', 'list', '-p', '--base-paths', '/home/sanketnarale/rebel_ws/src/Igus_ROS2', '--log-base', '/dev/null']
[0.153s] DEBUG:colcon:Parsed command line arguments: Namespace(log_base=None, log_level=None, verb_name='list', build_base='build', ignore_user_meta=False, metas=['./colcon.meta'], base_paths=['/home/sanketnarale/rebel_ws/src/Igus_ROS2', '--log-base', '/dev/null'], packages_ignore=None, packages_ignore_regex=None, paths=None, packages_up_to=None, packages_up_to_regex=None, packages_above=None, packages_above_and_dependencies=None, packages_above_depth=None, packages_select_by_dep=None, packages_skip_by_dep=None, packages_skip_up_to=None, packages_select_build_failed=False, packages_skip_build_finished=False, packages_select_test_failures=False, packages_skip_test_passed=False, packages_select=None, packages_skip=None, packages_select_regex=None, packages_skip_regex=None, packages_start=None, packages_end=None, allow_overriding=[], topological_order=False, names_only=False, paths_only=True, topological_graph=False, topological_graph_dot=False, topological_graph_density=False, topological_graph_legend=False, topological_graph_dot_cluster=False, topological_graph_dot_include_skipped=False, verb_parser=<colcon_defaults.argument_parser.defaults.DefaultArgumentsDecorator object at 0x77cc70c6bc40>, verb_extension=<colcon_package_information.verb.list.ListVerb object at 0x77cc70da4eb0>, main=<bound method ListVerb.main of <colcon_package_information.verb.list.ListVerb object at 0x77cc70da4eb0>>)
[0.460s] Level 1:colcon.colcon_core.package_discovery:discover_packages(colcon_meta) check parameters
[0.460s] Level 1:colcon.colcon_core.package_discovery:discover_packages(recursive) check parameters
[0.460s] Level 1:colcon.colcon_core.package_discovery:discover_packages(ignore) check parameters
[0.460s] Level 1:colcon.colcon_core.package_discovery:discover_packages(path) check parameters
[0.460s] Level 1:colcon.colcon_core.package_discovery:discover_packages(recursive) discover
[0.460s] INFO:colcon.colcon_core.package_discovery:Crawling recursively for packages in '/home/sanketnarale/rebel_ws/src/Igus_ROS2', '/home/sanketnarale/rebel_ws/src/Igus_ROS2/--log-base', '/dev/null'
[0.461s] Level 1:colcon.colcon_core.package_identification:_identify(/home/sanketnarale/rebel_ws/src/Igus_ROS2) by extensions ['ignore', 'ignore_ament_install']
[0.461s] Level 1:colcon.colcon_core.package_identification:_identify(/home/sanketnarale/rebel_ws/src/Igus_ROS2) by extension 'ignore'
[0.461s] Level 1:colcon.colcon_core.package_identification:_identify(/home/sanketnarale/rebel_ws/src/Igus_ROS2) by extension 'ignore_ament_install'
[0.461s] Level 1:colcon.colcon_core.package_identification:_identify(/home/sanketnarale/rebel_ws/src/Igus_ROS2) by extensions ['colcon_pkg']
[0.461s] Level 1:colcon.colcon_core.package_identification:_identify(/home/sanketnarale/rebel_ws/src/Igus_ROS2) by extension 'colcon_pkg'
[0.461s] Level 1:colcon.colcon_core.package_identification:_identify(/home/sanketnarale/rebel_ws/src/Igus_ROS2) by extensions ['colcon_meta']
[0.461s] Level 1:colcon.colcon_core.package_identification:_identify(/home/sanketnarale/rebel_ws/src/Igus_ROS2) by extension 'colcon_meta'
[0.461s] Level 1:colcon.colcon_core.package_identification:_identify(/home/sanketnarale/rebel_ws/src/Igus_ROS2) by extensions ['ros']
[0.461s] Level 1:colcon.colcon_core.package_identification:_identify(/home/sanketnarale/rebel_ws/src/Igus_ROS2) by extension 'ros'
[0.477s] Level 1:colcon.colcon_core.package_identification:_identify(/home/sanketnarale/rebel_ws/src/Igus_ROS2) by extensions ['cmake', 'python']
[0.477s] Level 1:colcon.colcon_core.package_identification:_identify(/home/sanketnarale/rebel_ws/src/Igus_ROS2) by extension 'cmake'
[0.478s] Level 1:colcon.colcon_core.package_identification:_identify(/home/sanketnarale/rebel_ws/src/Igus_ROS2) by extension 'python'
[0.478s] Level 1:colcon.colcon_core.package_identification:_identify(/home/sanketnarale/rebel_ws/src/Igus_ROS2) by extensions ['python_setup_py']
[0.478s] Level 1:colcon.colcon_core.package_identification:_identify(/home/sanketnarale/rebel_ws/src/Igus_ROS2) by extension 'python_setup_py'
[0.478s] Level 1:colcon.colcon_core.package_identification:_identify(/home/sanketnarale/rebel_ws/src/Igus_ROS2/doc) by extensions ['ignore', 'ignore_ament_install']
[0.478s] Level 1:colcon.colcon_core.package_identification:_identify(/home/sanketnarale/rebel_ws/src/Igus_ROS2/doc) by extension 'ignore'
[0.478s] Level 1:colcon.colcon_core.package_identification:_identify(/home/sanketnarale/rebel_ws/src/Igus_ROS2/doc) by extension 'ignore_ament_install'
[0.478s] Level 1:colcon.colcon_core.package_identification:_identify(/home/sanketnarale/rebel_ws/src/Igus_ROS2/doc) by extensions ['colcon_pkg']
[0.478s] Level 1:colcon.colcon_core.package_identification:_identify(/home/sanketnarale/rebel_ws/src/Igus_ROS2/doc) by extension 'colcon_pkg'
[0.479s] Level 1:colcon.colcon_core.package_identification:_identify(/home/sanketnarale/rebel_ws/src/Igus_ROS2/doc) by extensions ['colcon_meta']
[0.479s] Level 1:colcon.colcon_core.package_identification:_identify(/home/sanketnarale/rebel_ws/src/Igus_ROS2/doc) by extension 'colcon_meta'
[0.479s] Level 1:colcon.colcon_core.package_identification:_identify(/home/sanketnarale/rebel_ws/src/Igus_ROS2/doc) by extensions ['ros']
[0.479s] Level 1:colcon.colcon_core.package_identification:_identify(/home/sanketnarale/rebel_ws/src/Igus_ROS2/doc) by extension 'ros'
[0.479s] Level 1:colcon.colcon_core.package_identification:_identify(/home/sanketnarale/rebel_ws/src/Igus_ROS2/doc) by extensions ['cmake', 'python']
[0.479s] Level 1:colcon.colcon_core.package_identification:_identify(/home/sanketnarale/rebel_ws/src/Igus_ROS2/doc) by extension 'cmake'
[0.479s] Level 1:colcon.colcon_core.package_identification:_identify(/home/sanketnarale/rebel_ws/src/Igus_ROS2/doc) by extension 'python'
[0.479s] Level 1:colcon.colcon_core.package_identification:_identify(/home/sanketnarale/rebel_ws/src/Igus_ROS2/doc) by extensions ['python_setup_py']
[0.479s] Level 1:colcon.colcon_core.package_identification:_identify(/home/sanketnarale/rebel_ws/src/Igus_ROS2/doc) by extension 'python_setup_py'
[0.479s] Level 1:colcon.colcon_core.package_identification:_identify(/home/sanketnarale/rebel_ws/src/Igus_ROS2/irc_ros_bringup) by extensions ['ignore', 'ignore_ament_install']
[0.480s] Level 1:colcon.colcon_core.package_identification:_identify(/home/sanketnarale/rebel_ws/src/Igus_ROS2/irc_ros_bringup) by extension 'ignore'
[0.480s] Level 1:colcon.colcon_core.package_identification:_identify(/home/sanketnarale/rebel_ws/src/Igus_ROS2/irc_ros_bringup) by extension 'ignore_ament_install'
[0.480s] Level 1:colcon.colcon_core.package_identification:_identify(/home/sanketnarale/rebel_ws/src/Igus_ROS2/irc_ros_bringup) by extensions ['colcon_pkg']
[0.480s] Level 1:colcon.colcon_core.package_identification:_identify(/home/sanketnarale/rebel_ws/src/Igus_ROS2/irc_ros_bringup) by extension 'colcon_pkg'
[0.480s] Level 1:colcon.colcon_core.package_identification:_identify(/home/sanketnarale/rebel_ws/src/Igus_ROS2/irc_ros_bringup) by extensions ['colcon_meta']
[0.480s] Level 1:colcon.colcon_core.package_identification:_identify(/home/sanketnarale/rebel_ws/src/Igus_ROS2/irc_ros_bringup) by extension 'colcon_meta'
[0.480s] Level 1:colcon.colcon_core.package_identification:_identify(/home/sanketnarale/rebel_ws/src/Igus_ROS2/irc_ros_bringup) by extensions ['ros']
[0.480s] Level 1:colcon.colcon_core.package_identification:_identify(/home/sanketnarale/rebel_ws/src/Igus_ROS2/irc_ros_bringup) by extension 'ros'
[0.485s] DEBUG:colcon.colcon_core.package_identification:Package '/home/sanketnarale/rebel_ws/src/Igus_ROS2/irc_ros_bringup' with type 'ros.ament_cmake' and name 'irc_ros_bringup'
[0.485s] Level 1:colcon.colcon_core.package_identification:_identify(/home/sanketnarale/rebel_ws/src/Igus_ROS2/irc_ros_controllers) by extensions ['ignore', 'ignore_ament_install']
[0.485s] Level 1:colcon.colcon_core.package_identification:_identify(/home/sanketnarale/rebel_ws/src/Igus_ROS2/irc_ros_controllers) by extension 'ignore'
[0.485s] Level 1:colcon.colcon_core.package_identification:_identify(/home/sanketnarale/rebel_ws/src/Igus_ROS2/irc_ros_controllers) by extension 'ignore_ament_install'
[0.485s] Level 1:colcon.colcon_core.package_identification:_identify(/home/sanketnarale/rebel_ws/src/Igus_ROS2/irc_ros_controllers) by extensions ['colcon_pkg']
[0.485s] Level 1:colcon.colcon_core.package_identification:_identify(/home/sanketnarale/rebel_ws/src/Igus_ROS2/irc_ros_controllers) by extension 'colcon_pkg'
[0.485s] Level 1:colcon.colcon_core.package_identification:_identify(/home/sanketnarale/rebel_ws/src/Igus_ROS2/irc_ros_controllers) by extensions ['colcon_meta']
[0.485s] Level 1:colcon.colcon_core.package_identification:_identify(/home/sanketnarale/rebel_ws/src/Igus_ROS2/irc_ros_controllers) by extension 'colcon_meta'
[0.485s] Level 1:colcon.colcon_core.package_identification:_identify(/home/sanketnarale/rebel_ws/src/Igus_ROS2/irc_ros_controllers) by extensions ['ros']
[0.485s] Level 1:colcon.colcon_core.package_identification:_identify(/home/sanketnarale/rebel_ws/src/Igus_ROS2/irc_ros_controllers) by extension 'ros'
[0.486s] DEBUG:colcon.colcon_core.package_identification:Package '/home/sanketnarale/rebel_ws/src/Igus_ROS2/irc_ros_controllers' with type 'ros.ament_cmake' and name 'irc_ros_controllers'
[0.487s] Level 1:colcon.colcon_core.package_identification:_identify(/home/sanketnarale/rebel_ws/src/Igus_ROS2/irc_ros_dashboard) by extensions ['ignore', 'ignore_ament_install']
[0.487s] Level 1:colcon.colcon_core.package_identification:_identify(/home/sanketnarale/rebel_ws/src/Igus_ROS2/irc_ros_dashboard) by extension 'ignore'
[0.487s] Level 1:colcon.colcon_core.package_identification:_identify(/home/sanketnarale/rebel_ws/src/Igus_ROS2/irc_ros_dashboard) by extension 'ignore_ament_install'
[0.487s] Level 1:colcon.colcon_core.package_identification:_identify(/home/sanketnarale/rebel_ws/src/Igus_ROS2/irc_ros_dashboard) by extensions ['colcon_pkg']
[0.487s] Level 1:colcon.colcon_core.package_identification:_identify(/home/sanketnarale/rebel_ws/src/Igus_ROS2/irc_ros_dashboard) by extension 'colcon_pkg'
[0.487s] Level 1:colcon.colcon_core.package_identification:_identify(/home/sanketnarale/rebel_ws/src/Igus_ROS2/irc_ros_dashboard) by extensions ['colcon_meta']
[0.487s] Level 1:colcon.colcon_core.package_identification:_identify(/home/sanketnarale/rebel_ws/src/Igus_ROS2/irc_ros_dashboard) by extension 'colcon_meta'
[0.487s] Level 1:colcon.colcon_core.package_identification:_identify(/home/sanketnarale/rebel_ws/src/Igus_ROS2/irc_ros_dashboard) by extensions ['ros']
[0.487s] Level 1:colcon.colcon_core.package_identification:_identify(/home/sanketnarale/rebel_ws/src/Igus_ROS2/irc_ros_dashboard) by extension 'ros'
[0.488s] DEBUG:colcon.colcon_core.package_identification:Package '/home/sanketnarale/rebel_ws/src/Igus_ROS2/irc_ros_dashboard' with type 'ros.ament_python' and name 'irc_ros_dashboard'
[0.488s] Level 1:colcon.colcon_core.package_identification:_identify(/home/sanketnarale/rebel_ws/src/Igus_ROS2/irc_ros_description) by extensions ['ignore', 'ignore_ament_install']
[0.488s] Level 1:colcon.colcon_core.package_identification:_identify(/home/sanketnarale/rebel_ws/src/Igus_ROS2/irc_ros_description) by extension 'ignore'
[0.488s] Level 1:colcon.colcon_core.package_identification:_identify(/home/sanketnarale/rebel_ws/src/Igus_ROS2/irc_ros_description) by extension 'ignore_ament_install'
[0.488s] Level 1:colcon.colcon_core.package_identification:_identify(/home/sanketnarale/rebel_ws/src/Igus_ROS2/irc_ros_description) by extensions ['colcon_pkg']
[0.488s] Level 1:colcon.colcon_core.package_identification:_identify(/home/sanketnarale/rebel_ws/src/Igus_ROS2/irc_ros_description) by extension 'colcon_pkg'
[0.488s] Level 1:colcon.colcon_core.package_identification:_identify(/home/sanketnarale/rebel_ws/src/Igus_ROS2/irc_ros_description) by extensions ['colcon_meta']
[0.488s] Level 1:colcon.colcon_core.package_identification:_identify(/home/sanketnarale/rebel_ws/src/Igus_ROS2/irc_ros_description) by extension 'colcon_meta'
[0.488s] Level 1:colcon.colcon_core.package_identification:_identify(/home/sanketnarale/rebel_ws/src/Igus_ROS2/irc_ros_description) by extensions ['ros']
[0.488s] Level 1:colcon.colcon_core.package_identification:_identify(/home/sanketnarale/rebel_ws/src/Igus_ROS2/irc_ros_description) by extension 'ros'
[0.489s] DEBUG:colcon.colcon_core.package_identification:Package '/home/sanketnarale/rebel_ws/src/Igus_ROS2/irc_ros_description' with type 'ros.ament_cmake' and name 'irc_ros_description'
[0.489s] Level 1:colcon.colcon_core.package_identification:_identify(/home/sanketnarale/rebel_ws/src/Igus_ROS2/irc_ros_examples) by extensions ['ignore', 'ignore_ament_install']
[0.489s] Level 1:colcon.colcon_core.package_identification:_identify(/home/sanketnarale/rebel_ws/src/Igus_ROS2/irc_ros_examples) by extension 'ignore'
[0.489s] Level 1:colcon.colcon_core.package_identification:_identify(/home/sanketnarale/rebel_ws/src/Igus_ROS2/irc_ros_examples) by extension 'ignore_ament_install'
[0.489s] Level 1:colcon.colcon_core.package_identification:_identify(/home/sanketnarale/rebel_ws/src/Igus_ROS2/irc_ros_examples) by extensions ['colcon_pkg']
[0.489s] Level 1:colcon.colcon_core.package_identification:_identify(/home/sanketnarale/rebel_ws/src/Igus_ROS2/irc_ros_examples) by extension 'colcon_pkg'
[0.489s] Level 1:colcon.colcon_core.package_identification:_identify(/home/sanketnarale/rebel_ws/src/Igus_ROS2/irc_ros_examples) by extensions ['colcon_meta']
[0.489s] Level 1:colcon.colcon_core.package_identification:_identify(/home/sanketnarale/rebel_ws/src/Igus_ROS2/irc_ros_examples) by extension 'colcon_meta'
[0.489s] Level 1:colcon.colcon_core.package_identification:_identify(/home/sanketnarale/rebel_ws/src/Igus_ROS2/irc_ros_examples) by extensions ['ros']
[0.489s] Level 1:colcon.colcon_core.package_identification:_identify(/home/sanketnarale/rebel_ws/src/Igus_ROS2/irc_ros_examples) by extension 'ros'
[0.491s] DEBUG:colcon.colcon_core.package_identification:Package '/home/sanketnarale/rebel_ws/src/Igus_ROS2/irc_ros_examples' with type 'ros.ament_cmake' and name 'irc_ros_examples'
[0.491s] Level 1:colcon.colcon_core.package_identification:_identify(/home/sanketnarale/rebel_ws/src/Igus_ROS2/irc_ros_hardware) by extensions ['ignore', 'ignore_ament_install']
[0.491s] Level 1:colcon.colcon_core.package_identification:_identify(/home/sanketnarale/rebel_ws/src/Igus_ROS2/irc_ros_hardware) by extension 'ignore'
[0.491s] Level 1:colcon.colcon_core.package_identification:_identify(/home/sanketnarale/rebel_ws/src/Igus_ROS2/irc_ros_hardware) by extension 'ignore_ament_install'
[0.491s] Level 1:colcon.colcon_core.package_identification:_identify(/home/sanketnarale/rebel_ws/src/Igus_ROS2/irc_ros_hardware) by extensions ['colcon_pkg']
[0.491s] Level 1:colcon.colcon_core.package_identification:_identify(/home/sanketnarale/rebel_ws/src/Igus_ROS2/irc_ros_hardware) by extension 'colcon_pkg'
[0.491s] Level 1:colcon.colcon_core.package_identification:_identify(/home/sanketnarale/rebel_ws/src/Igus_ROS2/irc_ros_hardware) by extensions ['colcon_meta']
[0.491s] Level 1:colcon.colcon_core.package_identification:_identify(/home/sanketnarale/rebel_ws/src/Igus_ROS2/irc_ros_hardware) by extension 'colcon_meta'
[0.491s] Level 1:colcon.colcon_core.package_identification:_identify(/home/sanketnarale/rebel_ws/src/Igus_ROS2/irc_ros_hardware) by extensions ['ros']
[0.491s] Level 1:colcon.colcon_core.package_identification:_identify(/home/sanketnarale/rebel_ws/src/Igus_ROS2/irc_ros_hardware) by extension 'ros'
[0.492s] DEBUG:colcon.colcon_core.package_identification:Package '/home/sanketnarale/rebel_ws/src/Igus_ROS2/irc_ros_hardware' with type 'ros.ament_cmake' and name 'irc_ros_hardware'
[0.493s] Level 1:colcon.colcon_core.package_identification:_identify(/home/sanketnarale/rebel_ws/src/Igus_ROS2/irc_ros_moveit_config) by extensions ['ignore', 'ignore_ament_install']
[0.493s] Level 1:colcon.colcon_core.package_identification:_identify(/home/sanketnarale/rebel_ws/src/Igus_ROS2/irc_ros_moveit_config) by extension 'ignore'
[0.493s] Level 1:colcon.colcon_core.package_identification:_identify(/home/sanketnarale/rebel_ws/src/Igus_ROS2/irc_ros_moveit_config) by extension 'ignore_ament_install'
[0.493s] Level 1:colcon.colcon_core.package_identification:_identify(/home/sanketnarale/rebel_ws/src/Igus_ROS2/irc_ros_moveit_config) by extensions ['colcon_pkg']
[0.493s] Level 1:colcon.colcon_core.package_identification:_identify(/home/sanketnarale/rebel_ws/src/Igus_ROS2/irc_ros_moveit_config) by extension 'colcon_pkg'
[0.493s] Level 1:colcon.colcon_core.package_identification:_identify(/home/sanketnarale/rebel_ws/src/Igus_ROS2/irc_ros_moveit_config) by extensions ['colcon_meta']
[0.493s] Level 1:colcon.colcon_core.package_identification:_identify(/home/sanketnarale/rebel_ws/src/Igus_ROS2/irc_ros_moveit_config) by extension 'colcon_meta'
[0.493s] Level 1:colcon.colcon_core.package_identification:_identify(/home/sanketnarale/rebel_ws/src/Igus_ROS2/irc_ros_moveit_config) by extensions ['ros']
[0.493s] Level 1:colcon.colcon_core.package_identification:_identify(/home/sanketnarale/rebel_ws/src/Igus_ROS2/irc_ros_moveit_config) by extension 'ros'
[0.494s] DEBUG:colcon.colcon_core.package_identification:Package '/home/sanketnarale/rebel_ws/src/Igus_ROS2/irc_ros_moveit_config' with type 'ros.ament_cmake' and name 'irc_ros_moveit_config'
[0.494s] Level 1:colcon.colcon_core.package_identification:_identify(/home/sanketnarale/rebel_ws/src/Igus_ROS2/irc_ros_msgs) by extensions ['ignore', 'ignore_ament_install']
[0.494s] Level 1:colcon.colcon_core.package_identification:_identify(/home/sanketnarale/rebel_ws/src/Igus_ROS2/irc_ros_msgs) by extension 'ignore'
[0.494s] Level 1:colcon.colcon_core.package_identification:_identify(/home/sanketnarale/rebel_ws/src/Igus_ROS2/irc_ros_msgs) by extension 'ignore_ament_install'
[0.494s] Level 1:colcon.colcon_core.package_identification:_identify(/home/sanketnarale/rebel_ws/src/Igus_ROS2/irc_ros_msgs) by extensions ['colcon_pkg']
[0.494s] Level 1:colcon.colcon_core.package_identification:_identify(/home/sanketnarale/rebel_ws/src/Igus_ROS2/irc_ros_msgs) by extension 'colcon_pkg'
[0.494s] Level 1:colcon.colcon_core.package_identification:_identify(/home/sanketnarale/rebel_ws/src/Igus_ROS2/irc_ros_msgs) by extensions ['colcon_meta']
[0.494s] Level 1:colcon.colcon_core.package_identification:_identify(/home/sanketnarale/rebel_ws/src/Igus_ROS2/irc_ros_msgs) by extension 'colcon_meta'
[0.494s] Level 1:colcon.colcon_core.package_identification:_identify(/home/sanketnarale/rebel_ws/src/Igus_ROS2/irc_ros_msgs) by extensions ['ros']
[0.494s] Level 1:colcon.colcon_core.package_identification:_identify(/home/sanketnarale/rebel_ws/src/Igus_ROS2/irc_ros_msgs) by extension 'ros'
[0.495s] DEBUG:colcon.colcon_core.package_identification:Package '/home/sanketnarale/rebel_ws/src/Igus_ROS2/irc_ros_msgs' with type 'ros.ament_cmake' and name 'irc_ros_msgs'
[0.496s] Level 1:colcon.colcon_core.package_identification:_identify(/home/sanketnarale/rebel_ws/src/Igus_ROS2/irc_ros_navigation2) by extensions ['ignore', 'ignore_ament_install']
[0.496s] Level 1:colcon.colcon_core.package_identification:_identify(/home/sanketnarale/rebel_ws/src/Igus_ROS2/irc_ros_navigation2) by extension 'ignore'
[0.496s] Level 1:colcon.colcon_core.package_identification:_identify(/home/sanketnarale/rebel_ws/src/Igus_ROS2/irc_ros_navigation2) by extension 'ignore_ament_install'
[0.496s] Level 1:colcon.colcon_core.package_identification:_identify(/home/sanketnarale/rebel_ws/src/Igus_ROS2/irc_ros_navigation2) by extensions ['colcon_pkg']
[0.496s] Level 1:colcon.colcon_core.package_identification:_identify(/home/sanketnarale/rebel_ws/src/Igus_ROS2/irc_ros_navigation2) by extension 'colcon_pkg'
[0.496s] Level 1:colcon.colcon_core.package_identification:_identify(/home/sanketnarale/rebel_ws/src/Igus_ROS2/irc_ros_navigation2) by extensions ['colcon_meta']
[0.496s] Level 1:colcon.colcon_core.package_identification:_identify(/home/sanketnarale/rebel_ws/src/Igus_ROS2/irc_ros_navigation2) by extension 'colcon_meta'
[0.496s] Level 1:colcon.colcon_core.package_identification:_identify(/home/sanketnarale/rebel_ws/src/Igus_ROS2/irc_ros_navigation2) by extensions ['ros']
[0.496s] Level 1:colcon.colcon_core.package_identification:_identify(/home/sanketnarale/rebel_ws/src/Igus_ROS2/irc_ros_navigation2) by extension 'ros'
[0.497s] DEBUG:colcon.colcon_core.package_identification:Package '/home/sanketnarale/rebel_ws/src/Igus_ROS2/irc_ros_navigation2' with type 'ros.ament_cmake' and name 'irc_ros_navigation2'
[0.497s] Level 1:colcon.colcon_core.package_identification:_identify(/home/sanketnarale/rebel_ws/src/Igus_ROS2/log) by extensions ['ignore', 'ignore_ament_install']
[0.497s] Level 1:colcon.colcon_core.package_identification:_identify(/home/sanketnarale/rebel_ws/src/Igus_ROS2/log) by extension 'ignore'
[0.497s] Level 1:colcon.colcon_core.package_identification:_identify(/home/sanketnarale/rebel_ws/src/Igus_ROS2/log) ignored
[0.497s] Level 1:colcon.colcon_core.package_discovery:discover_packages(recursive) using defaults
