[0.016s] Invoking command in '/home/anand/Igus/Igus_ROS2/build/irc_ros_navigation2': CMAKE_PREFIX_PATH=${CMAKE_PREFIX_PATH}:/home/anand/Igus/Igus_ROS2/install/testtube_sorting:/home/anand/Igus/Igus_ROS2/install/irc_ros_dashboard:/opt/ros/humble /usr/bin/cmake --build /home/anand/Igus/Igus_ROS2/build/irc_ros_navigation2 -- -j16 -l16
[0.209s] Invoked command in '/home/anand/Igus/Igus_ROS2/build/irc_ros_navigation2' returned '0': CMAKE_PREFIX_PATH=${CMAKE_PREFIX_PATH}:/home/anand/Igus/Igus_ROS2/install/testtube_sorting:/home/anand/Igus/Igus_ROS2/install/irc_ros_dashboard:/opt/ros/humble /usr/bin/cmake --build /home/anand/Igus/Igus_ROS2/build/irc_ros_navigation2 -- -j16 -l16
[0.210s] Invoking command in '/home/anand/Igus/Igus_ROS2/build/irc_ros_navigation2': CMAKE_PREFIX_PATH=${CMAKE_PREFIX_PATH}:/home/anand/Igus/Igus_ROS2/install/testtube_sorting:/home/anand/Igus/Igus_ROS2/install/irc_ros_dashboard:/opt/ros/humble /usr/bin/cmake --install /home/anand/Igus/Igus_ROS2/build/irc_ros_navigation2
[0.221s] -- Install configuration: ""
[0.221s] -- Execute custom install script
[0.222s] -- Up-to-date symlink: /home/anand/Igus/Igus_ROS2/install/irc_ros_navigation2/share/irc_ros_navigation2/launch/cpr_platform.launch.py
[0.222s] -- Up-to-date symlink: /home/anand/Igus/Igus_ROS2/install/irc_ros_navigation2/share/irc_ros_navigation2/params/cpr_platform_medium.yaml
[0.222s] -- Up-to-date symlink: /home/anand/Igus/Igus_ROS2/install/irc_ros_navigation2/share/irc_ros_navigation2/map/map.pgm
[0.222s] -- Up-to-date symlink: /home/anand/Igus/Igus_ROS2/install/irc_ros_navigation2/share/irc_ros_navigation2/map/map.yaml
[0.222s] -- Up-to-date symlink: /home/anand/Igus/Igus_ROS2/install/irc_ros_navigation2/share/irc_ros_navigation2/map/map_office.pgm
[0.223s] -- Up-to-date symlink: /home/anand/Igus/Igus_ROS2/install/irc_ros_navigation2/share/irc_ros_navigation2/map/map_office.yaml
[0.224s] -- Up-to-date symlink: /home/anand/Igus/Igus_ROS2/install/irc_ros_navigation2/share/irc_ros_navigation2/rviz/platform.rviz
[0.224s] -- Up-to-date symlink: /home/anand/Igus/Igus_ROS2/install/irc_ros_navigation2/share/ament_index/resource_index/package_run_dependencies/irc_ros_navigation2
[0.224s] -- Up-to-date symlink: /home/anand/Igus/Igus_ROS2/install/irc_ros_navigation2/share/ament_index/resource_index/parent_prefix_path/irc_ros_navigation2
[0.224s] -- Up-to-date symlink: /home/anand/Igus/Igus_ROS2/install/irc_ros_navigation2/share/irc_ros_navigation2/environment/ament_prefix_path.sh
[0.224s] -- Up-to-date symlink: /home/anand/Igus/Igus_ROS2/install/irc_ros_navigation2/share/irc_ros_navigation2/environment/ament_prefix_path.dsv
[0.224s] -- Up-to-date symlink: /home/anand/Igus/Igus_ROS2/install/irc_ros_navigation2/share/irc_ros_navigation2/environment/path.sh
[0.224s] -- Up-to-date symlink: /home/anand/Igus/Igus_ROS2/install/irc_ros_navigation2/share/irc_ros_navigation2/environment/path.dsv
[0.224s] -- Up-to-date symlink: /home/anand/Igus/Igus_ROS2/install/irc_ros_navigation2/share/irc_ros_navigation2/local_setup.bash
[0.224s] -- Up-to-date symlink: /home/anand/Igus/Igus_ROS2/install/irc_ros_navigation2/share/irc_ros_navigation2/local_setup.sh
[0.225s] -- Up-to-date symlink: /home/anand/Igus/Igus_ROS2/install/irc_ros_navigation2/share/irc_ros_navigation2/local_setup.zsh
[0.225s] -- Up-to-date symlink: /home/anand/Igus/Igus_ROS2/install/irc_ros_navigation2/share/irc_ros_navigation2/local_setup.dsv
[0.225s] -- Symlinking: /home/anand/Igus/Igus_ROS2/install/irc_ros_navigation2/share/irc_ros_navigation2/package.dsv
[0.231s] -- Up-to-date symlink: /home/anand/Igus/Igus_ROS2/install/irc_ros_navigation2/share/ament_index/resource_index/packages/irc_ros_navigation2
[0.231s] -- Up-to-date symlink: /home/anand/Igus/Igus_ROS2/install/irc_ros_navigation2/share/irc_ros_navigation2/cmake/irc_ros_navigation2Config.cmake
[0.231s] -- Up-to-date symlink: /home/anand/Igus/Igus_ROS2/install/irc_ros_navigation2/share/irc_ros_navigation2/cmake/irc_ros_navigation2Config-version.cmake
[0.231s] -- Up-to-date symlink: /home/anand/Igus/Igus_ROS2/install/irc_ros_navigation2/share/irc_ros_navigation2/package.xml
[0.251s] Invoked command in '/home/anand/Igus/Igus_ROS2/build/irc_ros_navigation2' returned '0': CMAKE_PREFIX_PATH=${CMAKE_PREFIX_PATH}:/home/anand/Igus/Igus_ROS2/install/testtube_sorting:/home/anand/Igus/Igus_ROS2/install/irc_ros_dashboard:/opt/ros/humble /usr/bin/cmake --install /home/anand/Igus/Igus_ROS2/build/irc_ros_navigation2
