-- The C compiler identification is GNU 11.4.0
-- The CXX compiler identification is GNU 11.4.0
-- Detecting C compiler ABI info
-- Detecting C compiler ABI info - done
-- Check for working C compiler: /usr/bin/cc - skipped
-- Detecting C compile features
-- Detecting C compile features - done
-- Detecting CXX compiler ABI info
-- Detecting CXX compiler ABI info - done
-- Check for working CXX compiler: /usr/bin/c++ - skipped
-- Detecting CXX compile features
-- Detecting CXX compile features - done
-- Found ament_cmake: 1.3.12 (/opt/ros/humble/share/ament_cmake/cmake)
-- Found Python3: /usr/bin/python3 (found version "3.10.12") found components: Interpreter 
-- Override CMake install command with custom implementation using symlinks instead of copying resources
-- Found controller_interface: 2.52.0 (/opt/ros/humble/share/controller_interface/cmake)
-- Found rosidl_generator_c: 3.1.7 (/opt/ros/humble/share/rosidl_generator_c/cmake)
-- Found rosidl_adapter: 3.1.7 (/opt/ros/humble/share/rosidl_adapter/cmake)
-- Found rosidl_generator_cpp: 3.1.7 (/opt/ros/humble/share/rosidl_generator_cpp/cmake)
-- Using all available rosidl_typesupport_c: rosidl_typesupport_fastrtps_c;rosidl_typesupport_introspection_c
-- Using all available rosidl_typesupport_cpp: rosidl_typesupport_fastrtps_cpp;rosidl_typesupport_introspection_cpp
-- Found rmw_implementation_cmake: 6.1.2 (/opt/ros/humble/share/rmw_implementation_cmake/cmake)
-- Found rmw_fastrtps_cpp: 6.2.8 (/opt/ros/humble/share/rmw_fastrtps_cpp/cmake)
-- Found TinyXML2 via Config file: TinyXML2_DIR-NOTFOUND
-- Found OpenSSL: /usr/lib/x86_64-linux-gnu/libcrypto.so (found version "3.0.2")  
-- Found TinyXML2 via Config file: TinyXML2_DIR-NOTFOUND
-- Found FastRTPS: /opt/ros/humble/include  
-- Found TinyXML2 via Config file: TinyXML2_DIR-NOTFOUND
-- Found TinyXML2 via Config file: TinyXML2_DIR-NOTFOUND
-- Using RMW implementation 'rmw_fastrtps_cpp' as default
-- Looking for pthread.h
-- Looking for pthread.h - found
-- Performing Test CMAKE_HAVE_LIBC_PTHREAD
-- Performing Test CMAKE_HAVE_LIBC_PTHREAD - Success
-- Found Threads: TRUE  
-- Found example_interfaces: 0.9.3 (/opt/ros/humble/share/example_interfaces/cmake)
-- Found irc_ros_hardware: 0.1.0 (/home/anand/Igus/Igus_ROS2/install/irc_ros_hardware/share/irc_ros_hardware/cmake)
-- Configuring done
-- Generating done
-- Build files have been written to: /home/anand/Igus/Igus_ROS2/build/irc_ros_controllers
[ 25%] [32mBuilding CXX object CMakeFiles/irc_ros_controllers.dir/src/dashboard_controller.cpp.o[0m
[ 50%] [32mBuilding CXX object CMakeFiles/irc_ros_controllers.dir/src/schmalz_ecbpmi_controller.cpp.o[0m
[ 75%] [32mBuilding CXX object CMakeFiles/irc_ros_controllers.dir/src/dio_controller.cpp.o[0m
[100%] [32m[1mLinking CXX shared library libirc_ros_controllers.so[0m
[100%] Built target irc_ros_controllers
-- Install configuration: ""
-- Execute custom install script
-- Symlinking: /home/anand/Igus/Igus_ROS2/install/irc_ros_controllers/share/irc_ros_controllers//dashboard_controller.xml
-- Symlinking: /home/anand/Igus/Igus_ROS2/install/irc_ros_controllers/share/irc_ros_controllers//dio_controller.xml
-- Symlinking: /home/anand/Igus/Igus_ROS2/install/irc_ros_controllers/share/irc_ros_controllers//schmalz_ecbpmi_controller.xml
-- Symlinking: /home/anand/Igus/Igus_ROS2/install/irc_ros_controllers/include/irc_ros_controllers/dashboard_controller.hpp
-- Symlinking: /home/anand/Igus/Igus_ROS2/install/irc_ros_controllers/include/irc_ros_controllers/dashboard_semantic_component_interface.hpp
-- Symlinking: /home/anand/Igus/Igus_ROS2/install/irc_ros_controllers/include/irc_ros_controllers/dio_controller.hpp
-- Symlinking: /home/anand/Igus/Igus_ROS2/install/irc_ros_controllers/include/irc_ros_controllers/schmalz_ecbpmi_controller.hpp
-- Symlinking: /home/anand/Igus/Igus_ROS2/install/irc_ros_controllers/lib/libirc_ros_controllers.so
-- Symlinking: /home/anand/Igus/Igus_ROS2/install/irc_ros_controllers/share/irc_ros_controllers/environment/library_path.sh
-- Symlinking: /home/anand/Igus/Igus_ROS2/install/irc_ros_controllers/share/irc_ros_controllers/environment/library_path.dsv
-- Symlinking: /home/anand/Igus/Igus_ROS2/install/irc_ros_controllers/share/ament_index/resource_index/package_run_dependencies/irc_ros_controllers
-- Symlinking: /home/anand/Igus/Igus_ROS2/install/irc_ros_controllers/share/ament_index/resource_index/parent_prefix_path/irc_ros_controllers
-- Symlinking: /home/anand/Igus/Igus_ROS2/install/irc_ros_controllers/share/irc_ros_controllers/environment/ament_prefix_path.sh
-- Symlinking: /home/anand/Igus/Igus_ROS2/install/irc_ros_controllers/share/irc_ros_controllers/environment/ament_prefix_path.dsv
-- Symlinking: /home/anand/Igus/Igus_ROS2/install/irc_ros_controllers/share/irc_ros_controllers/environment/path.sh
-- Symlinking: /home/anand/Igus/Igus_ROS2/install/irc_ros_controllers/share/irc_ros_controllers/environment/path.dsv
-- Symlinking: /home/anand/Igus/Igus_ROS2/install/irc_ros_controllers/share/irc_ros_controllers/local_setup.bash
-- Symlinking: /home/anand/Igus/Igus_ROS2/install/irc_ros_controllers/share/irc_ros_controllers/local_setup.sh
-- Symlinking: /home/anand/Igus/Igus_ROS2/install/irc_ros_controllers/share/irc_ros_controllers/local_setup.zsh
-- Symlinking: /home/anand/Igus/Igus_ROS2/install/irc_ros_controllers/share/irc_ros_controllers/local_setup.dsv
-- Symlinking: /home/anand/Igus/Igus_ROS2/install/irc_ros_controllers/share/irc_ros_controllers/package.dsv
-- Symlinking: /home/anand/Igus/Igus_ROS2/install/irc_ros_controllers/share/ament_index/resource_index/packages/irc_ros_controllers
-- Symlinking: /home/anand/Igus/Igus_ROS2/install/irc_ros_controllers/share/ament_index/resource_index/controller_interface__pluginlib__plugin/irc_ros_controllers
-- Symlinking: /home/anand/Igus/Igus_ROS2/install/irc_ros_controllers/share/irc_ros_controllers/cmake/ament_cmake_export_dependencies-extras.cmake
-- Symlinking: /home/anand/Igus/Igus_ROS2/install/irc_ros_controllers/share/irc_ros_controllers/cmake/ament_cmake_export_include_directories-extras.cmake
-- Symlinking: /home/anand/Igus/Igus_ROS2/install/irc_ros_controllers/share/irc_ros_controllers/cmake/ament_cmake_export_libraries-extras.cmake
-- Symlinking: /home/anand/Igus/Igus_ROS2/install/irc_ros_controllers/share/irc_ros_controllers/cmake/irc_ros_controllersConfig.cmake
-- Symlinking: /home/anand/Igus/Igus_ROS2/install/irc_ros_controllers/share/irc_ros_controllers/cmake/irc_ros_controllersConfig-version.cmake
-- Symlinking: /home/anand/Igus/Igus_ROS2/install/irc_ros_controllers/share/irc_ros_controllers/package.xml
