[0.024s] Invoking command in '/home/anand/Igus/Igus_ROS2/build/irc_ros_controllers': CMAKE_PREFIX_PATH=/home/anand/Igus/Igus_ROS2/install/irc_ros_hardware:/home/anand/Igus/Igus_ROS2/install/irc_ros_msgs:/home/anand/Igus/Igus_ROS2/install/irc_ros_navigation2:/home/anand/Igus/Igus_ROS2/install/irc_ros_controllers:/home/anand/Igus/Igus_ROS2/install/irc_ros_bringup:/home/anand/Igus/Igus_ROS2/install/irc_ros_examples:/home/anand/Igus/Igus_ROS2/install/irc_ros_moveit_config:/home/anand/Igus/Igus_ROS2/install/irc_ros_description:/home/anand/rover_ws/install/rover_description:/home/anand/rebel_ws/install/myrobot_moveit_config:/home/anand/rebel_ws/install/igus_rebel_description:/home/anand/Igus/Igus_ROS2/install/testtube_sorting:/home/anand/Igus/Igus_ROS2/install/irc_ros_dashboard:/opt/ros/humble LD_LIBRARY_PATH=/home/anand/Igus/Igus_ROS2/install/irc_ros_hardware/lib:/home/anand/Igus/Igus_ROS2/install/irc_ros_msgs/lib:/home/anand/Igus/Igus_ROS2/install/irc_ros_controllers/lib:/usr/lib/x86_64-linux-gnu/gazebo-11/plugins:/opt/ros/humble/opt/rviz_ogre_vendor/lib:/opt/ros/humble/lib/x86_64-linux-gnu:/opt/ros/humble/lib /usr/bin/cmake /home/anand/Igus/Igus_ROS2/irc_ros_controllers -DAMENT_CMAKE_SYMLINK_INSTALL=1 -DCMAKE_INSTALL_PREFIX=/home/anand/Igus/Igus_ROS2/install/irc_ros_controllers
[0.100s] -- The C compiler identification is GNU 11.4.0
[0.187s] -- The CXX compiler identification is GNU 11.4.0
[0.197s] -- Detecting C compiler ABI info
[0.297s] -- Detecting C compiler ABI info - done
[0.308s] -- Check for working C compiler: /usr/bin/cc - skipped
[0.309s] -- Detecting C compile features
[0.309s] -- Detecting C compile features - done
[0.314s] -- Detecting CXX compiler ABI info
[0.437s] -- Detecting CXX compiler ABI info - done
[0.450s] -- Check for working CXX compiler: /usr/bin/c++ - skipped
[0.450s] -- Detecting CXX compile features
[0.451s] -- Detecting CXX compile features - done
[0.456s] -- Found ament_cmake: 1.3.12 (/opt/ros/humble/share/ament_cmake/cmake)
[1.105s] -- Found Python3: /usr/bin/python3 (found version "3.10.12") found components: Interpreter 
[1.230s] -- Override CMake install command with custom implementation using symlinks instead of copying resources
[1.287s] -- Found controller_interface: 2.52.0 (/opt/ros/humble/share/controller_interface/cmake)
[1.370s] -- Found rosidl_generator_c: 3.1.7 (/opt/ros/humble/share/rosidl_generator_c/cmake)
[1.383s] -- Found rosidl_adapter: 3.1.7 (/opt/ros/humble/share/rosidl_adapter/cmake)
[1.397s] -- Found rosidl_generator_cpp: 3.1.7 (/opt/ros/humble/share/rosidl_generator_cpp/cmake)
[1.417s] -- Using all available rosidl_typesupport_c: rosidl_typesupport_fastrtps_c;rosidl_typesupport_introspection_c
[1.444s] -- Using all available rosidl_typesupport_cpp: rosidl_typesupport_fastrtps_cpp;rosidl_typesupport_introspection_cpp
[1.796s] -- Found rmw_implementation_cmake: 6.1.2 (/opt/ros/humble/share/rmw_implementation_cmake/cmake)
[1.803s] -- Found rmw_fastrtps_cpp: 6.2.8 (/opt/ros/humble/share/rmw_fastrtps_cpp/cmake)
[1.868s] -- Found TinyXML2 via Config file: TinyXML2_DIR-NOTFOUND
[1.966s] -- Found OpenSSL: /usr/lib/x86_64-linux-gnu/libcrypto.so (found version "3.0.2")  
[1.971s] -- Found TinyXML2 via Config file: TinyXML2_DIR-NOTFOUND
[1.997s] -- Found FastRTPS: /opt/ros/humble/include  
[2.002s] -- Found TinyXML2 via Config file: TinyXML2_DIR-NOTFOUND
[2.016s] -- Found TinyXML2 via Config file: TinyXML2_DIR-NOTFOUND
[2.035s] -- Using RMW implementation 'rmw_fastrtps_cpp' as default
[2.051s] -- Looking for pthread.h
[2.165s] -- Looking for pthread.h - found
[2.165s] -- Performing Test CMAKE_HAVE_LIBC_PTHREAD
[2.285s] -- Performing Test CMAKE_HAVE_LIBC_PTHREAD - Success
[2.287s] -- Found Threads: TRUE  
[2.373s] -- Found example_interfaces: 0.9.3 (/opt/ros/humble/share/example_interfaces/cmake)
[2.396s] -- Found irc_ros_hardware: 0.1.0 (/home/anand/Igus/Igus_ROS2/install/irc_ros_hardware/share/irc_ros_hardware/cmake)
[2.620s] -- Configuring done
[2.649s] -- Generating done
[2.656s] -- Build files have been written to: /home/anand/Igus/Igus_ROS2/build/irc_ros_controllers
[2.670s] Invoked command in '/home/anand/Igus/Igus_ROS2/build/irc_ros_controllers' returned '0': CMAKE_PREFIX_PATH=/home/anand/Igus/Igus_ROS2/install/irc_ros_hardware:/home/anand/Igus/Igus_ROS2/install/irc_ros_msgs:/home/anand/Igus/Igus_ROS2/install/irc_ros_navigation2:/home/anand/Igus/Igus_ROS2/install/irc_ros_controllers:/home/anand/Igus/Igus_ROS2/install/irc_ros_bringup:/home/anand/Igus/Igus_ROS2/install/irc_ros_examples:/home/anand/Igus/Igus_ROS2/install/irc_ros_moveit_config:/home/anand/Igus/Igus_ROS2/install/irc_ros_description:/home/anand/rover_ws/install/rover_description:/home/anand/rebel_ws/install/myrobot_moveit_config:/home/anand/rebel_ws/install/igus_rebel_description:/home/anand/Igus/Igus_ROS2/install/testtube_sorting:/home/anand/Igus/Igus_ROS2/install/irc_ros_dashboard:/opt/ros/humble LD_LIBRARY_PATH=/home/anand/Igus/Igus_ROS2/install/irc_ros_hardware/lib:/home/anand/Igus/Igus_ROS2/install/irc_ros_msgs/lib:/home/anand/Igus/Igus_ROS2/install/irc_ros_controllers/lib:/usr/lib/x86_64-linux-gnu/gazebo-11/plugins:/opt/ros/humble/opt/rviz_ogre_vendor/lib:/opt/ros/humble/lib/x86_64-linux-gnu:/opt/ros/humble/lib /usr/bin/cmake /home/anand/Igus/Igus_ROS2/irc_ros_controllers -DAMENT_CMAKE_SYMLINK_INSTALL=1 -DCMAKE_INSTALL_PREFIX=/home/anand/Igus/Igus_ROS2/install/irc_ros_controllers
[2.672s] Invoking command in '/home/anand/Igus/Igus_ROS2/build/irc_ros_controllers': CMAKE_PREFIX_PATH=/home/anand/Igus/Igus_ROS2/install/irc_ros_hardware:/home/anand/Igus/Igus_ROS2/install/irc_ros_msgs:/home/anand/Igus/Igus_ROS2/install/irc_ros_navigation2:/home/anand/Igus/Igus_ROS2/install/irc_ros_controllers:/home/anand/Igus/Igus_ROS2/install/irc_ros_bringup:/home/anand/Igus/Igus_ROS2/install/irc_ros_examples:/home/anand/Igus/Igus_ROS2/install/irc_ros_moveit_config:/home/anand/Igus/Igus_ROS2/install/irc_ros_description:/home/anand/rover_ws/install/rover_description:/home/anand/rebel_ws/install/myrobot_moveit_config:/home/anand/rebel_ws/install/igus_rebel_description:/home/anand/Igus/Igus_ROS2/install/testtube_sorting:/home/anand/Igus/Igus_ROS2/install/irc_ros_dashboard:/opt/ros/humble LD_LIBRARY_PATH=/home/anand/Igus/Igus_ROS2/install/irc_ros_hardware/lib:/home/anand/Igus/Igus_ROS2/install/irc_ros_msgs/lib:/home/anand/Igus/Igus_ROS2/install/irc_ros_controllers/lib:/usr/lib/x86_64-linux-gnu/gazebo-11/plugins:/opt/ros/humble/opt/rviz_ogre_vendor/lib:/opt/ros/humble/lib/x86_64-linux-gnu:/opt/ros/humble/lib /usr/bin/cmake --build /home/anand/Igus/Igus_ROS2/build/irc_ros_controllers -- -j16 -l16
[2.745s] [ 25%] [32mBuilding CXX object CMakeFiles/irc_ros_controllers.dir/src/dashboard_controller.cpp.o[0m
[2.746s] [ 50%] [32mBuilding CXX object CMakeFiles/irc_ros_controllers.dir/src/schmalz_ecbpmi_controller.cpp.o[0m
[2.747s] [ 75%] [32mBuilding CXX object CMakeFiles/irc_ros_controllers.dir/src/dio_controller.cpp.o[0m
[16.879s] [100%] [32m[1mLinking CXX shared library libirc_ros_controllers.so[0m
[18.444s] [100%] Built target irc_ros_controllers
[18.461s] Invoked command in '/home/anand/Igus/Igus_ROS2/build/irc_ros_controllers' returned '0': CMAKE_PREFIX_PATH=/home/anand/Igus/Igus_ROS2/install/irc_ros_hardware:/home/anand/Igus/Igus_ROS2/install/irc_ros_msgs:/home/anand/Igus/Igus_ROS2/install/irc_ros_navigation2:/home/anand/Igus/Igus_ROS2/install/irc_ros_controllers:/home/anand/Igus/Igus_ROS2/install/irc_ros_bringup:/home/anand/Igus/Igus_ROS2/install/irc_ros_examples:/home/anand/Igus/Igus_ROS2/install/irc_ros_moveit_config:/home/anand/Igus/Igus_ROS2/install/irc_ros_description:/home/anand/rover_ws/install/rover_description:/home/anand/rebel_ws/install/myrobot_moveit_config:/home/anand/rebel_ws/install/igus_rebel_description:/home/anand/Igus/Igus_ROS2/install/testtube_sorting:/home/anand/Igus/Igus_ROS2/install/irc_ros_dashboard:/opt/ros/humble LD_LIBRARY_PATH=/home/anand/Igus/Igus_ROS2/install/irc_ros_hardware/lib:/home/anand/Igus/Igus_ROS2/install/irc_ros_msgs/lib:/home/anand/Igus/Igus_ROS2/install/irc_ros_controllers/lib:/usr/lib/x86_64-linux-gnu/gazebo-11/plugins:/opt/ros/humble/opt/rviz_ogre_vendor/lib:/opt/ros/humble/lib/x86_64-linux-gnu:/opt/ros/humble/lib /usr/bin/cmake --build /home/anand/Igus/Igus_ROS2/build/irc_ros_controllers -- -j16 -l16
[18.464s] Invoking command in '/home/anand/Igus/Igus_ROS2/build/irc_ros_controllers': CMAKE_PREFIX_PATH=/home/anand/Igus/Igus_ROS2/install/irc_ros_hardware:/home/anand/Igus/Igus_ROS2/install/irc_ros_msgs:/home/anand/Igus/Igus_ROS2/install/irc_ros_navigation2:/home/anand/Igus/Igus_ROS2/install/irc_ros_controllers:/home/anand/Igus/Igus_ROS2/install/irc_ros_bringup:/home/anand/Igus/Igus_ROS2/install/irc_ros_examples:/home/anand/Igus/Igus_ROS2/install/irc_ros_moveit_config:/home/anand/Igus/Igus_ROS2/install/irc_ros_description:/home/anand/rover_ws/install/rover_description:/home/anand/rebel_ws/install/myrobot_moveit_config:/home/anand/rebel_ws/install/igus_rebel_description:/home/anand/Igus/Igus_ROS2/install/testtube_sorting:/home/anand/Igus/Igus_ROS2/install/irc_ros_dashboard:/opt/ros/humble LD_LIBRARY_PATH=/home/anand/Igus/Igus_ROS2/install/irc_ros_hardware/lib:/home/anand/Igus/Igus_ROS2/install/irc_ros_msgs/lib:/home/anand/Igus/Igus_ROS2/install/irc_ros_controllers/lib:/usr/lib/x86_64-linux-gnu/gazebo-11/plugins:/opt/ros/humble/opt/rviz_ogre_vendor/lib:/opt/ros/humble/lib/x86_64-linux-gnu:/opt/ros/humble/lib /usr/bin/cmake --install /home/anand/Igus/Igus_ROS2/build/irc_ros_controllers
[18.473s] -- Install configuration: ""
[18.474s] -- Execute custom install script
[18.474s] -- Symlinking: /home/anand/Igus/Igus_ROS2/install/irc_ros_controllers/share/irc_ros_controllers//dashboard_controller.xml
[18.485s] -- Symlinking: /home/anand/Igus/Igus_ROS2/install/irc_ros_controllers/share/irc_ros_controllers//dio_controller.xml
[18.497s] -- Symlinking: /home/anand/Igus/Igus_ROS2/install/irc_ros_controllers/share/irc_ros_controllers//schmalz_ecbpmi_controller.xml
[18.509s] -- Symlinking: /home/anand/Igus/Igus_ROS2/install/irc_ros_controllers/include/irc_ros_controllers/dashboard_controller.hpp
[18.522s] -- Symlinking: /home/anand/Igus/Igus_ROS2/install/irc_ros_controllers/include/irc_ros_controllers/dashboard_semantic_component_interface.hpp
[18.532s] -- Symlinking: /home/anand/Igus/Igus_ROS2/install/irc_ros_controllers/include/irc_ros_controllers/dio_controller.hpp
[18.543s] -- Symlinking: /home/anand/Igus/Igus_ROS2/install/irc_ros_controllers/include/irc_ros_controllers/schmalz_ecbpmi_controller.hpp
[18.554s] -- Symlinking: /home/anand/Igus/Igus_ROS2/install/irc_ros_controllers/lib/libirc_ros_controllers.so
[18.567s] -- Symlinking: /home/anand/Igus/Igus_ROS2/install/irc_ros_controllers/share/irc_ros_controllers/environment/library_path.sh
[18.580s] -- Symlinking: /home/anand/Igus/Igus_ROS2/install/irc_ros_controllers/share/irc_ros_controllers/environment/library_path.dsv
[18.593s] -- Symlinking: /home/anand/Igus/Igus_ROS2/install/irc_ros_controllers/share/ament_index/resource_index/package_run_dependencies/irc_ros_controllers
[18.605s] -- Symlinking: /home/anand/Igus/Igus_ROS2/install/irc_ros_controllers/share/ament_index/resource_index/parent_prefix_path/irc_ros_controllers
[18.616s] -- Symlinking: /home/anand/Igus/Igus_ROS2/install/irc_ros_controllers/share/irc_ros_controllers/environment/ament_prefix_path.sh
[18.627s] -- Symlinking: /home/anand/Igus/Igus_ROS2/install/irc_ros_controllers/share/irc_ros_controllers/environment/ament_prefix_path.dsv
[18.640s] -- Symlinking: /home/anand/Igus/Igus_ROS2/install/irc_ros_controllers/share/irc_ros_controllers/environment/path.sh
[18.653s] -- Symlinking: /home/anand/Igus/Igus_ROS2/install/irc_ros_controllers/share/irc_ros_controllers/environment/path.dsv
[18.666s] -- Symlinking: /home/anand/Igus/Igus_ROS2/install/irc_ros_controllers/share/irc_ros_controllers/local_setup.bash
[18.679s] -- Symlinking: /home/anand/Igus/Igus_ROS2/install/irc_ros_controllers/share/irc_ros_controllers/local_setup.sh
[18.690s] -- Symlinking: /home/anand/Igus/Igus_ROS2/install/irc_ros_controllers/share/irc_ros_controllers/local_setup.zsh
[18.702s] -- Symlinking: /home/anand/Igus/Igus_ROS2/install/irc_ros_controllers/share/irc_ros_controllers/local_setup.dsv
[18.714s] -- Symlinking: /home/anand/Igus/Igus_ROS2/install/irc_ros_controllers/share/irc_ros_controllers/package.dsv
[18.725s] -- Symlinking: /home/anand/Igus/Igus_ROS2/install/irc_ros_controllers/share/ament_index/resource_index/packages/irc_ros_controllers
[18.736s] -- Symlinking: /home/anand/Igus/Igus_ROS2/install/irc_ros_controllers/share/ament_index/resource_index/controller_interface__pluginlib__plugin/irc_ros_controllers
[18.747s] -- Symlinking: /home/anand/Igus/Igus_ROS2/install/irc_ros_controllers/share/irc_ros_controllers/cmake/ament_cmake_export_dependencies-extras.cmake
[18.761s] -- Symlinking: /home/anand/Igus/Igus_ROS2/install/irc_ros_controllers/share/irc_ros_controllers/cmake/ament_cmake_export_include_directories-extras.cmake
[18.774s] -- Symlinking: /home/anand/Igus/Igus_ROS2/install/irc_ros_controllers/share/irc_ros_controllers/cmake/ament_cmake_export_libraries-extras.cmake
[18.789s] -- Symlinking: /home/anand/Igus/Igus_ROS2/install/irc_ros_controllers/share/irc_ros_controllers/cmake/irc_ros_controllersConfig.cmake
[18.801s] -- Symlinking: /home/anand/Igus/Igus_ROS2/install/irc_ros_controllers/share/irc_ros_controllers/cmake/irc_ros_controllersConfig-version.cmake
[18.814s] -- Symlinking: /home/anand/Igus/Igus_ROS2/install/irc_ros_controllers/share/irc_ros_controllers/package.xml
[18.829s] Invoked command in '/home/anand/Igus/Igus_ROS2/build/irc_ros_controllers' returned '0': CMAKE_PREFIX_PATH=/home/anand/Igus/Igus_ROS2/install/irc_ros_hardware:/home/anand/Igus/Igus_ROS2/install/irc_ros_msgs:/home/anand/Igus/Igus_ROS2/install/irc_ros_navigation2:/home/anand/Igus/Igus_ROS2/install/irc_ros_controllers:/home/anand/Igus/Igus_ROS2/install/irc_ros_bringup:/home/anand/Igus/Igus_ROS2/install/irc_ros_examples:/home/anand/Igus/Igus_ROS2/install/irc_ros_moveit_config:/home/anand/Igus/Igus_ROS2/install/irc_ros_description:/home/anand/rover_ws/install/rover_description:/home/anand/rebel_ws/install/myrobot_moveit_config:/home/anand/rebel_ws/install/igus_rebel_description:/home/anand/Igus/Igus_ROS2/install/testtube_sorting:/home/anand/Igus/Igus_ROS2/install/irc_ros_dashboard:/opt/ros/humble LD_LIBRARY_PATH=/home/anand/Igus/Igus_ROS2/install/irc_ros_hardware/lib:/home/anand/Igus/Igus_ROS2/install/irc_ros_msgs/lib:/home/anand/Igus/Igus_ROS2/install/irc_ros_controllers/lib:/usr/lib/x86_64-linux-gnu/gazebo-11/plugins:/opt/ros/humble/opt/rviz_ogre_vendor/lib:/opt/ros/humble/lib/x86_64-linux-gnu:/opt/ros/humble/lib /usr/bin/cmake --install /home/anand/Igus/Igus_ROS2/build/irc_ros_controllers
