[0.036s] Invoking command in '/home/anand/Igus/Igus_ROS2/build/irc_ros_hardware': CMAKE_PREFIX_PATH=/home/anand/Igus/Igus_ROS2/install/irc_ros_msgs:/home/anand/Igus/Igus_ROS2/install/irc_ros_navigation2:/home/anand/Igus/Igus_ROS2/install/irc_ros_controllers:/home/anand/Igus/Igus_ROS2/install/irc_ros_bringup:/home/anand/Igus/Igus_ROS2/install/irc_ros_hardware:/home/anand/Igus/Igus_ROS2/install/irc_ros_examples:/home/anand/Igus/Igus_ROS2/install/irc_ros_moveit_config:/home/anand/Igus/Igus_ROS2/install/irc_ros_description:/home/anand/rover_ws/install/rover_description:/home/anand/rebel_ws/install/myrobot_moveit_config:/home/anand/rebel_ws/install/igus_rebel_description:/home/anand/Igus/Igus_ROS2/install/testtube_sorting:/home/anand/Igus/Igus_ROS2/install/irc_ros_dashboard:/opt/ros/humble LD_LIBRARY_PATH=/home/anand/Igus/Igus_ROS2/install/irc_ros_msgs/lib:/home/anand/Igus/Igus_ROS2/install/irc_ros_controllers/lib:/home/anand/Igus/Igus_ROS2/install/irc_ros_hardware/lib:/usr/lib/x86_64-linux-gnu/gazebo-11/plugins:/opt/ros/humble/opt/rviz_ogre_vendor/lib:/opt/ros/humble/lib/x86_64-linux-gnu:/opt/ros/humble/lib /usr/bin/cmake /home/anand/Igus/Igus_ROS2/irc_ros_hardware -DCMAKE_INSTALL_PREFIX=/home/anand/Igus/Igus_ROS2/install/irc_ros_hardware
[0.390s] -- Found ament_cmake: 1.3.12 (/opt/ros/humble/share/ament_cmake/cmake)
[0.391s] -- Override CMake install command with custom implementation using symlinks instead of copying resources
[0.391s] -- Found control_msgs: 4.8.0 (/opt/ros/humble/share/control_msgs/cmake)
[0.391s] -- Found rosidl_generator_c: 3.1.7 (/opt/ros/humble/share/rosidl_generator_c/cmake)
[0.391s] -- Found rosidl_adapter: 3.1.7 (/opt/ros/humble/share/rosidl_adapter/cmake)
[0.391s] -- Found rosidl_generator_cpp: 3.1.7 (/opt/ros/humble/share/rosidl_generator_cpp/cmake)
[0.391s] -- Using all available rosidl_typesupport_c: rosidl_typesupport_fastrtps_c;rosidl_typesupport_introspection_c
[0.391s] -- Using all available rosidl_typesupport_cpp: rosidl_typesupport_fastrtps_cpp;rosidl_typesupport_introspection_cpp
[0.552s] -- Found controller_manager: 2.52.0 (/opt/ros/humble/share/controller_manager/cmake)
[0.648s] -- Found rmw_implementation_cmake: 6.1.2 (/opt/ros/humble/share/rmw_implementation_cmake/cmake)
[0.650s] -- Found rmw_fastrtps_cpp: 6.2.8 (/opt/ros/humble/share/rmw_fastrtps_cpp/cmake)
[0.682s] -- Found TinyXML2 via Config file: TinyXML2_DIR-NOTFOUND
[0.696s] -- Found TinyXML2 via Config file: TinyXML2_DIR-NOTFOUND
[0.725s] -- Found TinyXML2 via Config file: TinyXML2_DIR-NOTFOUND
[0.742s] -- Found TinyXML2 via Config file: TinyXML2_DIR-NOTFOUND
[0.763s] -- Using RMW implementation 'rmw_fastrtps_cpp' as default
[0.907s] -- Found irc_ros_msgs: 0.0.0 (/home/anand/Igus/Igus_ROS2/install/irc_ros_msgs/share/irc_ros_msgs/cmake)
[0.963s] -- Found ament_lint_auto: 0.12.14 (/opt/ros/humble/share/ament_lint_auto/cmake)
[1.112s] -- Added test 'copyright' to check source files copyright and LICENSE
[1.117s] -- Added test 'cppcheck' to perform static code analysis on C / C++ code
[1.117s] -- Configured cppcheck include dirs: /home/anand/Igus/Igus_ROS2/irc_ros_hardware/include
[1.117s] -- Configured cppcheck exclude dirs and/or files: 
[1.121s] -- Added test 'cpplint' to check C / C++ code against the Google style
[1.122s] -- Configured cpplint exclude dirs and/or files: 
[1.122s] -- Added test 'flake8' to check Python code syntax and style conventions
[1.124s] -- Added test 'lint_cmake' to check CMake code style
[1.125s] -- Added test 'pep257' to check Python code against some of the docstring style conventions in PEP 257
[1.129s] -- Added test 'uncrustify' to check C / C++ code style
[1.129s] -- Configured uncrustify additional arguments: 
[1.130s] -- Added test 'xmllint' to check XML markup files
[1.134s] -- Configuring done
[1.167s] -- Generating done
[1.179s] -- Build files have been written to: /home/anand/Igus/Igus_ROS2/build/irc_ros_hardware
[1.196s] Invoked command in '/home/anand/Igus/Igus_ROS2/build/irc_ros_hardware' returned '0': CMAKE_PREFIX_PATH=/home/anand/Igus/Igus_ROS2/install/irc_ros_msgs:/home/anand/Igus/Igus_ROS2/install/irc_ros_navigation2:/home/anand/Igus/Igus_ROS2/install/irc_ros_controllers:/home/anand/Igus/Igus_ROS2/install/irc_ros_bringup:/home/anand/Igus/Igus_ROS2/install/irc_ros_hardware:/home/anand/Igus/Igus_ROS2/install/irc_ros_examples:/home/anand/Igus/Igus_ROS2/install/irc_ros_moveit_config:/home/anand/Igus/Igus_ROS2/install/irc_ros_description:/home/anand/rover_ws/install/rover_description:/home/anand/rebel_ws/install/myrobot_moveit_config:/home/anand/rebel_ws/install/igus_rebel_description:/home/anand/Igus/Igus_ROS2/install/testtube_sorting:/home/anand/Igus/Igus_ROS2/install/irc_ros_dashboard:/opt/ros/humble LD_LIBRARY_PATH=/home/anand/Igus/Igus_ROS2/install/irc_ros_msgs/lib:/home/anand/Igus/Igus_ROS2/install/irc_ros_controllers/lib:/home/anand/Igus/Igus_ROS2/install/irc_ros_hardware/lib:/usr/lib/x86_64-linux-gnu/gazebo-11/plugins:/opt/ros/humble/opt/rviz_ogre_vendor/lib:/opt/ros/humble/lib/x86_64-linux-gnu:/opt/ros/humble/lib /usr/bin/cmake /home/anand/Igus/Igus_ROS2/irc_ros_hardware -DCMAKE_INSTALL_PREFIX=/home/anand/Igus/Igus_ROS2/install/irc_ros_hardware
[1.198s] Invoking command in '/home/anand/Igus/Igus_ROS2/build/irc_ros_hardware': CMAKE_PREFIX_PATH=/home/anand/Igus/Igus_ROS2/install/irc_ros_msgs:/home/anand/Igus/Igus_ROS2/install/irc_ros_navigation2:/home/anand/Igus/Igus_ROS2/install/irc_ros_controllers:/home/anand/Igus/Igus_ROS2/install/irc_ros_bringup:/home/anand/Igus/Igus_ROS2/install/irc_ros_hardware:/home/anand/Igus/Igus_ROS2/install/irc_ros_examples:/home/anand/Igus/Igus_ROS2/install/irc_ros_moveit_config:/home/anand/Igus/Igus_ROS2/install/irc_ros_description:/home/anand/rover_ws/install/rover_description:/home/anand/rebel_ws/install/myrobot_moveit_config:/home/anand/rebel_ws/install/igus_rebel_description:/home/anand/Igus/Igus_ROS2/install/testtube_sorting:/home/anand/Igus/Igus_ROS2/install/irc_ros_dashboard:/opt/ros/humble LD_LIBRARY_PATH=/home/anand/Igus/Igus_ROS2/install/irc_ros_msgs/lib:/home/anand/Igus/Igus_ROS2/install/irc_ros_controllers/lib:/home/anand/Igus/Igus_ROS2/install/irc_ros_hardware/lib:/usr/lib/x86_64-linux-gnu/gazebo-11/plugins:/opt/ros/humble/opt/rviz_ogre_vendor/lib:/opt/ros/humble/lib/x86_64-linux-gnu:/opt/ros/humble/lib /usr/bin/cmake --build /home/anand/Igus/Igus_ROS2/build/irc_ros_hardware -- -j16 -l16
[1.282s] [35m[1mConsolidate compiler generated dependencies of target irc_ros_hardware[0m
[1.351s] [100%] Built target irc_ros_hardware
[1.372s] Invoked command in '/home/anand/Igus/Igus_ROS2/build/irc_ros_hardware' returned '0': CMAKE_PREFIX_PATH=/home/anand/Igus/Igus_ROS2/install/irc_ros_msgs:/home/anand/Igus/Igus_ROS2/install/irc_ros_navigation2:/home/anand/Igus/Igus_ROS2/install/irc_ros_controllers:/home/anand/Igus/Igus_ROS2/install/irc_ros_bringup:/home/anand/Igus/Igus_ROS2/install/irc_ros_hardware:/home/anand/Igus/Igus_ROS2/install/irc_ros_examples:/home/anand/Igus/Igus_ROS2/install/irc_ros_moveit_config:/home/anand/Igus/Igus_ROS2/install/irc_ros_description:/home/anand/rover_ws/install/rover_description:/home/anand/rebel_ws/install/myrobot_moveit_config:/home/anand/rebel_ws/install/igus_rebel_description:/home/anand/Igus/Igus_ROS2/install/testtube_sorting:/home/anand/Igus/Igus_ROS2/install/irc_ros_dashboard:/opt/ros/humble LD_LIBRARY_PATH=/home/anand/Igus/Igus_ROS2/install/irc_ros_msgs/lib:/home/anand/Igus/Igus_ROS2/install/irc_ros_controllers/lib:/home/anand/Igus/Igus_ROS2/install/irc_ros_hardware/lib:/usr/lib/x86_64-linux-gnu/gazebo-11/plugins:/opt/ros/humble/opt/rviz_ogre_vendor/lib:/opt/ros/humble/lib/x86_64-linux-gnu:/opt/ros/humble/lib /usr/bin/cmake --build /home/anand/Igus/Igus_ROS2/build/irc_ros_hardware -- -j16 -l16
[1.375s] Invoking command in '/home/anand/Igus/Igus_ROS2/build/irc_ros_hardware': CMAKE_PREFIX_PATH=/home/anand/Igus/Igus_ROS2/install/irc_ros_msgs:/home/anand/Igus/Igus_ROS2/install/irc_ros_navigation2:/home/anand/Igus/Igus_ROS2/install/irc_ros_controllers:/home/anand/Igus/Igus_ROS2/install/irc_ros_bringup:/home/anand/Igus/Igus_ROS2/install/irc_ros_hardware:/home/anand/Igus/Igus_ROS2/install/irc_ros_examples:/home/anand/Igus/Igus_ROS2/install/irc_ros_moveit_config:/home/anand/Igus/Igus_ROS2/install/irc_ros_description:/home/anand/rover_ws/install/rover_description:/home/anand/rebel_ws/install/myrobot_moveit_config:/home/anand/rebel_ws/install/igus_rebel_description:/home/anand/Igus/Igus_ROS2/install/testtube_sorting:/home/anand/Igus/Igus_ROS2/install/irc_ros_dashboard:/opt/ros/humble LD_LIBRARY_PATH=/home/anand/Igus/Igus_ROS2/install/irc_ros_msgs/lib:/home/anand/Igus/Igus_ROS2/install/irc_ros_controllers/lib:/home/anand/Igus/Igus_ROS2/install/irc_ros_hardware/lib:/usr/lib/x86_64-linux-gnu/gazebo-11/plugins:/opt/ros/humble/opt/rviz_ogre_vendor/lib:/opt/ros/humble/lib/x86_64-linux-gnu:/opt/ros/humble/lib /usr/bin/cmake --install /home/anand/Igus/Igus_ROS2/build/irc_ros_hardware
[1.385s] -- Install configuration: ""
[1.386s] -- Execute custom install script
[1.386s] -- Up-to-date symlink: /home/anand/Igus/Igus_ROS2/install/irc_ros_hardware/share/irc_ros_hardware//irc_ros_hardware.xml
[1.386s] -- Up-to-date symlink: /home/anand/Igus/Igus_ROS2/install/irc_ros_hardware/lib/libirc_ros_hardware.so
[1.387s] -- Up-to-date symlink: /home/anand/Igus/Igus_ROS2/install/irc_ros_hardware/include/irc_ros_hardware/CAN/can_interface.hpp
[1.387s] -- Up-to-date symlink: /home/anand/Igus/Igus_ROS2/install/irc_ros_hardware/include/irc_ros_hardware/CAN/can_message.hpp
[1.387s] -- Up-to-date symlink: /home/anand/Igus/Igus_ROS2/install/irc_ros_hardware/include/irc_ros_hardware/CAN/can_socket.hpp
[1.388s] -- Up-to-date symlink: /home/anand/Igus/Igus_ROS2/install/irc_ros_hardware/include/irc_ros_hardware/CAN/cprcan_v2.hpp
[1.388s] -- Up-to-date symlink: /home/anand/Igus/Igus_ROS2/install/irc_ros_hardware/include/irc_ros_hardware/CAN/digital_io.hpp
[1.388s] -- Up-to-date symlink: /home/anand/Igus/Igus_ROS2/install/irc_ros_hardware/include/irc_ros_hardware/CAN/joint.hpp
[1.388s] -- Up-to-date symlink: /home/anand/Igus/Igus_ROS2/install/irc_ros_hardware/include/irc_ros_hardware/CAN/module.hpp
[1.389s] -- Up-to-date symlink: /home/anand/Igus/Igus_ROS2/install/irc_ros_hardware/include/irc_ros_hardware/CAN/modulestates.hpp
[1.389s] -- Up-to-date symlink: /home/anand/Igus/Igus_ROS2/install/irc_ros_hardware/include/irc_ros_hardware/CRI/cri_keywords.hpp
[1.390s] -- Up-to-date symlink: /home/anand/Igus/Igus_ROS2/install/irc_ros_hardware/include/irc_ros_hardware/CRI/cri_messages.hpp
[1.390s] -- Up-to-date symlink: /home/anand/Igus/Igus_ROS2/install/irc_ros_hardware/include/irc_ros_hardware/CRI/cri_socket.hpp
[1.390s] -- Up-to-date symlink: /home/anand/Igus/Igus_ROS2/install/irc_ros_hardware/include/irc_ros_hardware/common/errorstate.hpp
[1.391s] -- Up-to-date symlink: /home/anand/Igus/Igus_ROS2/install/irc_ros_hardware/include/irc_ros_hardware/irc_ros_can.hpp
[1.391s] -- Up-to-date symlink: /home/anand/Igus/Igus_ROS2/install/irc_ros_hardware/include/irc_ros_hardware/irc_ros_cri.hpp
[1.391s] -- Up-to-date symlink: /home/anand/Igus/Igus_ROS2/install/irc_ros_hardware/share/irc_ros_hardware/environment/library_path.sh
[1.391s] -- Up-to-date symlink: /home/anand/Igus/Igus_ROS2/install/irc_ros_hardware/share/irc_ros_hardware/environment/library_path.dsv
[1.391s] -- Up-to-date symlink: /home/anand/Igus/Igus_ROS2/install/irc_ros_hardware/share/ament_index/resource_index/package_run_dependencies/irc_ros_hardware
[1.392s] -- Up-to-date symlink: /home/anand/Igus/Igus_ROS2/install/irc_ros_hardware/share/ament_index/resource_index/parent_prefix_path/irc_ros_hardware
[1.392s] -- Up-to-date symlink: /home/anand/Igus/Igus_ROS2/install/irc_ros_hardware/share/irc_ros_hardware/environment/ament_prefix_path.sh
[1.392s] -- Up-to-date symlink: /home/anand/Igus/Igus_ROS2/install/irc_ros_hardware/share/irc_ros_hardware/environment/ament_prefix_path.dsv
[1.392s] -- Up-to-date symlink: /home/anand/Igus/Igus_ROS2/install/irc_ros_hardware/share/irc_ros_hardware/environment/path.sh
[1.392s] -- Up-to-date symlink: /home/anand/Igus/Igus_ROS2/install/irc_ros_hardware/share/irc_ros_hardware/environment/path.dsv
[1.393s] -- Up-to-date symlink: /home/anand/Igus/Igus_ROS2/install/irc_ros_hardware/share/irc_ros_hardware/local_setup.bash
[1.393s] -- Up-to-date symlink: /home/anand/Igus/Igus_ROS2/install/irc_ros_hardware/share/irc_ros_hardware/local_setup.sh
[1.393s] -- Up-to-date symlink: /home/anand/Igus/Igus_ROS2/install/irc_ros_hardware/share/irc_ros_hardware/local_setup.zsh
[1.393s] -- Up-to-date symlink: /home/anand/Igus/Igus_ROS2/install/irc_ros_hardware/share/irc_ros_hardware/local_setup.dsv
[1.393s] -- Symlinking: /home/anand/Igus/Igus_ROS2/install/irc_ros_hardware/share/irc_ros_hardware/package.dsv
[1.407s] -- Up-to-date symlink: /home/anand/Igus/Igus_ROS2/install/irc_ros_hardware/share/ament_index/resource_index/packages/irc_ros_hardware
[1.407s] -- Up-to-date symlink: /home/anand/Igus/Igus_ROS2/install/irc_ros_hardware/share/ament_index/resource_index/hardware_interface__pluginlib__plugin/irc_ros_hardware
[1.407s] -- Up-to-date symlink: /home/anand/Igus/Igus_ROS2/install/irc_ros_hardware/share/irc_ros_hardware/cmake/ament_cmake_export_dependencies-extras.cmake
[1.408s] -- Up-to-date symlink: /home/anand/Igus/Igus_ROS2/install/irc_ros_hardware/share/irc_ros_hardware/cmake/ament_cmake_export_include_directories-extras.cmake
[1.408s] -- Up-to-date symlink: /home/anand/Igus/Igus_ROS2/install/irc_ros_hardware/share/irc_ros_hardware/cmake/ament_cmake_export_libraries-extras.cmake
[1.408s] -- Up-to-date symlink: /home/anand/Igus/Igus_ROS2/install/irc_ros_hardware/share/irc_ros_hardware/cmake/irc_ros_hardwareConfig.cmake
[1.408s] -- Up-to-date symlink: /home/anand/Igus/Igus_ROS2/install/irc_ros_hardware/share/irc_ros_hardware/cmake/irc_ros_hardwareConfig-version.cmake
[1.408s] -- Up-to-date symlink: /home/anand/Igus/Igus_ROS2/install/irc_ros_hardware/share/irc_ros_hardware/package.xml
[1.412s] Invoked command in '/home/anand/Igus/Igus_ROS2/build/irc_ros_hardware' returned '0': CMAKE_PREFIX_PATH=/home/anand/Igus/Igus_ROS2/install/irc_ros_msgs:/home/anand/Igus/Igus_ROS2/install/irc_ros_navigation2:/home/anand/Igus/Igus_ROS2/install/irc_ros_controllers:/home/anand/Igus/Igus_ROS2/install/irc_ros_bringup:/home/anand/Igus/Igus_ROS2/install/irc_ros_hardware:/home/anand/Igus/Igus_ROS2/install/irc_ros_examples:/home/anand/Igus/Igus_ROS2/install/irc_ros_moveit_config:/home/anand/Igus/Igus_ROS2/install/irc_ros_description:/home/anand/rover_ws/install/rover_description:/home/anand/rebel_ws/install/myrobot_moveit_config:/home/anand/rebel_ws/install/igus_rebel_description:/home/anand/Igus/Igus_ROS2/install/testtube_sorting:/home/anand/Igus/Igus_ROS2/install/irc_ros_dashboard:/opt/ros/humble LD_LIBRARY_PATH=/home/anand/Igus/Igus_ROS2/install/irc_ros_msgs/lib:/home/anand/Igus/Igus_ROS2/install/irc_ros_controllers/lib:/home/anand/Igus/Igus_ROS2/install/irc_ros_hardware/lib:/usr/lib/x86_64-linux-gnu/gazebo-11/plugins:/opt/ros/humble/opt/rviz_ogre_vendor/lib:/opt/ros/humble/lib/x86_64-linux-gnu:/opt/ros/humble/lib /usr/bin/cmake --install /home/anand/Igus/Igus_ROS2/build/irc_ros_hardware
