[0.024s] Invoking command in '/home/anand/Igus/Igus_ROS2/build/irc_ros_description': CMAKE_PREFIX_PATH=${CMAKE_PREFIX_PATH}:/home/anand/Igus/Igus_ROS2/install/testtube_sorting:/home/anand/Igus/Igus_ROS2/install/irc_ros_dashboard:/opt/ros/humble /usr/bin/cmake /home/anand/Igus/Igus_ROS2/src/irc_ros_description -DCMAKE_INSTALL_PREFIX=/home/anand/Igus/Igus_ROS2/install/irc_ros_description
[0.035s] -- Found ament_cmake: 1.3.12 (/opt/ros/humble/share/ament_cmake/cmake)
[0.205s] -- Override CMake install command with custom implementation using symlinks instead of copying resources
[0.323s] -- Configuring done
[0.327s] -- Generating done
[0.329s] -- Build files have been written to: /home/anand/Igus/Igus_ROS2/build/irc_ros_description
[0.433s] Invoked command in '/home/anand/Igus/Igus_ROS2/build/irc_ros_description' returned '0': CMAKE_PREFIX_PATH=${CMAKE_PREFIX_PATH}:/home/anand/Igus/Igus_ROS2/install/testtube_sorting:/home/anand/Igus/Igus_ROS2/install/irc_ros_dashboard:/opt/ros/humble /usr/bin/cmake /home/anand/Igus/Igus_ROS2/src/irc_ros_description -DCMAKE_INSTALL_PREFIX=/home/anand/Igus/Igus_ROS2/install/irc_ros_description
[0.436s] Invoking command in '/home/anand/Igus/Igus_ROS2/build/irc_ros_description': CMAKE_PREFIX_PATH=${CMAKE_PREFIX_PATH}:/home/anand/Igus/Igus_ROS2/install/testtube_sorting:/home/anand/Igus/Igus_ROS2/install/irc_ros_dashboard:/opt/ros/humble /usr/bin/cmake --build /home/anand/Igus/Igus_ROS2/build/irc_ros_description -- -j16 -l16
[0.501s] Invoked command in '/home/anand/Igus/Igus_ROS2/build/irc_ros_description' returned '0': CMAKE_PREFIX_PATH=${CMAKE_PREFIX_PATH}:/home/anand/Igus/Igus_ROS2/install/testtube_sorting:/home/anand/Igus/Igus_ROS2/install/irc_ros_dashboard:/opt/ros/humble /usr/bin/cmake --build /home/anand/Igus/Igus_ROS2/build/irc_ros_description -- -j16 -l16
[0.520s] Invoking command in '/home/anand/Igus/Igus_ROS2/build/irc_ros_description': CMAKE_PREFIX_PATH=${CMAKE_PREFIX_PATH}:/home/anand/Igus/Igus_ROS2/install/testtube_sorting:/home/anand/Igus/Igus_ROS2/install/irc_ros_dashboard:/opt/ros/humble /usr/bin/cmake --install /home/anand/Igus/Igus_ROS2/build/irc_ros_description
[0.534s] -- Install configuration: ""
[0.535s] -- Execute custom install script
[0.537s] -- Up-to-date symlink: /home/anand/Igus/Igus_ROS2/install/irc_ros_description/share/irc_ros_description/meshes/cpr_platform_medium/body.dae
[0.537s] -- Up-to-date symlink: /home/anand/Igus/Igus_ROS2/install/irc_ros_description/share/irc_ros_description/meshes/cpr_platform_medium/bodyColl.dae
[0.538s] -- Up-to-date symlink: /home/anand/Igus/Igus_ROS2/install/irc_ros_description/share/irc_ros_description/meshes/cpr_platform_medium/wheel.dae
[0.538s] -- Up-to-date symlink: /home/anand/Igus/Igus_ROS2/install/irc_ros_description/share/irc_ros_description/meshes/cpr_platform_medium/wheelColl.dae
[0.538s] -- Up-to-date symlink: /home/anand/Igus/Igus_ROS2/install/irc_ros_description/share/irc_ros_description/meshes/gripper_schmalz_ecbpmi/Joint0.dae
[0.539s] -- Up-to-date symlink: /home/anand/Igus/Igus_ROS2/install/irc_ros_description/share/irc_ros_description/meshes/gripper_schmalz_ecbpmi/Joint0Coll.dae
[0.539s] -- Up-to-date symlink: /home/anand/Igus/Igus_ROS2/install/irc_ros_description/share/irc_ros_description/meshes/igus_rebel_4dof_00/Joint0.dae
[0.539s] -- Up-to-date symlink: /home/anand/Igus/Igus_ROS2/install/irc_ros_description/share/irc_ros_description/meshes/igus_rebel_4dof_00/Joint0Coll.dae
[0.539s] -- Up-to-date symlink: /home/anand/Igus/Igus_ROS2/install/irc_ros_description/share/irc_ros_description/meshes/igus_rebel_4dof_00/Joint1.dae
[0.540s] -- Up-to-date symlink: /home/anand/Igus/Igus_ROS2/install/irc_ros_description/share/irc_ros_description/meshes/igus_rebel_4dof_00/Joint1Coll.dae
[0.540s] -- Up-to-date symlink: /home/anand/Igus/Igus_ROS2/install/irc_ros_description/share/irc_ros_description/meshes/igus_rebel_4dof_00/Joint2.dae
[0.540s] -- Up-to-date symlink: /home/anand/Igus/Igus_ROS2/install/irc_ros_description/share/irc_ros_description/meshes/igus_rebel_4dof_00/Joint2Coll.dae
[0.540s] -- Up-to-date symlink: /home/anand/Igus/Igus_ROS2/install/irc_ros_description/share/irc_ros_description/meshes/igus_rebel_4dof_00/Joint3.dae
[0.540s] -- Up-to-date symlink: /home/anand/Igus/Igus_ROS2/install/irc_ros_description/share/irc_ros_description/meshes/igus_rebel_4dof_00/Joint3Coll.dae
[0.540s] -- Up-to-date symlink: /home/anand/Igus/Igus_ROS2/install/irc_ros_description/share/irc_ros_description/meshes/igus_rebel_4dof_00/Joint4.dae
[0.540s] -- Up-to-date symlink: /home/anand/Igus/Igus_ROS2/install/irc_ros_description/share/irc_ros_description/meshes/igus_rebel_4dof_00/Joint4Coll.dae
[0.540s] -- Up-to-date symlink: /home/anand/Igus/Igus_ROS2/install/irc_ros_description/share/irc_ros_description/meshes/igus_rebel_4dof_pre/Joint0.dae
[0.541s] -- Up-to-date symlink: /home/anand/Igus/Igus_ROS2/install/irc_ros_description/share/irc_ros_description/meshes/igus_rebel_4dof_pre/Joint0Coll.dae
[0.541s] -- Up-to-date symlink: /home/anand/Igus/Igus_ROS2/install/irc_ros_description/share/irc_ros_description/meshes/igus_rebel_4dof_pre/Joint1.dae
[0.541s] -- Up-to-date symlink: /home/anand/Igus/Igus_ROS2/install/irc_ros_description/share/irc_ros_description/meshes/igus_rebel_4dof_pre/Joint1Coll.dae
[0.541s] -- Up-to-date symlink: /home/anand/Igus/Igus_ROS2/install/irc_ros_description/share/irc_ros_description/meshes/igus_rebel_4dof_pre/Joint2.dae
[0.542s] -- Up-to-date symlink: /home/anand/Igus/Igus_ROS2/install/irc_ros_description/share/irc_ros_description/meshes/igus_rebel_4dof_pre/Joint2Coll.dae
[0.542s] -- Up-to-date symlink: /home/anand/Igus/Igus_ROS2/install/irc_ros_description/share/irc_ros_description/meshes/igus_rebel_4dof_pre/Joint3.dae
[0.542s] -- Up-to-date symlink: /home/anand/Igus/Igus_ROS2/install/irc_ros_description/share/irc_ros_description/meshes/igus_rebel_4dof_pre/Joint3Coll.dae
[0.542s] -- Up-to-date symlink: /home/anand/Igus/Igus_ROS2/install/irc_ros_description/share/irc_ros_description/meshes/igus_rebel_4dof_pre/Joint4.dae
[0.542s] -- Up-to-date symlink: /home/anand/Igus/Igus_ROS2/install/irc_ros_description/share/irc_ros_description/meshes/igus_rebel_4dof_pre/Joint4Coll.dae
[0.543s] -- Up-to-date symlink: /home/anand/Igus/Igus_ROS2/install/irc_ros_description/share/irc_ros_description/meshes/igus_rebel_6dof_00/Joint0.dae
[0.543s] -- Up-to-date symlink: /home/anand/Igus/Igus_ROS2/install/irc_ros_description/share/irc_ros_description/meshes/igus_rebel_6dof_00/Joint0Coll.dae
[0.543s] -- Up-to-date symlink: /home/anand/Igus/Igus_ROS2/install/irc_ros_description/share/irc_ros_description/meshes/igus_rebel_6dof_00/Joint1.dae
[0.543s] -- Up-to-date symlink: /home/anand/Igus/Igus_ROS2/install/irc_ros_description/share/irc_ros_description/meshes/igus_rebel_6dof_00/Joint1Coll.dae
[0.543s] -- Up-to-date symlink: /home/anand/Igus/Igus_ROS2/install/irc_ros_description/share/irc_ros_description/meshes/igus_rebel_6dof_00/Joint2.dae
[0.544s] -- Up-to-date symlink: /home/anand/Igus/Igus_ROS2/install/irc_ros_description/share/irc_ros_description/meshes/igus_rebel_6dof_00/Joint2Coll.dae
[0.544s] -- Up-to-date symlink: /home/anand/Igus/Igus_ROS2/install/irc_ros_description/share/irc_ros_description/meshes/igus_rebel_6dof_00/Joint3.dae
[0.544s] -- Up-to-date symlink: /home/anand/Igus/Igus_ROS2/install/irc_ros_description/share/irc_ros_description/meshes/igus_rebel_6dof_00/Joint3Coll.dae
[0.544s] -- Up-to-date symlink: /home/anand/Igus/Igus_ROS2/install/irc_ros_description/share/irc_ros_description/meshes/igus_rebel_6dof_00/Joint4.dae
[0.544s] -- Up-to-date symlink: /home/anand/Igus/Igus_ROS2/install/irc_ros_description/share/irc_ros_description/meshes/igus_rebel_6dof_00/Joint4Coll.dae
[0.545s] -- Up-to-date symlink: /home/anand/Igus/Igus_ROS2/install/irc_ros_description/share/irc_ros_description/meshes/igus_rebel_6dof_00/Joint5.dae
[0.545s] -- Up-to-date symlink: /home/anand/Igus/Igus_ROS2/install/irc_ros_description/share/irc_ros_description/meshes/igus_rebel_6dof_00/Joint5Coll.dae
[0.545s] -- Up-to-date symlink: /home/anand/Igus/Igus_ROS2/install/irc_ros_description/share/irc_ros_description/meshes/igus_rebel_6dof_00/Joint6.dae
[0.545s] -- Up-to-date symlink: /home/anand/Igus/Igus_ROS2/install/irc_ros_description/share/irc_ros_description/meshes/igus_rebel_6dof_00/Joint6Coll.dae
[0.545s] -- Up-to-date symlink: /home/anand/Igus/Igus_ROS2/install/irc_ros_description/share/irc_ros_description/meshes/igus_rebel_6dof_pre/Joint0.dae
[0.546s] -- Up-to-date symlink: /home/anand/Igus/Igus_ROS2/install/irc_ros_description/share/irc_ros_description/meshes/igus_rebel_6dof_pre/Joint0Coll.dae
[0.546s] -- Up-to-date symlink: /home/anand/Igus/Igus_ROS2/install/irc_ros_description/share/irc_ros_description/meshes/igus_rebel_6dof_pre/Joint1.dae
[0.546s] -- Up-to-date symlink: /home/anand/Igus/Igus_ROS2/install/irc_ros_description/share/irc_ros_description/meshes/igus_rebel_6dof_pre/Joint1Coll.dae
[0.546s] -- Up-to-date symlink: /home/anand/Igus/Igus_ROS2/install/irc_ros_description/share/irc_ros_description/meshes/igus_rebel_6dof_pre/Joint2.dae
[0.547s] -- Up-to-date symlink: /home/anand/Igus/Igus_ROS2/install/irc_ros_description/share/irc_ros_description/meshes/igus_rebel_6dof_pre/Joint2Coll.dae
[0.547s] -- Up-to-date symlink: /home/anand/Igus/Igus_ROS2/install/irc_ros_description/share/irc_ros_description/meshes/igus_rebel_6dof_pre/Joint3.dae
[0.547s] -- Up-to-date symlink: /home/anand/Igus/Igus_ROS2/install/irc_ros_description/share/irc_ros_description/meshes/igus_rebel_6dof_pre/Joint3Coll.dae
[0.547s] -- Up-to-date symlink: /home/anand/Igus/Igus_ROS2/install/irc_ros_description/share/irc_ros_description/meshes/igus_rebel_6dof_pre/Joint4.dae
[0.547s] -- Up-to-date symlink: /home/anand/Igus/Igus_ROS2/install/irc_ros_description/share/irc_ros_description/meshes/igus_rebel_6dof_pre/Joint4Coll.dae
[0.548s] -- Up-to-date symlink: /home/anand/Igus/Igus_ROS2/install/irc_ros_description/share/irc_ros_description/meshes/igus_rebel_6dof_pre/Joint5.dae
[0.548s] -- Up-to-date symlink: /home/anand/Igus/Igus_ROS2/install/irc_ros_description/share/irc_ros_description/meshes/igus_rebel_6dof_pre/Joint5Coll.dae
[0.548s] -- Up-to-date symlink: /home/anand/Igus/Igus_ROS2/install/irc_ros_description/share/irc_ros_description/meshes/igus_rebel_6dof_pre/Joint6.dae
[0.548s] -- Up-to-date symlink: /home/anand/Igus/Igus_ROS2/install/irc_ros_description/share/irc_ros_description/meshes/igus_rebel_6dof_pre/Joint6Coll.dae
[0.549s] -- Up-to-date symlink: /home/anand/Igus/Igus_ROS2/install/irc_ros_description/share/irc_ros_description/meshes/igus_robolink_rl_dp_5/Joint0.dae
[0.549s] -- Up-to-date symlink: /home/anand/Igus/Igus_ROS2/install/irc_ros_description/share/irc_ros_description/meshes/igus_robolink_rl_dp_5/Joint0Coll.dae
[0.549s] -- Up-to-date symlink: /home/anand/Igus/Igus_ROS2/install/irc_ros_description/share/irc_ros_description/meshes/igus_robolink_rl_dp_5/Joint1.dae
[0.549s] -- Up-to-date symlink: /home/anand/Igus/Igus_ROS2/install/irc_ros_description/share/irc_ros_description/meshes/igus_robolink_rl_dp_5/Joint1Coll.dae
[0.549s] -- Up-to-date symlink: /home/anand/Igus/Igus_ROS2/install/irc_ros_description/share/irc_ros_description/meshes/igus_robolink_rl_dp_5/Joint2.dae
[0.550s] -- Up-to-date symlink: /home/anand/Igus/Igus_ROS2/install/irc_ros_description/share/irc_ros_description/meshes/igus_robolink_rl_dp_5/Joint2Coll.dae
[0.550s] -- Up-to-date symlink: /home/anand/Igus/Igus_ROS2/install/irc_ros_description/share/irc_ros_description/meshes/igus_robolink_rl_dp_5/Joint3.dae
[0.550s] -- Up-to-date symlink: /home/anand/Igus/Igus_ROS2/install/irc_ros_description/share/irc_ros_description/meshes/igus_robolink_rl_dp_5/Joint3Coll.dae
[0.550s] -- Up-to-date symlink: /home/anand/Igus/Igus_ROS2/install/irc_ros_description/share/irc_ros_description/meshes/igus_robolink_rl_dp_5/Joint4.dae
[0.550s] -- Up-to-date symlink: /home/anand/Igus/Igus_ROS2/install/irc_ros_description/share/irc_ros_description/meshes/igus_robolink_rl_dp_5/Joint4Coll.dae
[0.551s] -- Up-to-date symlink: /home/anand/Igus/Igus_ROS2/install/irc_ros_description/share/irc_ros_description/meshes/igus_robolink_rl_dp_5/Joint5.dae
[0.551s] -- Up-to-date symlink: /home/anand/Igus/Igus_ROS2/install/irc_ros_description/share/irc_ros_description/meshes/igus_robolink_rl_dp_5/Joint5Coll.dae
[0.551s] -- Up-to-date symlink: /home/anand/Igus/Igus_ROS2/install/irc_ros_description/share/irc_ros_description/launch/visualize.launch.py
[0.552s] -- Up-to-date symlink: /home/anand/Igus/Igus_ROS2/install/irc_ros_description/share/irc_ros_description/urdf/cpr_platform_medium.urdf.xacro
[0.553s] -- Up-to-date symlink: /home/anand/Igus/Igus_ROS2/install/irc_ros_description/share/irc_ros_description/urdf/grippers/ext_dio_gripper.description.xacro
[0.553s] -- Up-to-date symlink: /home/anand/Igus/Igus_ROS2/install/irc_ros_description/share/irc_ros_description/urdf/grippers/ext_dio_gripper.ros2_control.xacro
[0.553s] -- Up-to-date symlink: /home/anand/Igus/Igus_ROS2/install/irc_ros_description/share/irc_ros_description/urdf/grippers/grippers.macro.xacro
[0.553s] -- Up-to-date symlink: /home/anand/Igus/Igus_ROS2/install/irc_ros_description/share/irc_ros_description/urdf/grippers/schmalz_ecbpmi.description.xacro
[0.553s] -- Up-to-date symlink: /home/anand/Igus/Igus_ROS2/install/irc_ros_description/share/irc_ros_description/urdf/igus_rebel_4dof.urdf.xacro
[0.553s] -- Up-to-date symlink: /home/anand/Igus/Igus_ROS2/install/irc_ros_description/share/irc_ros_description/urdf/igus_rebel_6dof.urdf.xacro
[0.554s] -- Up-to-date symlink: /home/anand/Igus/Igus_ROS2/install/irc_ros_description/share/irc_ros_description/urdf/igus_robolink_rl_dp_5.urdf.xacro
[0.554s] -- Up-to-date symlink: /home/anand/Igus/Igus_ROS2/install/irc_ros_description/share/irc_ros_description/urdf/modules/din_rail.ros2_control.xacro
[0.554s] -- Up-to-date symlink: /home/anand/Igus/Igus_ROS2/install/irc_ros_description/share/irc_ros_description/urdf/modules/rebel.ros2_control.xacro
[0.554s] -- Up-to-date symlink: /home/anand/Igus/Igus_ROS2/install/irc_ros_description/share/irc_ros_description/urdf/platforms/cpr_platform_medium.description.xacro
[0.555s] -- Up-to-date symlink: /home/anand/Igus/Igus_ROS2/install/irc_ros_description/share/irc_ros_description/urdf/platforms/cpr_platform_medium.macro.xacro
[0.555s] -- Up-to-date symlink: /home/anand/Igus/Igus_ROS2/install/irc_ros_description/share/irc_ros_description/urdf/platforms/cpr_platform_medium.ros2_control.xacro
[0.555s] -- Up-to-date symlink: /home/anand/Igus/Igus_ROS2/install/irc_ros_description/share/irc_ros_description/urdf/rebel_on_platform.urdf.xacro
[0.555s] -- Up-to-date symlink: /home/anand/Igus/Igus_ROS2/install/irc_ros_description/share/irc_ros_description/urdf/robots/igus_rebel_4dof.macro.xacro
[0.556s] -- Up-to-date symlink: /home/anand/Igus/Igus_ROS2/install/irc_ros_description/share/irc_ros_description/urdf/robots/igus_rebel_4dof_00.description.xacro
[0.557s] -- Up-to-date symlink: /home/anand/Igus/Igus_ROS2/install/irc_ros_description/share/irc_ros_description/urdf/robots/igus_rebel_4dof_00.ros2_control.xacro
[0.557s] -- Up-to-date symlink: /home/anand/Igus/Igus_ROS2/install/irc_ros_description/share/irc_ros_description/urdf/robots/igus_rebel_4dof_01.description.xacro
[0.558s] -- Up-to-date symlink: /home/anand/Igus/Igus_ROS2/install/irc_ros_description/share/irc_ros_description/urdf/robots/igus_rebel_4dof_01.ros2_control.xacro
[0.559s] -- Up-to-date symlink: /home/anand/Igus/Igus_ROS2/install/irc_ros_description/share/irc_ros_description/urdf/robots/igus_rebel_6dof.macro.xacro
[0.559s] -- Up-to-date symlink: /home/anand/Igus/Igus_ROS2/install/irc_ros_description/share/irc_ros_description/urdf/robots/igus_rebel_6dof_00.description.xacro
[0.559s] -- Up-to-date symlink: /home/anand/Igus/Igus_ROS2/install/irc_ros_description/share/irc_ros_description/urdf/robots/igus_rebel_6dof_00.ros2_control.xacro
[0.559s] -- Up-to-date symlink: /home/anand/Igus/Igus_ROS2/install/irc_ros_description/share/irc_ros_description/urdf/robots/igus_rebel_6dof_01.description.xacro
[0.560s] -- Up-to-date symlink: /home/anand/Igus/Igus_ROS2/install/irc_ros_description/share/irc_ros_description/urdf/robots/igus_rebel_6dof_01.ros2_control.xacro
[0.560s] -- Up-to-date symlink: /home/anand/Igus/Igus_ROS2/install/irc_ros_description/share/irc_ros_description/urdf/robots/igus_rebel_6dof_pre.description.xacro
[0.560s] -- Up-to-date symlink: /home/anand/Igus/Igus_ROS2/install/irc_ros_description/share/irc_ros_description/urdf/robots/igus_rebel_6dof_pre.ros2_control.xacro
[0.560s] -- Up-to-date symlink: /home/anand/Igus/Igus_ROS2/install/irc_ros_description/share/irc_ros_description/urdf/robots/igus_robolink_rl_dp_5.description.xacro
[0.562s] -- Up-to-date symlink: /home/anand/Igus/Igus_ROS2/install/irc_ros_description/share/irc_ros_description/urdf/robots/igus_robolink_rl_dp_5.macro.xacro
[0.564s] -- Up-to-date symlink: /home/anand/Igus/Igus_ROS2/install/irc_ros_description/share/irc_ros_description/urdf/robots/igus_robolink_rl_dp_5.ros2_control.xacro
[0.564s] -- Up-to-date symlink: /home/anand/Igus/Igus_ROS2/install/irc_ros_description/share/irc_ros_description/rviz/platform.rviz
[0.564s] -- Up-to-date symlink: /home/anand/Igus/Igus_ROS2/install/irc_ros_description/share/irc_ros_description/rviz/rebel.rviz
[0.564s] -- Up-to-date symlink: /home/anand/Igus/Igus_ROS2/install/irc_ros_description/share/ament_index/resource_index/package_run_dependencies/irc_ros_description
[0.565s] -- Up-to-date symlink: /home/anand/Igus/Igus_ROS2/install/irc_ros_description/share/ament_index/resource_index/parent_prefix_path/irc_ros_description
[0.565s] -- Up-to-date symlink: /home/anand/Igus/Igus_ROS2/install/irc_ros_description/share/irc_ros_description/environment/ament_prefix_path.sh
[0.566s] -- Up-to-date symlink: /home/anand/Igus/Igus_ROS2/install/irc_ros_description/share/irc_ros_description/environment/ament_prefix_path.dsv
[0.566s] -- Up-to-date symlink: /home/anand/Igus/Igus_ROS2/install/irc_ros_description/share/irc_ros_description/environment/path.sh
[0.566s] -- Up-to-date symlink: /home/anand/Igus/Igus_ROS2/install/irc_ros_description/share/irc_ros_description/environment/path.dsv
[0.567s] -- Up-to-date symlink: /home/anand/Igus/Igus_ROS2/install/irc_ros_description/share/irc_ros_description/local_setup.bash
[0.567s] -- Up-to-date symlink: /home/anand/Igus/Igus_ROS2/install/irc_ros_description/share/irc_ros_description/local_setup.sh
[0.567s] -- Up-to-date symlink: /home/anand/Igus/Igus_ROS2/install/irc_ros_description/share/irc_ros_description/local_setup.zsh
[0.568s] -- Up-to-date symlink: /home/anand/Igus/Igus_ROS2/install/irc_ros_description/share/irc_ros_description/local_setup.dsv
[0.568s] -- Symlinking: /home/anand/Igus/Igus_ROS2/install/irc_ros_description/share/irc_ros_description/package.dsv
[0.574s] -- Up-to-date symlink: /home/anand/Igus/Igus_ROS2/install/irc_ros_description/share/ament_index/resource_index/packages/irc_ros_description
[0.574s] -- Up-to-date symlink: /home/anand/Igus/Igus_ROS2/install/irc_ros_description/share/irc_ros_description/cmake/irc_ros_descriptionConfig.cmake
[0.574s] -- Up-to-date symlink: /home/anand/Igus/Igus_ROS2/install/irc_ros_description/share/irc_ros_description/cmake/irc_ros_descriptionConfig-version.cmake
[0.574s] -- Up-to-date symlink: /home/anand/Igus/Igus_ROS2/install/irc_ros_description/share/irc_ros_description/package.xml
[0.592s] Invoked command in '/home/anand/Igus/Igus_ROS2/build/irc_ros_description' returned '0': CMAKE_PREFIX_PATH=${CMAKE_PREFIX_PATH}:/home/anand/Igus/Igus_ROS2/install/testtube_sorting:/home/anand/Igus/Igus_ROS2/install/irc_ros_dashboard:/opt/ros/humble /usr/bin/cmake --install /home/anand/Igus/Igus_ROS2/build/irc_ros_description
