[0.029s] Invoking command in '/home/anand/Igus/Igus_ROS2/build/irc_ros_hardware': CMAKE_PREFIX_PATH=/home/anand/Igus/Igus_ROS2/install/irc_ros_msgs:/home/anand/Igus/Igus_ROS2/install/irc_ros_navigation2:/home/anand/Igus/Igus_ROS2/install/irc_ros_controllers:/home/anand/Igus/Igus_ROS2/install/irc_ros_bringup:/home/anand/Igus/Igus_ROS2/install/irc_ros_hardware:/home/anand/Igus/Igus_ROS2/install/irc_ros_examples:/home/anand/Igus/Igus_ROS2/install/irc_ros_moveit_config:/home/anand/Igus/Igus_ROS2/install/irc_ros_description:/home/anand/rover_ws/install/rover_description:/home/anand/rebel_ws/install/myrobot_moveit_config:/home/anand/rebel_ws/install/igus_rebel_description:/home/anand/Igus/Igus_ROS2/install/testtube_sorting:/home/anand/Igus/Igus_ROS2/install/irc_ros_dashboard:/opt/ros/humble LD_LIBRARY_PATH=/home/anand/Igus/Igus_ROS2/install/irc_ros_msgs/lib:/home/anand/Igus/Igus_ROS2/install/irc_ros_controllers/lib:/home/anand/Igus/Igus_ROS2/install/irc_ros_hardware/lib:/usr/lib/x86_64-linux-gnu/gazebo-11/plugins:/opt/ros/humble/opt/rviz_ogre_vendor/lib:/opt/ros/humble/lib/x86_64-linux-gnu:/opt/ros/humble/lib /usr/bin/cmake /home/anand/Igus/Igus_ROS2/irc_ros_hardware -DAMENT_CMAKE_SYMLINK_INSTALL=1 -DCMAKE_INSTALL_PREFIX=/home/anand/Igus/Igus_ROS2/install/irc_ros_hardware
[0.306s] -- The C compiler identification is GNU 11.4.0
[0.306s] -- The CXX compiler identification is GNU 11.4.0
[0.306s] -- Detecting C compiler ABI info
[0.307s] -- Detecting C compiler ABI info - done
[0.308s] -- Check for working C compiler: /usr/bin/cc - skipped
[0.308s] -- Detecting C compile features
[0.308s] -- Detecting C compile features - done
[0.313s] -- Detecting CXX compiler ABI info
[0.425s] -- Detecting CXX compiler ABI info - done
[0.439s] -- Check for working CXX compiler: /usr/bin/c++ - skipped
[0.439s] -- Detecting CXX compile features
[0.440s] -- Detecting CXX compile features - done
[0.446s] -- Found ament_cmake: 1.3.12 (/opt/ros/humble/share/ament_cmake/cmake)
[1.031s] -- Found Python3: /usr/bin/python3 (found version "3.10.12") found components: Interpreter 
[1.129s] -- Override CMake install command with custom implementation using symlinks instead of copying resources
[1.175s] -- Found control_msgs: 4.8.0 (/opt/ros/humble/share/control_msgs/cmake)
[1.230s] -- Found rosidl_generator_c: 3.1.7 (/opt/ros/humble/share/rosidl_generator_c/cmake)
[1.241s] -- Found rosidl_adapter: 3.1.7 (/opt/ros/humble/share/rosidl_adapter/cmake)
[1.259s] -- Found rosidl_generator_cpp: 3.1.7 (/opt/ros/humble/share/rosidl_generator_cpp/cmake)
[1.286s] -- Using all available rosidl_typesupport_c: rosidl_typesupport_fastrtps_c;rosidl_typesupport_introspection_c
[1.313s] -- Using all available rosidl_typesupport_cpp: rosidl_typesupport_fastrtps_cpp;rosidl_typesupport_introspection_cpp
[1.513s] -- Found controller_manager: 2.52.0 (/opt/ros/humble/share/controller_manager/cmake)
[1.643s] -- Found rmw_implementation_cmake: 6.1.2 (/opt/ros/humble/share/rmw_implementation_cmake/cmake)
[1.647s] -- Found rmw_fastrtps_cpp: 6.2.8 (/opt/ros/humble/share/rmw_fastrtps_cpp/cmake)
[1.685s] -- Found TinyXML2 via Config file: TinyXML2_DIR-NOTFOUND
[1.767s] -- Found OpenSSL: /usr/lib/x86_64-linux-gnu/libcrypto.so (found version "3.0.2")  
[1.771s] -- Found TinyXML2 via Config file: TinyXML2_DIR-NOTFOUND
[1.796s] -- Found FastRTPS: /opt/ros/humble/include  
[1.801s] -- Found TinyXML2 via Config file: TinyXML2_DIR-NOTFOUND
[1.812s] -- Found TinyXML2 via Config file: TinyXML2_DIR-NOTFOUND
[1.830s] -- Using RMW implementation 'rmw_fastrtps_cpp' as default
[1.849s] -- Looking for pthread.h
[1.947s] -- Looking for pthread.h - found
[1.947s] -- Performing Test CMAKE_HAVE_LIBC_PTHREAD
[2.048s] -- Performing Test CMAKE_HAVE_LIBC_PTHREAD - Success
[2.050s] -- Found Threads: TRUE  
[2.171s] -- Found irc_ros_msgs: 0.0.0 (/home/anand/Igus/Igus_ROS2/install/irc_ros_msgs/share/irc_ros_msgs/cmake)
[2.203s] -- Found ament_lint_auto: 0.12.14 (/opt/ros/humble/share/ament_lint_auto/cmake)
[2.335s] -- Added test 'copyright' to check source files copyright and LICENSE
[2.338s] -- Added test 'cppcheck' to perform static code analysis on C / C++ code
[2.338s] -- Configured cppcheck include dirs: /home/anand/Igus/Igus_ROS2/irc_ros_hardware/include
[2.338s] -- Configured cppcheck exclude dirs and/or files: 
[2.340s] -- Added test 'cpplint' to check C / C++ code against the Google style
[2.340s] -- Configured cpplint exclude dirs and/or files: 
[2.341s] -- Added test 'flake8' to check Python code syntax and style conventions
[2.342s] -- Added test 'lint_cmake' to check CMake code style
[2.343s] -- Added test 'pep257' to check Python code against some of the docstring style conventions in PEP 257
[2.345s] -- Added test 'uncrustify' to check C / C++ code style
[2.345s] -- Configured uncrustify additional arguments: 
[2.346s] -- Added test 'xmllint' to check XML markup files
[2.349s] -- Configuring done
[2.367s] -- Generating done
[2.373s] -- Build files have been written to: /home/anand/Igus/Igus_ROS2/build/irc_ros_hardware
[2.388s] Invoked command in '/home/anand/Igus/Igus_ROS2/build/irc_ros_hardware' returned '0': CMAKE_PREFIX_PATH=/home/anand/Igus/Igus_ROS2/install/irc_ros_msgs:/home/anand/Igus/Igus_ROS2/install/irc_ros_navigation2:/home/anand/Igus/Igus_ROS2/install/irc_ros_controllers:/home/anand/Igus/Igus_ROS2/install/irc_ros_bringup:/home/anand/Igus/Igus_ROS2/install/irc_ros_hardware:/home/anand/Igus/Igus_ROS2/install/irc_ros_examples:/home/anand/Igus/Igus_ROS2/install/irc_ros_moveit_config:/home/anand/Igus/Igus_ROS2/install/irc_ros_description:/home/anand/rover_ws/install/rover_description:/home/anand/rebel_ws/install/myrobot_moveit_config:/home/anand/rebel_ws/install/igus_rebel_description:/home/anand/Igus/Igus_ROS2/install/testtube_sorting:/home/anand/Igus/Igus_ROS2/install/irc_ros_dashboard:/opt/ros/humble LD_LIBRARY_PATH=/home/anand/Igus/Igus_ROS2/install/irc_ros_msgs/lib:/home/anand/Igus/Igus_ROS2/install/irc_ros_controllers/lib:/home/anand/Igus/Igus_ROS2/install/irc_ros_hardware/lib:/usr/lib/x86_64-linux-gnu/gazebo-11/plugins:/opt/ros/humble/opt/rviz_ogre_vendor/lib:/opt/ros/humble/lib/x86_64-linux-gnu:/opt/ros/humble/lib /usr/bin/cmake /home/anand/Igus/Igus_ROS2/irc_ros_hardware -DAMENT_CMAKE_SYMLINK_INSTALL=1 -DCMAKE_INSTALL_PREFIX=/home/anand/Igus/Igus_ROS2/install/irc_ros_hardware
[2.391s] Invoking command in '/home/anand/Igus/Igus_ROS2/build/irc_ros_hardware': CMAKE_PREFIX_PATH=/home/anand/Igus/Igus_ROS2/install/irc_ros_msgs:/home/anand/Igus/Igus_ROS2/install/irc_ros_navigation2:/home/anand/Igus/Igus_ROS2/install/irc_ros_controllers:/home/anand/Igus/Igus_ROS2/install/irc_ros_bringup:/home/anand/Igus/Igus_ROS2/install/irc_ros_hardware:/home/anand/Igus/Igus_ROS2/install/irc_ros_examples:/home/anand/Igus/Igus_ROS2/install/irc_ros_moveit_config:/home/anand/Igus/Igus_ROS2/install/irc_ros_description:/home/anand/rover_ws/install/rover_description:/home/anand/rebel_ws/install/myrobot_moveit_config:/home/anand/rebel_ws/install/igus_rebel_description:/home/anand/Igus/Igus_ROS2/install/testtube_sorting:/home/anand/Igus/Igus_ROS2/install/irc_ros_dashboard:/opt/ros/humble LD_LIBRARY_PATH=/home/anand/Igus/Igus_ROS2/install/irc_ros_msgs/lib:/home/anand/Igus/Igus_ROS2/install/irc_ros_controllers/lib:/home/anand/Igus/Igus_ROS2/install/irc_ros_hardware/lib:/usr/lib/x86_64-linux-gnu/gazebo-11/plugins:/opt/ros/humble/opt/rviz_ogre_vendor/lib:/opt/ros/humble/lib/x86_64-linux-gnu:/opt/ros/humble/lib /usr/bin/cmake --build /home/anand/Igus/Igus_ROS2/build/irc_ros_hardware -- -j16 -l16
[2.462s] [  9%] [32mBuilding CXX object CMakeFiles/irc_ros_hardware.dir/src/CAN/module.cpp.o[0m
[2.463s] [ 18%] [32mBuilding CXX object CMakeFiles/irc_ros_hardware.dir/src/CAN/digital_io.cpp.o[0m
[2.463s] [ 54%] [32mBuilding CXX object CMakeFiles/irc_ros_hardware.dir/src/CRI/cri_messages.cpp.o[0m
[2.463s] [ 54%] [32mBuilding CXX object CMakeFiles/irc_ros_hardware.dir/src/CRI/cri_socket.cpp.o[0m
[2.464s] [ 54%] [32mBuilding CXX object CMakeFiles/irc_ros_hardware.dir/src/irc_ros_can.cpp.o[0m
[2.465s] [ 54%] [32mBuilding CXX object CMakeFiles/irc_ros_hardware.dir/src/irc_ros_cri.cpp.o[0m
[2.465s] [ 63%] [32mBuilding CXX object CMakeFiles/irc_ros_hardware.dir/src/CAN/can_socket.cpp.o[0m
[2.465s] [ 81%] [32mBuilding CXX object CMakeFiles/irc_ros_hardware.dir/src/CAN/can_interface.cpp.o[0m
[2.466s] [ 81%] [32mBuilding CXX object CMakeFiles/irc_ros_hardware.dir/src/CAN/can_message.cpp.o[0m
[2.466s] [ 90%] [32mBuilding CXX object CMakeFiles/irc_ros_hardware.dir/src/CAN/joint.cpp.o[0m
[13.402s] In file included from [01m[K/opt/ros/humble/include/rclcpp/rclcpp/logging.hpp:24[m[K,
[13.402s]                  from [01m[K/opt/ros/humble/include/rclcpp/rclcpp/client.hpp:40[m[K,
[13.403s]                  from [01m[K/opt/ros/humble/include/rclcpp/rclcpp/callback_group.hpp:24[m[K,
[13.403s]                  from [01m[K/opt/ros/humble/include/rclcpp/rclcpp/any_executable.hpp:20[m[K,
[13.403s]                  from [01m[K/opt/ros/humble/include/rclcpp/rclcpp/memory_strategy.hpp:25[m[K,
[13.403s]                  from [01m[K/opt/ros/humble/include/rclcpp/rclcpp/memory_strategies.hpp:18[m[K,
[13.403s]                  from [01m[K/opt/ros/humble/include/rclcpp/rclcpp/executor_options.hpp:20[m[K,
[13.403s]                  from [01m[K/opt/ros/humble/include/rclcpp/rclcpp/executor.hpp:37[m[K,
[13.403s]                  from [01m[K/opt/ros/humble/include/rclcpp/rclcpp/executors/multi_threaded_executor.hpp:25[m[K,
[13.403s]                  from [01m[K/opt/ros/humble/include/rclcpp/rclcpp/executors.hpp:21[m[K,
[13.403s]                  from [01m[K/opt/ros/humble/include/rclcpp/rclcpp/rclcpp.hpp:155[m[K,
[13.403s]                  from [01m[K/home/anand/Igus/Igus_ROS2/irc_ros_hardware/src/irc_ros_cri.cpp:17[m[K:
[13.403s] [01m[K/home/anand/Igus/Igus_ROS2/irc_ros_hardware/src/irc_ros_cri.cpp:[m[K In member function ‘[01m[Kvirtual hardware_interface::CallbackReturn irc_hardware::IrcRosCri::on_init(const hardware_interface::HardwareInfo&)[m[K’:
[13.403s] [01m[K/home/anand/Igus/Igus_ROS2/irc_ros_hardware/src/irc_ros_cri.cpp:334:9:[m[K [01;35m[Kwarning: [m[Kformat ‘[01m[K%s[m[K’ expects argument of type ‘[01m[Kchar*[m[K’, but argument 5 has type ‘[01m[Kconst string[m[K’ {aka ‘[01m[Kconst std::__cxx11::basic_string<char>[m[K’} [[01;35m[K]8;;https://gcc.gnu.org/onlinedocs/gcc/Warning-Options.html#index-Wformat=-Wformat=]8;;[m[K]
[13.403s]   334 |         [01;35m[K"No cri_joint_offset specified for joint %s, using default value of %lf"[m[K, joint.name,
[13.403s]       |         [01;35m[K^~~~~~~~~~~~~~~~~~~~~~~~~~~~~~~~~~~~~~~~~~~~~~~~~~~~~~~~~~~~~~~~~~~~~~~~[m[K
[13.403s] [01m[K/home/anand/Igus/Igus_ROS2/irc_ros_hardware/src/irc_ros_cri.cpp:334:51:[m[K [01;36m[Knote: [m[Kformat string is defined here
[13.404s]   334 | cri_joint_offset specified for joint [01;36m[K%s[m[K, using default value of %lf", joint.name,
[13.404s]       |                                      [01;36m[K~^[m[K
[13.404s]       |                                       [01;36m[K|[m[K
[13.404s]       |                                       [01;36m[Kchar*[m[K
[13.404s] 
[18.056s] [100%] [32m[1mLinking CXX shared library libirc_ros_hardware.so[0m
[18.471s] [100%] Built target irc_ros_hardware
[18.489s] Invoked command in '/home/anand/Igus/Igus_ROS2/build/irc_ros_hardware' returned '0': CMAKE_PREFIX_PATH=/home/anand/Igus/Igus_ROS2/install/irc_ros_msgs:/home/anand/Igus/Igus_ROS2/install/irc_ros_navigation2:/home/anand/Igus/Igus_ROS2/install/irc_ros_controllers:/home/anand/Igus/Igus_ROS2/install/irc_ros_bringup:/home/anand/Igus/Igus_ROS2/install/irc_ros_hardware:/home/anand/Igus/Igus_ROS2/install/irc_ros_examples:/home/anand/Igus/Igus_ROS2/install/irc_ros_moveit_config:/home/anand/Igus/Igus_ROS2/install/irc_ros_description:/home/anand/rover_ws/install/rover_description:/home/anand/rebel_ws/install/myrobot_moveit_config:/home/anand/rebel_ws/install/igus_rebel_description:/home/anand/Igus/Igus_ROS2/install/testtube_sorting:/home/anand/Igus/Igus_ROS2/install/irc_ros_dashboard:/opt/ros/humble LD_LIBRARY_PATH=/home/anand/Igus/Igus_ROS2/install/irc_ros_msgs/lib:/home/anand/Igus/Igus_ROS2/install/irc_ros_controllers/lib:/home/anand/Igus/Igus_ROS2/install/irc_ros_hardware/lib:/usr/lib/x86_64-linux-gnu/gazebo-11/plugins:/opt/ros/humble/opt/rviz_ogre_vendor/lib:/opt/ros/humble/lib/x86_64-linux-gnu:/opt/ros/humble/lib /usr/bin/cmake --build /home/anand/Igus/Igus_ROS2/build/irc_ros_hardware -- -j16 -l16
[18.492s] Invoking command in '/home/anand/Igus/Igus_ROS2/build/irc_ros_hardware': CMAKE_PREFIX_PATH=/home/anand/Igus/Igus_ROS2/install/irc_ros_msgs:/home/anand/Igus/Igus_ROS2/install/irc_ros_navigation2:/home/anand/Igus/Igus_ROS2/install/irc_ros_controllers:/home/anand/Igus/Igus_ROS2/install/irc_ros_bringup:/home/anand/Igus/Igus_ROS2/install/irc_ros_hardware:/home/anand/Igus/Igus_ROS2/install/irc_ros_examples:/home/anand/Igus/Igus_ROS2/install/irc_ros_moveit_config:/home/anand/Igus/Igus_ROS2/install/irc_ros_description:/home/anand/rover_ws/install/rover_description:/home/anand/rebel_ws/install/myrobot_moveit_config:/home/anand/rebel_ws/install/igus_rebel_description:/home/anand/Igus/Igus_ROS2/install/testtube_sorting:/home/anand/Igus/Igus_ROS2/install/irc_ros_dashboard:/opt/ros/humble LD_LIBRARY_PATH=/home/anand/Igus/Igus_ROS2/install/irc_ros_msgs/lib:/home/anand/Igus/Igus_ROS2/install/irc_ros_controllers/lib:/home/anand/Igus/Igus_ROS2/install/irc_ros_hardware/lib:/usr/lib/x86_64-linux-gnu/gazebo-11/plugins:/opt/ros/humble/opt/rviz_ogre_vendor/lib:/opt/ros/humble/lib/x86_64-linux-gnu:/opt/ros/humble/lib /usr/bin/cmake --install /home/anand/Igus/Igus_ROS2/build/irc_ros_hardware
[18.504s] -- Install configuration: ""
[18.505s] -- Execute custom install script
[18.506s] -- Symlinking: /home/anand/Igus/Igus_ROS2/install/irc_ros_hardware/share/irc_ros_hardware//irc_ros_hardware.xml
[18.521s] -- Symlinking: /home/anand/Igus/Igus_ROS2/install/irc_ros_hardware/lib/libirc_ros_hardware.so
[18.536s] -- Symlinking: /home/anand/Igus/Igus_ROS2/install/irc_ros_hardware/include/irc_ros_hardware/CAN/can_interface.hpp
[18.550s] -- Symlinking: /home/anand/Igus/Igus_ROS2/install/irc_ros_hardware/include/irc_ros_hardware/CAN/can_message.hpp
[18.562s] -- Symlinking: /home/anand/Igus/Igus_ROS2/install/irc_ros_hardware/include/irc_ros_hardware/CAN/can_socket.hpp
[18.575s] -- Symlinking: /home/anand/Igus/Igus_ROS2/install/irc_ros_hardware/include/irc_ros_hardware/CAN/cprcan_v2.hpp
[18.589s] -- Symlinking: /home/anand/Igus/Igus_ROS2/install/irc_ros_hardware/include/irc_ros_hardware/CAN/digital_io.hpp
[18.603s] -- Symlinking: /home/anand/Igus/Igus_ROS2/install/irc_ros_hardware/include/irc_ros_hardware/CAN/joint.hpp
[18.615s] -- Symlinking: /home/anand/Igus/Igus_ROS2/install/irc_ros_hardware/include/irc_ros_hardware/CAN/module.hpp
[18.626s] -- Symlinking: /home/anand/Igus/Igus_ROS2/install/irc_ros_hardware/include/irc_ros_hardware/CAN/modulestates.hpp
[18.639s] -- Symlinking: /home/anand/Igus/Igus_ROS2/install/irc_ros_hardware/include/irc_ros_hardware/CRI/cri_keywords.hpp
[18.652s] -- Symlinking: /home/anand/Igus/Igus_ROS2/install/irc_ros_hardware/include/irc_ros_hardware/CRI/cri_messages.hpp
[18.667s] -- Symlinking: /home/anand/Igus/Igus_ROS2/install/irc_ros_hardware/include/irc_ros_hardware/CRI/cri_socket.hpp
[18.681s] -- Symlinking: /home/anand/Igus/Igus_ROS2/install/irc_ros_hardware/include/irc_ros_hardware/common/errorstate.hpp
[18.694s] -- Symlinking: /home/anand/Igus/Igus_ROS2/install/irc_ros_hardware/include/irc_ros_hardware/irc_ros_can.hpp
[18.708s] -- Symlinking: /home/anand/Igus/Igus_ROS2/install/irc_ros_hardware/include/irc_ros_hardware/irc_ros_cri.hpp
[18.723s] -- Symlinking: /home/anand/Igus/Igus_ROS2/install/irc_ros_hardware/share/irc_ros_hardware/environment/library_path.sh
[18.735s] -- Symlinking: /home/anand/Igus/Igus_ROS2/install/irc_ros_hardware/share/irc_ros_hardware/environment/library_path.dsv
[18.749s] -- Symlinking: /home/anand/Igus/Igus_ROS2/install/irc_ros_hardware/share/ament_index/resource_index/package_run_dependencies/irc_ros_hardware
[18.761s] -- Symlinking: /home/anand/Igus/Igus_ROS2/install/irc_ros_hardware/share/ament_index/resource_index/parent_prefix_path/irc_ros_hardware
[18.773s] -- Symlinking: /home/anand/Igus/Igus_ROS2/install/irc_ros_hardware/share/irc_ros_hardware/environment/ament_prefix_path.sh
[18.786s] -- Symlinking: /home/anand/Igus/Igus_ROS2/install/irc_ros_hardware/share/irc_ros_hardware/environment/ament_prefix_path.dsv
[18.799s] -- Symlinking: /home/anand/Igus/Igus_ROS2/install/irc_ros_hardware/share/irc_ros_hardware/environment/path.sh
[18.811s] -- Symlinking: /home/anand/Igus/Igus_ROS2/install/irc_ros_hardware/share/irc_ros_hardware/environment/path.dsv
[18.823s] -- Symlinking: /home/anand/Igus/Igus_ROS2/install/irc_ros_hardware/share/irc_ros_hardware/local_setup.bash
[18.835s] -- Symlinking: /home/anand/Igus/Igus_ROS2/install/irc_ros_hardware/share/irc_ros_hardware/local_setup.sh
[18.849s] -- Symlinking: /home/anand/Igus/Igus_ROS2/install/irc_ros_hardware/share/irc_ros_hardware/local_setup.zsh
[18.863s] -- Symlinking: /home/anand/Igus/Igus_ROS2/install/irc_ros_hardware/share/irc_ros_hardware/local_setup.dsv
[18.877s] -- Symlinking: /home/anand/Igus/Igus_ROS2/install/irc_ros_hardware/share/irc_ros_hardware/package.dsv
[18.890s] -- Symlinking: /home/anand/Igus/Igus_ROS2/install/irc_ros_hardware/share/ament_index/resource_index/packages/irc_ros_hardware
[18.902s] -- Symlinking: /home/anand/Igus/Igus_ROS2/install/irc_ros_hardware/share/ament_index/resource_index/hardware_interface__pluginlib__plugin/irc_ros_hardware
[18.916s] -- Symlinking: /home/anand/Igus/Igus_ROS2/install/irc_ros_hardware/share/irc_ros_hardware/cmake/ament_cmake_export_dependencies-extras.cmake
[18.928s] -- Symlinking: /home/anand/Igus/Igus_ROS2/install/irc_ros_hardware/share/irc_ros_hardware/cmake/ament_cmake_export_include_directories-extras.cmake
[18.942s] -- Symlinking: /home/anand/Igus/Igus_ROS2/install/irc_ros_hardware/share/irc_ros_hardware/cmake/ament_cmake_export_libraries-extras.cmake
[18.953s] -- Symlinking: /home/anand/Igus/Igus_ROS2/install/irc_ros_hardware/share/irc_ros_hardware/cmake/irc_ros_hardwareConfig.cmake
[18.964s] -- Symlinking: /home/anand/Igus/Igus_ROS2/install/irc_ros_hardware/share/irc_ros_hardware/cmake/irc_ros_hardwareConfig-version.cmake
[18.978s] -- Symlinking: /home/anand/Igus/Igus_ROS2/install/irc_ros_hardware/share/irc_ros_hardware/package.xml
[18.995s] Invoked command in '/home/anand/Igus/Igus_ROS2/build/irc_ros_hardware' returned '0': CMAKE_PREFIX_PATH=/home/anand/Igus/Igus_ROS2/install/irc_ros_msgs:/home/anand/Igus/Igus_ROS2/install/irc_ros_navigation2:/home/anand/Igus/Igus_ROS2/install/irc_ros_controllers:/home/anand/Igus/Igus_ROS2/install/irc_ros_bringup:/home/anand/Igus/Igus_ROS2/install/irc_ros_hardware:/home/anand/Igus/Igus_ROS2/install/irc_ros_examples:/home/anand/Igus/Igus_ROS2/install/irc_ros_moveit_config:/home/anand/Igus/Igus_ROS2/install/irc_ros_description:/home/anand/rover_ws/install/rover_description:/home/anand/rebel_ws/install/myrobot_moveit_config:/home/anand/rebel_ws/install/igus_rebel_description:/home/anand/Igus/Igus_ROS2/install/testtube_sorting:/home/anand/Igus/Igus_ROS2/install/irc_ros_dashboard:/opt/ros/humble LD_LIBRARY_PATH=/home/anand/Igus/Igus_ROS2/install/irc_ros_msgs/lib:/home/anand/Igus/Igus_ROS2/install/irc_ros_controllers/lib:/home/anand/Igus/Igus_ROS2/install/irc_ros_hardware/lib:/usr/lib/x86_64-linux-gnu/gazebo-11/plugins:/opt/ros/humble/opt/rviz_ogre_vendor/lib:/opt/ros/humble/lib/x86_64-linux-gnu:/opt/ros/humble/lib /usr/bin/cmake --install /home/anand/Igus/Igus_ROS2/build/irc_ros_hardware
