[0.024s] Invoking command in '/home/anand/Igus/Igus_ROS2/build/irc_ros_bringup': CMAKE_PREFIX_PATH=/home/anand/Igus/Igus_ROS2/install/irc_ros_hardware:/home/anand/Igus/Igus_ROS2/install/irc_ros_msgs:/home/anand/Igus/Igus_ROS2/install/irc_ros_description:/home/anand/Igus/Igus_ROS2/install/irc_ros_navigation2:/home/anand/Igus/Igus_ROS2/install/irc_ros_controllers:/home/anand/Igus/Igus_ROS2/install/irc_ros_bringup:/home/anand/Igus/Igus_ROS2/install/irc_ros_examples:/home/anand/Igus/Igus_ROS2/install/irc_ros_moveit_config:/home/anand/rover_ws/install/rover_description:/home/anand/rebel_ws/install/myrobot_moveit_config:/home/anand/rebel_ws/install/igus_rebel_description:/home/anand/Igus/Igus_ROS2/install/testtube_sorting:/home/anand/Igus/Igus_ROS2/install/irc_ros_dashboard:/opt/ros/humble LD_LIBRARY_PATH=/home/anand/Igus/Igus_ROS2/install/irc_ros_hardware/lib:/home/anand/Igus/Igus_ROS2/install/irc_ros_msgs/lib:/home/anand/Igus/Igus_ROS2/install/irc_ros_controllers/lib:/usr/lib/x86_64-linux-gnu/gazebo-11/plugins:/opt/ros/humble/opt/rviz_ogre_vendor/lib:/opt/ros/humble/lib/x86_64-linux-gnu:/opt/ros/humble/lib /usr/bin/cmake /home/anand/Igus/Igus_ROS2/src/irc_ros_bringup -DCMAKE_INSTALL_PREFIX=/home/anand/Igus/Igus_ROS2/install/irc_ros_bringup
[0.042s] -- Found ament_cmake: 1.3.12 (/opt/ros/humble/share/ament_cmake/cmake)
[0.289s] -- Override CMake install command with custom implementation using symlinks instead of copying resources
[0.404s] -- Configuring done
[0.408s] -- Generating done
[0.412s] -- Build files have been written to: /home/anand/Igus/Igus_ROS2/build/irc_ros_bringup
[0.416s] Invoked command in '/home/anand/Igus/Igus_ROS2/build/irc_ros_bringup' returned '0': CMAKE_PREFIX_PATH=/home/anand/Igus/Igus_ROS2/install/irc_ros_hardware:/home/anand/Igus/Igus_ROS2/install/irc_ros_msgs:/home/anand/Igus/Igus_ROS2/install/irc_ros_description:/home/anand/Igus/Igus_ROS2/install/irc_ros_navigation2:/home/anand/Igus/Igus_ROS2/install/irc_ros_controllers:/home/anand/Igus/Igus_ROS2/install/irc_ros_bringup:/home/anand/Igus/Igus_ROS2/install/irc_ros_examples:/home/anand/Igus/Igus_ROS2/install/irc_ros_moveit_config:/home/anand/rover_ws/install/rover_description:/home/anand/rebel_ws/install/myrobot_moveit_config:/home/anand/rebel_ws/install/igus_rebel_description:/home/anand/Igus/Igus_ROS2/install/testtube_sorting:/home/anand/Igus/Igus_ROS2/install/irc_ros_dashboard:/opt/ros/humble LD_LIBRARY_PATH=/home/anand/Igus/Igus_ROS2/install/irc_ros_hardware/lib:/home/anand/Igus/Igus_ROS2/install/irc_ros_msgs/lib:/home/anand/Igus/Igus_ROS2/install/irc_ros_controllers/lib:/usr/lib/x86_64-linux-gnu/gazebo-11/plugins:/opt/ros/humble/opt/rviz_ogre_vendor/lib:/opt/ros/humble/lib/x86_64-linux-gnu:/opt/ros/humble/lib /usr/bin/cmake /home/anand/Igus/Igus_ROS2/src/irc_ros_bringup -DCMAKE_INSTALL_PREFIX=/home/anand/Igus/Igus_ROS2/install/irc_ros_bringup
[0.418s] Invoking command in '/home/anand/Igus/Igus_ROS2/build/irc_ros_bringup': CMAKE_PREFIX_PATH=/home/anand/Igus/Igus_ROS2/install/irc_ros_hardware:/home/anand/Igus/Igus_ROS2/install/irc_ros_msgs:/home/anand/Igus/Igus_ROS2/install/irc_ros_description:/home/anand/Igus/Igus_ROS2/install/irc_ros_navigation2:/home/anand/Igus/Igus_ROS2/install/irc_ros_controllers:/home/anand/Igus/Igus_ROS2/install/irc_ros_bringup:/home/anand/Igus/Igus_ROS2/install/irc_ros_examples:/home/anand/Igus/Igus_ROS2/install/irc_ros_moveit_config:/home/anand/rover_ws/install/rover_description:/home/anand/rebel_ws/install/myrobot_moveit_config:/home/anand/rebel_ws/install/igus_rebel_description:/home/anand/Igus/Igus_ROS2/install/testtube_sorting:/home/anand/Igus/Igus_ROS2/install/irc_ros_dashboard:/opt/ros/humble LD_LIBRARY_PATH=/home/anand/Igus/Igus_ROS2/install/irc_ros_hardware/lib:/home/anand/Igus/Igus_ROS2/install/irc_ros_msgs/lib:/home/anand/Igus/Igus_ROS2/install/irc_ros_controllers/lib:/usr/lib/x86_64-linux-gnu/gazebo-11/plugins:/opt/ros/humble/opt/rviz_ogre_vendor/lib:/opt/ros/humble/lib/x86_64-linux-gnu:/opt/ros/humble/lib /usr/bin/cmake --build /home/anand/Igus/Igus_ROS2/build/irc_ros_bringup -- -j16 -l16
[0.490s] Invoked command in '/home/anand/Igus/Igus_ROS2/build/irc_ros_bringup' returned '0': CMAKE_PREFIX_PATH=/home/anand/Igus/Igus_ROS2/install/irc_ros_hardware:/home/anand/Igus/Igus_ROS2/install/irc_ros_msgs:/home/anand/Igus/Igus_ROS2/install/irc_ros_description:/home/anand/Igus/Igus_ROS2/install/irc_ros_navigation2:/home/anand/Igus/Igus_ROS2/install/irc_ros_controllers:/home/anand/Igus/Igus_ROS2/install/irc_ros_bringup:/home/anand/Igus/Igus_ROS2/install/irc_ros_examples:/home/anand/Igus/Igus_ROS2/install/irc_ros_moveit_config:/home/anand/rover_ws/install/rover_description:/home/anand/rebel_ws/install/myrobot_moveit_config:/home/anand/rebel_ws/install/igus_rebel_description:/home/anand/Igus/Igus_ROS2/install/testtube_sorting:/home/anand/Igus/Igus_ROS2/install/irc_ros_dashboard:/opt/ros/humble LD_LIBRARY_PATH=/home/anand/Igus/Igus_ROS2/install/irc_ros_hardware/lib:/home/anand/Igus/Igus_ROS2/install/irc_ros_msgs/lib:/home/anand/Igus/Igus_ROS2/install/irc_ros_controllers/lib:/usr/lib/x86_64-linux-gnu/gazebo-11/plugins:/opt/ros/humble/opt/rviz_ogre_vendor/lib:/opt/ros/humble/lib/x86_64-linux-gnu:/opt/ros/humble/lib /usr/bin/cmake --build /home/anand/Igus/Igus_ROS2/build/irc_ros_bringup -- -j16 -l16
[0.493s] Invoking command in '/home/anand/Igus/Igus_ROS2/build/irc_ros_bringup': CMAKE_PREFIX_PATH=/home/anand/Igus/Igus_ROS2/install/irc_ros_hardware:/home/anand/Igus/Igus_ROS2/install/irc_ros_msgs:/home/anand/Igus/Igus_ROS2/install/irc_ros_description:/home/anand/Igus/Igus_ROS2/install/irc_ros_navigation2:/home/anand/Igus/Igus_ROS2/install/irc_ros_controllers:/home/anand/Igus/Igus_ROS2/install/irc_ros_bringup:/home/anand/Igus/Igus_ROS2/install/irc_ros_examples:/home/anand/Igus/Igus_ROS2/install/irc_ros_moveit_config:/home/anand/rover_ws/install/rover_description:/home/anand/rebel_ws/install/myrobot_moveit_config:/home/anand/rebel_ws/install/igus_rebel_description:/home/anand/Igus/Igus_ROS2/install/testtube_sorting:/home/anand/Igus/Igus_ROS2/install/irc_ros_dashboard:/opt/ros/humble LD_LIBRARY_PATH=/home/anand/Igus/Igus_ROS2/install/irc_ros_hardware/lib:/home/anand/Igus/Igus_ROS2/install/irc_ros_msgs/lib:/home/anand/Igus/Igus_ROS2/install/irc_ros_controllers/lib:/usr/lib/x86_64-linux-gnu/gazebo-11/plugins:/opt/ros/humble/opt/rviz_ogre_vendor/lib:/opt/ros/humble/lib/x86_64-linux-gnu:/opt/ros/humble/lib /usr/bin/cmake --install /home/anand/Igus/Igus_ROS2/build/irc_ros_bringup
[0.507s] -- Install configuration: ""
[0.508s] -- Execute custom install script
[0.509s] -- Up-to-date symlink: /home/anand/Igus/Igus_ROS2/install/irc_ros_bringup/share/irc_ros_bringup/config/controller_cpr_platform_medium.yaml
[0.510s] -- Up-to-date symlink: /home/anand/Igus/Igus_ROS2/install/irc_ros_bringup/share/irc_ros_bringup/config/controller_dio_module.yaml
[0.510s] -- Up-to-date symlink: /home/anand/Igus/Igus_ROS2/install/irc_ros_bringup/share/irc_ros_bringup/config/controller_igus_rebel_4dof.yaml
[0.510s] -- Up-to-date symlink: /home/anand/Igus/Igus_ROS2/install/irc_ros_bringup/share/irc_ros_bringup/config/controller_igus_rebel_6dof.yaml
[0.511s] -- Up-to-date symlink: /home/anand/Igus/Igus_ROS2/install/irc_ros_bringup/share/irc_ros_bringup/config/controller_igus_robolink_rl_dp_5.yaml
[0.511s] -- Up-to-date symlink: /home/anand/Igus/Igus_ROS2/install/irc_ros_bringup/share/irc_ros_bringup/launch/additional_controllers.launch.py
[0.511s] -- Up-to-date symlink: /home/anand/Igus/Igus_ROS2/install/irc_ros_bringup/share/irc_ros_bringup/launch/cpr_platform.launch.py
[0.511s] -- Up-to-date symlink: /home/anand/Igus/Igus_ROS2/install/irc_ros_bringup/share/irc_ros_bringup/launch/rebel.launch.py
[0.511s] -- Up-to-date symlink: /home/anand/Igus/Igus_ROS2/install/irc_ros_bringup/share/irc_ros_bringup/launch/rebel_on_platform.launch.py
[0.512s] -- Up-to-date symlink: /home/anand/Igus/Igus_ROS2/install/irc_ros_bringup/share/irc_ros_bringup/launch/robolink_rl_dp_5.launch.py
[0.512s] -- Up-to-date symlink: /home/anand/Igus/Igus_ROS2/install/irc_ros_bringup/share/irc_ros_bringup/launch/sick_s300_2.launch.py
[0.512s] -- Up-to-date symlink: /home/anand/Igus/Igus_ROS2/install/irc_ros_bringup/share/irc_ros_bringup/launch/sick_s300_2_two_scanners_merged.launch.py
[0.512s] -- Up-to-date symlink: /home/anand/Igus/Igus_ROS2/install/irc_ros_bringup/share/irc_ros_bringup/launch/two_rebels.launch.py
[0.512s] -- Up-to-date symlink: /home/anand/Igus/Igus_ROS2/install/irc_ros_bringup/share/irc_ros_bringup/params/sick_s300.yaml
[0.512s] -- Up-to-date symlink: /home/anand/Igus/Igus_ROS2/install/irc_ros_bringup/share/ament_index/resource_index/package_run_dependencies/irc_ros_bringup
[0.513s] -- Up-to-date symlink: /home/anand/Igus/Igus_ROS2/install/irc_ros_bringup/share/ament_index/resource_index/parent_prefix_path/irc_ros_bringup
[0.513s] -- Up-to-date symlink: /home/anand/Igus/Igus_ROS2/install/irc_ros_bringup/share/irc_ros_bringup/environment/ament_prefix_path.sh
[0.513s] -- Up-to-date symlink: /home/anand/Igus/Igus_ROS2/install/irc_ros_bringup/share/irc_ros_bringup/environment/ament_prefix_path.dsv
[0.513s] -- Up-to-date symlink: /home/anand/Igus/Igus_ROS2/install/irc_ros_bringup/share/irc_ros_bringup/environment/path.sh
[0.513s] -- Up-to-date symlink: /home/anand/Igus/Igus_ROS2/install/irc_ros_bringup/share/irc_ros_bringup/environment/path.dsv
[0.514s] -- Up-to-date symlink: /home/anand/Igus/Igus_ROS2/install/irc_ros_bringup/share/irc_ros_bringup/local_setup.bash
[0.514s] -- Up-to-date symlink: /home/anand/Igus/Igus_ROS2/install/irc_ros_bringup/share/irc_ros_bringup/local_setup.sh
[0.514s] -- Up-to-date symlink: /home/anand/Igus/Igus_ROS2/install/irc_ros_bringup/share/irc_ros_bringup/local_setup.zsh
[0.514s] -- Up-to-date symlink: /home/anand/Igus/Igus_ROS2/install/irc_ros_bringup/share/irc_ros_bringup/local_setup.dsv
[0.514s] -- Symlinking: /home/anand/Igus/Igus_ROS2/install/irc_ros_bringup/share/irc_ros_bringup/package.dsv
[0.532s] -- Up-to-date symlink: /home/anand/Igus/Igus_ROS2/install/irc_ros_bringup/share/ament_index/resource_index/packages/irc_ros_bringup
[0.532s] -- Up-to-date symlink: /home/anand/Igus/Igus_ROS2/install/irc_ros_bringup/share/irc_ros_bringup/cmake/irc_ros_bringupConfig.cmake
[0.532s] -- Up-to-date symlink: /home/anand/Igus/Igus_ROS2/install/irc_ros_bringup/share/irc_ros_bringup/cmake/irc_ros_bringupConfig-version.cmake
[0.532s] -- Up-to-date symlink: /home/anand/Igus/Igus_ROS2/install/irc_ros_bringup/share/irc_ros_bringup/package.xml
[0.538s] Invoked command in '/home/anand/Igus/Igus_ROS2/build/irc_ros_bringup' returned '0': CMAKE_PREFIX_PATH=/home/anand/Igus/Igus_ROS2/install/irc_ros_hardware:/home/anand/Igus/Igus_ROS2/install/irc_ros_msgs:/home/anand/Igus/Igus_ROS2/install/irc_ros_description:/home/anand/Igus/Igus_ROS2/install/irc_ros_navigation2:/home/anand/Igus/Igus_ROS2/install/irc_ros_controllers:/home/anand/Igus/Igus_ROS2/install/irc_ros_bringup:/home/anand/Igus/Igus_ROS2/install/irc_ros_examples:/home/anand/Igus/Igus_ROS2/install/irc_ros_moveit_config:/home/anand/rover_ws/install/rover_description:/home/anand/rebel_ws/install/myrobot_moveit_config:/home/anand/rebel_ws/install/igus_rebel_description:/home/anand/Igus/Igus_ROS2/install/testtube_sorting:/home/anand/Igus/Igus_ROS2/install/irc_ros_dashboard:/opt/ros/humble LD_LIBRARY_PATH=/home/anand/Igus/Igus_ROS2/install/irc_ros_hardware/lib:/home/anand/Igus/Igus_ROS2/install/irc_ros_msgs/lib:/home/anand/Igus/Igus_ROS2/install/irc_ros_controllers/lib:/usr/lib/x86_64-linux-gnu/gazebo-11/plugins:/opt/ros/humble/opt/rviz_ogre_vendor/lib:/opt/ros/humble/lib/x86_64-linux-gnu:/opt/ros/humble/lib /usr/bin/cmake --install /home/anand/Igus/Igus_ROS2/build/irc_ros_bringup
