[0.022s] Invoking command in '/home/anand/Igus/Igus_ROS2/build/irc_ros_navigation2': CMAKE_PREFIX_PATH=${CMAKE_PREFIX_PATH}:/home/anand/Igus/Igus_ROS2/install/testtube_sorting:/home/anand/Igus/Igus_ROS2/install/irc_ros_dashboard:/opt/ros/humble /usr/bin/cmake /home/anand/Igus/Igus_ROS2/irc_ros_navigation2 -DAMENT_CMAKE_SYMLINK_INSTALL=1 -DCMAKE_INSTALL_PREFIX=/home/anand/Igus/Igus_ROS2/install/irc_ros_navigation2
[0.090s] -- The C compiler identification is GNU 11.4.0
[0.172s] -- The CXX compiler identification is GNU 11.4.0
[0.182s] -- Detecting C compiler ABI info
[0.290s] -- Detecting C compiler ABI info - done
[0.301s] -- Check for working C compiler: /usr/bin/cc - skipped
[0.301s] -- Detecting C compile features
[0.302s] -- Detecting C compile features - done
[0.307s] -- Detecting CXX compiler ABI info
[0.439s] -- Detecting CXX compiler ABI info - done
[0.456s] -- Check for working CXX compiler: /usr/bin/c++ - skipped
[0.456s] -- Detecting CXX compile features
[0.457s] -- Detecting CXX compile features - done
[0.463s] -- Found ament_cmake: 1.3.12 (/opt/ros/humble/share/ament_cmake/cmake)
[1.072s] -- Found Python3: /usr/bin/python3 (found version "3.10.12") found components: Interpreter 
[1.181s] -- Override CMake install command with custom implementation using symlinks instead of copying resources
[1.236s] -- Found ament_lint_auto: 0.12.14 (/opt/ros/humble/share/ament_lint_auto/cmake)
[1.416s] -- Added test 'flake8' to check Python code syntax and style conventions
[1.418s] -- Added test 'lint_cmake' to check CMake code style
[1.419s] -- Added test 'pep257' to check Python code against some of the docstring style conventions in PEP 257
[1.422s] -- Added test 'xmllint' to check XML markup files
[1.426s] -- Configuring done
[1.432s] -- Generating done
[1.435s] -- Build files have been written to: /home/anand/Igus/Igus_ROS2/build/irc_ros_navigation2
[1.444s] Invoked command in '/home/anand/Igus/Igus_ROS2/build/irc_ros_navigation2' returned '0': CMAKE_PREFIX_PATH=${CMAKE_PREFIX_PATH}:/home/anand/Igus/Igus_ROS2/install/testtube_sorting:/home/anand/Igus/Igus_ROS2/install/irc_ros_dashboard:/opt/ros/humble /usr/bin/cmake /home/anand/Igus/Igus_ROS2/irc_ros_navigation2 -DAMENT_CMAKE_SYMLINK_INSTALL=1 -DCMAKE_INSTALL_PREFIX=/home/anand/Igus/Igus_ROS2/install/irc_ros_navigation2
[1.446s] Invoking command in '/home/anand/Igus/Igus_ROS2/build/irc_ros_navigation2': CMAKE_PREFIX_PATH=${CMAKE_PREFIX_PATH}:/home/anand/Igus/Igus_ROS2/install/testtube_sorting:/home/anand/Igus/Igus_ROS2/install/irc_ros_dashboard:/opt/ros/humble /usr/bin/cmake --build /home/anand/Igus/Igus_ROS2/build/irc_ros_navigation2 -- -j16 -l16
[1.506s] Invoked command in '/home/anand/Igus/Igus_ROS2/build/irc_ros_navigation2' returned '0': CMAKE_PREFIX_PATH=${CMAKE_PREFIX_PATH}:/home/anand/Igus/Igus_ROS2/install/testtube_sorting:/home/anand/Igus/Igus_ROS2/install/irc_ros_dashboard:/opt/ros/humble /usr/bin/cmake --build /home/anand/Igus/Igus_ROS2/build/irc_ros_navigation2 -- -j16 -l16
[1.510s] Invoking command in '/home/anand/Igus/Igus_ROS2/build/irc_ros_navigation2': CMAKE_PREFIX_PATH=${CMAKE_PREFIX_PATH}:/home/anand/Igus/Igus_ROS2/install/testtube_sorting:/home/anand/Igus/Igus_ROS2/install/irc_ros_dashboard:/opt/ros/humble /usr/bin/cmake --install /home/anand/Igus/Igus_ROS2/build/irc_ros_navigation2
[1.524s] -- Install configuration: ""
[1.525s] -- Execute custom install script
[1.526s] -- Symlinking: /home/anand/Igus/Igus_ROS2/install/irc_ros_navigation2/share/irc_ros_navigation2/launch/cpr_platform.launch.py
[1.545s] -- Symlinking: /home/anand/Igus/Igus_ROS2/install/irc_ros_navigation2/share/irc_ros_navigation2/params/cpr_platform_medium.yaml
[1.559s] -- Symlinking: /home/anand/Igus/Igus_ROS2/install/irc_ros_navigation2/share/irc_ros_navigation2/map/map.pgm
[1.571s] -- Symlinking: /home/anand/Igus/Igus_ROS2/install/irc_ros_navigation2/share/irc_ros_navigation2/map/map.yaml
[1.588s] -- Symlinking: /home/anand/Igus/Igus_ROS2/install/irc_ros_navigation2/share/irc_ros_navigation2/map/map_office.pgm
[1.608s] -- Symlinking: /home/anand/Igus/Igus_ROS2/install/irc_ros_navigation2/share/irc_ros_navigation2/map/map_office.yaml
[1.627s] -- Symlinking: /home/anand/Igus/Igus_ROS2/install/irc_ros_navigation2/share/irc_ros_navigation2/rviz/platform.rviz
[1.645s] -- Symlinking: /home/anand/Igus/Igus_ROS2/install/irc_ros_navigation2/share/ament_index/resource_index/package_run_dependencies/irc_ros_navigation2
[1.664s] -- Symlinking: /home/anand/Igus/Igus_ROS2/install/irc_ros_navigation2/share/ament_index/resource_index/parent_prefix_path/irc_ros_navigation2
[1.679s] -- Symlinking: /home/anand/Igus/Igus_ROS2/install/irc_ros_navigation2/share/irc_ros_navigation2/environment/ament_prefix_path.sh
[1.690s] -- Symlinking: /home/anand/Igus/Igus_ROS2/install/irc_ros_navigation2/share/irc_ros_navigation2/environment/ament_prefix_path.dsv
[1.709s] -- Symlinking: /home/anand/Igus/Igus_ROS2/install/irc_ros_navigation2/share/irc_ros_navigation2/environment/path.sh
[1.722s] -- Symlinking: /home/anand/Igus/Igus_ROS2/install/irc_ros_navigation2/share/irc_ros_navigation2/environment/path.dsv
[1.740s] -- Symlinking: /home/anand/Igus/Igus_ROS2/install/irc_ros_navigation2/share/irc_ros_navigation2/local_setup.bash
[1.752s] -- Symlinking: /home/anand/Igus/Igus_ROS2/install/irc_ros_navigation2/share/irc_ros_navigation2/local_setup.sh
[1.771s] -- Symlinking: /home/anand/Igus/Igus_ROS2/install/irc_ros_navigation2/share/irc_ros_navigation2/local_setup.zsh
[1.786s] -- Symlinking: /home/anand/Igus/Igus_ROS2/install/irc_ros_navigation2/share/irc_ros_navigation2/local_setup.dsv
[1.805s] -- Symlinking: /home/anand/Igus/Igus_ROS2/install/irc_ros_navigation2/share/irc_ros_navigation2/package.dsv
[1.819s] -- Symlinking: /home/anand/Igus/Igus_ROS2/install/irc_ros_navigation2/share/ament_index/resource_index/packages/irc_ros_navigation2
[1.831s] -- Symlinking: /home/anand/Igus/Igus_ROS2/install/irc_ros_navigation2/share/irc_ros_navigation2/cmake/irc_ros_navigation2Config.cmake
[1.849s] -- Symlinking: /home/anand/Igus/Igus_ROS2/install/irc_ros_navigation2/share/irc_ros_navigation2/cmake/irc_ros_navigation2Config-version.cmake
[1.864s] -- Symlinking: /home/anand/Igus/Igus_ROS2/install/irc_ros_navigation2/share/irc_ros_navigation2/package.xml
[1.882s] Invoked command in '/home/anand/Igus/Igus_ROS2/build/irc_ros_navigation2' returned '0': CMAKE_PREFIX_PATH=${CMAKE_PREFIX_PATH}:/home/anand/Igus/Igus_ROS2/install/testtube_sorting:/home/anand/Igus/Igus_ROS2/install/irc_ros_dashboard:/opt/ros/humble /usr/bin/cmake --install /home/anand/Igus/Igus_ROS2/build/irc_ros_navigation2
