[  0%] Built target irc_ros_msgs__cpp
[ 12%] Built target irc_ros_msgs__rosidl_generator_c
[ 12%] Built target ament_cmake_python_symlink_irc_ros_msgs
[ 23%] Built target irc_ros_msgs__rosidl_typesupport_fastrtps_cpp
[ 35%] Built target irc_ros_msgs__rosidl_typesupport_cpp
[ 47%] Built target irc_ros_msgs__rosidl_typesupport_c
[ 64%] Built target irc_ros_msgs__rosidl_typesupport_introspection_cpp
[ 71%] Built target irc_ros_msgs__rosidl_typesupport_fastrtps_c
[ 83%] Built target irc_ros_msgs__rosidl_typesupport_introspection_c
[ 83%] Built target irc_ros_msgs
[ 84%] Built target irc_ros_msgs__py
[ 95%] Built target irc_ros_msgs__rosidl_generator_py
[ 97%] Built target irc_ros_msgs__rosidl_typesupport_introspection_c__pyext
[ 99%] Built target irc_ros_msgs__rosidl_typesupport_fastrtps_c__pyext
[100%] Built target irc_ros_msgs__rosidl_typesupport_c__pyext
running egg_info
writing irc_ros_msgs.egg-info/PKG-INFO
writing dependency_links to irc_ros_msgs.egg-info/dependency_links.txt
writing top-level names to irc_ros_msgs.egg-info/top_level.txt
reading manifest file 'irc_ros_msgs.egg-info/SOURCES.txt'
writing manifest file 'irc_ros_msgs.egg-info/SOURCES.txt'
[100%] Built target ament_cmake_python_build_irc_ros_msgs_egg
-- Install configuration: ""
-- Execute custom install script
-- Up-to-date symlink: /home/anand/Igus/Igus_ROS2/install/irc_ros_msgs/share/ament_index/resource_index/rosidl_interfaces/irc_ros_msgs
-- Up-to-date symlink: /home/anand/Igus/Igus_ROS2/install/irc_ros_msgs/include/irc_ros_msgs/irc_ros_msgs/msg/can_module_command.h
-- Up-to-date symlink: /home/anand/Igus/Igus_ROS2/install/irc_ros_msgs/include/irc_ros_msgs/irc_ros_msgs/msg/can_module_state.h
-- Up-to-date symlink: /home/anand/Igus/Igus_ROS2/install/irc_ros_msgs/include/irc_ros_msgs/irc_ros_msgs/msg/can_module_states.h
-- Up-to-date symlink: /home/anand/Igus/Igus_ROS2/install/irc_ros_msgs/include/irc_ros_msgs/irc_ros_msgs/msg/detail/can_module_command__functions.h
-- Up-to-date symlink: /home/anand/Igus/Igus_ROS2/install/irc_ros_msgs/include/irc_ros_msgs/irc_ros_msgs/msg/detail/can_module_command__struct.h
-- Up-to-date symlink: /home/anand/Igus/Igus_ROS2/install/irc_ros_msgs/include/irc_ros_msgs/irc_ros_msgs/msg/detail/can_module_command__type_support.h
-- Up-to-date symlink: /home/anand/Igus/Igus_ROS2/install/irc_ros_msgs/include/irc_ros_msgs/irc_ros_msgs/msg/detail/can_module_state__functions.h
-- Up-to-date symlink: /home/anand/Igus/Igus_ROS2/install/irc_ros_msgs/include/irc_ros_msgs/irc_ros_msgs/msg/detail/can_module_state__struct.h
-- Up-to-date symlink: /home/anand/Igus/Igus_ROS2/install/irc_ros_msgs/include/irc_ros_msgs/irc_ros_msgs/msg/detail/can_module_state__type_support.h
-- Up-to-date symlink: /home/anand/Igus/Igus_ROS2/install/irc_ros_msgs/include/irc_ros_msgs/irc_ros_msgs/msg/detail/can_module_states__functions.h
-- Up-to-date symlink: /home/anand/Igus/Igus_ROS2/install/irc_ros_msgs/include/irc_ros_msgs/irc_ros_msgs/msg/detail/can_module_states__struct.h
-- Up-to-date symlink: /home/anand/Igus/Igus_ROS2/install/irc_ros_msgs/include/irc_ros_msgs/irc_ros_msgs/msg/detail/can_module_states__type_support.h
-- Up-to-date symlink: /home/anand/Igus/Igus_ROS2/install/irc_ros_msgs/include/irc_ros_msgs/irc_ros_msgs/msg/detail/dio_command__functions.h
-- Up-to-date symlink: /home/anand/Igus/Igus_ROS2/install/irc_ros_msgs/include/irc_ros_msgs/irc_ros_msgs/msg/detail/dio_command__struct.h
-- Up-to-date symlink: /home/anand/Igus/Igus_ROS2/install/irc_ros_msgs/include/irc_ros_msgs/irc_ros_msgs/msg/detail/dio_command__type_support.h
-- Up-to-date symlink: /home/anand/Igus/Igus_ROS2/install/irc_ros_msgs/include/irc_ros_msgs/irc_ros_msgs/msg/detail/dio_state__functions.h
-- Up-to-date symlink: /home/anand/Igus/Igus_ROS2/install/irc_ros_msgs/include/irc_ros_msgs/irc_ros_msgs/msg/detail/dio_state__struct.h
-- Up-to-date symlink: /home/anand/Igus/Igus_ROS2/install/irc_ros_msgs/include/irc_ros_msgs/irc_ros_msgs/msg/detail/dio_state__type_support.h
-- Up-to-date symlink: /home/anand/Igus/Igus_ROS2/install/irc_ros_msgs/include/irc_ros_msgs/irc_ros_msgs/msg/detail/dio_states__functions.h
-- Up-to-date symlink: /home/anand/Igus/Igus_ROS2/install/irc_ros_msgs/include/irc_ros_msgs/irc_ros_msgs/msg/detail/dio_states__struct.h
-- Up-to-date symlink: /home/anand/Igus/Igus_ROS2/install/irc_ros_msgs/include/irc_ros_msgs/irc_ros_msgs/msg/detail/dio_states__type_support.h
-- Up-to-date symlink: /home/anand/Igus/Igus_ROS2/install/irc_ros_msgs/include/irc_ros_msgs/irc_ros_msgs/msg/detail/gripper_command__functions.h
-- Up-to-date symlink: /home/anand/Igus/Igus_ROS2/install/irc_ros_msgs/include/irc_ros_msgs/irc_ros_msgs/msg/detail/gripper_command__struct.h
-- Up-to-date symlink: /home/anand/Igus/Igus_ROS2/install/irc_ros_msgs/include/irc_ros_msgs/irc_ros_msgs/msg/detail/gripper_command__type_support.h
-- Up-to-date symlink: /home/anand/Igus/Igus_ROS2/install/irc_ros_msgs/include/irc_ros_msgs/irc_ros_msgs/msg/detail/gripper_state__functions.h
-- Up-to-date symlink: /home/anand/Igus/Igus_ROS2/install/irc_ros_msgs/include/irc_ros_msgs/irc_ros_msgs/msg/detail/gripper_state__struct.h
-- Up-to-date symlink: /home/anand/Igus/Igus_ROS2/install/irc_ros_msgs/include/irc_ros_msgs/irc_ros_msgs/msg/detail/gripper_state__type_support.h
-- Up-to-date symlink: /home/anand/Igus/Igus_ROS2/install/irc_ros_msgs/include/irc_ros_msgs/irc_ros_msgs/msg/dio_command.h
-- Up-to-date symlink: /home/anand/Igus/Igus_ROS2/install/irc_ros_msgs/include/irc_ros_msgs/irc_ros_msgs/msg/dio_state.h
-- Up-to-date symlink: /home/anand/Igus/Igus_ROS2/install/irc_ros_msgs/include/irc_ros_msgs/irc_ros_msgs/msg/dio_states.h
-- Up-to-date symlink: /home/anand/Igus/Igus_ROS2/install/irc_ros_msgs/include/irc_ros_msgs/irc_ros_msgs/msg/gripper_command.h
-- Up-to-date symlink: /home/anand/Igus/Igus_ROS2/install/irc_ros_msgs/include/irc_ros_msgs/irc_ros_msgs/msg/gripper_state.h
-- Up-to-date symlink: /home/anand/Igus/Igus_ROS2/install/irc_ros_msgs/include/irc_ros_msgs/irc_ros_msgs/msg/rosidl_generator_c__visibility_control.h
-- Up-to-date symlink: /home/anand/Igus/Igus_ROS2/install/irc_ros_msgs/include/irc_ros_msgs/irc_ros_msgs/srv/can_module_command.h
-- Up-to-date symlink: /home/anand/Igus/Igus_ROS2/install/irc_ros_msgs/include/irc_ros_msgs/irc_ros_msgs/srv/detail/can_module_command__functions.h
-- Up-to-date symlink: /home/anand/Igus/Igus_ROS2/install/irc_ros_msgs/include/irc_ros_msgs/irc_ros_msgs/srv/detail/can_module_command__struct.h
-- Up-to-date symlink: /home/anand/Igus/Igus_ROS2/install/irc_ros_msgs/include/irc_ros_msgs/irc_ros_msgs/srv/detail/can_module_command__type_support.h
-- Up-to-date symlink: /home/anand/Igus/Igus_ROS2/install/irc_ros_msgs/include/irc_ros_msgs/irc_ros_msgs/srv/detail/dio_command__functions.h
-- Up-to-date symlink: /home/anand/Igus/Igus_ROS2/install/irc_ros_msgs/include/irc_ros_msgs/irc_ros_msgs/srv/detail/dio_command__struct.h
-- Up-to-date symlink: /home/anand/Igus/Igus_ROS2/install/irc_ros_msgs/include/irc_ros_msgs/irc_ros_msgs/srv/detail/dio_command__type_support.h
-- Up-to-date symlink: /home/anand/Igus/Igus_ROS2/install/irc_ros_msgs/include/irc_ros_msgs/irc_ros_msgs/srv/detail/gripper_command__functions.h
-- Up-to-date symlink: /home/anand/Igus/Igus_ROS2/install/irc_ros_msgs/include/irc_ros_msgs/irc_ros_msgs/srv/detail/gripper_command__struct.h
-- Up-to-date symlink: /home/anand/Igus/Igus_ROS2/install/irc_ros_msgs/include/irc_ros_msgs/irc_ros_msgs/srv/detail/gripper_command__type_support.h
-- Up-to-date symlink: /home/anand/Igus/Igus_ROS2/install/irc_ros_msgs/include/irc_ros_msgs/irc_ros_msgs/srv/dio_command.h
-- Up-to-date symlink: /home/anand/Igus/Igus_ROS2/install/irc_ros_msgs/include/irc_ros_msgs/irc_ros_msgs/srv/gripper_command.h
-- Up-to-date symlink: /home/anand/Igus/Igus_ROS2/install/irc_ros_msgs/share/irc_ros_msgs/environment/library_path.sh
-- Up-to-date symlink: /home/anand/Igus/Igus_ROS2/install/irc_ros_msgs/share/irc_ros_msgs/environment/library_path.dsv
-- Up-to-date symlink: /home/anand/Igus/Igus_ROS2/install/irc_ros_msgs/include/irc_ros_msgs/irc_ros_msgs/msg/detail/can_module_command__rosidl_typesupport_fastrtps_c.h
-- Up-to-date symlink: /home/anand/Igus/Igus_ROS2/install/irc_ros_msgs/include/irc_ros_msgs/irc_ros_msgs/msg/detail/can_module_state__rosidl_typesupport_fastrtps_c.h
-- Up-to-date symlink: /home/anand/Igus/Igus_ROS2/install/irc_ros_msgs/include/irc_ros_msgs/irc_ros_msgs/msg/detail/can_module_states__rosidl_typesupport_fastrtps_c.h
-- Up-to-date symlink: /home/anand/Igus/Igus_ROS2/install/irc_ros_msgs/include/irc_ros_msgs/irc_ros_msgs/msg/detail/dio_command__rosidl_typesupport_fastrtps_c.h
-- Up-to-date symlink: /home/anand/Igus/Igus_ROS2/install/irc_ros_msgs/include/irc_ros_msgs/irc_ros_msgs/msg/detail/dio_state__rosidl_typesupport_fastrtps_c.h
-- Up-to-date symlink: /home/anand/Igus/Igus_ROS2/install/irc_ros_msgs/include/irc_ros_msgs/irc_ros_msgs/msg/detail/dio_states__rosidl_typesupport_fastrtps_c.h
-- Up-to-date symlink: /home/anand/Igus/Igus_ROS2/install/irc_ros_msgs/include/irc_ros_msgs/irc_ros_msgs/msg/detail/gripper_command__rosidl_typesupport_fastrtps_c.h
-- Up-to-date symlink: /home/anand/Igus/Igus_ROS2/install/irc_ros_msgs/include/irc_ros_msgs/irc_ros_msgs/msg/detail/gripper_state__rosidl_typesupport_fastrtps_c.h
-- Up-to-date symlink: /home/anand/Igus/Igus_ROS2/install/irc_ros_msgs/include/irc_ros_msgs/irc_ros_msgs/msg/rosidl_typesupport_fastrtps_c__visibility_control.h
-- Up-to-date symlink: /home/anand/Igus/Igus_ROS2/install/irc_ros_msgs/include/irc_ros_msgs/irc_ros_msgs/srv/detail/can_module_command__rosidl_typesupport_fastrtps_c.h
-- Up-to-date symlink: /home/anand/Igus/Igus_ROS2/install/irc_ros_msgs/include/irc_ros_msgs/irc_ros_msgs/srv/detail/dio_command__rosidl_typesupport_fastrtps_c.h
-- Up-to-date symlink: /home/anand/Igus/Igus_ROS2/install/irc_ros_msgs/include/irc_ros_msgs/irc_ros_msgs/srv/detail/gripper_command__rosidl_typesupport_fastrtps_c.h
-- Up-to-date symlink: /home/anand/Igus/Igus_ROS2/install/irc_ros_msgs/include/irc_ros_msgs/irc_ros_msgs/msg/can_module_command.hpp
-- Up-to-date symlink: /home/anand/Igus/Igus_ROS2/install/irc_ros_msgs/include/irc_ros_msgs/irc_ros_msgs/msg/can_module_state.hpp
-- Up-to-date symlink: /home/anand/Igus/Igus_ROS2/install/irc_ros_msgs/include/irc_ros_msgs/irc_ros_msgs/msg/can_module_states.hpp
-- Up-to-date symlink: /home/anand/Igus/Igus_ROS2/install/irc_ros_msgs/include/irc_ros_msgs/irc_ros_msgs/msg/detail/can_module_command__builder.hpp
-- Up-to-date symlink: /home/anand/Igus/Igus_ROS2/install/irc_ros_msgs/include/irc_ros_msgs/irc_ros_msgs/msg/detail/can_module_command__struct.hpp
-- Up-to-date symlink: /home/anand/Igus/Igus_ROS2/install/irc_ros_msgs/include/irc_ros_msgs/irc_ros_msgs/msg/detail/can_module_command__traits.hpp
-- Up-to-date symlink: /home/anand/Igus/Igus_ROS2/install/irc_ros_msgs/include/irc_ros_msgs/irc_ros_msgs/msg/detail/can_module_command__type_support.hpp
-- Up-to-date symlink: /home/anand/Igus/Igus_ROS2/install/irc_ros_msgs/include/irc_ros_msgs/irc_ros_msgs/msg/detail/can_module_state__builder.hpp
-- Up-to-date symlink: /home/anand/Igus/Igus_ROS2/install/irc_ros_msgs/include/irc_ros_msgs/irc_ros_msgs/msg/detail/can_module_state__struct.hpp
-- Up-to-date symlink: /home/anand/Igus/Igus_ROS2/install/irc_ros_msgs/include/irc_ros_msgs/irc_ros_msgs/msg/detail/can_module_state__traits.hpp
-- Up-to-date symlink: /home/anand/Igus/Igus_ROS2/install/irc_ros_msgs/include/irc_ros_msgs/irc_ros_msgs/msg/detail/can_module_state__type_support.hpp
-- Up-to-date symlink: /home/anand/Igus/Igus_ROS2/install/irc_ros_msgs/include/irc_ros_msgs/irc_ros_msgs/msg/detail/can_module_states__builder.hpp
-- Up-to-date symlink: /home/anand/Igus/Igus_ROS2/install/irc_ros_msgs/include/irc_ros_msgs/irc_ros_msgs/msg/detail/can_module_states__struct.hpp
-- Up-to-date symlink: /home/anand/Igus/Igus_ROS2/install/irc_ros_msgs/include/irc_ros_msgs/irc_ros_msgs/msg/detail/can_module_states__traits.hpp
-- Up-to-date symlink: /home/anand/Igus/Igus_ROS2/install/irc_ros_msgs/include/irc_ros_msgs/irc_ros_msgs/msg/detail/can_module_states__type_support.hpp
-- Up-to-date symlink: /home/anand/Igus/Igus_ROS2/install/irc_ros_msgs/include/irc_ros_msgs/irc_ros_msgs/msg/detail/dio_command__builder.hpp
-- Up-to-date symlink: /home/anand/Igus/Igus_ROS2/install/irc_ros_msgs/include/irc_ros_msgs/irc_ros_msgs/msg/detail/dio_command__struct.hpp
-- Up-to-date symlink: /home/anand/Igus/Igus_ROS2/install/irc_ros_msgs/include/irc_ros_msgs/irc_ros_msgs/msg/detail/dio_command__traits.hpp
-- Up-to-date symlink: /home/anand/Igus/Igus_ROS2/install/irc_ros_msgs/include/irc_ros_msgs/irc_ros_msgs/msg/detail/dio_command__type_support.hpp
-- Up-to-date symlink: /home/anand/Igus/Igus_ROS2/install/irc_ros_msgs/include/irc_ros_msgs/irc_ros_msgs/msg/detail/dio_state__builder.hpp
-- Up-to-date symlink: /home/anand/Igus/Igus_ROS2/install/irc_ros_msgs/include/irc_ros_msgs/irc_ros_msgs/msg/detail/dio_state__struct.hpp
-- Up-to-date symlink: /home/anand/Igus/Igus_ROS2/install/irc_ros_msgs/include/irc_ros_msgs/irc_ros_msgs/msg/detail/dio_state__traits.hpp
-- Up-to-date symlink: /home/anand/Igus/Igus_ROS2/install/irc_ros_msgs/include/irc_ros_msgs/irc_ros_msgs/msg/detail/dio_state__type_support.hpp
-- Up-to-date symlink: /home/anand/Igus/Igus_ROS2/install/irc_ros_msgs/include/irc_ros_msgs/irc_ros_msgs/msg/detail/dio_states__builder.hpp
-- Up-to-date symlink: /home/anand/Igus/Igus_ROS2/install/irc_ros_msgs/include/irc_ros_msgs/irc_ros_msgs/msg/detail/dio_states__struct.hpp
-- Up-to-date symlink: /home/anand/Igus/Igus_ROS2/install/irc_ros_msgs/include/irc_ros_msgs/irc_ros_msgs/msg/detail/dio_states__traits.hpp
-- Up-to-date symlink: /home/anand/Igus/Igus_ROS2/install/irc_ros_msgs/include/irc_ros_msgs/irc_ros_msgs/msg/detail/dio_states__type_support.hpp
-- Up-to-date symlink: /home/anand/Igus/Igus_ROS2/install/irc_ros_msgs/include/irc_ros_msgs/irc_ros_msgs/msg/detail/gripper_command__builder.hpp
-- Up-to-date symlink: /home/anand/Igus/Igus_ROS2/install/irc_ros_msgs/include/irc_ros_msgs/irc_ros_msgs/msg/detail/gripper_command__struct.hpp
-- Up-to-date symlink: /home/anand/Igus/Igus_ROS2/install/irc_ros_msgs/include/irc_ros_msgs/irc_ros_msgs/msg/detail/gripper_command__traits.hpp
-- Up-to-date symlink: /home/anand/Igus/Igus_ROS2/install/irc_ros_msgs/include/irc_ros_msgs/irc_ros_msgs/msg/detail/gripper_command__type_support.hpp
-- Up-to-date symlink: /home/anand/Igus/Igus_ROS2/install/irc_ros_msgs/include/irc_ros_msgs/irc_ros_msgs/msg/detail/gripper_state__builder.hpp
-- Up-to-date symlink: /home/anand/Igus/Igus_ROS2/install/irc_ros_msgs/include/irc_ros_msgs/irc_ros_msgs/msg/detail/gripper_state__struct.hpp
-- Up-to-date symlink: /home/anand/Igus/Igus_ROS2/install/irc_ros_msgs/include/irc_ros_msgs/irc_ros_msgs/msg/detail/gripper_state__traits.hpp
-- Up-to-date symlink: /home/anand/Igus/Igus_ROS2/install/irc_ros_msgs/include/irc_ros_msgs/irc_ros_msgs/msg/detail/gripper_state__type_support.hpp
-- Up-to-date symlink: /home/anand/Igus/Igus_ROS2/install/irc_ros_msgs/include/irc_ros_msgs/irc_ros_msgs/msg/dio_command.hpp
-- Up-to-date symlink: /home/anand/Igus/Igus_ROS2/install/irc_ros_msgs/include/irc_ros_msgs/irc_ros_msgs/msg/dio_state.hpp
-- Up-to-date symlink: /home/anand/Igus/Igus_ROS2/install/irc_ros_msgs/include/irc_ros_msgs/irc_ros_msgs/msg/dio_states.hpp
-- Up-to-date symlink: /home/anand/Igus/Igus_ROS2/install/irc_ros_msgs/include/irc_ros_msgs/irc_ros_msgs/msg/gripper_command.hpp
-- Up-to-date symlink: /home/anand/Igus/Igus_ROS2/install/irc_ros_msgs/include/irc_ros_msgs/irc_ros_msgs/msg/gripper_state.hpp
-- Up-to-date symlink: /home/anand/Igus/Igus_ROS2/install/irc_ros_msgs/include/irc_ros_msgs/irc_ros_msgs/msg/rosidl_generator_cpp__visibility_control.hpp
-- Up-to-date symlink: /home/anand/Igus/Igus_ROS2/install/irc_ros_msgs/include/irc_ros_msgs/irc_ros_msgs/srv/can_module_command.hpp
-- Up-to-date symlink: /home/anand/Igus/Igus_ROS2/install/irc_ros_msgs/include/irc_ros_msgs/irc_ros_msgs/srv/detail/can_module_command__builder.hpp
-- Up-to-date symlink: /home/anand/Igus/Igus_ROS2/install/irc_ros_msgs/include/irc_ros_msgs/irc_ros_msgs/srv/detail/can_module_command__struct.hpp
-- Up-to-date symlink: /home/anand/Igus/Igus_ROS2/install/irc_ros_msgs/include/irc_ros_msgs/irc_ros_msgs/srv/detail/can_module_command__traits.hpp
-- Up-to-date symlink: /home/anand/Igus/Igus_ROS2/install/irc_ros_msgs/include/irc_ros_msgs/irc_ros_msgs/srv/detail/can_module_command__type_support.hpp
-- Up-to-date symlink: /home/anand/Igus/Igus_ROS2/install/irc_ros_msgs/include/irc_ros_msgs/irc_ros_msgs/srv/detail/dio_command__builder.hpp
-- Up-to-date symlink: /home/anand/Igus/Igus_ROS2/install/irc_ros_msgs/include/irc_ros_msgs/irc_ros_msgs/srv/detail/dio_command__struct.hpp
-- Up-to-date symlink: /home/anand/Igus/Igus_ROS2/install/irc_ros_msgs/include/irc_ros_msgs/irc_ros_msgs/srv/detail/dio_command__traits.hpp
-- Up-to-date symlink: /home/anand/Igus/Igus_ROS2/install/irc_ros_msgs/include/irc_ros_msgs/irc_ros_msgs/srv/detail/dio_command__type_support.hpp
-- Up-to-date symlink: /home/anand/Igus/Igus_ROS2/install/irc_ros_msgs/include/irc_ros_msgs/irc_ros_msgs/srv/detail/gripper_command__builder.hpp
-- Up-to-date symlink: /home/anand/Igus/Igus_ROS2/install/irc_ros_msgs/include/irc_ros_msgs/irc_ros_msgs/srv/detail/gripper_command__struct.hpp
-- Up-to-date symlink: /home/anand/Igus/Igus_ROS2/install/irc_ros_msgs/include/irc_ros_msgs/irc_ros_msgs/srv/detail/gripper_command__traits.hpp
-- Up-to-date symlink: /home/anand/Igus/Igus_ROS2/install/irc_ros_msgs/include/irc_ros_msgs/irc_ros_msgs/srv/detail/gripper_command__type_support.hpp
-- Up-to-date symlink: /home/anand/Igus/Igus_ROS2/install/irc_ros_msgs/include/irc_ros_msgs/irc_ros_msgs/srv/dio_command.hpp
-- Up-to-date symlink: /home/anand/Igus/Igus_ROS2/install/irc_ros_msgs/include/irc_ros_msgs/irc_ros_msgs/srv/gripper_command.hpp
-- Up-to-date symlink: /home/anand/Igus/Igus_ROS2/install/irc_ros_msgs/include/irc_ros_msgs/irc_ros_msgs/msg/detail/can_module_command__rosidl_typesupport_fastrtps_cpp.hpp
-- Up-to-date symlink: /home/anand/Igus/Igus_ROS2/install/irc_ros_msgs/include/irc_ros_msgs/irc_ros_msgs/msg/detail/can_module_state__rosidl_typesupport_fastrtps_cpp.hpp
-- Up-to-date symlink: /home/anand/Igus/Igus_ROS2/install/irc_ros_msgs/include/irc_ros_msgs/irc_ros_msgs/msg/detail/can_module_states__rosidl_typesupport_fastrtps_cpp.hpp
-- Up-to-date symlink: /home/anand/Igus/Igus_ROS2/install/irc_ros_msgs/include/irc_ros_msgs/irc_ros_msgs/msg/detail/dio_command__rosidl_typesupport_fastrtps_cpp.hpp
-- Up-to-date symlink: /home/anand/Igus/Igus_ROS2/install/irc_ros_msgs/include/irc_ros_msgs/irc_ros_msgs/msg/detail/dio_state__rosidl_typesupport_fastrtps_cpp.hpp
-- Up-to-date symlink: /home/anand/Igus/Igus_ROS2/install/irc_ros_msgs/include/irc_ros_msgs/irc_ros_msgs/msg/detail/dio_states__rosidl_typesupport_fastrtps_cpp.hpp
-- Up-to-date symlink: /home/anand/Igus/Igus_ROS2/install/irc_ros_msgs/include/irc_ros_msgs/irc_ros_msgs/msg/detail/gripper_command__rosidl_typesupport_fastrtps_cpp.hpp
-- Up-to-date symlink: /home/anand/Igus/Igus_ROS2/install/irc_ros_msgs/include/irc_ros_msgs/irc_ros_msgs/msg/detail/gripper_state__rosidl_typesupport_fastrtps_cpp.hpp
-- Up-to-date symlink: /home/anand/Igus/Igus_ROS2/install/irc_ros_msgs/include/irc_ros_msgs/irc_ros_msgs/msg/rosidl_typesupport_fastrtps_cpp__visibility_control.h
-- Up-to-date symlink: /home/anand/Igus/Igus_ROS2/install/irc_ros_msgs/include/irc_ros_msgs/irc_ros_msgs/srv/detail/can_module_command__rosidl_typesupport_fastrtps_cpp.hpp
-- Up-to-date symlink: /home/anand/Igus/Igus_ROS2/install/irc_ros_msgs/include/irc_ros_msgs/irc_ros_msgs/srv/detail/dio_command__rosidl_typesupport_fastrtps_cpp.hpp
-- Up-to-date symlink: /home/anand/Igus/Igus_ROS2/install/irc_ros_msgs/include/irc_ros_msgs/irc_ros_msgs/srv/detail/gripper_command__rosidl_typesupport_fastrtps_cpp.hpp
-- Up-to-date symlink: /home/anand/Igus/Igus_ROS2/install/irc_ros_msgs/include/irc_ros_msgs/irc_ros_msgs/msg/detail/can_module_command__rosidl_typesupport_introspection_c.h
-- Up-to-date symlink: /home/anand/Igus/Igus_ROS2/install/irc_ros_msgs/include/irc_ros_msgs/irc_ros_msgs/msg/detail/can_module_state__rosidl_typesupport_introspection_c.h
-- Up-to-date symlink: /home/anand/Igus/Igus_ROS2/install/irc_ros_msgs/include/irc_ros_msgs/irc_ros_msgs/msg/detail/can_module_states__rosidl_typesupport_introspection_c.h
-- Up-to-date symlink: /home/anand/Igus/Igus_ROS2/install/irc_ros_msgs/include/irc_ros_msgs/irc_ros_msgs/msg/detail/dio_command__rosidl_typesupport_introspection_c.h
-- Up-to-date symlink: /home/anand/Igus/Igus_ROS2/install/irc_ros_msgs/include/irc_ros_msgs/irc_ros_msgs/msg/detail/dio_state__rosidl_typesupport_introspection_c.h
-- Up-to-date symlink: /home/anand/Igus/Igus_ROS2/install/irc_ros_msgs/include/irc_ros_msgs/irc_ros_msgs/msg/detail/dio_states__rosidl_typesupport_introspection_c.h
-- Up-to-date symlink: /home/anand/Igus/Igus_ROS2/install/irc_ros_msgs/include/irc_ros_msgs/irc_ros_msgs/msg/detail/gripper_command__rosidl_typesupport_introspection_c.h
-- Up-to-date symlink: /home/anand/Igus/Igus_ROS2/install/irc_ros_msgs/include/irc_ros_msgs/irc_ros_msgs/msg/detail/gripper_state__rosidl_typesupport_introspection_c.h
-- Up-to-date symlink: /home/anand/Igus/Igus_ROS2/install/irc_ros_msgs/include/irc_ros_msgs/irc_ros_msgs/msg/rosidl_typesupport_introspection_c__visibility_control.h
-- Up-to-date symlink: /home/anand/Igus/Igus_ROS2/install/irc_ros_msgs/include/irc_ros_msgs/irc_ros_msgs/srv/detail/can_module_command__rosidl_typesupport_introspection_c.h
-- Up-to-date symlink: /home/anand/Igus/Igus_ROS2/install/irc_ros_msgs/include/irc_ros_msgs/irc_ros_msgs/srv/detail/dio_command__rosidl_typesupport_introspection_c.h
-- Up-to-date symlink: /home/anand/Igus/Igus_ROS2/install/irc_ros_msgs/include/irc_ros_msgs/irc_ros_msgs/srv/detail/gripper_command__rosidl_typesupport_introspection_c.h
-- Up-to-date symlink: /home/anand/Igus/Igus_ROS2/install/irc_ros_msgs/include/irc_ros_msgs/irc_ros_msgs/msg/detail/can_module_command__rosidl_typesupport_introspection_cpp.hpp
-- Up-to-date symlink: /home/anand/Igus/Igus_ROS2/install/irc_ros_msgs/include/irc_ros_msgs/irc_ros_msgs/msg/detail/can_module_state__rosidl_typesupport_introspection_cpp.hpp
-- Up-to-date symlink: /home/anand/Igus/Igus_ROS2/install/irc_ros_msgs/include/irc_ros_msgs/irc_ros_msgs/msg/detail/can_module_states__rosidl_typesupport_introspection_cpp.hpp
-- Up-to-date symlink: /home/anand/Igus/Igus_ROS2/install/irc_ros_msgs/include/irc_ros_msgs/irc_ros_msgs/msg/detail/dio_command__rosidl_typesupport_introspection_cpp.hpp
-- Up-to-date symlink: /home/anand/Igus/Igus_ROS2/install/irc_ros_msgs/include/irc_ros_msgs/irc_ros_msgs/msg/detail/dio_state__rosidl_typesupport_introspection_cpp.hpp
-- Up-to-date symlink: /home/anand/Igus/Igus_ROS2/install/irc_ros_msgs/include/irc_ros_msgs/irc_ros_msgs/msg/detail/dio_states__rosidl_typesupport_introspection_cpp.hpp
-- Up-to-date symlink: /home/anand/Igus/Igus_ROS2/install/irc_ros_msgs/include/irc_ros_msgs/irc_ros_msgs/msg/detail/gripper_command__rosidl_typesupport_introspection_cpp.hpp
-- Up-to-date symlink: /home/anand/Igus/Igus_ROS2/install/irc_ros_msgs/include/irc_ros_msgs/irc_ros_msgs/msg/detail/gripper_state__rosidl_typesupport_introspection_cpp.hpp
-- Up-to-date symlink: /home/anand/Igus/Igus_ROS2/install/irc_ros_msgs/include/irc_ros_msgs/irc_ros_msgs/srv/detail/can_module_command__rosidl_typesupport_introspection_cpp.hpp
-- Up-to-date symlink: /home/anand/Igus/Igus_ROS2/install/irc_ros_msgs/include/irc_ros_msgs/irc_ros_msgs/srv/detail/dio_command__rosidl_typesupport_introspection_cpp.hpp
-- Up-to-date symlink: /home/anand/Igus/Igus_ROS2/install/irc_ros_msgs/include/irc_ros_msgs/irc_ros_msgs/srv/detail/gripper_command__rosidl_typesupport_introspection_cpp.hpp
-- Up-to-date symlink: /home/anand/Igus/Igus_ROS2/install/irc_ros_msgs/share/irc_ros_msgs/environment/pythonpath.sh
-- Up-to-date symlink: /home/anand/Igus/Igus_ROS2/install/irc_ros_msgs/share/irc_ros_msgs/environment/pythonpath.dsv
-- Up-to-date symlink: /home/anand/Igus/Igus_ROS2/install/irc_ros_msgs/local/lib/python3.10/dist-packages/irc_ros_msgs-0.0.0-py3.10.egg-info/PKG-INFO
-- Up-to-date symlink: /home/anand/Igus/Igus_ROS2/install/irc_ros_msgs/local/lib/python3.10/dist-packages/irc_ros_msgs-0.0.0-py3.10.egg-info/SOURCES.txt
-- Up-to-date symlink: /home/anand/Igus/Igus_ROS2/install/irc_ros_msgs/local/lib/python3.10/dist-packages/irc_ros_msgs-0.0.0-py3.10.egg-info/dependency_links.txt
-- Up-to-date symlink: /home/anand/Igus/Igus_ROS2/install/irc_ros_msgs/local/lib/python3.10/dist-packages/irc_ros_msgs-0.0.0-py3.10.egg-info/top_level.txt
-- Up-to-date symlink: /home/anand/Igus/Igus_ROS2/install/irc_ros_msgs/local/lib/python3.10/dist-packages/irc_ros_msgs/__init__.py
-- Up-to-date symlink: /home/anand/Igus/Igus_ROS2/install/irc_ros_msgs/local/lib/python3.10/dist-packages/irc_ros_msgs/_irc_ros_msgs_s.ep.rosidl_typesupport_c.c
-- Up-to-date symlink: /home/anand/Igus/Igus_ROS2/install/irc_ros_msgs/local/lib/python3.10/dist-packages/irc_ros_msgs/_irc_ros_msgs_s.ep.rosidl_typesupport_fastrtps_c.c
-- Up-to-date symlink: /home/anand/Igus/Igus_ROS2/install/irc_ros_msgs/local/lib/python3.10/dist-packages/irc_ros_msgs/_irc_ros_msgs_s.ep.rosidl_typesupport_introspection_c.c
-- Up-to-date symlink: /home/anand/Igus/Igus_ROS2/install/irc_ros_msgs/local/lib/python3.10/dist-packages/irc_ros_msgs/irc_ros_msgs_s__rosidl_typesupport_c.cpython-310-x86_64-linux-gnu.so
-- Up-to-date symlink: /home/anand/Igus/Igus_ROS2/install/irc_ros_msgs/local/lib/python3.10/dist-packages/irc_ros_msgs/irc_ros_msgs_s__rosidl_typesupport_fastrtps_c.cpython-310-x86_64-linux-gnu.so
-- Up-to-date symlink: /home/anand/Igus/Igus_ROS2/install/irc_ros_msgs/local/lib/python3.10/dist-packages/irc_ros_msgs/irc_ros_msgs_s__rosidl_typesupport_introspection_c.cpython-310-x86_64-linux-gnu.so
-- Up-to-date symlink: /home/anand/Igus/Igus_ROS2/install/irc_ros_msgs/local/lib/python3.10/dist-packages/irc_ros_msgs/libirc_ros_msgs__rosidl_generator_py.so
-- Up-to-date symlink: /home/anand/Igus/Igus_ROS2/install/irc_ros_msgs/local/lib/python3.10/dist-packages/irc_ros_msgs/msg/__init__.py
-- Up-to-date symlink: /home/anand/Igus/Igus_ROS2/install/irc_ros_msgs/local/lib/python3.10/dist-packages/irc_ros_msgs/msg/_can_module_command.py
-- Up-to-date symlink: /home/anand/Igus/Igus_ROS2/install/irc_ros_msgs/local/lib/python3.10/dist-packages/irc_ros_msgs/msg/_can_module_command_s.c
-- Up-to-date symlink: /home/anand/Igus/Igus_ROS2/install/irc_ros_msgs/local/lib/python3.10/dist-packages/irc_ros_msgs/msg/_can_module_state.py
-- Up-to-date symlink: /home/anand/Igus/Igus_ROS2/install/irc_ros_msgs/local/lib/python3.10/dist-packages/irc_ros_msgs/msg/_can_module_state_s.c
-- Up-to-date symlink: /home/anand/Igus/Igus_ROS2/install/irc_ros_msgs/local/lib/python3.10/dist-packages/irc_ros_msgs/msg/_can_module_states.py
-- Up-to-date symlink: /home/anand/Igus/Igus_ROS2/install/irc_ros_msgs/local/lib/python3.10/dist-packages/irc_ros_msgs/msg/_can_module_states_s.c
-- Up-to-date symlink: /home/anand/Igus/Igus_ROS2/install/irc_ros_msgs/local/lib/python3.10/dist-packages/irc_ros_msgs/msg/_dio_command.py
-- Up-to-date symlink: /home/anand/Igus/Igus_ROS2/install/irc_ros_msgs/local/lib/python3.10/dist-packages/irc_ros_msgs/msg/_dio_command_s.c
-- Up-to-date symlink: /home/anand/Igus/Igus_ROS2/install/irc_ros_msgs/local/lib/python3.10/dist-packages/irc_ros_msgs/msg/_dio_state.py
-- Up-to-date symlink: /home/anand/Igus/Igus_ROS2/install/irc_ros_msgs/local/lib/python3.10/dist-packages/irc_ros_msgs/msg/_dio_state_s.c
-- Up-to-date symlink: /home/anand/Igus/Igus_ROS2/install/irc_ros_msgs/local/lib/python3.10/dist-packages/irc_ros_msgs/msg/_dio_states.py
-- Up-to-date symlink: /home/anand/Igus/Igus_ROS2/install/irc_ros_msgs/local/lib/python3.10/dist-packages/irc_ros_msgs/msg/_dio_states_s.c
-- Up-to-date symlink: /home/anand/Igus/Igus_ROS2/install/irc_ros_msgs/local/lib/python3.10/dist-packages/irc_ros_msgs/msg/_gripper_command.py
-- Up-to-date symlink: /home/anand/Igus/Igus_ROS2/install/irc_ros_msgs/local/lib/python3.10/dist-packages/irc_ros_msgs/msg/_gripper_command_s.c
-- Up-to-date symlink: /home/anand/Igus/Igus_ROS2/install/irc_ros_msgs/local/lib/python3.10/dist-packages/irc_ros_msgs/msg/_gripper_state.py
-- Up-to-date symlink: /home/anand/Igus/Igus_ROS2/install/irc_ros_msgs/local/lib/python3.10/dist-packages/irc_ros_msgs/msg/_gripper_state_s.c
-- Up-to-date symlink: /home/anand/Igus/Igus_ROS2/install/irc_ros_msgs/local/lib/python3.10/dist-packages/irc_ros_msgs/srv/__init__.py
-- Up-to-date symlink: /home/anand/Igus/Igus_ROS2/install/irc_ros_msgs/local/lib/python3.10/dist-packages/irc_ros_msgs/srv/_can_module_command.py
-- Up-to-date symlink: /home/anand/Igus/Igus_ROS2/install/irc_ros_msgs/local/lib/python3.10/dist-packages/irc_ros_msgs/srv/_can_module_command_s.c
-- Up-to-date symlink: /home/anand/Igus/Igus_ROS2/install/irc_ros_msgs/local/lib/python3.10/dist-packages/irc_ros_msgs/srv/_dio_command.py
-- Up-to-date symlink: /home/anand/Igus/Igus_ROS2/install/irc_ros_msgs/local/lib/python3.10/dist-packages/irc_ros_msgs/srv/_dio_command_s.c
-- Up-to-date symlink: /home/anand/Igus/Igus_ROS2/install/irc_ros_msgs/local/lib/python3.10/dist-packages/irc_ros_msgs/srv/_gripper_command.py
-- Up-to-date symlink: /home/anand/Igus/Igus_ROS2/install/irc_ros_msgs/local/lib/python3.10/dist-packages/irc_ros_msgs/srv/_gripper_command_s.c
-- Up-to-date symlink: /home/anand/Igus/Igus_ROS2/install/irc_ros_msgs/local/lib/python3.10/dist-packages/irc_ros_msgs/irc_ros_msgs_s__rosidl_typesupport_fastrtps_c.cpython-310-x86_64-linux-gnu.so
-- Up-to-date symlink: /home/anand/Igus/Igus_ROS2/install/irc_ros_msgs/local/lib/python3.10/dist-packages/irc_ros_msgs/irc_ros_msgs_s__rosidl_typesupport_introspection_c.cpython-310-x86_64-linux-gnu.so
-- Up-to-date symlink: /home/anand/Igus/Igus_ROS2/install/irc_ros_msgs/local/lib/python3.10/dist-packages/irc_ros_msgs/irc_ros_msgs_s__rosidl_typesupport_c.cpython-310-x86_64-linux-gnu.so
-- Up-to-date symlink: /home/anand/Igus/Igus_ROS2/install/irc_ros_msgs/share/irc_ros_msgs/msg/CanModuleCommand.idl
-- Up-to-date symlink: /home/anand/Igus/Igus_ROS2/install/irc_ros_msgs/share/irc_ros_msgs/msg/CanModuleState.idl
-- Up-to-date symlink: /home/anand/Igus/Igus_ROS2/install/irc_ros_msgs/share/irc_ros_msgs/msg/CanModuleStates.idl
-- Up-to-date symlink: /home/anand/Igus/Igus_ROS2/install/irc_ros_msgs/share/irc_ros_msgs/msg/DioCommand.idl
-- Up-to-date symlink: /home/anand/Igus/Igus_ROS2/install/irc_ros_msgs/share/irc_ros_msgs/msg/DioState.idl
-- Up-to-date symlink: /home/anand/Igus/Igus_ROS2/install/irc_ros_msgs/share/irc_ros_msgs/msg/DioStates.idl
-- Up-to-date symlink: /home/anand/Igus/Igus_ROS2/install/irc_ros_msgs/share/irc_ros_msgs/msg/GripperCommand.idl
-- Up-to-date symlink: /home/anand/Igus/Igus_ROS2/install/irc_ros_msgs/share/irc_ros_msgs/msg/GripperState.idl
-- Up-to-date symlink: /home/anand/Igus/Igus_ROS2/install/irc_ros_msgs/share/irc_ros_msgs/srv/CanModuleCommand.idl
-- Up-to-date symlink: /home/anand/Igus/Igus_ROS2/install/irc_ros_msgs/share/irc_ros_msgs/srv/DioCommand.idl
-- Up-to-date symlink: /home/anand/Igus/Igus_ROS2/install/irc_ros_msgs/share/irc_ros_msgs/srv/GripperCommand.idl
-- Up-to-date symlink: /home/anand/Igus/Igus_ROS2/install/irc_ros_msgs/share/irc_ros_msgs/msg/CanModuleCommand.msg
-- Up-to-date symlink: /home/anand/Igus/Igus_ROS2/install/irc_ros_msgs/share/irc_ros_msgs/msg/CanModuleState.msg
-- Up-to-date symlink: /home/anand/Igus/Igus_ROS2/install/irc_ros_msgs/share/irc_ros_msgs/msg/CanModuleStates.msg
-- Up-to-date symlink: /home/anand/Igus/Igus_ROS2/install/irc_ros_msgs/share/irc_ros_msgs/msg/DioCommand.msg
-- Up-to-date symlink: /home/anand/Igus/Igus_ROS2/install/irc_ros_msgs/share/irc_ros_msgs/msg/DioState.msg
-- Up-to-date symlink: /home/anand/Igus/Igus_ROS2/install/irc_ros_msgs/share/irc_ros_msgs/msg/DioStates.msg
-- Up-to-date symlink: /home/anand/Igus/Igus_ROS2/install/irc_ros_msgs/share/irc_ros_msgs/msg/GripperCommand.msg
-- Up-to-date symlink: /home/anand/Igus/Igus_ROS2/install/irc_ros_msgs/share/irc_ros_msgs/msg/GripperState.msg
-- Up-to-date symlink: /home/anand/Igus/Igus_ROS2/install/irc_ros_msgs/share/irc_ros_msgs/srv/CanModuleCommand.srv
-- Up-to-date symlink: /home/anand/Igus/Igus_ROS2/install/irc_ros_msgs/share/irc_ros_msgs/srv/CanModuleCommand_Request.msg
-- Up-to-date symlink: /home/anand/Igus/Igus_ROS2/install/irc_ros_msgs/share/irc_ros_msgs/srv/CanModuleCommand_Response.msg
-- Up-to-date symlink: /home/anand/Igus/Igus_ROS2/install/irc_ros_msgs/share/irc_ros_msgs/srv/DioCommand.srv
-- Up-to-date symlink: /home/anand/Igus/Igus_ROS2/install/irc_ros_msgs/share/irc_ros_msgs/srv/DioCommand_Request.msg
-- Up-to-date symlink: /home/anand/Igus/Igus_ROS2/install/irc_ros_msgs/share/irc_ros_msgs/srv/DioCommand_Response.msg
-- Up-to-date symlink: /home/anand/Igus/Igus_ROS2/install/irc_ros_msgs/share/irc_ros_msgs/srv/GripperCommand.srv
-- Up-to-date symlink: /home/anand/Igus/Igus_ROS2/install/irc_ros_msgs/share/irc_ros_msgs/srv/GripperCommand_Request.msg
-- Up-to-date symlink: /home/anand/Igus/Igus_ROS2/install/irc_ros_msgs/share/irc_ros_msgs/srv/GripperCommand_Response.msg
-- Up-to-date symlink: /home/anand/Igus/Igus_ROS2/install/irc_ros_msgs/share/ament_index/resource_index/package_run_dependencies/irc_ros_msgs
-- Up-to-date symlink: /home/anand/Igus/Igus_ROS2/install/irc_ros_msgs/share/ament_index/resource_index/parent_prefix_path/irc_ros_msgs
-- Up-to-date symlink: /home/anand/Igus/Igus_ROS2/install/irc_ros_msgs/share/irc_ros_msgs/environment/ament_prefix_path.sh
-- Up-to-date symlink: /home/anand/Igus/Igus_ROS2/install/irc_ros_msgs/share/irc_ros_msgs/environment/ament_prefix_path.dsv
-- Up-to-date symlink: /home/anand/Igus/Igus_ROS2/install/irc_ros_msgs/share/irc_ros_msgs/environment/path.sh
-- Up-to-date symlink: /home/anand/Igus/Igus_ROS2/install/irc_ros_msgs/share/irc_ros_msgs/environment/path.dsv
-- Up-to-date symlink: /home/anand/Igus/Igus_ROS2/install/irc_ros_msgs/share/irc_ros_msgs/local_setup.bash
-- Up-to-date symlink: /home/anand/Igus/Igus_ROS2/install/irc_ros_msgs/share/irc_ros_msgs/local_setup.sh
-- Up-to-date symlink: /home/anand/Igus/Igus_ROS2/install/irc_ros_msgs/share/irc_ros_msgs/local_setup.zsh
-- Up-to-date symlink: /home/anand/Igus/Igus_ROS2/install/irc_ros_msgs/share/irc_ros_msgs/local_setup.dsv
-- Symlinking: /home/anand/Igus/Igus_ROS2/install/irc_ros_msgs/share/irc_ros_msgs/package.dsv
-- Up-to-date symlink: /home/anand/Igus/Igus_ROS2/install/irc_ros_msgs/share/ament_index/resource_index/packages/irc_ros_msgs
-- Up-to-date symlink: /home/anand/Igus/Igus_ROS2/install/irc_ros_msgs/share/irc_ros_msgs/cmake/rosidl_cmake-extras.cmake
-- Up-to-date symlink: /home/anand/Igus/Igus_ROS2/install/irc_ros_msgs/share/irc_ros_msgs/cmake/ament_cmake_export_dependencies-extras.cmake
-- Up-to-date symlink: /home/anand/Igus/Igus_ROS2/install/irc_ros_msgs/share/irc_ros_msgs/cmake/ament_cmake_export_include_directories-extras.cmake
-- Up-to-date symlink: /home/anand/Igus/Igus_ROS2/install/irc_ros_msgs/share/irc_ros_msgs/cmake/ament_cmake_export_libraries-extras.cmake
-- Up-to-date symlink: /home/anand/Igus/Igus_ROS2/install/irc_ros_msgs/share/irc_ros_msgs/cmake/ament_cmake_export_targets-extras.cmake
-- Up-to-date symlink: /home/anand/Igus/Igus_ROS2/install/irc_ros_msgs/share/irc_ros_msgs/cmake/rosidl_cmake_export_typesupport_targets-extras.cmake
-- Up-to-date symlink: /home/anand/Igus/Igus_ROS2/install/irc_ros_msgs/share/irc_ros_msgs/cmake/rosidl_cmake_export_typesupport_libraries-extras.cmake
-- Up-to-date symlink: /home/anand/Igus/Igus_ROS2/install/irc_ros_msgs/share/irc_ros_msgs/cmake/irc_ros_msgsConfig.cmake
-- Up-to-date symlink: /home/anand/Igus/Igus_ROS2/install/irc_ros_msgs/share/irc_ros_msgs/cmake/irc_ros_msgsConfig-version.cmake
-- Up-to-date symlink: /home/anand/Igus/Igus_ROS2/install/irc_ros_msgs/share/irc_ros_msgs/package.xml
-- Up-to-date: /home/anand/Igus/Igus_ROS2/install/irc_ros_msgs/lib/libirc_ros_msgs__rosidl_generator_c.so
-- Up-to-date: /home/anand/Igus/Igus_ROS2/install/irc_ros_msgs/lib/libirc_ros_msgs__rosidl_typesupport_fastrtps_c.so
-- Up-to-date: /home/anand/Igus/Igus_ROS2/install/irc_ros_msgs/lib/libirc_ros_msgs__rosidl_typesupport_fastrtps_cpp.so
-- Up-to-date: /home/anand/Igus/Igus_ROS2/install/irc_ros_msgs/lib/libirc_ros_msgs__rosidl_typesupport_introspection_c.so
-- Up-to-date: /home/anand/Igus/Igus_ROS2/install/irc_ros_msgs/lib/libirc_ros_msgs__rosidl_typesupport_c.so
-- Up-to-date: /home/anand/Igus/Igus_ROS2/install/irc_ros_msgs/lib/libirc_ros_msgs__rosidl_typesupport_introspection_cpp.so
-- Up-to-date: /home/anand/Igus/Igus_ROS2/install/irc_ros_msgs/lib/libirc_ros_msgs__rosidl_typesupport_cpp.so
Listing '/home/anand/Igus/Igus_ROS2/install/irc_ros_msgs/local/lib/python3.10/dist-packages/irc_ros_msgs'...
Listing '/home/anand/Igus/Igus_ROS2/install/irc_ros_msgs/local/lib/python3.10/dist-packages/irc_ros_msgs/msg'...
Listing '/home/anand/Igus/Igus_ROS2/install/irc_ros_msgs/local/lib/python3.10/dist-packages/irc_ros_msgs/srv'...
-- Up-to-date: /home/anand/Igus/Igus_ROS2/install/irc_ros_msgs/lib/libirc_ros_msgs__rosidl_generator_py.so
-- Up-to-date: /home/anand/Igus/Igus_ROS2/install/irc_ros_msgs/share/irc_ros_msgs/cmake/export_irc_ros_msgs__rosidl_generator_cExport.cmake
-- Up-to-date: /home/anand/Igus/Igus_ROS2/install/irc_ros_msgs/share/irc_ros_msgs/cmake/export_irc_ros_msgs__rosidl_generator_cExport-noconfig.cmake
-- Up-to-date: /home/anand/Igus/Igus_ROS2/install/irc_ros_msgs/share/irc_ros_msgs/cmake/export_irc_ros_msgs__rosidl_typesupport_fastrtps_cExport.cmake
-- Up-to-date: /home/anand/Igus/Igus_ROS2/install/irc_ros_msgs/share/irc_ros_msgs/cmake/export_irc_ros_msgs__rosidl_typesupport_fastrtps_cExport-noconfig.cmake
-- Up-to-date: /home/anand/Igus/Igus_ROS2/install/irc_ros_msgs/share/irc_ros_msgs/cmake/export_irc_ros_msgs__rosidl_generator_cppExport.cmake
-- Up-to-date: /home/anand/Igus/Igus_ROS2/install/irc_ros_msgs/share/irc_ros_msgs/cmake/export_irc_ros_msgs__rosidl_typesupport_fastrtps_cppExport.cmake
-- Up-to-date: /home/anand/Igus/Igus_ROS2/install/irc_ros_msgs/share/irc_ros_msgs/cmake/export_irc_ros_msgs__rosidl_typesupport_fastrtps_cppExport-noconfig.cmake
-- Up-to-date: /home/anand/Igus/Igus_ROS2/install/irc_ros_msgs/share/irc_ros_msgs/cmake/irc_ros_msgs__rosidl_typesupport_introspection_cExport.cmake
-- Up-to-date: /home/anand/Igus/Igus_ROS2/install/irc_ros_msgs/share/irc_ros_msgs/cmake/irc_ros_msgs__rosidl_typesupport_introspection_cExport-noconfig.cmake
-- Up-to-date: /home/anand/Igus/Igus_ROS2/install/irc_ros_msgs/share/irc_ros_msgs/cmake/irc_ros_msgs__rosidl_typesupport_cExport.cmake
-- Up-to-date: /home/anand/Igus/Igus_ROS2/install/irc_ros_msgs/share/irc_ros_msgs/cmake/irc_ros_msgs__rosidl_typesupport_cExport-noconfig.cmake
-- Up-to-date: /home/anand/Igus/Igus_ROS2/install/irc_ros_msgs/share/irc_ros_msgs/cmake/irc_ros_msgs__rosidl_typesupport_introspection_cppExport.cmake
-- Up-to-date: /home/anand/Igus/Igus_ROS2/install/irc_ros_msgs/share/irc_ros_msgs/cmake/irc_ros_msgs__rosidl_typesupport_introspection_cppExport-noconfig.cmake
-- Up-to-date: /home/anand/Igus/Igus_ROS2/install/irc_ros_msgs/share/irc_ros_msgs/cmake/irc_ros_msgs__rosidl_typesupport_cppExport.cmake
-- Up-to-date: /home/anand/Igus/Igus_ROS2/install/irc_ros_msgs/share/irc_ros_msgs/cmake/irc_ros_msgs__rosidl_typesupport_cppExport-noconfig.cmake
-- Up-to-date: /home/anand/Igus/Igus_ROS2/install/irc_ros_msgs/share/irc_ros_msgs/cmake/export_irc_ros_msgs__rosidl_generator_pyExport.cmake
-- Up-to-date: /home/anand/Igus/Igus_ROS2/install/irc_ros_msgs/share/irc_ros_msgs/cmake/export_irc_ros_msgs__rosidl_generator_pyExport-noconfig.cmake
