[0.024s] Invoking command in '/home/anand/Igus/Igus_ROS2/build/irc_ros_description': CMAKE_PREFIX_PATH=${CMAKE_PREFIX_PATH}:/home/anand/Igus/Igus_ROS2/install/testtube_sorting:/home/anand/Igus/Igus_ROS2/install/irc_ros_dashboard:/opt/ros/humble /usr/bin/cmake /home/anand/Igus/Igus_ROS2/src/irc_ros_description -DAMENT_CMAKE_SYMLINK_INSTALL=1 -DCMAKE_INSTALL_PREFIX=/home/anand/Igus/Igus_ROS2/install/irc_ros_description
[0.096s] -- The C compiler identification is GNU 11.4.0
[0.181s] -- The CXX compiler identification is GNU 11.4.0
[0.193s] -- Detecting C compiler ABI info
[0.295s] -- Detecting C compiler ABI info - done
[0.310s] -- Check for working C compiler: /usr/bin/cc - skipped
[0.311s] -- Detecting C compile features
[0.311s] -- Detecting C compile features - done
[0.318s] -- Detecting CXX compiler ABI info
[0.457s] -- Detecting CXX compiler ABI info - done
[0.470s] -- Check for working CXX compiler: /usr/bin/c++ - skipped
[0.470s] -- Detecting CXX compile features
[0.471s] -- Detecting CXX compile features - done
[0.475s] -- Found ament_cmake: 1.3.12 (/opt/ros/humble/share/ament_cmake/cmake)
[1.084s] -- Found Python3: /usr/bin/python3 (found version "3.10.12") found components: Interpreter 
[1.211s] -- Override CMake install command with custom implementation using symlinks instead of copying resources
[1.396s] -- Configuring done
[1.401s] -- Generating done
[1.404s] -- Build files have been written to: /home/anand/Igus/Igus_ROS2/build/irc_ros_description
[1.411s] Invoked command in '/home/anand/Igus/Igus_ROS2/build/irc_ros_description' returned '0': CMAKE_PREFIX_PATH=${CMAKE_PREFIX_PATH}:/home/anand/Igus/Igus_ROS2/install/testtube_sorting:/home/anand/Igus/Igus_ROS2/install/irc_ros_dashboard:/opt/ros/humble /usr/bin/cmake /home/anand/Igus/Igus_ROS2/src/irc_ros_description -DAMENT_CMAKE_SYMLINK_INSTALL=1 -DCMAKE_INSTALL_PREFIX=/home/anand/Igus/Igus_ROS2/install/irc_ros_description
[1.414s] Invoking command in '/home/anand/Igus/Igus_ROS2/build/irc_ros_description': CMAKE_PREFIX_PATH=${CMAKE_PREFIX_PATH}:/home/anand/Igus/Igus_ROS2/install/testtube_sorting:/home/anand/Igus/Igus_ROS2/install/irc_ros_dashboard:/opt/ros/humble /usr/bin/cmake --build /home/anand/Igus/Igus_ROS2/build/irc_ros_description -- -j16 -l16
[1.473s] Invoked command in '/home/anand/Igus/Igus_ROS2/build/irc_ros_description' returned '0': CMAKE_PREFIX_PATH=${CMAKE_PREFIX_PATH}:/home/anand/Igus/Igus_ROS2/install/testtube_sorting:/home/anand/Igus/Igus_ROS2/install/irc_ros_dashboard:/opt/ros/humble /usr/bin/cmake --build /home/anand/Igus/Igus_ROS2/build/irc_ros_description -- -j16 -l16
[1.493s] Invoking command in '/home/anand/Igus/Igus_ROS2/build/irc_ros_description': CMAKE_PREFIX_PATH=${CMAKE_PREFIX_PATH}:/home/anand/Igus/Igus_ROS2/install/testtube_sorting:/home/anand/Igus/Igus_ROS2/install/irc_ros_dashboard:/opt/ros/humble /usr/bin/cmake --install /home/anand/Igus/Igus_ROS2/build/irc_ros_description
[1.507s] -- Install configuration: ""
[1.509s] -- Execute custom install script
[1.511s] -- Symlinking: /home/anand/Igus/Igus_ROS2/install/irc_ros_description/share/irc_ros_description/meshes/cpr_platform_medium/body.dae
[1.524s] -- Symlinking: /home/anand/Igus/Igus_ROS2/install/irc_ros_description/share/irc_ros_description/meshes/cpr_platform_medium/bodyColl.dae
[1.537s] -- Symlinking: /home/anand/Igus/Igus_ROS2/install/irc_ros_description/share/irc_ros_description/meshes/cpr_platform_medium/wheel.dae
[1.553s] -- Symlinking: /home/anand/Igus/Igus_ROS2/install/irc_ros_description/share/irc_ros_description/meshes/cpr_platform_medium/wheelColl.dae
[1.573s] -- Symlinking: /home/anand/Igus/Igus_ROS2/install/irc_ros_description/share/irc_ros_description/meshes/gripper_schmalz_ecbpmi/Joint0.dae
[1.593s] -- Symlinking: /home/anand/Igus/Igus_ROS2/install/irc_ros_description/share/irc_ros_description/meshes/gripper_schmalz_ecbpmi/Joint0Coll.dae
[1.605s] -- Symlinking: /home/anand/Igus/Igus_ROS2/install/irc_ros_description/share/irc_ros_description/meshes/igus_rebel_4dof_00/Joint0.dae
[1.619s] -- Symlinking: /home/anand/Igus/Igus_ROS2/install/irc_ros_description/share/irc_ros_description/meshes/igus_rebel_4dof_00/Joint0Coll.dae
[1.635s] -- Symlinking: /home/anand/Igus/Igus_ROS2/install/irc_ros_description/share/irc_ros_description/meshes/igus_rebel_4dof_00/Joint1.dae
[1.654s] -- Symlinking: /home/anand/Igus/Igus_ROS2/install/irc_ros_description/share/irc_ros_description/meshes/igus_rebel_4dof_00/Joint1Coll.dae
[1.666s] -- Symlinking: /home/anand/Igus/Igus_ROS2/install/irc_ros_description/share/irc_ros_description/meshes/igus_rebel_4dof_00/Joint2.dae
[1.683s] -- Symlinking: /home/anand/Igus/Igus_ROS2/install/irc_ros_description/share/irc_ros_description/meshes/igus_rebel_4dof_00/Joint2Coll.dae
[1.695s] -- Symlinking: /home/anand/Igus/Igus_ROS2/install/irc_ros_description/share/irc_ros_description/meshes/igus_rebel_4dof_00/Joint3.dae
[1.709s] -- Symlinking: /home/anand/Igus/Igus_ROS2/install/irc_ros_description/share/irc_ros_description/meshes/igus_rebel_4dof_00/Joint3Coll.dae
[1.726s] -- Symlinking: /home/anand/Igus/Igus_ROS2/install/irc_ros_description/share/irc_ros_description/meshes/igus_rebel_4dof_00/Joint4.dae
[1.739s] -- Symlinking: /home/anand/Igus/Igus_ROS2/install/irc_ros_description/share/irc_ros_description/meshes/igus_rebel_4dof_00/Joint4Coll.dae
[1.751s] -- Symlinking: /home/anand/Igus/Igus_ROS2/install/irc_ros_description/share/irc_ros_description/meshes/igus_rebel_4dof_pre/Joint0.dae
[1.762s] -- Symlinking: /home/anand/Igus/Igus_ROS2/install/irc_ros_description/share/irc_ros_description/meshes/igus_rebel_4dof_pre/Joint0Coll.dae
[1.780s] -- Symlinking: /home/anand/Igus/Igus_ROS2/install/irc_ros_description/share/irc_ros_description/meshes/igus_rebel_4dof_pre/Joint1.dae
[1.792s] -- Symlinking: /home/anand/Igus/Igus_ROS2/install/irc_ros_description/share/irc_ros_description/meshes/igus_rebel_4dof_pre/Joint1Coll.dae
[1.811s] -- Symlinking: /home/anand/Igus/Igus_ROS2/install/irc_ros_description/share/irc_ros_description/meshes/igus_rebel_4dof_pre/Joint2.dae
[1.823s] -- Symlinking: /home/anand/Igus/Igus_ROS2/install/irc_ros_description/share/irc_ros_description/meshes/igus_rebel_4dof_pre/Joint2Coll.dae
[1.835s] -- Symlinking: /home/anand/Igus/Igus_ROS2/install/irc_ros_description/share/irc_ros_description/meshes/igus_rebel_4dof_pre/Joint3.dae
[1.852s] -- Symlinking: /home/anand/Igus/Igus_ROS2/install/irc_ros_description/share/irc_ros_description/meshes/igus_rebel_4dof_pre/Joint3Coll.dae
[1.864s] -- Symlinking: /home/anand/Igus/Igus_ROS2/install/irc_ros_description/share/irc_ros_description/meshes/igus_rebel_4dof_pre/Joint4.dae
[1.877s] -- Symlinking: /home/anand/Igus/Igus_ROS2/install/irc_ros_description/share/irc_ros_description/meshes/igus_rebel_4dof_pre/Joint4Coll.dae
[1.889s] -- Symlinking: /home/anand/Igus/Igus_ROS2/install/irc_ros_description/share/irc_ros_description/meshes/igus_rebel_6dof_00/Joint0.dae
[1.907s] -- Symlinking: /home/anand/Igus/Igus_ROS2/install/irc_ros_description/share/irc_ros_description/meshes/igus_rebel_6dof_00/Joint0Coll.dae
[1.923s] -- Symlinking: /home/anand/Igus/Igus_ROS2/install/irc_ros_description/share/irc_ros_description/meshes/igus_rebel_6dof_00/Joint1.dae
[1.940s] -- Symlinking: /home/anand/Igus/Igus_ROS2/install/irc_ros_description/share/irc_ros_description/meshes/igus_rebel_6dof_00/Joint1Coll.dae
[1.952s] -- Symlinking: /home/anand/Igus/Igus_ROS2/install/irc_ros_description/share/irc_ros_description/meshes/igus_rebel_6dof_00/Joint2.dae
[1.966s] -- Symlinking: /home/anand/Igus/Igus_ROS2/install/irc_ros_description/share/irc_ros_description/meshes/igus_rebel_6dof_00/Joint2Coll.dae
[1.979s] -- Symlinking: /home/anand/Igus/Igus_ROS2/install/irc_ros_description/share/irc_ros_description/meshes/igus_rebel_6dof_00/Joint3.dae
[1.991s] -- Symlinking: /home/anand/Igus/Igus_ROS2/install/irc_ros_description/share/irc_ros_description/meshes/igus_rebel_6dof_00/Joint3Coll.dae
[2.005s] -- Symlinking: /home/anand/Igus/Igus_ROS2/install/irc_ros_description/share/irc_ros_description/meshes/igus_rebel_6dof_00/Joint4.dae
[2.017s] -- Symlinking: /home/anand/Igus/Igus_ROS2/install/irc_ros_description/share/irc_ros_description/meshes/igus_rebel_6dof_00/Joint4Coll.dae
[2.028s] -- Symlinking: /home/anand/Igus/Igus_ROS2/install/irc_ros_description/share/irc_ros_description/meshes/igus_rebel_6dof_00/Joint5.dae
[2.044s] -- Symlinking: /home/anand/Igus/Igus_ROS2/install/irc_ros_description/share/irc_ros_description/meshes/igus_rebel_6dof_00/Joint5Coll.dae
[2.055s] -- Symlinking: /home/anand/Igus/Igus_ROS2/install/irc_ros_description/share/irc_ros_description/meshes/igus_rebel_6dof_00/Joint6.dae
[2.070s] -- Symlinking: /home/anand/Igus/Igus_ROS2/install/irc_ros_description/share/irc_ros_description/meshes/igus_rebel_6dof_00/Joint6Coll.dae
[2.083s] -- Symlinking: /home/anand/Igus/Igus_ROS2/install/irc_ros_description/share/irc_ros_description/meshes/igus_rebel_6dof_pre/Joint0.dae
[2.097s] -- Symlinking: /home/anand/Igus/Igus_ROS2/install/irc_ros_description/share/irc_ros_description/meshes/igus_rebel_6dof_pre/Joint0Coll.dae
[2.109s] -- Symlinking: /home/anand/Igus/Igus_ROS2/install/irc_ros_description/share/irc_ros_description/meshes/igus_rebel_6dof_pre/Joint1.dae
[2.121s] -- Symlinking: /home/anand/Igus/Igus_ROS2/install/irc_ros_description/share/irc_ros_description/meshes/igus_rebel_6dof_pre/Joint1Coll.dae
[2.131s] -- Symlinking: /home/anand/Igus/Igus_ROS2/install/irc_ros_description/share/irc_ros_description/meshes/igus_rebel_6dof_pre/Joint2.dae
[2.145s] -- Symlinking: /home/anand/Igus/Igus_ROS2/install/irc_ros_description/share/irc_ros_description/meshes/igus_rebel_6dof_pre/Joint2Coll.dae
[2.159s] -- Symlinking: /home/anand/Igus/Igus_ROS2/install/irc_ros_description/share/irc_ros_description/meshes/igus_rebel_6dof_pre/Joint3.dae
[2.171s] -- Symlinking: /home/anand/Igus/Igus_ROS2/install/irc_ros_description/share/irc_ros_description/meshes/igus_rebel_6dof_pre/Joint3Coll.dae
[2.184s] -- Symlinking: /home/anand/Igus/Igus_ROS2/install/irc_ros_description/share/irc_ros_description/meshes/igus_rebel_6dof_pre/Joint4.dae
[2.198s] -- Symlinking: /home/anand/Igus/Igus_ROS2/install/irc_ros_description/share/irc_ros_description/meshes/igus_rebel_6dof_pre/Joint4Coll.dae
[2.209s] -- Symlinking: /home/anand/Igus/Igus_ROS2/install/irc_ros_description/share/irc_ros_description/meshes/igus_rebel_6dof_pre/Joint5.dae
[2.222s] -- Symlinking: /home/anand/Igus/Igus_ROS2/install/irc_ros_description/share/irc_ros_description/meshes/igus_rebel_6dof_pre/Joint5Coll.dae
[2.236s] -- Symlinking: /home/anand/Igus/Igus_ROS2/install/irc_ros_description/share/irc_ros_description/meshes/igus_rebel_6dof_pre/Joint6.dae
[2.252s] -- Symlinking: /home/anand/Igus/Igus_ROS2/install/irc_ros_description/share/irc_ros_description/meshes/igus_rebel_6dof_pre/Joint6Coll.dae
[2.267s] -- Symlinking: /home/anand/Igus/Igus_ROS2/install/irc_ros_description/share/irc_ros_description/meshes/igus_robolink_rl_dp_5/Joint0.dae
[2.281s] -- Symlinking: /home/anand/Igus/Igus_ROS2/install/irc_ros_description/share/irc_ros_description/meshes/igus_robolink_rl_dp_5/Joint0Coll.dae
[2.295s] -- Symlinking: /home/anand/Igus/Igus_ROS2/install/irc_ros_description/share/irc_ros_description/meshes/igus_robolink_rl_dp_5/Joint1.dae
[2.309s] -- Symlinking: /home/anand/Igus/Igus_ROS2/install/irc_ros_description/share/irc_ros_description/meshes/igus_robolink_rl_dp_5/Joint1Coll.dae
[2.323s] -- Symlinking: /home/anand/Igus/Igus_ROS2/install/irc_ros_description/share/irc_ros_description/meshes/igus_robolink_rl_dp_5/Joint2.dae
[2.334s] -- Symlinking: /home/anand/Igus/Igus_ROS2/install/irc_ros_description/share/irc_ros_description/meshes/igus_robolink_rl_dp_5/Joint2Coll.dae
[2.346s] -- Symlinking: /home/anand/Igus/Igus_ROS2/install/irc_ros_description/share/irc_ros_description/meshes/igus_robolink_rl_dp_5/Joint3.dae
[2.358s] -- Symlinking: /home/anand/Igus/Igus_ROS2/install/irc_ros_description/share/irc_ros_description/meshes/igus_robolink_rl_dp_5/Joint3Coll.dae
[2.370s] -- Symlinking: /home/anand/Igus/Igus_ROS2/install/irc_ros_description/share/irc_ros_description/meshes/igus_robolink_rl_dp_5/Joint4.dae
[2.383s] -- Symlinking: /home/anand/Igus/Igus_ROS2/install/irc_ros_description/share/irc_ros_description/meshes/igus_robolink_rl_dp_5/Joint4Coll.dae
[2.394s] -- Symlinking: /home/anand/Igus/Igus_ROS2/install/irc_ros_description/share/irc_ros_description/meshes/igus_robolink_rl_dp_5/Joint5.dae
[2.407s] -- Symlinking: /home/anand/Igus/Igus_ROS2/install/irc_ros_description/share/irc_ros_description/meshes/igus_robolink_rl_dp_5/Joint5Coll.dae
[2.418s] -- Symlinking: /home/anand/Igus/Igus_ROS2/install/irc_ros_description/share/irc_ros_description/launch/visualize.launch.py
[2.429s] -- Symlinking: /home/anand/Igus/Igus_ROS2/install/irc_ros_description/share/irc_ros_description/urdf/cpr_platform_medium.urdf.xacro
[2.443s] -- Symlinking: /home/anand/Igus/Igus_ROS2/install/irc_ros_description/share/irc_ros_description/urdf/grippers/ext_dio_gripper.description.xacro
[2.457s] -- Symlinking: /home/anand/Igus/Igus_ROS2/install/irc_ros_description/share/irc_ros_description/urdf/grippers/ext_dio_gripper.ros2_control.xacro
[2.470s] -- Symlinking: /home/anand/Igus/Igus_ROS2/install/irc_ros_description/share/irc_ros_description/urdf/grippers/grippers.macro.xacro
[2.481s] -- Symlinking: /home/anand/Igus/Igus_ROS2/install/irc_ros_description/share/irc_ros_description/urdf/grippers/schmalz_ecbpmi.description.xacro
[2.493s] -- Symlinking: /home/anand/Igus/Igus_ROS2/install/irc_ros_description/share/irc_ros_description/urdf/igus_rebel_4dof.urdf.xacro
[2.506s] -- Symlinking: /home/anand/Igus/Igus_ROS2/install/irc_ros_description/share/irc_ros_description/urdf/igus_rebel_6dof.urdf.xacro
[2.517s] -- Symlinking: /home/anand/Igus/Igus_ROS2/install/irc_ros_description/share/irc_ros_description/urdf/igus_robolink_rl_dp_5.urdf.xacro
[2.527s] -- Symlinking: /home/anand/Igus/Igus_ROS2/install/irc_ros_description/share/irc_ros_description/urdf/modules/din_rail.ros2_control.xacro
[2.538s] -- Symlinking: /home/anand/Igus/Igus_ROS2/install/irc_ros_description/share/irc_ros_description/urdf/modules/rebel.ros2_control.xacro
[2.551s] -- Symlinking: /home/anand/Igus/Igus_ROS2/install/irc_ros_description/share/irc_ros_description/urdf/platforms/cpr_platform_medium.description.xacro
[2.560s] -- Symlinking: /home/anand/Igus/Igus_ROS2/install/irc_ros_description/share/irc_ros_description/urdf/platforms/cpr_platform_medium.macro.xacro
[2.572s] -- Symlinking: /home/anand/Igus/Igus_ROS2/install/irc_ros_description/share/irc_ros_description/urdf/platforms/cpr_platform_medium.ros2_control.xacro
[2.583s] -- Symlinking: /home/anand/Igus/Igus_ROS2/install/irc_ros_description/share/irc_ros_description/urdf/rebel_on_platform.urdf.xacro
[2.594s] -- Symlinking: /home/anand/Igus/Igus_ROS2/install/irc_ros_description/share/irc_ros_description/urdf/robots/igus_rebel_4dof.macro.xacro
[2.606s] -- Symlinking: /home/anand/Igus/Igus_ROS2/install/irc_ros_description/share/irc_ros_description/urdf/robots/igus_rebel_4dof_00.description.xacro
[2.617s] -- Symlinking: /home/anand/Igus/Igus_ROS2/install/irc_ros_description/share/irc_ros_description/urdf/robots/igus_rebel_4dof_00.ros2_control.xacro
[2.629s] -- Symlinking: /home/anand/Igus/Igus_ROS2/install/irc_ros_description/share/irc_ros_description/urdf/robots/igus_rebel_4dof_01.description.xacro
[2.643s] -- Symlinking: /home/anand/Igus/Igus_ROS2/install/irc_ros_description/share/irc_ros_description/urdf/robots/igus_rebel_4dof_01.ros2_control.xacro
[2.655s] -- Symlinking: /home/anand/Igus/Igus_ROS2/install/irc_ros_description/share/irc_ros_description/urdf/robots/igus_rebel_6dof.macro.xacro
[2.666s] -- Symlinking: /home/anand/Igus/Igus_ROS2/install/irc_ros_description/share/irc_ros_description/urdf/robots/igus_rebel_6dof_00.description.xacro
[2.678s] -- Symlinking: /home/anand/Igus/Igus_ROS2/install/irc_ros_description/share/irc_ros_description/urdf/robots/igus_rebel_6dof_00.ros2_control.xacro
[2.688s] -- Symlinking: /home/anand/Igus/Igus_ROS2/install/irc_ros_description/share/irc_ros_description/urdf/robots/igus_rebel_6dof_01.description.xacro
[2.701s] -- Symlinking: /home/anand/Igus/Igus_ROS2/install/irc_ros_description/share/irc_ros_description/urdf/robots/igus_rebel_6dof_01.ros2_control.xacro
[2.714s] -- Symlinking: /home/anand/Igus/Igus_ROS2/install/irc_ros_description/share/irc_ros_description/urdf/robots/igus_rebel_6dof_pre.description.xacro
[2.725s] -- Symlinking: /home/anand/Igus/Igus_ROS2/install/irc_ros_description/share/irc_ros_description/urdf/robots/igus_rebel_6dof_pre.ros2_control.xacro
[2.735s] -- Symlinking: /home/anand/Igus/Igus_ROS2/install/irc_ros_description/share/irc_ros_description/urdf/robots/igus_robolink_rl_dp_5.description.xacro
[2.747s] -- Symlinking: /home/anand/Igus/Igus_ROS2/install/irc_ros_description/share/irc_ros_description/urdf/robots/igus_robolink_rl_dp_5.macro.xacro
[2.757s] -- Symlinking: /home/anand/Igus/Igus_ROS2/install/irc_ros_description/share/irc_ros_description/urdf/robots/igus_robolink_rl_dp_5.ros2_control.xacro
[2.768s] -- Symlinking: /home/anand/Igus/Igus_ROS2/install/irc_ros_description/share/irc_ros_description/rviz/platform.rviz
[2.778s] -- Symlinking: /home/anand/Igus/Igus_ROS2/install/irc_ros_description/share/irc_ros_description/rviz/rebel.rviz
[2.790s] -- Symlinking: /home/anand/Igus/Igus_ROS2/install/irc_ros_description/share/ament_index/resource_index/package_run_dependencies/irc_ros_description
[2.800s] -- Symlinking: /home/anand/Igus/Igus_ROS2/install/irc_ros_description/share/ament_index/resource_index/parent_prefix_path/irc_ros_description
[2.813s] -- Symlinking: /home/anand/Igus/Igus_ROS2/install/irc_ros_description/share/irc_ros_description/environment/ament_prefix_path.sh
[2.822s] -- Symlinking: /home/anand/Igus/Igus_ROS2/install/irc_ros_description/share/irc_ros_description/environment/ament_prefix_path.dsv
[2.832s] -- Symlinking: /home/anand/Igus/Igus_ROS2/install/irc_ros_description/share/irc_ros_description/environment/path.sh
[2.845s] -- Symlinking: /home/anand/Igus/Igus_ROS2/install/irc_ros_description/share/irc_ros_description/environment/path.dsv
[2.857s] -- Symlinking: /home/anand/Igus/Igus_ROS2/install/irc_ros_description/share/irc_ros_description/local_setup.bash
[2.868s] -- Symlinking: /home/anand/Igus/Igus_ROS2/install/irc_ros_description/share/irc_ros_description/local_setup.sh
[2.881s] -- Symlinking: /home/anand/Igus/Igus_ROS2/install/irc_ros_description/share/irc_ros_description/local_setup.zsh
[2.892s] -- Symlinking: /home/anand/Igus/Igus_ROS2/install/irc_ros_description/share/irc_ros_description/local_setup.dsv
[2.905s] -- Symlinking: /home/anand/Igus/Igus_ROS2/install/irc_ros_description/share/irc_ros_description/package.dsv
[2.918s] -- Symlinking: /home/anand/Igus/Igus_ROS2/install/irc_ros_description/share/ament_index/resource_index/packages/irc_ros_description
[2.928s] -- Symlinking: /home/anand/Igus/Igus_ROS2/install/irc_ros_description/share/irc_ros_description/cmake/irc_ros_descriptionConfig.cmake
[2.940s] -- Symlinking: /home/anand/Igus/Igus_ROS2/install/irc_ros_description/share/irc_ros_description/cmake/irc_ros_descriptionConfig-version.cmake
[2.950s] -- Symlinking: /home/anand/Igus/Igus_ROS2/install/irc_ros_description/share/irc_ros_description/package.xml
[2.963s] Invoked command in '/home/anand/Igus/Igus_ROS2/build/irc_ros_description' returned '0': CMAKE_PREFIX_PATH=${CMAKE_PREFIX_PATH}:/home/anand/Igus/Igus_ROS2/install/testtube_sorting:/home/anand/Igus/Igus_ROS2/install/irc_ros_dashboard:/opt/ros/humble /usr/bin/cmake --install /home/anand/Igus/Igus_ROS2/build/irc_ros_description
