[0.026s] Invoking command in '/home/anand/Igus/Igus_ROS2/build/irc_ros_msgs': CMAKE_PREFIX_PATH=${CMAKE_PREFIX_PATH}:/home/anand/Igus/Igus_ROS2/install/testtube_sorting:/home/anand/Igus/Igus_ROS2/install/irc_ros_dashboard:/opt/ros/humble /usr/bin/cmake --build /home/anand/Igus/Igus_ROS2/build/irc_ros_msgs -- -j16 -l16
[0.089s] [  0%] Built target irc_ros_msgs__cpp
[0.093s] [ 12%] Built target irc_ros_msgs__rosidl_generator_c
[0.094s] [ 12%] Built target ament_cmake_python_symlink_irc_ros_msgs
[0.112s] [ 24%] Built target irc_ros_msgs__rosidl_typesupport_introspection_c
[0.113s] [ 36%] Built target irc_ros_msgs__rosidl_typesupport_cpp
[0.114s] [ 47%] Built target irc_ros_msgs__rosidl_typesupport_fastrtps_cpp
[0.114s] [ 59%] Built target irc_ros_msgs__rosidl_typesupport_introspection_cpp
[0.119s] [ 71%] Built target irc_ros_msgs__rosidl_typesupport_fastrtps_c
[0.120s] [ 83%] Built target irc_ros_msgs__rosidl_typesupport_c
[0.139s] [ 83%] Built target irc_ros_msgs
[0.158s] [ 84%] Built target irc_ros_msgs__py
[0.186s] [ 95%] Built target irc_ros_msgs__rosidl_generator_py
[0.206s] [ 96%] Built target irc_ros_msgs__rosidl_typesupport_c__pyext
[0.209s] [100%] Built target irc_ros_msgs__rosidl_typesupport_fastrtps_c__pyext
[0.209s] [100%] Built target irc_ros_msgs__rosidl_typesupport_introspection_c__pyext
[0.253s] running egg_info
[0.264s] writing irc_ros_msgs.egg-info/PKG-INFO
[0.264s] writing dependency_links to irc_ros_msgs.egg-info/dependency_links.txt
[0.265s] writing top-level names to irc_ros_msgs.egg-info/top_level.txt
[0.297s] reading manifest file 'irc_ros_msgs.egg-info/SOURCES.txt'
[0.297s] writing manifest file 'irc_ros_msgs.egg-info/SOURCES.txt'
[0.323s] [100%] Built target ament_cmake_python_build_irc_ros_msgs_egg
[0.334s] Invoked command in '/home/anand/Igus/Igus_ROS2/build/irc_ros_msgs' returned '0': CMAKE_PREFIX_PATH=${CMAKE_PREFIX_PATH}:/home/anand/Igus/Igus_ROS2/install/testtube_sorting:/home/anand/Igus/Igus_ROS2/install/irc_ros_dashboard:/opt/ros/humble /usr/bin/cmake --build /home/anand/Igus/Igus_ROS2/build/irc_ros_msgs -- -j16 -l16
[0.335s] Invoking command in '/home/anand/Igus/Igus_ROS2/build/irc_ros_msgs': CMAKE_PREFIX_PATH=${CMAKE_PREFIX_PATH}:/home/anand/Igus/Igus_ROS2/install/testtube_sorting:/home/anand/Igus/Igus_ROS2/install/irc_ros_dashboard:/opt/ros/humble /usr/bin/cmake --install /home/anand/Igus/Igus_ROS2/build/irc_ros_msgs
[0.343s] -- Install configuration: ""
[0.344s] -- Execute custom install script
[0.344s] -- Up-to-date symlink: /home/anand/Igus/Igus_ROS2/install/irc_ros_msgs/share/ament_index/resource_index/rosidl_interfaces/irc_ros_msgs
[0.345s] -- Up-to-date symlink: /home/anand/Igus/Igus_ROS2/install/irc_ros_msgs/include/irc_ros_msgs/irc_ros_msgs/msg/can_module_command.h
[0.345s] -- Up-to-date symlink: /home/anand/Igus/Igus_ROS2/install/irc_ros_msgs/include/irc_ros_msgs/irc_ros_msgs/msg/can_module_state.h
[0.345s] -- Up-to-date symlink: /home/anand/Igus/Igus_ROS2/install/irc_ros_msgs/include/irc_ros_msgs/irc_ros_msgs/msg/can_module_states.h
[0.346s] -- Up-to-date symlink: /home/anand/Igus/Igus_ROS2/install/irc_ros_msgs/include/irc_ros_msgs/irc_ros_msgs/msg/detail/can_module_command__functions.h
[0.346s] -- Up-to-date symlink: /home/anand/Igus/Igus_ROS2/install/irc_ros_msgs/include/irc_ros_msgs/irc_ros_msgs/msg/detail/can_module_command__struct.h
[0.346s] -- Up-to-date symlink: /home/anand/Igus/Igus_ROS2/install/irc_ros_msgs/include/irc_ros_msgs/irc_ros_msgs/msg/detail/can_module_command__type_support.h
[0.346s] -- Up-to-date symlink: /home/anand/Igus/Igus_ROS2/install/irc_ros_msgs/include/irc_ros_msgs/irc_ros_msgs/msg/detail/can_module_state__functions.h
[0.346s] -- Up-to-date symlink: /home/anand/Igus/Igus_ROS2/install/irc_ros_msgs/include/irc_ros_msgs/irc_ros_msgs/msg/detail/can_module_state__struct.h
[0.346s] -- Up-to-date symlink: /home/anand/Igus/Igus_ROS2/install/irc_ros_msgs/include/irc_ros_msgs/irc_ros_msgs/msg/detail/can_module_state__type_support.h
[0.346s] -- Up-to-date symlink: /home/anand/Igus/Igus_ROS2/install/irc_ros_msgs/include/irc_ros_msgs/irc_ros_msgs/msg/detail/can_module_states__functions.h
[0.347s] -- Up-to-date symlink: /home/anand/Igus/Igus_ROS2/install/irc_ros_msgs/include/irc_ros_msgs/irc_ros_msgs/msg/detail/can_module_states__struct.h
[0.347s] -- Up-to-date symlink: /home/anand/Igus/Igus_ROS2/install/irc_ros_msgs/include/irc_ros_msgs/irc_ros_msgs/msg/detail/can_module_states__type_support.h
[0.347s] -- Up-to-date symlink: /home/anand/Igus/Igus_ROS2/install/irc_ros_msgs/include/irc_ros_msgs/irc_ros_msgs/msg/detail/dio_command__functions.h
[0.347s] -- Up-to-date symlink: /home/anand/Igus/Igus_ROS2/install/irc_ros_msgs/include/irc_ros_msgs/irc_ros_msgs/msg/detail/dio_command__struct.h
[0.347s] -- Up-to-date symlink: /home/anand/Igus/Igus_ROS2/install/irc_ros_msgs/include/irc_ros_msgs/irc_ros_msgs/msg/detail/dio_command__type_support.h
[0.347s] -- Up-to-date symlink: /home/anand/Igus/Igus_ROS2/install/irc_ros_msgs/include/irc_ros_msgs/irc_ros_msgs/msg/detail/dio_state__functions.h
[0.347s] -- Up-to-date symlink: /home/anand/Igus/Igus_ROS2/install/irc_ros_msgs/include/irc_ros_msgs/irc_ros_msgs/msg/detail/dio_state__struct.h
[0.347s] -- Up-to-date symlink: /home/anand/Igus/Igus_ROS2/install/irc_ros_msgs/include/irc_ros_msgs/irc_ros_msgs/msg/detail/dio_state__type_support.h
[0.348s] -- Up-to-date symlink: /home/anand/Igus/Igus_ROS2/install/irc_ros_msgs/include/irc_ros_msgs/irc_ros_msgs/msg/detail/dio_states__functions.h
[0.348s] -- Up-to-date symlink: /home/anand/Igus/Igus_ROS2/install/irc_ros_msgs/include/irc_ros_msgs/irc_ros_msgs/msg/detail/dio_states__struct.h
[0.348s] -- Up-to-date symlink: /home/anand/Igus/Igus_ROS2/install/irc_ros_msgs/include/irc_ros_msgs/irc_ros_msgs/msg/detail/dio_states__type_support.h
[0.348s] -- Up-to-date symlink: /home/anand/Igus/Igus_ROS2/install/irc_ros_msgs/include/irc_ros_msgs/irc_ros_msgs/msg/detail/gripper_command__functions.h
[0.348s] -- Up-to-date symlink: /home/anand/Igus/Igus_ROS2/install/irc_ros_msgs/include/irc_ros_msgs/irc_ros_msgs/msg/detail/gripper_command__struct.h
[0.348s] -- Up-to-date symlink: /home/anand/Igus/Igus_ROS2/install/irc_ros_msgs/include/irc_ros_msgs/irc_ros_msgs/msg/detail/gripper_command__type_support.h
[0.348s] -- Up-to-date symlink: /home/anand/Igus/Igus_ROS2/install/irc_ros_msgs/include/irc_ros_msgs/irc_ros_msgs/msg/detail/gripper_state__functions.h
[0.348s] -- Up-to-date symlink: /home/anand/Igus/Igus_ROS2/install/irc_ros_msgs/include/irc_ros_msgs/irc_ros_msgs/msg/detail/gripper_state__struct.h
[0.348s] -- Up-to-date symlink: /home/anand/Igus/Igus_ROS2/install/irc_ros_msgs/include/irc_ros_msgs/irc_ros_msgs/msg/detail/gripper_state__type_support.h
[0.348s] -- Up-to-date symlink: /home/anand/Igus/Igus_ROS2/install/irc_ros_msgs/include/irc_ros_msgs/irc_ros_msgs/msg/dio_command.h
[0.349s] -- Up-to-date symlink: /home/anand/Igus/Igus_ROS2/install/irc_ros_msgs/include/irc_ros_msgs/irc_ros_msgs/msg/dio_state.h
[0.349s] -- Up-to-date symlink: /home/anand/Igus/Igus_ROS2/install/irc_ros_msgs/include/irc_ros_msgs/irc_ros_msgs/msg/dio_states.h
[0.349s] -- Up-to-date symlink: /home/anand/Igus/Igus_ROS2/install/irc_ros_msgs/include/irc_ros_msgs/irc_ros_msgs/msg/gripper_command.h
[0.349s] -- Up-to-date symlink: /home/anand/Igus/Igus_ROS2/install/irc_ros_msgs/include/irc_ros_msgs/irc_ros_msgs/msg/gripper_state.h
[0.349s] -- Up-to-date symlink: /home/anand/Igus/Igus_ROS2/install/irc_ros_msgs/include/irc_ros_msgs/irc_ros_msgs/msg/rosidl_generator_c__visibility_control.h
[0.349s] -- Up-to-date symlink: /home/anand/Igus/Igus_ROS2/install/irc_ros_msgs/include/irc_ros_msgs/irc_ros_msgs/srv/can_module_command.h
[0.349s] -- Up-to-date symlink: /home/anand/Igus/Igus_ROS2/install/irc_ros_msgs/include/irc_ros_msgs/irc_ros_msgs/srv/detail/can_module_command__functions.h
[0.349s] -- Up-to-date symlink: /home/anand/Igus/Igus_ROS2/install/irc_ros_msgs/include/irc_ros_msgs/irc_ros_msgs/srv/detail/can_module_command__struct.h
[0.350s] -- Up-to-date symlink: /home/anand/Igus/Igus_ROS2/install/irc_ros_msgs/include/irc_ros_msgs/irc_ros_msgs/srv/detail/can_module_command__type_support.h
[0.350s] -- Up-to-date symlink: /home/anand/Igus/Igus_ROS2/install/irc_ros_msgs/include/irc_ros_msgs/irc_ros_msgs/srv/detail/dio_command__functions.h
[0.350s] -- Up-to-date symlink: /home/anand/Igus/Igus_ROS2/install/irc_ros_msgs/include/irc_ros_msgs/irc_ros_msgs/srv/detail/dio_command__struct.h
[0.350s] -- Up-to-date symlink: /home/anand/Igus/Igus_ROS2/install/irc_ros_msgs/include/irc_ros_msgs/irc_ros_msgs/srv/detail/dio_command__type_support.h
[0.350s] -- Up-to-date symlink: /home/anand/Igus/Igus_ROS2/install/irc_ros_msgs/include/irc_ros_msgs/irc_ros_msgs/srv/detail/gripper_command__functions.h
[0.350s] -- Up-to-date symlink: /home/anand/Igus/Igus_ROS2/install/irc_ros_msgs/include/irc_ros_msgs/irc_ros_msgs/srv/detail/gripper_command__struct.h
[0.350s] -- Up-to-date symlink: /home/anand/Igus/Igus_ROS2/install/irc_ros_msgs/include/irc_ros_msgs/irc_ros_msgs/srv/detail/gripper_command__type_support.h
[0.350s] -- Up-to-date symlink: /home/anand/Igus/Igus_ROS2/install/irc_ros_msgs/include/irc_ros_msgs/irc_ros_msgs/srv/dio_command.h
[0.350s] -- Up-to-date symlink: /home/anand/Igus/Igus_ROS2/install/irc_ros_msgs/include/irc_ros_msgs/irc_ros_msgs/srv/gripper_command.h
[0.351s] -- Up-to-date symlink: /home/anand/Igus/Igus_ROS2/install/irc_ros_msgs/share/irc_ros_msgs/environment/library_path.sh
[0.351s] -- Up-to-date symlink: /home/anand/Igus/Igus_ROS2/install/irc_ros_msgs/share/irc_ros_msgs/environment/library_path.dsv
[0.351s] -- Up-to-date symlink: /home/anand/Igus/Igus_ROS2/install/irc_ros_msgs/include/irc_ros_msgs/irc_ros_msgs/msg/detail/can_module_command__rosidl_typesupport_fastrtps_c.h
[0.351s] -- Up-to-date symlink: /home/anand/Igus/Igus_ROS2/install/irc_ros_msgs/include/irc_ros_msgs/irc_ros_msgs/msg/detail/can_module_state__rosidl_typesupport_fastrtps_c.h
[0.351s] -- Up-to-date symlink: /home/anand/Igus/Igus_ROS2/install/irc_ros_msgs/include/irc_ros_msgs/irc_ros_msgs/msg/detail/can_module_states__rosidl_typesupport_fastrtps_c.h
[0.351s] -- Up-to-date symlink: /home/anand/Igus/Igus_ROS2/install/irc_ros_msgs/include/irc_ros_msgs/irc_ros_msgs/msg/detail/dio_command__rosidl_typesupport_fastrtps_c.h
[0.351s] -- Up-to-date symlink: /home/anand/Igus/Igus_ROS2/install/irc_ros_msgs/include/irc_ros_msgs/irc_ros_msgs/msg/detail/dio_state__rosidl_typesupport_fastrtps_c.h
[0.351s] -- Up-to-date symlink: /home/anand/Igus/Igus_ROS2/install/irc_ros_msgs/include/irc_ros_msgs/irc_ros_msgs/msg/detail/dio_states__rosidl_typesupport_fastrtps_c.h
[0.352s] -- Up-to-date symlink: /home/anand/Igus/Igus_ROS2/install/irc_ros_msgs/include/irc_ros_msgs/irc_ros_msgs/msg/detail/gripper_command__rosidl_typesupport_fastrtps_c.h
[0.352s] -- Up-to-date symlink: /home/anand/Igus/Igus_ROS2/install/irc_ros_msgs/include/irc_ros_msgs/irc_ros_msgs/msg/detail/gripper_state__rosidl_typesupport_fastrtps_c.h
[0.352s] -- Up-to-date symlink: /home/anand/Igus/Igus_ROS2/install/irc_ros_msgs/include/irc_ros_msgs/irc_ros_msgs/msg/rosidl_typesupport_fastrtps_c__visibility_control.h
[0.352s] -- Up-to-date symlink: /home/anand/Igus/Igus_ROS2/install/irc_ros_msgs/include/irc_ros_msgs/irc_ros_msgs/srv/detail/can_module_command__rosidl_typesupport_fastrtps_c.h
[0.352s] -- Up-to-date symlink: /home/anand/Igus/Igus_ROS2/install/irc_ros_msgs/include/irc_ros_msgs/irc_ros_msgs/srv/detail/dio_command__rosidl_typesupport_fastrtps_c.h
[0.352s] -- Up-to-date symlink: /home/anand/Igus/Igus_ROS2/install/irc_ros_msgs/include/irc_ros_msgs/irc_ros_msgs/srv/detail/gripper_command__rosidl_typesupport_fastrtps_c.h
[0.352s] -- Up-to-date symlink: /home/anand/Igus/Igus_ROS2/install/irc_ros_msgs/include/irc_ros_msgs/irc_ros_msgs/msg/can_module_command.hpp
[0.352s] -- Up-to-date symlink: /home/anand/Igus/Igus_ROS2/install/irc_ros_msgs/include/irc_ros_msgs/irc_ros_msgs/msg/can_module_state.hpp
[0.352s] -- Up-to-date symlink: /home/anand/Igus/Igus_ROS2/install/irc_ros_msgs/include/irc_ros_msgs/irc_ros_msgs/msg/can_module_states.hpp
[0.352s] -- Up-to-date symlink: /home/anand/Igus/Igus_ROS2/install/irc_ros_msgs/include/irc_ros_msgs/irc_ros_msgs/msg/detail/can_module_command__builder.hpp
[0.352s] -- Up-to-date symlink: /home/anand/Igus/Igus_ROS2/install/irc_ros_msgs/include/irc_ros_msgs/irc_ros_msgs/msg/detail/can_module_command__struct.hpp
[0.352s] -- Up-to-date symlink: /home/anand/Igus/Igus_ROS2/install/irc_ros_msgs/include/irc_ros_msgs/irc_ros_msgs/msg/detail/can_module_command__traits.hpp
[0.352s] -- Up-to-date symlink: /home/anand/Igus/Igus_ROS2/install/irc_ros_msgs/include/irc_ros_msgs/irc_ros_msgs/msg/detail/can_module_command__type_support.hpp
[0.352s] -- Up-to-date symlink: /home/anand/Igus/Igus_ROS2/install/irc_ros_msgs/include/irc_ros_msgs/irc_ros_msgs/msg/detail/can_module_state__builder.hpp
[0.353s] -- Up-to-date symlink: /home/anand/Igus/Igus_ROS2/install/irc_ros_msgs/include/irc_ros_msgs/irc_ros_msgs/msg/detail/can_module_state__struct.hpp
[0.353s] -- Up-to-date symlink: /home/anand/Igus/Igus_ROS2/install/irc_ros_msgs/include/irc_ros_msgs/irc_ros_msgs/msg/detail/can_module_state__traits.hpp
[0.353s] -- Up-to-date symlink: /home/anand/Igus/Igus_ROS2/install/irc_ros_msgs/include/irc_ros_msgs/irc_ros_msgs/msg/detail/can_module_state__type_support.hpp
[0.353s] -- Up-to-date symlink: /home/anand/Igus/Igus_ROS2/install/irc_ros_msgs/include/irc_ros_msgs/irc_ros_msgs/msg/detail/can_module_states__builder.hpp
[0.353s] -- Up-to-date symlink: /home/anand/Igus/Igus_ROS2/install/irc_ros_msgs/include/irc_ros_msgs/irc_ros_msgs/msg/detail/can_module_states__struct.hpp
[0.353s] -- Up-to-date symlink: /home/anand/Igus/Igus_ROS2/install/irc_ros_msgs/include/irc_ros_msgs/irc_ros_msgs/msg/detail/can_module_states__traits.hpp
[0.353s] -- Up-to-date symlink: /home/anand/Igus/Igus_ROS2/install/irc_ros_msgs/include/irc_ros_msgs/irc_ros_msgs/msg/detail/can_module_states__type_support.hpp
[0.353s] -- Up-to-date symlink: /home/anand/Igus/Igus_ROS2/install/irc_ros_msgs/include/irc_ros_msgs/irc_ros_msgs/msg/detail/dio_command__builder.hpp
[0.353s] -- Up-to-date symlink: /home/anand/Igus/Igus_ROS2/install/irc_ros_msgs/include/irc_ros_msgs/irc_ros_msgs/msg/detail/dio_command__struct.hpp
[0.353s] -- Up-to-date symlink: /home/anand/Igus/Igus_ROS2/install/irc_ros_msgs/include/irc_ros_msgs/irc_ros_msgs/msg/detail/dio_command__traits.hpp
[0.353s] -- Up-to-date symlink: /home/anand/Igus/Igus_ROS2/install/irc_ros_msgs/include/irc_ros_msgs/irc_ros_msgs/msg/detail/dio_command__type_support.hpp
[0.353s] -- Up-to-date symlink: /home/anand/Igus/Igus_ROS2/install/irc_ros_msgs/include/irc_ros_msgs/irc_ros_msgs/msg/detail/dio_state__builder.hpp
[0.353s] -- Up-to-date symlink: /home/anand/Igus/Igus_ROS2/install/irc_ros_msgs/include/irc_ros_msgs/irc_ros_msgs/msg/detail/dio_state__struct.hpp
[0.353s] -- Up-to-date symlink: /home/anand/Igus/Igus_ROS2/install/irc_ros_msgs/include/irc_ros_msgs/irc_ros_msgs/msg/detail/dio_state__traits.hpp
[0.353s] -- Up-to-date symlink: /home/anand/Igus/Igus_ROS2/install/irc_ros_msgs/include/irc_ros_msgs/irc_ros_msgs/msg/detail/dio_state__type_support.hpp
[0.353s] -- Up-to-date symlink: /home/anand/Igus/Igus_ROS2/install/irc_ros_msgs/include/irc_ros_msgs/irc_ros_msgs/msg/detail/dio_states__builder.hpp
[0.354s] -- Up-to-date symlink: /home/anand/Igus/Igus_ROS2/install/irc_ros_msgs/include/irc_ros_msgs/irc_ros_msgs/msg/detail/dio_states__struct.hpp
[0.354s] -- Up-to-date symlink: /home/anand/Igus/Igus_ROS2/install/irc_ros_msgs/include/irc_ros_msgs/irc_ros_msgs/msg/detail/dio_states__traits.hpp
[0.354s] -- Up-to-date symlink: /home/anand/Igus/Igus_ROS2/install/irc_ros_msgs/include/irc_ros_msgs/irc_ros_msgs/msg/detail/dio_states__type_support.hpp
[0.354s] -- Up-to-date symlink: /home/anand/Igus/Igus_ROS2/install/irc_ros_msgs/include/irc_ros_msgs/irc_ros_msgs/msg/detail/gripper_command__builder.hpp
[0.354s] -- Up-to-date symlink: /home/anand/Igus/Igus_ROS2/install/irc_ros_msgs/include/irc_ros_msgs/irc_ros_msgs/msg/detail/gripper_command__struct.hpp
[0.354s] -- Up-to-date symlink: /home/anand/Igus/Igus_ROS2/install/irc_ros_msgs/include/irc_ros_msgs/irc_ros_msgs/msg/detail/gripper_command__traits.hpp
[0.354s] -- Up-to-date symlink: /home/anand/Igus/Igus_ROS2/install/irc_ros_msgs/include/irc_ros_msgs/irc_ros_msgs/msg/detail/gripper_command__type_support.hpp
[0.354s] -- Up-to-date symlink: /home/anand/Igus/Igus_ROS2/install/irc_ros_msgs/include/irc_ros_msgs/irc_ros_msgs/msg/detail/gripper_state__builder.hpp
[0.354s] -- Up-to-date symlink: /home/anand/Igus/Igus_ROS2/install/irc_ros_msgs/include/irc_ros_msgs/irc_ros_msgs/msg/detail/gripper_state__struct.hpp
[0.354s] -- Up-to-date symlink: /home/anand/Igus/Igus_ROS2/install/irc_ros_msgs/include/irc_ros_msgs/irc_ros_msgs/msg/detail/gripper_state__traits.hpp
[0.354s] -- Up-to-date symlink: /home/anand/Igus/Igus_ROS2/install/irc_ros_msgs/include/irc_ros_msgs/irc_ros_msgs/msg/detail/gripper_state__type_support.hpp
[0.354s] -- Up-to-date symlink: /home/anand/Igus/Igus_ROS2/install/irc_ros_msgs/include/irc_ros_msgs/irc_ros_msgs/msg/dio_command.hpp
[0.354s] -- Up-to-date symlink: /home/anand/Igus/Igus_ROS2/install/irc_ros_msgs/include/irc_ros_msgs/irc_ros_msgs/msg/dio_state.hpp
[0.354s] -- Up-to-date symlink: /home/anand/Igus/Igus_ROS2/install/irc_ros_msgs/include/irc_ros_msgs/irc_ros_msgs/msg/dio_states.hpp
[0.354s] -- Up-to-date symlink: /home/anand/Igus/Igus_ROS2/install/irc_ros_msgs/include/irc_ros_msgs/irc_ros_msgs/msg/gripper_command.hpp
[0.354s] -- Up-to-date symlink: /home/anand/Igus/Igus_ROS2/install/irc_ros_msgs/include/irc_ros_msgs/irc_ros_msgs/msg/gripper_state.hpp
[0.354s] -- Up-to-date symlink: /home/anand/Igus/Igus_ROS2/install/irc_ros_msgs/include/irc_ros_msgs/irc_ros_msgs/msg/rosidl_generator_cpp__visibility_control.hpp
[0.354s] -- Up-to-date symlink: /home/anand/Igus/Igus_ROS2/install/irc_ros_msgs/include/irc_ros_msgs/irc_ros_msgs/srv/can_module_command.hpp
[0.354s] -- Up-to-date symlink: /home/anand/Igus/Igus_ROS2/install/irc_ros_msgs/include/irc_ros_msgs/irc_ros_msgs/srv/detail/can_module_command__builder.hpp
[0.354s] -- Up-to-date symlink: /home/anand/Igus/Igus_ROS2/install/irc_ros_msgs/include/irc_ros_msgs/irc_ros_msgs/srv/detail/can_module_command__struct.hpp
[0.354s] -- Up-to-date symlink: /home/anand/Igus/Igus_ROS2/install/irc_ros_msgs/include/irc_ros_msgs/irc_ros_msgs/srv/detail/can_module_command__traits.hpp
[0.354s] -- Up-to-date symlink: /home/anand/Igus/Igus_ROS2/install/irc_ros_msgs/include/irc_ros_msgs/irc_ros_msgs/srv/detail/can_module_command__type_support.hpp
[0.354s] -- Up-to-date symlink: /home/anand/Igus/Igus_ROS2/install/irc_ros_msgs/include/irc_ros_msgs/irc_ros_msgs/srv/detail/dio_command__builder.hpp
[0.354s] -- Up-to-date symlink: /home/anand/Igus/Igus_ROS2/install/irc_ros_msgs/include/irc_ros_msgs/irc_ros_msgs/srv/detail/dio_command__struct.hpp
[0.354s] -- Up-to-date symlink: /home/anand/Igus/Igus_ROS2/install/irc_ros_msgs/include/irc_ros_msgs/irc_ros_msgs/srv/detail/dio_command__traits.hpp
[0.354s] -- Up-to-date symlink: /home/anand/Igus/Igus_ROS2/install/irc_ros_msgs/include/irc_ros_msgs/irc_ros_msgs/srv/detail/dio_command__type_support.hpp
[0.354s] -- Up-to-date symlink: /home/anand/Igus/Igus_ROS2/install/irc_ros_msgs/include/irc_ros_msgs/irc_ros_msgs/srv/detail/gripper_command__builder.hpp
[0.354s] -- Up-to-date symlink: /home/anand/Igus/Igus_ROS2/install/irc_ros_msgs/include/irc_ros_msgs/irc_ros_msgs/srv/detail/gripper_command__struct.hpp
[0.355s] -- Up-to-date symlink: /home/anand/Igus/Igus_ROS2/install/irc_ros_msgs/include/irc_ros_msgs/irc_ros_msgs/srv/detail/gripper_command__traits.hpp
[0.355s] -- Up-to-date symlink: /home/anand/Igus/Igus_ROS2/install/irc_ros_msgs/include/irc_ros_msgs/irc_ros_msgs/srv/detail/gripper_command__type_support.hpp
[0.355s] -- Up-to-date symlink: /home/anand/Igus/Igus_ROS2/install/irc_ros_msgs/include/irc_ros_msgs/irc_ros_msgs/srv/dio_command.hpp
[0.355s] -- Up-to-date symlink: /home/anand/Igus/Igus_ROS2/install/irc_ros_msgs/include/irc_ros_msgs/irc_ros_msgs/srv/gripper_command.hpp
[0.355s] -- Up-to-date symlink: /home/anand/Igus/Igus_ROS2/install/irc_ros_msgs/include/irc_ros_msgs/irc_ros_msgs/msg/detail/can_module_command__rosidl_typesupport_fastrtps_cpp.hpp
[0.355s] -- Up-to-date symlink: /home/anand/Igus/Igus_ROS2/install/irc_ros_msgs/include/irc_ros_msgs/irc_ros_msgs/msg/detail/can_module_state__rosidl_typesupport_fastrtps_cpp.hpp
[0.355s] -- Up-to-date symlink: /home/anand/Igus/Igus_ROS2/install/irc_ros_msgs/include/irc_ros_msgs/irc_ros_msgs/msg/detail/can_module_states__rosidl_typesupport_fastrtps_cpp.hpp
[0.355s] -- Up-to-date symlink: /home/anand/Igus/Igus_ROS2/install/irc_ros_msgs/include/irc_ros_msgs/irc_ros_msgs/msg/detail/dio_command__rosidl_typesupport_fastrtps_cpp.hpp
[0.355s] -- Up-to-date symlink: /home/anand/Igus/Igus_ROS2/install/irc_ros_msgs/include/irc_ros_msgs/irc_ros_msgs/msg/detail/dio_state__rosidl_typesupport_fastrtps_cpp.hpp
[0.355s] -- Up-to-date symlink: /home/anand/Igus/Igus_ROS2/install/irc_ros_msgs/include/irc_ros_msgs/irc_ros_msgs/msg/detail/dio_states__rosidl_typesupport_fastrtps_cpp.hpp
[0.355s] -- Up-to-date symlink: /home/anand/Igus/Igus_ROS2/install/irc_ros_msgs/include/irc_ros_msgs/irc_ros_msgs/msg/detail/gripper_command__rosidl_typesupport_fastrtps_cpp.hpp
[0.355s] -- Up-to-date symlink: /home/anand/Igus/Igus_ROS2/install/irc_ros_msgs/include/irc_ros_msgs/irc_ros_msgs/msg/detail/gripper_state__rosidl_typesupport_fastrtps_cpp.hpp
[0.355s] -- Up-to-date symlink: /home/anand/Igus/Igus_ROS2/install/irc_ros_msgs/include/irc_ros_msgs/irc_ros_msgs/msg/rosidl_typesupport_fastrtps_cpp__visibility_control.h
[0.355s] -- Up-to-date symlink: /home/anand/Igus/Igus_ROS2/install/irc_ros_msgs/include/irc_ros_msgs/irc_ros_msgs/srv/detail/can_module_command__rosidl_typesupport_fastrtps_cpp.hpp
[0.355s] -- Up-to-date symlink: /home/anand/Igus/Igus_ROS2/install/irc_ros_msgs/include/irc_ros_msgs/irc_ros_msgs/srv/detail/dio_command__rosidl_typesupport_fastrtps_cpp.hpp
[0.355s] -- Up-to-date symlink: /home/anand/Igus/Igus_ROS2/install/irc_ros_msgs/include/irc_ros_msgs/irc_ros_msgs/srv/detail/gripper_command__rosidl_typesupport_fastrtps_cpp.hpp
[0.355s] -- Up-to-date symlink: /home/anand/Igus/Igus_ROS2/install/irc_ros_msgs/include/irc_ros_msgs/irc_ros_msgs/msg/detail/can_module_command__rosidl_typesupport_introspection_c.h
[0.355s] -- Up-to-date symlink: /home/anand/Igus/Igus_ROS2/install/irc_ros_msgs/include/irc_ros_msgs/irc_ros_msgs/msg/detail/can_module_state__rosidl_typesupport_introspection_c.h
[0.355s] -- Up-to-date symlink: /home/anand/Igus/Igus_ROS2/install/irc_ros_msgs/include/irc_ros_msgs/irc_ros_msgs/msg/detail/can_module_states__rosidl_typesupport_introspection_c.h
[0.355s] -- Up-to-date symlink: /home/anand/Igus/Igus_ROS2/install/irc_ros_msgs/include/irc_ros_msgs/irc_ros_msgs/msg/detail/dio_command__rosidl_typesupport_introspection_c.h
[0.355s] -- Up-to-date symlink: /home/anand/Igus/Igus_ROS2/install/irc_ros_msgs/include/irc_ros_msgs/irc_ros_msgs/msg/detail/dio_state__rosidl_typesupport_introspection_c.h
[0.355s] -- Up-to-date symlink: /home/anand/Igus/Igus_ROS2/install/irc_ros_msgs/include/irc_ros_msgs/irc_ros_msgs/msg/detail/dio_states__rosidl_typesupport_introspection_c.h
[0.355s] -- Up-to-date symlink: /home/anand/Igus/Igus_ROS2/install/irc_ros_msgs/include/irc_ros_msgs/irc_ros_msgs/msg/detail/gripper_command__rosidl_typesupport_introspection_c.h
[0.355s] -- Up-to-date symlink: /home/anand/Igus/Igus_ROS2/install/irc_ros_msgs/include/irc_ros_msgs/irc_ros_msgs/msg/detail/gripper_state__rosidl_typesupport_introspection_c.h
[0.355s] -- Up-to-date symlink: /home/anand/Igus/Igus_ROS2/install/irc_ros_msgs/include/irc_ros_msgs/irc_ros_msgs/msg/rosidl_typesupport_introspection_c__visibility_control.h
[0.355s] -- Up-to-date symlink: /home/anand/Igus/Igus_ROS2/install/irc_ros_msgs/include/irc_ros_msgs/irc_ros_msgs/srv/detail/can_module_command__rosidl_typesupport_introspection_c.h
[0.355s] -- Up-to-date symlink: /home/anand/Igus/Igus_ROS2/install/irc_ros_msgs/include/irc_ros_msgs/irc_ros_msgs/srv/detail/dio_command__rosidl_typesupport_introspection_c.h
[0.355s] -- Up-to-date symlink: /home/anand/Igus/Igus_ROS2/install/irc_ros_msgs/include/irc_ros_msgs/irc_ros_msgs/srv/detail/gripper_command__rosidl_typesupport_introspection_c.h
[0.356s] -- Up-to-date symlink: /home/anand/Igus/Igus_ROS2/install/irc_ros_msgs/include/irc_ros_msgs/irc_ros_msgs/msg/detail/can_module_command__rosidl_typesupport_introspection_cpp.hpp
[0.356s] -- Up-to-date symlink: /home/anand/Igus/Igus_ROS2/install/irc_ros_msgs/include/irc_ros_msgs/irc_ros_msgs/msg/detail/can_module_state__rosidl_typesupport_introspection_cpp.hpp
[0.356s] -- Up-to-date symlink: /home/anand/Igus/Igus_ROS2/install/irc_ros_msgs/include/irc_ros_msgs/irc_ros_msgs/msg/detail/can_module_states__rosidl_typesupport_introspection_cpp.hpp
[0.356s] -- Up-to-date symlink: /home/anand/Igus/Igus_ROS2/install/irc_ros_msgs/include/irc_ros_msgs/irc_ros_msgs/msg/detail/dio_command__rosidl_typesupport_introspection_cpp.hpp
[0.356s] -- Up-to-date symlink: /home/anand/Igus/Igus_ROS2/install/irc_ros_msgs/include/irc_ros_msgs/irc_ros_msgs/msg/detail/dio_state__rosidl_typesupport_introspection_cpp.hpp
[0.356s] -- Up-to-date symlink: /home/anand/Igus/Igus_ROS2/install/irc_ros_msgs/include/irc_ros_msgs/irc_ros_msgs/msg/detail/dio_states__rosidl_typesupport_introspection_cpp.hpp
[0.356s] -- Up-to-date symlink: /home/anand/Igus/Igus_ROS2/install/irc_ros_msgs/include/irc_ros_msgs/irc_ros_msgs/msg/detail/gripper_command__rosidl_typesupport_introspection_cpp.hpp
[0.356s] -- Up-to-date symlink: /home/anand/Igus/Igus_ROS2/install/irc_ros_msgs/include/irc_ros_msgs/irc_ros_msgs/msg/detail/gripper_state__rosidl_typesupport_introspection_cpp.hpp
[0.356s] -- Up-to-date symlink: /home/anand/Igus/Igus_ROS2/install/irc_ros_msgs/include/irc_ros_msgs/irc_ros_msgs/srv/detail/can_module_command__rosidl_typesupport_introspection_cpp.hpp
[0.356s] -- Up-to-date symlink: /home/anand/Igus/Igus_ROS2/install/irc_ros_msgs/include/irc_ros_msgs/irc_ros_msgs/srv/detail/dio_command__rosidl_typesupport_introspection_cpp.hpp
[0.356s] -- Up-to-date symlink: /home/anand/Igus/Igus_ROS2/install/irc_ros_msgs/include/irc_ros_msgs/irc_ros_msgs/srv/detail/gripper_command__rosidl_typesupport_introspection_cpp.hpp
[0.356s] -- Up-to-date symlink: /home/anand/Igus/Igus_ROS2/install/irc_ros_msgs/share/irc_ros_msgs/environment/pythonpath.sh
[0.356s] -- Up-to-date symlink: /home/anand/Igus/Igus_ROS2/install/irc_ros_msgs/share/irc_ros_msgs/environment/pythonpath.dsv
[0.356s] -- Up-to-date symlink: /home/anand/Igus/Igus_ROS2/install/irc_ros_msgs/local/lib/python3.10/dist-packages/irc_ros_msgs-0.0.0-py3.10.egg-info/PKG-INFO
[0.356s] -- Up-to-date symlink: /home/anand/Igus/Igus_ROS2/install/irc_ros_msgs/local/lib/python3.10/dist-packages/irc_ros_msgs-0.0.0-py3.10.egg-info/SOURCES.txt
[0.356s] -- Up-to-date symlink: /home/anand/Igus/Igus_ROS2/install/irc_ros_msgs/local/lib/python3.10/dist-packages/irc_ros_msgs-0.0.0-py3.10.egg-info/dependency_links.txt
[0.356s] -- Up-to-date symlink: /home/anand/Igus/Igus_ROS2/install/irc_ros_msgs/local/lib/python3.10/dist-packages/irc_ros_msgs-0.0.0-py3.10.egg-info/top_level.txt
[0.356s] -- Up-to-date symlink: /home/anand/Igus/Igus_ROS2/install/irc_ros_msgs/local/lib/python3.10/dist-packages/irc_ros_msgs/__init__.py
[0.356s] -- Up-to-date symlink: /home/anand/Igus/Igus_ROS2/install/irc_ros_msgs/local/lib/python3.10/dist-packages/irc_ros_msgs/_irc_ros_msgs_s.ep.rosidl_typesupport_c.c
[0.356s] -- Up-to-date symlink: /home/anand/Igus/Igus_ROS2/install/irc_ros_msgs/local/lib/python3.10/dist-packages/irc_ros_msgs/_irc_ros_msgs_s.ep.rosidl_typesupport_fastrtps_c.c
[0.356s] -- Up-to-date symlink: /home/anand/Igus/Igus_ROS2/install/irc_ros_msgs/local/lib/python3.10/dist-packages/irc_ros_msgs/_irc_ros_msgs_s.ep.rosidl_typesupport_introspection_c.c
[0.356s] -- Up-to-date symlink: /home/anand/Igus/Igus_ROS2/install/irc_ros_msgs/local/lib/python3.10/dist-packages/irc_ros_msgs/irc_ros_msgs_s__rosidl_typesupport_c.cpython-310-x86_64-linux-gnu.so
[0.356s] -- Up-to-date symlink: /home/anand/Igus/Igus_ROS2/install/irc_ros_msgs/local/lib/python3.10/dist-packages/irc_ros_msgs/irc_ros_msgs_s__rosidl_typesupport_fastrtps_c.cpython-310-x86_64-linux-gnu.so
[0.356s] -- Up-to-date symlink: /home/anand/Igus/Igus_ROS2/install/irc_ros_msgs/local/lib/python3.10/dist-packages/irc_ros_msgs/irc_ros_msgs_s__rosidl_typesupport_introspection_c.cpython-310-x86_64-linux-gnu.so
[0.356s] -- Up-to-date symlink: /home/anand/Igus/Igus_ROS2/install/irc_ros_msgs/local/lib/python3.10/dist-packages/irc_ros_msgs/libirc_ros_msgs__rosidl_generator_py.so
[0.357s] -- Up-to-date symlink: /home/anand/Igus/Igus_ROS2/install/irc_ros_msgs/local/lib/python3.10/dist-packages/irc_ros_msgs/msg/__init__.py
[0.357s] -- Up-to-date symlink: /home/anand/Igus/Igus_ROS2/install/irc_ros_msgs/local/lib/python3.10/dist-packages/irc_ros_msgs/msg/_can_module_command.py
[0.357s] -- Up-to-date symlink: /home/anand/Igus/Igus_ROS2/install/irc_ros_msgs/local/lib/python3.10/dist-packages/irc_ros_msgs/msg/_can_module_command_s.c
[0.357s] -- Up-to-date symlink: /home/anand/Igus/Igus_ROS2/install/irc_ros_msgs/local/lib/python3.10/dist-packages/irc_ros_msgs/msg/_can_module_state.py
[0.357s] -- Up-to-date symlink: /home/anand/Igus/Igus_ROS2/install/irc_ros_msgs/local/lib/python3.10/dist-packages/irc_ros_msgs/msg/_can_module_state_s.c
[0.357s] -- Up-to-date symlink: /home/anand/Igus/Igus_ROS2/install/irc_ros_msgs/local/lib/python3.10/dist-packages/irc_ros_msgs/msg/_can_module_states.py
[0.357s] -- Up-to-date symlink: /home/anand/Igus/Igus_ROS2/install/irc_ros_msgs/local/lib/python3.10/dist-packages/irc_ros_msgs/msg/_can_module_states_s.c
[0.357s] -- Up-to-date symlink: /home/anand/Igus/Igus_ROS2/install/irc_ros_msgs/local/lib/python3.10/dist-packages/irc_ros_msgs/msg/_dio_command.py
[0.357s] -- Up-to-date symlink: /home/anand/Igus/Igus_ROS2/install/irc_ros_msgs/local/lib/python3.10/dist-packages/irc_ros_msgs/msg/_dio_command_s.c
[0.357s] -- Up-to-date symlink: /home/anand/Igus/Igus_ROS2/install/irc_ros_msgs/local/lib/python3.10/dist-packages/irc_ros_msgs/msg/_dio_state.py
[0.357s] -- Up-to-date symlink: /home/anand/Igus/Igus_ROS2/install/irc_ros_msgs/local/lib/python3.10/dist-packages/irc_ros_msgs/msg/_dio_state_s.c
[0.357s] -- Up-to-date symlink: /home/anand/Igus/Igus_ROS2/install/irc_ros_msgs/local/lib/python3.10/dist-packages/irc_ros_msgs/msg/_dio_states.py
[0.357s] -- Up-to-date symlink: /home/anand/Igus/Igus_ROS2/install/irc_ros_msgs/local/lib/python3.10/dist-packages/irc_ros_msgs/msg/_dio_states_s.c
[0.357s] -- Up-to-date symlink: /home/anand/Igus/Igus_ROS2/install/irc_ros_msgs/local/lib/python3.10/dist-packages/irc_ros_msgs/msg/_gripper_command.py
[0.357s] -- Up-to-date symlink: /home/anand/Igus/Igus_ROS2/install/irc_ros_msgs/local/lib/python3.10/dist-packages/irc_ros_msgs/msg/_gripper_command_s.c
[0.357s] -- Up-to-date symlink: /home/anand/Igus/Igus_ROS2/install/irc_ros_msgs/local/lib/python3.10/dist-packages/irc_ros_msgs/msg/_gripper_state.py
[0.357s] -- Up-to-date symlink: /home/anand/Igus/Igus_ROS2/install/irc_ros_msgs/local/lib/python3.10/dist-packages/irc_ros_msgs/msg/_gripper_state_s.c
[0.357s] -- Up-to-date symlink: /home/anand/Igus/Igus_ROS2/install/irc_ros_msgs/local/lib/python3.10/dist-packages/irc_ros_msgs/srv/__init__.py
[0.358s] -- Up-to-date symlink: /home/anand/Igus/Igus_ROS2/install/irc_ros_msgs/local/lib/python3.10/dist-packages/irc_ros_msgs/srv/_can_module_command.py
[0.358s] -- Up-to-date symlink: /home/anand/Igus/Igus_ROS2/install/irc_ros_msgs/local/lib/python3.10/dist-packages/irc_ros_msgs/srv/_can_module_command_s.c
[0.358s] -- Up-to-date symlink: /home/anand/Igus/Igus_ROS2/install/irc_ros_msgs/local/lib/python3.10/dist-packages/irc_ros_msgs/srv/_dio_command.py
[0.358s] -- Up-to-date symlink: /home/anand/Igus/Igus_ROS2/install/irc_ros_msgs/local/lib/python3.10/dist-packages/irc_ros_msgs/srv/_dio_command_s.c
[0.358s] -- Up-to-date symlink: /home/anand/Igus/Igus_ROS2/install/irc_ros_msgs/local/lib/python3.10/dist-packages/irc_ros_msgs/srv/_gripper_command.py
[0.358s] -- Up-to-date symlink: /home/anand/Igus/Igus_ROS2/install/irc_ros_msgs/local/lib/python3.10/dist-packages/irc_ros_msgs/srv/_gripper_command_s.c
[0.358s] -- Up-to-date symlink: /home/anand/Igus/Igus_ROS2/install/irc_ros_msgs/local/lib/python3.10/dist-packages/irc_ros_msgs/irc_ros_msgs_s__rosidl_typesupport_fastrtps_c.cpython-310-x86_64-linux-gnu.so
[0.358s] -- Up-to-date symlink: /home/anand/Igus/Igus_ROS2/install/irc_ros_msgs/local/lib/python3.10/dist-packages/irc_ros_msgs/irc_ros_msgs_s__rosidl_typesupport_introspection_c.cpython-310-x86_64-linux-gnu.so
[0.359s] -- Up-to-date symlink: /home/anand/Igus/Igus_ROS2/install/irc_ros_msgs/local/lib/python3.10/dist-packages/irc_ros_msgs/irc_ros_msgs_s__rosidl_typesupport_c.cpython-310-x86_64-linux-gnu.so
[0.359s] -- Up-to-date symlink: /home/anand/Igus/Igus_ROS2/install/irc_ros_msgs/share/irc_ros_msgs/msg/CanModuleCommand.idl
[0.359s] -- Up-to-date symlink: /home/anand/Igus/Igus_ROS2/install/irc_ros_msgs/share/irc_ros_msgs/msg/CanModuleState.idl
[0.359s] -- Up-to-date symlink: /home/anand/Igus/Igus_ROS2/install/irc_ros_msgs/share/irc_ros_msgs/msg/CanModuleStates.idl
[0.359s] -- Up-to-date symlink: /home/anand/Igus/Igus_ROS2/install/irc_ros_msgs/share/irc_ros_msgs/msg/DioCommand.idl
[0.359s] -- Up-to-date symlink: /home/anand/Igus/Igus_ROS2/install/irc_ros_msgs/share/irc_ros_msgs/msg/DioState.idl
[0.359s] -- Up-to-date symlink: /home/anand/Igus/Igus_ROS2/install/irc_ros_msgs/share/irc_ros_msgs/msg/DioStates.idl
[0.359s] -- Up-to-date symlink: /home/anand/Igus/Igus_ROS2/install/irc_ros_msgs/share/irc_ros_msgs/msg/GripperCommand.idl
[0.359s] -- Up-to-date symlink: /home/anand/Igus/Igus_ROS2/install/irc_ros_msgs/share/irc_ros_msgs/msg/GripperState.idl
[0.359s] -- Up-to-date symlink: /home/anand/Igus/Igus_ROS2/install/irc_ros_msgs/share/irc_ros_msgs/srv/CanModuleCommand.idl
[0.360s] -- Up-to-date symlink: /home/anand/Igus/Igus_ROS2/install/irc_ros_msgs/share/irc_ros_msgs/srv/DioCommand.idl
[0.360s] -- Up-to-date symlink: /home/anand/Igus/Igus_ROS2/install/irc_ros_msgs/share/irc_ros_msgs/srv/GripperCommand.idl
[0.360s] -- Up-to-date symlink: /home/anand/Igus/Igus_ROS2/install/irc_ros_msgs/share/irc_ros_msgs/msg/CanModuleCommand.msg
[0.360s] -- Up-to-date symlink: /home/anand/Igus/Igus_ROS2/install/irc_ros_msgs/share/irc_ros_msgs/msg/CanModuleState.msg
[0.360s] -- Up-to-date symlink: /home/anand/Igus/Igus_ROS2/install/irc_ros_msgs/share/irc_ros_msgs/msg/CanModuleStates.msg
[0.360s] -- Up-to-date symlink: /home/anand/Igus/Igus_ROS2/install/irc_ros_msgs/share/irc_ros_msgs/msg/DioCommand.msg
[0.360s] -- Up-to-date symlink: /home/anand/Igus/Igus_ROS2/install/irc_ros_msgs/share/irc_ros_msgs/msg/DioState.msg
[0.360s] -- Up-to-date symlink: /home/anand/Igus/Igus_ROS2/install/irc_ros_msgs/share/irc_ros_msgs/msg/DioStates.msg
[0.360s] -- Up-to-date symlink: /home/anand/Igus/Igus_ROS2/install/irc_ros_msgs/share/irc_ros_msgs/msg/GripperCommand.msg
[0.360s] -- Up-to-date symlink: /home/anand/Igus/Igus_ROS2/install/irc_ros_msgs/share/irc_ros_msgs/msg/GripperState.msg
[0.360s] -- Up-to-date symlink: /home/anand/Igus/Igus_ROS2/install/irc_ros_msgs/share/irc_ros_msgs/srv/CanModuleCommand.srv
[0.360s] -- Up-to-date symlink: /home/anand/Igus/Igus_ROS2/install/irc_ros_msgs/share/irc_ros_msgs/srv/CanModuleCommand_Request.msg
[0.360s] -- Up-to-date symlink: /home/anand/Igus/Igus_ROS2/install/irc_ros_msgs/share/irc_ros_msgs/srv/CanModuleCommand_Response.msg
[0.360s] -- Up-to-date symlink: /home/anand/Igus/Igus_ROS2/install/irc_ros_msgs/share/irc_ros_msgs/srv/DioCommand.srv
[0.361s] -- Up-to-date symlink: /home/anand/Igus/Igus_ROS2/install/irc_ros_msgs/share/irc_ros_msgs/srv/DioCommand_Request.msg
[0.361s] -- Up-to-date symlink: /home/anand/Igus/Igus_ROS2/install/irc_ros_msgs/share/irc_ros_msgs/srv/DioCommand_Response.msg
[0.361s] -- Up-to-date symlink: /home/anand/Igus/Igus_ROS2/install/irc_ros_msgs/share/irc_ros_msgs/srv/GripperCommand.srv
[0.361s] -- Up-to-date symlink: /home/anand/Igus/Igus_ROS2/install/irc_ros_msgs/share/irc_ros_msgs/srv/GripperCommand_Request.msg
[0.361s] -- Up-to-date symlink: /home/anand/Igus/Igus_ROS2/install/irc_ros_msgs/share/irc_ros_msgs/srv/GripperCommand_Response.msg
[0.361s] -- Up-to-date symlink: /home/anand/Igus/Igus_ROS2/install/irc_ros_msgs/share/ament_index/resource_index/package_run_dependencies/irc_ros_msgs
[0.361s] -- Up-to-date symlink: /home/anand/Igus/Igus_ROS2/install/irc_ros_msgs/share/ament_index/resource_index/parent_prefix_path/irc_ros_msgs
[0.361s] -- Up-to-date symlink: /home/anand/Igus/Igus_ROS2/install/irc_ros_msgs/share/irc_ros_msgs/environment/ament_prefix_path.sh
[0.361s] -- Up-to-date symlink: /home/anand/Igus/Igus_ROS2/install/irc_ros_msgs/share/irc_ros_msgs/environment/ament_prefix_path.dsv
[0.361s] -- Up-to-date symlink: /home/anand/Igus/Igus_ROS2/install/irc_ros_msgs/share/irc_ros_msgs/environment/path.sh
[0.361s] -- Up-to-date symlink: /home/anand/Igus/Igus_ROS2/install/irc_ros_msgs/share/irc_ros_msgs/environment/path.dsv
[0.361s] -- Up-to-date symlink: /home/anand/Igus/Igus_ROS2/install/irc_ros_msgs/share/irc_ros_msgs/local_setup.bash
[0.361s] -- Up-to-date symlink: /home/anand/Igus/Igus_ROS2/install/irc_ros_msgs/share/irc_ros_msgs/local_setup.sh
[0.361s] -- Up-to-date symlink: /home/anand/Igus/Igus_ROS2/install/irc_ros_msgs/share/irc_ros_msgs/local_setup.zsh
[0.362s] -- Up-to-date symlink: /home/anand/Igus/Igus_ROS2/install/irc_ros_msgs/share/irc_ros_msgs/local_setup.dsv
[0.362s] -- Symlinking: /home/anand/Igus/Igus_ROS2/install/irc_ros_msgs/share/irc_ros_msgs/package.dsv
[0.370s] -- Up-to-date symlink: /home/anand/Igus/Igus_ROS2/install/irc_ros_msgs/share/ament_index/resource_index/packages/irc_ros_msgs
[0.370s] -- Up-to-date symlink: /home/anand/Igus/Igus_ROS2/install/irc_ros_msgs/share/irc_ros_msgs/cmake/rosidl_cmake-extras.cmake
[0.370s] -- Up-to-date symlink: /home/anand/Igus/Igus_ROS2/install/irc_ros_msgs/share/irc_ros_msgs/cmake/ament_cmake_export_dependencies-extras.cmake
[0.370s] -- Up-to-date symlink: /home/anand/Igus/Igus_ROS2/install/irc_ros_msgs/share/irc_ros_msgs/cmake/ament_cmake_export_include_directories-extras.cmake
[0.370s] -- Up-to-date symlink: /home/anand/Igus/Igus_ROS2/install/irc_ros_msgs/share/irc_ros_msgs/cmake/ament_cmake_export_libraries-extras.cmake
[0.370s] -- Up-to-date symlink: /home/anand/Igus/Igus_ROS2/install/irc_ros_msgs/share/irc_ros_msgs/cmake/ament_cmake_export_targets-extras.cmake
[0.370s] -- Up-to-date symlink: /home/anand/Igus/Igus_ROS2/install/irc_ros_msgs/share/irc_ros_msgs/cmake/rosidl_cmake_export_typesupport_targets-extras.cmake
[0.370s] -- Up-to-date symlink: /home/anand/Igus/Igus_ROS2/install/irc_ros_msgs/share/irc_ros_msgs/cmake/rosidl_cmake_export_typesupport_libraries-extras.cmake
[0.370s] -- Up-to-date symlink: /home/anand/Igus/Igus_ROS2/install/irc_ros_msgs/share/irc_ros_msgs/cmake/irc_ros_msgsConfig.cmake
[0.371s] -- Up-to-date symlink: /home/anand/Igus/Igus_ROS2/install/irc_ros_msgs/share/irc_ros_msgs/cmake/irc_ros_msgsConfig-version.cmake
[0.371s] -- Up-to-date symlink: /home/anand/Igus/Igus_ROS2/install/irc_ros_msgs/share/irc_ros_msgs/package.xml
[0.371s] -- Up-to-date: /home/anand/Igus/Igus_ROS2/install/irc_ros_msgs/lib/libirc_ros_msgs__rosidl_generator_c.so
[0.372s] -- Up-to-date: /home/anand/Igus/Igus_ROS2/install/irc_ros_msgs/lib/libirc_ros_msgs__rosidl_typesupport_fastrtps_c.so
[0.372s] -- Up-to-date: /home/anand/Igus/Igus_ROS2/install/irc_ros_msgs/lib/libirc_ros_msgs__rosidl_typesupport_fastrtps_cpp.so
[0.372s] -- Up-to-date: /home/anand/Igus/Igus_ROS2/install/irc_ros_msgs/lib/libirc_ros_msgs__rosidl_typesupport_introspection_c.so
[0.373s] -- Up-to-date: /home/anand/Igus/Igus_ROS2/install/irc_ros_msgs/lib/libirc_ros_msgs__rosidl_typesupport_c.so
[0.373s] -- Up-to-date: /home/anand/Igus/Igus_ROS2/install/irc_ros_msgs/lib/libirc_ros_msgs__rosidl_typesupport_introspection_cpp.so
[0.374s] -- Up-to-date: /home/anand/Igus/Igus_ROS2/install/irc_ros_msgs/lib/libirc_ros_msgs__rosidl_typesupport_cpp.so
[0.400s] Listing '/home/anand/Igus/Igus_ROS2/install/irc_ros_msgs/local/lib/python3.10/dist-packages/irc_ros_msgs'...
[0.400s] Listing '/home/anand/Igus/Igus_ROS2/install/irc_ros_msgs/local/lib/python3.10/dist-packages/irc_ros_msgs/msg'...
[0.400s] Listing '/home/anand/Igus/Igus_ROS2/install/irc_ros_msgs/local/lib/python3.10/dist-packages/irc_ros_msgs/srv'...
[0.403s] -- Up-to-date: /home/anand/Igus/Igus_ROS2/install/irc_ros_msgs/lib/libirc_ros_msgs__rosidl_generator_py.so
[0.404s] -- Up-to-date: /home/anand/Igus/Igus_ROS2/install/irc_ros_msgs/share/irc_ros_msgs/cmake/export_irc_ros_msgs__rosidl_generator_cExport.cmake
[0.404s] -- Up-to-date: /home/anand/Igus/Igus_ROS2/install/irc_ros_msgs/share/irc_ros_msgs/cmake/export_irc_ros_msgs__rosidl_generator_cExport-noconfig.cmake
[0.404s] -- Up-to-date: /home/anand/Igus/Igus_ROS2/install/irc_ros_msgs/share/irc_ros_msgs/cmake/export_irc_ros_msgs__rosidl_typesupport_fastrtps_cExport.cmake
[0.404s] -- Up-to-date: /home/anand/Igus/Igus_ROS2/install/irc_ros_msgs/share/irc_ros_msgs/cmake/export_irc_ros_msgs__rosidl_typesupport_fastrtps_cExport-noconfig.cmake
[0.404s] -- Up-to-date: /home/anand/Igus/Igus_ROS2/install/irc_ros_msgs/share/irc_ros_msgs/cmake/export_irc_ros_msgs__rosidl_generator_cppExport.cmake
[0.404s] -- Up-to-date: /home/anand/Igus/Igus_ROS2/install/irc_ros_msgs/share/irc_ros_msgs/cmake/export_irc_ros_msgs__rosidl_typesupport_fastrtps_cppExport.cmake
[0.405s] -- Up-to-date: /home/anand/Igus/Igus_ROS2/install/irc_ros_msgs/share/irc_ros_msgs/cmake/export_irc_ros_msgs__rosidl_typesupport_fastrtps_cppExport-noconfig.cmake
[0.405s] -- Up-to-date: /home/anand/Igus/Igus_ROS2/install/irc_ros_msgs/share/irc_ros_msgs/cmake/irc_ros_msgs__rosidl_typesupport_introspection_cExport.cmake
[0.405s] -- Up-to-date: /home/anand/Igus/Igus_ROS2/install/irc_ros_msgs/share/irc_ros_msgs/cmake/irc_ros_msgs__rosidl_typesupport_introspection_cExport-noconfig.cmake
[0.405s] -- Up-to-date: /home/anand/Igus/Igus_ROS2/install/irc_ros_msgs/share/irc_ros_msgs/cmake/irc_ros_msgs__rosidl_typesupport_cExport.cmake
[0.405s] -- Up-to-date: /home/anand/Igus/Igus_ROS2/install/irc_ros_msgs/share/irc_ros_msgs/cmake/irc_ros_msgs__rosidl_typesupport_cExport-noconfig.cmake
[0.405s] -- Up-to-date: /home/anand/Igus/Igus_ROS2/install/irc_ros_msgs/share/irc_ros_msgs/cmake/irc_ros_msgs__rosidl_typesupport_introspection_cppExport.cmake
[0.405s] -- Up-to-date: /home/anand/Igus/Igus_ROS2/install/irc_ros_msgs/share/irc_ros_msgs/cmake/irc_ros_msgs__rosidl_typesupport_introspection_cppExport-noconfig.cmake
[0.405s] -- Up-to-date: /home/anand/Igus/Igus_ROS2/install/irc_ros_msgs/share/irc_ros_msgs/cmake/irc_ros_msgs__rosidl_typesupport_cppExport.cmake
[0.405s] -- Up-to-date: /home/anand/Igus/Igus_ROS2/install/irc_ros_msgs/share/irc_ros_msgs/cmake/irc_ros_msgs__rosidl_typesupport_cppExport-noconfig.cmake
[0.406s] -- Up-to-date: /home/anand/Igus/Igus_ROS2/install/irc_ros_msgs/share/irc_ros_msgs/cmake/export_irc_ros_msgs__rosidl_generator_pyExport.cmake
[0.406s] -- Up-to-date: /home/anand/Igus/Igus_ROS2/install/irc_ros_msgs/share/irc_ros_msgs/cmake/export_irc_ros_msgs__rosidl_generator_pyExport-noconfig.cmake
[0.408s] Invoked command in '/home/anand/Igus/Igus_ROS2/build/irc_ros_msgs' returned '0': CMAKE_PREFIX_PATH=${CMAKE_PREFIX_PATH}:/home/anand/Igus/Igus_ROS2/install/testtube_sorting:/home/anand/Igus/Igus_ROS2/install/irc_ros_dashboard:/opt/ros/humble /usr/bin/cmake --install /home/anand/Igus/Igus_ROS2/build/irc_ros_msgs
