-- The C compiler identification is GNU 11.4.0
-- The CXX compiler identification is GNU 11.4.0
-- Detecting C compiler ABI info
-- Detecting C compiler ABI info - done
-- Check for working C compiler: /usr/bin/cc - skipped
-- Detecting C compile features
-- Detecting C compile features - done
-- Detecting CXX compiler ABI info
-- Detecting CXX compiler ABI info - done
-- Check for working CXX compiler: /usr/bin/c++ - skipped
-- Detecting CXX compile features
-- Detecting CXX compile features - done
-- Found ament_cmake: 1.3.12 (/opt/ros/humble/share/ament_cmake/cmake)
-- Found Python3: /usr/bin/python3 (found version "3.10.12") found components: Interpreter 
-- Override CMake install command with custom implementation using symlinks instead of copying resources
-- Found irc_ros_msgs: 0.0.0 (/home/anand/Igus/Igus_ROS2/install/irc_ros_msgs/share/irc_ros_msgs/cmake)
-- Found rosidl_generator_c: 3.1.7 (/opt/ros/humble/share/rosidl_generator_c/cmake)
-- Found rosidl_adapter: 3.1.7 (/opt/ros/humble/share/rosidl_adapter/cmake)
-- Found rosidl_generator_cpp: 3.1.7 (/opt/ros/humble/share/rosidl_generator_cpp/cmake)
-- Using all available rosidl_typesupport_c: rosidl_typesupport_fastrtps_c;rosidl_typesupport_introspection_c
-- Using all available rosidl_typesupport_cpp: rosidl_typesupport_fastrtps_cpp;rosidl_typesupport_introspection_cpp
-- Found moveit_core: 2.5.9 (/opt/ros/humble/share/moveit_core/cmake)
-- Found Boost: /usr/lib/x86_64-linux-gnu/cmake/Boost-1.74.0/BoostConfig.cmake (found version "1.74.0") found components: chrono date_time filesystem iostreams program_options regex serialization system thread 
-- Found parameter_traits: 0.5.0 (/opt/ros/humble/share/parameter_traits/cmake)
-- Found rmw_implementation_cmake: 6.1.2 (/opt/ros/humble/share/rmw_implementation_cmake/cmake)
-- Found rmw_fastrtps_cpp: 6.2.8 (/opt/ros/humble/share/rmw_fastrtps_cpp/cmake)
-- Found OpenSSL: /usr/lib/x86_64-linux-gnu/libcrypto.so (found version "3.0.2")  
-- Found FastRTPS: /opt/ros/humble/include  
-- Using RMW implementation 'rmw_fastrtps_cpp' as default
-- Found Threads: TRUE  
-- Found rclcpp_lifecycle: 16.0.15 (/opt/ros/humble/share/rclcpp_lifecycle/cmake)
-- Found Boost: /usr/lib/x86_64-linux-gnu/cmake/Boost-1.74.0/BoostConfig.cmake (found version "1.74.0") found components: filesystem 
-- library: /usr/lib/x86_64-linux-gnu/libcurl.so
-- Found Eigen3: TRUE (found version "3.4.0") 
-- Ensuring Eigen3 include directory is part of orocos-kdl CMake target
-- Found moveit_ros_move_group: 2.5.9 (/opt/ros/humble/share/moveit_ros_move_group/cmake)
-- Found Boost: /usr/lib/x86_64-linux-gnu/cmake/Boost-1.74.0/BoostConfig.cmake (found version "1.74.0") found components: system filesystem date_time program_options thread 
-- Found Boost: /usr/lib/x86_64-linux-gnu/cmake/Boost-1.74.0/BoostConfig.cmake (found version "1.74.0") found components: system filesystem date_time program_options thread chrono 
-- Found moveit_ros_planning_interface: 2.5.9 (/opt/ros/humble/share/moveit_ros_planning_interface/cmake)
-- Found Boost: /usr/lib/x86_64-linux-gnu/cmake/Boost-1.74.0/BoostConfig.cmake (found version "1.74.0") found components: date_time filesystem program_options system thread 
-- Found Boost: /usr/lib/x86_64-linux-gnu/cmake/Boost-1.74.0/BoostConfig.cmake (found version "1.74.0") found components: thread system filesystem regex date_time program_options 
-- Found rclpy: 3.3.17 (/opt/ros/humble/share/rclpy/cmake)
-- Found ament_lint_auto: 0.12.14 (/opt/ros/humble/share/ament_lint_auto/cmake)
-- Added test 'cppcheck' to perform static code analysis on C / C++ code
-- Configured cppcheck include dirs: /home/anand/Igus/Igus_ROS2/irc_ros_examples/include;$<BUILD_INTERFACE:/home/anand/Igus/Igus_ROS2/irc_ros_examples/include>
-- Configured cppcheck exclude dirs and/or files: 
-- Added test 'flake8' to check Python code syntax and style conventions
-- Added test 'lint_cmake' to check CMake code style
-- Added test 'pep257' to check Python code against some of the docstring style conventions in PEP 257
-- Added test 'uncrustify' to check C / C++ code style
-- Configured uncrustify additional arguments: 
-- Added test 'xmllint' to check XML markup files
-- Configuring done
-- Generating done
-- Build files have been written to: /home/anand/Igus/Igus_ROS2/build/irc_ros_examples
[ 25%] [32mBuilding CXX object CMakeFiles/pick_and_place_vacuum.dir/src/pick_and_place_vacuum.cpp.o[0m
[ 25%] Built target ament_cmake_python_symlink_irc_ros_examples
[ 50%] [32mBuilding CXX object CMakeFiles/pick_and_place.dir/src/pick_and_place.cpp.o[0m
running egg_info
creating irc_ros_examples.egg-info
writing irc_ros_examples.egg-info/PKG-INFO
writing dependency_links to irc_ros_examples.egg-info/dependency_links.txt
writing top-level names to irc_ros_examples.egg-info/top_level.txt
writing manifest file 'irc_ros_examples.egg-info/SOURCES.txt'
reading manifest file 'irc_ros_examples.egg-info/SOURCES.txt'
writing manifest file 'irc_ros_examples.egg-info/SOURCES.txt'
[ 50%] Built target ament_cmake_python_build_irc_ros_examples_egg
[ 75%] [32m[1mLinking CXX executable pick_and_place_vacuum[0m
[ 75%] Built target pick_and_place_vacuum
[100%] [32m[1mLinking CXX executable pick_and_place[0m
[100%] Built target pick_and_place
-- Install configuration: ""
-- Execute custom install script
-- Symlinking: /home/anand/Igus/Igus_ROS2/install/irc_ros_examples/lib/irc_ros_examples/pick_and_place
-- Symlinking: /home/anand/Igus/Igus_ROS2/install/irc_ros_examples/lib/irc_ros_examples/pick_and_place_vacuum
-- Symlinking: /home/anand/Igus/Igus_ROS2/install/irc_ros_examples/share/irc_ros_examples/environment/pythonpath.sh
-- Symlinking: /home/anand/Igus/Igus_ROS2/install/irc_ros_examples/share/irc_ros_examples/environment/pythonpath.dsv
-- Symlinking: /home/anand/Igus/Igus_ROS2/install/irc_ros_examples/local/lib/python3.10/dist-packages/irc_ros_examples-0.1.0-py3.10.egg-info/PKG-INFO
-- Symlinking: /home/anand/Igus/Igus_ROS2/install/irc_ros_examples/local/lib/python3.10/dist-packages/irc_ros_examples-0.1.0-py3.10.egg-info/SOURCES.txt
-- Symlinking: /home/anand/Igus/Igus_ROS2/install/irc_ros_examples/local/lib/python3.10/dist-packages/irc_ros_examples-0.1.0-py3.10.egg-info/dependency_links.txt
-- Symlinking: /home/anand/Igus/Igus_ROS2/install/irc_ros_examples/local/lib/python3.10/dist-packages/irc_ros_examples-0.1.0-py3.10.egg-info/top_level.txt
-- Symlinking: /home/anand/Igus/Igus_ROS2/install/irc_ros_examples/local/lib/python3.10/dist-packages/irc_ros_examples/__init__.py
-- Symlinking: /home/anand/Igus/Igus_ROS2/install/irc_ros_examples/lib/irc_ros_examples/nav2_simple_commander_example.py
-- Symlinking: /home/anand/Igus/Igus_ROS2/install/irc_ros_examples/lib/irc_ros_examples/baristabot.py
-- Symlinking: /home/anand/Igus/Igus_ROS2/install/irc_ros_examples/share/irc_ros_examples/launch/baristabot.launch.py
-- Symlinking: /home/anand/Igus/Igus_ROS2/install/irc_ros_examples/share/irc_ros_examples/launch/nav2_simple_commander_example.launch.py
-- Symlinking: /home/anand/Igus/Igus_ROS2/install/irc_ros_examples/share/irc_ros_examples/launch/pick_and_place.launch.py
-- Symlinking: /home/anand/Igus/Igus_ROS2/install/irc_ros_examples/share/irc_ros_examples/launch/pick_and_place_vacuum.launch.py
-- Symlinking: /home/anand/Igus/Igus_ROS2/install/irc_ros_examples/share/ament_index/resource_index/package_run_dependencies/irc_ros_examples
-- Symlinking: /home/anand/Igus/Igus_ROS2/install/irc_ros_examples/share/ament_index/resource_index/parent_prefix_path/irc_ros_examples
-- Symlinking: /home/anand/Igus/Igus_ROS2/install/irc_ros_examples/share/irc_ros_examples/environment/ament_prefix_path.sh
-- Symlinking: /home/anand/Igus/Igus_ROS2/install/irc_ros_examples/share/irc_ros_examples/environment/ament_prefix_path.dsv
-- Symlinking: /home/anand/Igus/Igus_ROS2/install/irc_ros_examples/share/irc_ros_examples/environment/path.sh
-- Symlinking: /home/anand/Igus/Igus_ROS2/install/irc_ros_examples/share/irc_ros_examples/environment/path.dsv
-- Symlinking: /home/anand/Igus/Igus_ROS2/install/irc_ros_examples/share/irc_ros_examples/local_setup.bash
-- Symlinking: /home/anand/Igus/Igus_ROS2/install/irc_ros_examples/share/irc_ros_examples/local_setup.sh
-- Symlinking: /home/anand/Igus/Igus_ROS2/install/irc_ros_examples/share/irc_ros_examples/local_setup.zsh
-- Symlinking: /home/anand/Igus/Igus_ROS2/install/irc_ros_examples/share/irc_ros_examples/local_setup.dsv
-- Symlinking: /home/anand/Igus/Igus_ROS2/install/irc_ros_examples/share/irc_ros_examples/package.dsv
-- Symlinking: /home/anand/Igus/Igus_ROS2/install/irc_ros_examples/share/ament_index/resource_index/packages/irc_ros_examples
-- Symlinking: /home/anand/Igus/Igus_ROS2/install/irc_ros_examples/share/irc_ros_examples/cmake/irc_ros_examplesConfig.cmake
-- Symlinking: /home/anand/Igus/Igus_ROS2/install/irc_ros_examples/share/irc_ros_examples/cmake/irc_ros_examplesConfig-version.cmake
-- Symlinking: /home/anand/Igus/Igus_ROS2/install/irc_ros_examples/share/irc_ros_examples/package.xml
Listing '/home/anand/Igus/Igus_ROS2/install/irc_ros_examples/local/lib/python3.10/dist-packages/irc_ros_examples'...
Compiling '/home/anand/Igus/Igus_ROS2/install/irc_ros_examples/local/lib/python3.10/dist-packages/irc_ros_examples/__init__.py'...
