[100%] Built target irc_ros_hardware
-- Install configuration: ""
-- Execute custom install script
-- Up-to-date symlink: /home/anand/Igus/Igus_ROS2/install/irc_ros_hardware/share/irc_ros_hardware//irc_ros_hardware.xml
-- Up-to-date symlink: /home/anand/Igus/Igus_ROS2/install/irc_ros_hardware/lib/libirc_ros_hardware.so
-- Up-to-date symlink: /home/anand/Igus/Igus_ROS2/install/irc_ros_hardware/include/irc_ros_hardware/CAN/can_interface.hpp
-- Up-to-date symlink: /home/anand/Igus/Igus_ROS2/install/irc_ros_hardware/include/irc_ros_hardware/CAN/can_message.hpp
-- Up-to-date symlink: /home/anand/Igus/Igus_ROS2/install/irc_ros_hardware/include/irc_ros_hardware/CAN/can_socket.hpp
-- Up-to-date symlink: /home/anand/Igus/Igus_ROS2/install/irc_ros_hardware/include/irc_ros_hardware/CAN/cprcan_v2.hpp
-- Up-to-date symlink: /home/anand/Igus/Igus_ROS2/install/irc_ros_hardware/include/irc_ros_hardware/CAN/digital_io.hpp
-- Up-to-date symlink: /home/anand/Igus/Igus_ROS2/install/irc_ros_hardware/include/irc_ros_hardware/CAN/joint.hpp
-- Up-to-date symlink: /home/anand/Igus/Igus_ROS2/install/irc_ros_hardware/include/irc_ros_hardware/CAN/module.hpp
-- Up-to-date symlink: /home/anand/Igus/Igus_ROS2/install/irc_ros_hardware/include/irc_ros_hardware/CAN/modulestates.hpp
-- Up-to-date symlink: /home/anand/Igus/Igus_ROS2/install/irc_ros_hardware/include/irc_ros_hardware/CRI/cri_keywords.hpp
-- Up-to-date symlink: /home/anand/Igus/Igus_ROS2/install/irc_ros_hardware/include/irc_ros_hardware/CRI/cri_messages.hpp
-- Up-to-date symlink: /home/anand/Igus/Igus_ROS2/install/irc_ros_hardware/include/irc_ros_hardware/CRI/cri_socket.hpp
-- Up-to-date symlink: /home/anand/Igus/Igus_ROS2/install/irc_ros_hardware/include/irc_ros_hardware/common/errorstate.hpp
-- Up-to-date symlink: /home/anand/Igus/Igus_ROS2/install/irc_ros_hardware/include/irc_ros_hardware/irc_ros_can.hpp
-- Up-to-date symlink: /home/anand/Igus/Igus_ROS2/install/irc_ros_hardware/include/irc_ros_hardware/irc_ros_cri.hpp
-- Up-to-date symlink: /home/anand/Igus/Igus_ROS2/install/irc_ros_hardware/share/irc_ros_hardware/environment/library_path.sh
-- Up-to-date symlink: /home/anand/Igus/Igus_ROS2/install/irc_ros_hardware/share/irc_ros_hardware/environment/library_path.dsv
-- Up-to-date symlink: /home/anand/Igus/Igus_ROS2/install/irc_ros_hardware/share/ament_index/resource_index/package_run_dependencies/irc_ros_hardware
-- Up-to-date symlink: /home/anand/Igus/Igus_ROS2/install/irc_ros_hardware/share/ament_index/resource_index/parent_prefix_path/irc_ros_hardware
-- Up-to-date symlink: /home/anand/Igus/Igus_ROS2/install/irc_ros_hardware/share/irc_ros_hardware/environment/ament_prefix_path.sh
-- Up-to-date symlink: /home/anand/Igus/Igus_ROS2/install/irc_ros_hardware/share/irc_ros_hardware/environment/ament_prefix_path.dsv
-- Up-to-date symlink: /home/anand/Igus/Igus_ROS2/install/irc_ros_hardware/share/irc_ros_hardware/environment/path.sh
-- Up-to-date symlink: /home/anand/Igus/Igus_ROS2/install/irc_ros_hardware/share/irc_ros_hardware/environment/path.dsv
-- Up-to-date symlink: /home/anand/Igus/Igus_ROS2/install/irc_ros_hardware/share/irc_ros_hardware/local_setup.bash
-- Up-to-date symlink: /home/anand/Igus/Igus_ROS2/install/irc_ros_hardware/share/irc_ros_hardware/local_setup.sh
-- Up-to-date symlink: /home/anand/Igus/Igus_ROS2/install/irc_ros_hardware/share/irc_ros_hardware/local_setup.zsh
-- Up-to-date symlink: /home/anand/Igus/Igus_ROS2/install/irc_ros_hardware/share/irc_ros_hardware/local_setup.dsv
-- Symlinking: /home/anand/Igus/Igus_ROS2/install/irc_ros_hardware/share/irc_ros_hardware/package.dsv
-- Up-to-date symlink: /home/anand/Igus/Igus_ROS2/install/irc_ros_hardware/share/ament_index/resource_index/packages/irc_ros_hardware
-- Up-to-date symlink: /home/anand/Igus/Igus_ROS2/install/irc_ros_hardware/share/ament_index/resource_index/hardware_interface__pluginlib__plugin/irc_ros_hardware
-- Up-to-date symlink: /home/anand/Igus/Igus_ROS2/install/irc_ros_hardware/share/irc_ros_hardware/cmake/ament_cmake_export_dependencies-extras.cmake
-- Up-to-date symlink: /home/anand/Igus/Igus_ROS2/install/irc_ros_hardware/share/irc_ros_hardware/cmake/ament_cmake_export_include_directories-extras.cmake
-- Up-to-date symlink: /home/anand/Igus/Igus_ROS2/install/irc_ros_hardware/share/irc_ros_hardware/cmake/ament_cmake_export_libraries-extras.cmake
-- Up-to-date symlink: /home/anand/Igus/Igus_ROS2/install/irc_ros_hardware/share/irc_ros_hardware/cmake/irc_ros_hardwareConfig.cmake
-- Up-to-date symlink: /home/anand/Igus/Igus_ROS2/install/irc_ros_hardware/share/irc_ros_hardware/cmake/irc_ros_hardwareConfig-version.cmake
-- Up-to-date symlink: /home/anand/Igus/Igus_ROS2/install/irc_ros_hardware/share/irc_ros_hardware/package.xml
