[0.022s] Invoking command in '/home/anand/Igus/Igus_ROS2/build/irc_ros_navigation2': CMAKE_PREFIX_PATH=${CMAKE_PREFIX_PATH}:/home/anand/Igus/Igus_ROS2/install/testtube_sorting:/home/anand/Igus/Igus_ROS2/install/irc_ros_dashboard:/opt/ros/humble /usr/bin/cmake /home/anand/Igus/Igus_ROS2/irc_ros_navigation2 -DCMAKE_INSTALL_PREFIX=/home/anand/Igus/Igus_ROS2/install/irc_ros_navigation2
[0.034s] -- Found ament_cmake: 1.3.12 (/opt/ros/humble/share/ament_cmake/cmake)
[0.202s] -- Override CMake install command with custom implementation using symlinks instead of copying resources
[0.211s] -- Found ament_lint_auto: 0.12.14 (/opt/ros/humble/share/ament_lint_auto/cmake)
[0.330s] -- Added test 'flake8' to check Python code syntax and style conventions
[0.331s] -- Added test 'lint_cmake' to check CMake code style
[0.331s] -- Added test 'pep257' to check Python code against some of the docstring style conventions in PEP 257
[0.332s] -- Added test 'xmllint' to check XML markup files
[0.333s] -- Configuring done
[0.337s] -- Generating done
[0.339s] -- Build files have been written to: /home/anand/Igus/Igus_ROS2/build/irc_ros_navigation2
[0.434s] Invoked command in '/home/anand/Igus/Igus_ROS2/build/irc_ros_navigation2' returned '0': CMAKE_PREFIX_PATH=${CMAKE_PREFIX_PATH}:/home/anand/Igus/Igus_ROS2/install/testtube_sorting:/home/anand/Igus/Igus_ROS2/install/irc_ros_dashboard:/opt/ros/humble /usr/bin/cmake /home/anand/Igus/Igus_ROS2/irc_ros_navigation2 -DCMAKE_INSTALL_PREFIX=/home/anand/Igus/Igus_ROS2/install/irc_ros_navigation2
[0.436s] Invoking command in '/home/anand/Igus/Igus_ROS2/build/irc_ros_navigation2': CMAKE_PREFIX_PATH=${CMAKE_PREFIX_PATH}:/home/anand/Igus/Igus_ROS2/install/testtube_sorting:/home/anand/Igus/Igus_ROS2/install/irc_ros_dashboard:/opt/ros/humble /usr/bin/cmake --build /home/anand/Igus/Igus_ROS2/build/irc_ros_navigation2 -- -j16 -l16
[0.517s] Invoked command in '/home/anand/Igus/Igus_ROS2/build/irc_ros_navigation2' returned '0': CMAKE_PREFIX_PATH=${CMAKE_PREFIX_PATH}:/home/anand/Igus/Igus_ROS2/install/testtube_sorting:/home/anand/Igus/Igus_ROS2/install/irc_ros_dashboard:/opt/ros/humble /usr/bin/cmake --build /home/anand/Igus/Igus_ROS2/build/irc_ros_navigation2 -- -j16 -l16
[0.521s] Invoking command in '/home/anand/Igus/Igus_ROS2/build/irc_ros_navigation2': CMAKE_PREFIX_PATH=${CMAKE_PREFIX_PATH}:/home/anand/Igus/Igus_ROS2/install/testtube_sorting:/home/anand/Igus/Igus_ROS2/install/irc_ros_dashboard:/opt/ros/humble /usr/bin/cmake --install /home/anand/Igus/Igus_ROS2/build/irc_ros_navigation2
[0.530s] -- Install configuration: ""
[0.531s] -- Execute custom install script
[0.531s] -- Up-to-date symlink: /home/anand/Igus/Igus_ROS2/install/irc_ros_navigation2/share/irc_ros_navigation2/launch/cpr_platform.launch.py
[0.531s] -- Up-to-date symlink: /home/anand/Igus/Igus_ROS2/install/irc_ros_navigation2/share/irc_ros_navigation2/params/cpr_platform_medium.yaml
[0.531s] -- Up-to-date symlink: /home/anand/Igus/Igus_ROS2/install/irc_ros_navigation2/share/irc_ros_navigation2/map/map.pgm
[0.532s] -- Up-to-date symlink: /home/anand/Igus/Igus_ROS2/install/irc_ros_navigation2/share/irc_ros_navigation2/map/map.yaml
[0.532s] -- Up-to-date symlink: /home/anand/Igus/Igus_ROS2/install/irc_ros_navigation2/share/irc_ros_navigation2/map/map_office.pgm
[0.532s] -- Up-to-date symlink: /home/anand/Igus/Igus_ROS2/install/irc_ros_navigation2/share/irc_ros_navigation2/map/map_office.yaml
[0.533s] -- Up-to-date symlink: /home/anand/Igus/Igus_ROS2/install/irc_ros_navigation2/share/irc_ros_navigation2/rviz/platform.rviz
[0.533s] -- Up-to-date symlink: /home/anand/Igus/Igus_ROS2/install/irc_ros_navigation2/share/ament_index/resource_index/package_run_dependencies/irc_ros_navigation2
[0.533s] -- Up-to-date symlink: /home/anand/Igus/Igus_ROS2/install/irc_ros_navigation2/share/ament_index/resource_index/parent_prefix_path/irc_ros_navigation2
[0.534s] -- Up-to-date symlink: /home/anand/Igus/Igus_ROS2/install/irc_ros_navigation2/share/irc_ros_navigation2/environment/ament_prefix_path.sh
[0.534s] -- Up-to-date symlink: /home/anand/Igus/Igus_ROS2/install/irc_ros_navigation2/share/irc_ros_navigation2/environment/ament_prefix_path.dsv
[0.534s] -- Up-to-date symlink: /home/anand/Igus/Igus_ROS2/install/irc_ros_navigation2/share/irc_ros_navigation2/environment/path.sh
[0.534s] -- Up-to-date symlink: /home/anand/Igus/Igus_ROS2/install/irc_ros_navigation2/share/irc_ros_navigation2/environment/path.dsv
[0.535s] -- Up-to-date symlink: /home/anand/Igus/Igus_ROS2/install/irc_ros_navigation2/share/irc_ros_navigation2/local_setup.bash
[0.535s] -- Up-to-date symlink: /home/anand/Igus/Igus_ROS2/install/irc_ros_navigation2/share/irc_ros_navigation2/local_setup.sh
[0.535s] -- Up-to-date symlink: /home/anand/Igus/Igus_ROS2/install/irc_ros_navigation2/share/irc_ros_navigation2/local_setup.zsh
[0.535s] -- Up-to-date symlink: /home/anand/Igus/Igus_ROS2/install/irc_ros_navigation2/share/irc_ros_navigation2/local_setup.dsv
[0.535s] -- Symlinking: /home/anand/Igus/Igus_ROS2/install/irc_ros_navigation2/share/irc_ros_navigation2/package.dsv
[0.547s] -- Up-to-date symlink: /home/anand/Igus/Igus_ROS2/install/irc_ros_navigation2/share/ament_index/resource_index/packages/irc_ros_navigation2
[0.547s] -- Up-to-date symlink: /home/anand/Igus/Igus_ROS2/install/irc_ros_navigation2/share/irc_ros_navigation2/cmake/irc_ros_navigation2Config.cmake
[0.547s] -- Up-to-date symlink: /home/anand/Igus/Igus_ROS2/install/irc_ros_navigation2/share/irc_ros_navigation2/cmake/irc_ros_navigation2Config-version.cmake
[0.547s] -- Up-to-date symlink: /home/anand/Igus/Igus_ROS2/install/irc_ros_navigation2/share/irc_ros_navigation2/package.xml
[0.556s] Invoked command in '/home/anand/Igus/Igus_ROS2/build/irc_ros_navigation2' returned '0': CMAKE_PREFIX_PATH=${CMAKE_PREFIX_PATH}:/home/anand/Igus/Igus_ROS2/install/testtube_sorting:/home/anand/Igus/Igus_ROS2/install/irc_ros_dashboard:/opt/ros/humble /usr/bin/cmake --install /home/anand/Igus/Igus_ROS2/build/irc_ros_navigation2
