[100%] Built target irc_ros_controllers
-- Install configuration: ""
-- Execute custom install script
-- Up-to-date symlink: /home/anand/Igus/Igus_ROS2/install/irc_ros_controllers/share/irc_ros_controllers//dashboard_controller.xml
-- Up-to-date symlink: /home/anand/Igus/Igus_ROS2/install/irc_ros_controllers/share/irc_ros_controllers//dio_controller.xml
-- Up-to-date symlink: /home/anand/Igus/Igus_ROS2/install/irc_ros_controllers/share/irc_ros_controllers//schmalz_ecbpmi_controller.xml
-- Up-to-date symlink: /home/anand/Igus/Igus_ROS2/install/irc_ros_controllers/include/irc_ros_controllers/dashboard_controller.hpp
-- Up-to-date symlink: /home/anand/Igus/Igus_ROS2/install/irc_ros_controllers/include/irc_ros_controllers/dashboard_semantic_component_interface.hpp
-- Up-to-date symlink: /home/anand/Igus/Igus_ROS2/install/irc_ros_controllers/include/irc_ros_controllers/dio_controller.hpp
-- Up-to-date symlink: /home/anand/Igus/Igus_ROS2/install/irc_ros_controllers/include/irc_ros_controllers/schmalz_ecbpmi_controller.hpp
-- Up-to-date symlink: /home/anand/Igus/Igus_ROS2/install/irc_ros_controllers/lib/libirc_ros_controllers.so
-- Up-to-date symlink: /home/anand/Igus/Igus_ROS2/install/irc_ros_controllers/share/irc_ros_controllers/environment/library_path.sh
-- Up-to-date symlink: /home/anand/Igus/Igus_ROS2/install/irc_ros_controllers/share/irc_ros_controllers/environment/library_path.dsv
-- Up-to-date symlink: /home/anand/Igus/Igus_ROS2/install/irc_ros_controllers/share/ament_index/resource_index/package_run_dependencies/irc_ros_controllers
-- Up-to-date symlink: /home/anand/Igus/Igus_ROS2/install/irc_ros_controllers/share/ament_index/resource_index/parent_prefix_path/irc_ros_controllers
-- Up-to-date symlink: /home/anand/Igus/Igus_ROS2/install/irc_ros_controllers/share/irc_ros_controllers/environment/ament_prefix_path.sh
-- Up-to-date symlink: /home/anand/Igus/Igus_ROS2/install/irc_ros_controllers/share/irc_ros_controllers/environment/ament_prefix_path.dsv
-- Up-to-date symlink: /home/anand/Igus/Igus_ROS2/install/irc_ros_controllers/share/irc_ros_controllers/environment/path.sh
-- Up-to-date symlink: /home/anand/Igus/Igus_ROS2/install/irc_ros_controllers/share/irc_ros_controllers/environment/path.dsv
-- Up-to-date symlink: /home/anand/Igus/Igus_ROS2/install/irc_ros_controllers/share/irc_ros_controllers/local_setup.bash
-- Up-to-date symlink: /home/anand/Igus/Igus_ROS2/install/irc_ros_controllers/share/irc_ros_controllers/local_setup.sh
-- Up-to-date symlink: /home/anand/Igus/Igus_ROS2/install/irc_ros_controllers/share/irc_ros_controllers/local_setup.zsh
-- Up-to-date symlink: /home/anand/Igus/Igus_ROS2/install/irc_ros_controllers/share/irc_ros_controllers/local_setup.dsv
-- Symlinking: /home/anand/Igus/Igus_ROS2/install/irc_ros_controllers/share/irc_ros_controllers/package.dsv
-- Up-to-date symlink: /home/anand/Igus/Igus_ROS2/install/irc_ros_controllers/share/ament_index/resource_index/packages/irc_ros_controllers
-- Up-to-date symlink: /home/anand/Igus/Igus_ROS2/install/irc_ros_controllers/share/ament_index/resource_index/controller_interface__pluginlib__plugin/irc_ros_controllers
-- Up-to-date symlink: /home/anand/Igus/Igus_ROS2/install/irc_ros_controllers/share/irc_ros_controllers/cmake/ament_cmake_export_dependencies-extras.cmake
-- Up-to-date symlink: /home/anand/Igus/Igus_ROS2/install/irc_ros_controllers/share/irc_ros_controllers/cmake/ament_cmake_export_include_directories-extras.cmake
-- Up-to-date symlink: /home/anand/Igus/Igus_ROS2/install/irc_ros_controllers/share/irc_ros_controllers/cmake/ament_cmake_export_libraries-extras.cmake
-- Up-to-date symlink: /home/anand/Igus/Igus_ROS2/install/irc_ros_controllers/share/irc_ros_controllers/cmake/irc_ros_controllersConfig.cmake
-- Up-to-date symlink: /home/anand/Igus/Igus_ROS2/install/irc_ros_controllers/share/irc_ros_controllers/cmake/irc_ros_controllersConfig-version.cmake
-- Up-to-date symlink: /home/anand/Igus/Igus_ROS2/install/irc_ros_controllers/share/irc_ros_controllers/package.xml
