[0.018s] Invoking command in '/home/anand/Igus/Igus_ROS2/build/irc_ros_moveit_config': CMAKE_PREFIX_PATH=/home/anand/Igus/Igus_ROS2/install/irc_ros_description:/home/anand/Igus/Igus_ROS2/install/irc_ros_navigation2:/home/anand/Igus/Igus_ROS2/install/irc_ros_controllers:/home/anand/Igus/Igus_ROS2/install/irc_ros_bringup:/home/anand/Igus/Igus_ROS2/install/irc_ros_hardware:/home/anand/Igus/Igus_ROS2/install/irc_ros_examples:/home/anand/Igus/Igus_ROS2/install/irc_ros_msgs:/home/anand/Igus/Igus_ROS2/install/irc_ros_moveit_config:/home/anand/rover_ws/install/rover_description:/home/anand/rebel_ws/install/myrobot_moveit_config:/home/anand/rebel_ws/install/igus_rebel_description:/home/anand/Igus/Igus_ROS2/install/testtube_sorting:/home/anand/Igus/Igus_ROS2/install/irc_ros_dashboard:/opt/ros/humble /usr/bin/cmake /home/anand/Igus/Igus_ROS2/src/irc_ros_moveit_config -DCMAKE_INSTALL_PREFIX=/home/anand/Igus/Igus_ROS2/install/irc_ros_moveit_config
[0.035s] -- Found ament_cmake: 1.3.12 (/opt/ros/humble/share/ament_cmake/cmake)
[0.267s] -- Override CMake install command with custom implementation using symlinks instead of copying resources
[0.405s] -- Configuring done
[0.410s] -- Generating done
[0.413s] -- Build files have been written to: /home/anand/Igus/Igus_ROS2/build/irc_ros_moveit_config
[0.418s] Invoked command in '/home/anand/Igus/Igus_ROS2/build/irc_ros_moveit_config' returned '0': CMAKE_PREFIX_PATH=/home/anand/Igus/Igus_ROS2/install/irc_ros_description:/home/anand/Igus/Igus_ROS2/install/irc_ros_navigation2:/home/anand/Igus/Igus_ROS2/install/irc_ros_controllers:/home/anand/Igus/Igus_ROS2/install/irc_ros_bringup:/home/anand/Igus/Igus_ROS2/install/irc_ros_hardware:/home/anand/Igus/Igus_ROS2/install/irc_ros_examples:/home/anand/Igus/Igus_ROS2/install/irc_ros_msgs:/home/anand/Igus/Igus_ROS2/install/irc_ros_moveit_config:/home/anand/rover_ws/install/rover_description:/home/anand/rebel_ws/install/myrobot_moveit_config:/home/anand/rebel_ws/install/igus_rebel_description:/home/anand/Igus/Igus_ROS2/install/testtube_sorting:/home/anand/Igus/Igus_ROS2/install/irc_ros_dashboard:/opt/ros/humble /usr/bin/cmake /home/anand/Igus/Igus_ROS2/src/irc_ros_moveit_config -DCMAKE_INSTALL_PREFIX=/home/anand/Igus/Igus_ROS2/install/irc_ros_moveit_config
[0.420s] Invoking command in '/home/anand/Igus/Igus_ROS2/build/irc_ros_moveit_config': CMAKE_PREFIX_PATH=/home/anand/Igus/Igus_ROS2/install/irc_ros_description:/home/anand/Igus/Igus_ROS2/install/irc_ros_navigation2:/home/anand/Igus/Igus_ROS2/install/irc_ros_controllers:/home/anand/Igus/Igus_ROS2/install/irc_ros_bringup:/home/anand/Igus/Igus_ROS2/install/irc_ros_hardware:/home/anand/Igus/Igus_ROS2/install/irc_ros_examples:/home/anand/Igus/Igus_ROS2/install/irc_ros_msgs:/home/anand/Igus/Igus_ROS2/install/irc_ros_moveit_config:/home/anand/rover_ws/install/rover_description:/home/anand/rebel_ws/install/myrobot_moveit_config:/home/anand/rebel_ws/install/igus_rebel_description:/home/anand/Igus/Igus_ROS2/install/testtube_sorting:/home/anand/Igus/Igus_ROS2/install/irc_ros_dashboard:/opt/ros/humble /usr/bin/cmake --build /home/anand/Igus/Igus_ROS2/build/irc_ros_moveit_config -- -j16 -l16
[0.485s] Invoked command in '/home/anand/Igus/Igus_ROS2/build/irc_ros_moveit_config' returned '0': CMAKE_PREFIX_PATH=/home/anand/Igus/Igus_ROS2/install/irc_ros_description:/home/anand/Igus/Igus_ROS2/install/irc_ros_navigation2:/home/anand/Igus/Igus_ROS2/install/irc_ros_controllers:/home/anand/Igus/Igus_ROS2/install/irc_ros_bringup:/home/anand/Igus/Igus_ROS2/install/irc_ros_hardware:/home/anand/Igus/Igus_ROS2/install/irc_ros_examples:/home/anand/Igus/Igus_ROS2/install/irc_ros_msgs:/home/anand/Igus/Igus_ROS2/install/irc_ros_moveit_config:/home/anand/rover_ws/install/rover_description:/home/anand/rebel_ws/install/myrobot_moveit_config:/home/anand/rebel_ws/install/igus_rebel_description:/home/anand/Igus/Igus_ROS2/install/testtube_sorting:/home/anand/Igus/Igus_ROS2/install/irc_ros_dashboard:/opt/ros/humble /usr/bin/cmake --build /home/anand/Igus/Igus_ROS2/build/irc_ros_moveit_config -- -j16 -l16
[0.488s] Invoking command in '/home/anand/Igus/Igus_ROS2/build/irc_ros_moveit_config': CMAKE_PREFIX_PATH=/home/anand/Igus/Igus_ROS2/install/irc_ros_description:/home/anand/Igus/Igus_ROS2/install/irc_ros_navigation2:/home/anand/Igus/Igus_ROS2/install/irc_ros_controllers:/home/anand/Igus/Igus_ROS2/install/irc_ros_bringup:/home/anand/Igus/Igus_ROS2/install/irc_ros_hardware:/home/anand/Igus/Igus_ROS2/install/irc_ros_examples:/home/anand/Igus/Igus_ROS2/install/irc_ros_msgs:/home/anand/Igus/Igus_ROS2/install/irc_ros_moveit_config:/home/anand/rover_ws/install/rover_description:/home/anand/rebel_ws/install/myrobot_moveit_config:/home/anand/rebel_ws/install/igus_rebel_description:/home/anand/Igus/Igus_ROS2/install/testtube_sorting:/home/anand/Igus/Igus_ROS2/install/irc_ros_dashboard:/opt/ros/humble /usr/bin/cmake --install /home/anand/Igus/Igus_ROS2/build/irc_ros_moveit_config
[0.501s] -- Install configuration: ""
[0.502s] -- Execute custom install script
[0.502s] -- Up-to-date symlink: /home/anand/Igus/Igus_ROS2/install/irc_ros_moveit_config/share/ament_index/resource_index/package_run_dependencies/irc_ros_moveit_config
[0.503s] -- Up-to-date symlink: /home/anand/Igus/Igus_ROS2/install/irc_ros_moveit_config/share/ament_index/resource_index/parent_prefix_path/irc_ros_moveit_config
[0.503s] -- Up-to-date symlink: /home/anand/Igus/Igus_ROS2/install/irc_ros_moveit_config/share/irc_ros_moveit_config/environment/ament_prefix_path.sh
[0.503s] -- Up-to-date symlink: /home/anand/Igus/Igus_ROS2/install/irc_ros_moveit_config/share/irc_ros_moveit_config/environment/ament_prefix_path.dsv
[0.504s] -- Up-to-date symlink: /home/anand/Igus/Igus_ROS2/install/irc_ros_moveit_config/share/irc_ros_moveit_config/environment/path.sh
[0.504s] -- Up-to-date symlink: /home/anand/Igus/Igus_ROS2/install/irc_ros_moveit_config/share/irc_ros_moveit_config/environment/path.dsv
[0.504s] -- Up-to-date symlink: /home/anand/Igus/Igus_ROS2/install/irc_ros_moveit_config/share/irc_ros_moveit_config/local_setup.bash
[0.505s] -- Up-to-date symlink: /home/anand/Igus/Igus_ROS2/install/irc_ros_moveit_config/share/irc_ros_moveit_config/local_setup.sh
[0.505s] -- Up-to-date symlink: /home/anand/Igus/Igus_ROS2/install/irc_ros_moveit_config/share/irc_ros_moveit_config/local_setup.zsh
[0.505s] -- Up-to-date symlink: /home/anand/Igus/Igus_ROS2/install/irc_ros_moveit_config/share/irc_ros_moveit_config/local_setup.dsv
[0.506s] -- Symlinking: /home/anand/Igus/Igus_ROS2/install/irc_ros_moveit_config/share/irc_ros_moveit_config/package.dsv
[0.520s] -- Up-to-date symlink: /home/anand/Igus/Igus_ROS2/install/irc_ros_moveit_config/share/ament_index/resource_index/packages/irc_ros_moveit_config
[0.520s] -- Up-to-date symlink: /home/anand/Igus/Igus_ROS2/install/irc_ros_moveit_config/share/irc_ros_moveit_config/cmake/irc_ros_moveit_configConfig.cmake
[0.520s] -- Up-to-date symlink: /home/anand/Igus/Igus_ROS2/install/irc_ros_moveit_config/share/irc_ros_moveit_config/cmake/irc_ros_moveit_configConfig-version.cmake
[0.520s] -- Up-to-date symlink: /home/anand/Igus/Igus_ROS2/install/irc_ros_moveit_config/share/irc_ros_moveit_config/package.xml
[0.521s] -- Up-to-date symlink: /home/anand/Igus/Igus_ROS2/install/irc_ros_moveit_config/share/irc_ros_moveit_config/launch/rebel.launch.py
[0.521s] -- Up-to-date symlink: /home/anand/Igus/Igus_ROS2/install/irc_ros_moveit_config/share/irc_ros_moveit_config/config/controllers.yaml
[0.522s] -- Up-to-date symlink: /home/anand/Igus/Igus_ROS2/install/irc_ros_moveit_config/share/irc_ros_moveit_config/config/igus_rebel_6dof.srdf.xacro
[0.522s] -- Up-to-date symlink: /home/anand/Igus/Igus_ROS2/install/irc_ros_moveit_config/share/irc_ros_moveit_config/config/initial_positions.yaml
[0.522s] -- Up-to-date symlink: /home/anand/Igus/Igus_ROS2/install/irc_ros_moveit_config/share/irc_ros_moveit_config/config/joint_limits.yaml
[0.522s] -- Up-to-date symlink: /home/anand/Igus/Igus_ROS2/install/irc_ros_moveit_config/share/irc_ros_moveit_config/config/kinematics.yaml
[0.522s] -- Up-to-date symlink: /home/anand/Igus/Igus_ROS2/install/irc_ros_moveit_config/share/irc_ros_moveit_config/config/moveit_controllers.yaml
[0.522s] -- Up-to-date symlink: /home/anand/Igus/Igus_ROS2/install/irc_ros_moveit_config/share/irc_ros_moveit_config/config/moveit_py.yaml
[0.523s] -- Up-to-date symlink: /home/anand/Igus/Igus_ROS2/install/irc_ros_moveit_config/share/irc_ros_moveit_config/config/ompl.yaml
[0.523s] -- Up-to-date symlink: /home/anand/Igus/Igus_ROS2/install/irc_ros_moveit_config/share/irc_ros_moveit_config/config/pilz_cartesian_limits.yaml
[0.523s] -- Up-to-date symlink: /home/anand/Igus/Igus_ROS2/install/irc_ros_moveit_config/share/irc_ros_moveit_config/config/ros2_controllers.yaml
[0.523s] -- Up-to-date symlink: /home/anand/Igus/Igus_ROS2/install/irc_ros_moveit_config/share/irc_ros_moveit_config/rviz/moveit.rviz
[0.528s] Invoked command in '/home/anand/Igus/Igus_ROS2/build/irc_ros_moveit_config' returned '0': CMAKE_PREFIX_PATH=/home/anand/Igus/Igus_ROS2/install/irc_ros_description:/home/anand/Igus/Igus_ROS2/install/irc_ros_navigation2:/home/anand/Igus/Igus_ROS2/install/irc_ros_controllers:/home/anand/Igus/Igus_ROS2/install/irc_ros_bringup:/home/anand/Igus/Igus_ROS2/install/irc_ros_hardware:/home/anand/Igus/Igus_ROS2/install/irc_ros_examples:/home/anand/Igus/Igus_ROS2/install/irc_ros_msgs:/home/anand/Igus/Igus_ROS2/install/irc_ros_moveit_config:/home/anand/rover_ws/install/rover_description:/home/anand/rebel_ws/install/myrobot_moveit_config:/home/anand/rebel_ws/install/igus_rebel_description:/home/anand/Igus/Igus_ROS2/install/testtube_sorting:/home/anand/Igus/Igus_ROS2/install/irc_ros_dashboard:/opt/ros/humble /usr/bin/cmake --install /home/anand/Igus/Igus_ROS2/build/irc_ros_moveit_config
