[0.065s] DEBUG:colcon:Command line arguments: ['/usr/bin/colcon', 'build', '--packages-select', 'testtube_sorting']
[0.065s] DEBUG:colcon:Parsed command line arguments: Namespace(log_base=None, log_level=None, verb_name='build', build_base='build', install_base='install', merge_install=False, symlink_install=False, test_result_base=None, continue_on_error=False, executor='parallel', parallel_workers=16, event_handlers=None, ignore_user_meta=False, metas=['./colcon.meta'], base_paths=['.'], packages_ignore=None, packages_ignore_regex=None, paths=None, packages_up_to=None, packages_up_to_regex=None, packages_above=None, packages_above_and_dependencies=None, packages_above_depth=None, packages_select_by_dep=None, packages_skip_by_dep=None, packages_skip_up_to=None, packages_select_build_failed=False, packages_skip_build_finished=False, packages_select_test_failures=False, packages_skip_test_passed=False, packages_select=['testtube_sorting'], packages_skip=None, packages_select_regex=None, packages_skip_regex=None, packages_start=None, packages_end=None, allow_overriding=[], cmake_args=None, cmake_target=None, cmake_target_skip_unavailable=False, cmake_clean_cache=False, cmake_clean_first=False, cmake_force_configure=False, ament_cmake_args=None, catkin_cmake_args=None, catkin_skip_building_tests=False, mixin_files=None, mixin=None, verb_parser=<colcon_mixin.mixin.mixin_argument.MixinArgumentDecorator object at 0x723ebe95fd90>, verb_extension=<colcon_core.verb.build.BuildVerb object at 0x723ebea952d0>, main=<bound method BuildVerb.main of <colcon_core.verb.build.BuildVerb object at 0x723ebea952d0>>, mixin_verb=('build',))
[0.089s] Level 1:colcon.colcon_core.package_discovery:discover_packages(colcon_meta) check parameters
[0.089s] Level 1:colcon.colcon_core.package_discovery:discover_packages(recursive) check parameters
[0.089s] Level 1:colcon.colcon_core.package_discovery:discover_packages(ignore) check parameters
[0.089s] Level 1:colcon.colcon_core.package_discovery:discover_packages(path) check parameters
[0.089s] Level 1:colcon.colcon_core.package_discovery:discover_packages(colcon_meta) discover
[0.089s] Level 1:colcon.colcon_core.package_discovery:discover_packages(recursive) discover
[0.089s] INFO:colcon.colcon_core.package_discovery:Crawling recursively for packages in '/home/anand/Igus/Igus_ROS2'
[0.089s] Level 1:colcon.colcon_core.package_identification:_identify(.) by extensions ['ignore', 'ignore_ament_install']
[0.089s] Level 1:colcon.colcon_core.package_identification:_identify(.) by extension 'ignore'
[0.089s] Level 1:colcon.colcon_core.package_identification:_identify(.) by extension 'ignore_ament_install'
[0.089s] Level 1:colcon.colcon_core.package_identification:_identify(.) by extensions ['colcon_pkg']
[0.089s] Level 1:colcon.colcon_core.package_identification:_identify(.) by extension 'colcon_pkg'
[0.089s] Level 1:colcon.colcon_core.package_identification:_identify(.) by extensions ['colcon_meta']
[0.089s] Level 1:colcon.colcon_core.package_identification:_identify(.) by extension 'colcon_meta'
[0.089s] Level 1:colcon.colcon_core.package_identification:_identify(.) by extensions ['ros']
[0.089s] Level 1:colcon.colcon_core.package_identification:_identify(.) by extension 'ros'
[0.099s] Level 1:colcon.colcon_core.package_identification:_identify(.) by extensions ['cmake', 'python']
[0.099s] Level 1:colcon.colcon_core.package_identification:_identify(.) by extension 'cmake'
[0.099s] Level 1:colcon.colcon_core.package_identification:_identify(.) by extension 'python'
[0.099s] Level 1:colcon.colcon_core.package_identification:_identify(.) by extensions ['python_setup_py']
[0.099s] Level 1:colcon.colcon_core.package_identification:_identify(.) by extension 'python_setup_py'
[0.099s] Level 1:colcon.colcon_core.package_identification:_identify(build) by extensions ['ignore', 'ignore_ament_install']
[0.099s] Level 1:colcon.colcon_core.package_identification:_identify(build) by extension 'ignore'
[0.099s] Level 1:colcon.colcon_core.package_identification:_identify(build) ignored
[0.099s] Level 1:colcon.colcon_core.package_identification:_identify(doc) by extensions ['ignore', 'ignore_ament_install']
[0.099s] Level 1:colcon.colcon_core.package_identification:_identify(doc) by extension 'ignore'
[0.099s] Level 1:colcon.colcon_core.package_identification:_identify(doc) by extension 'ignore_ament_install'
[0.099s] Level 1:colcon.colcon_core.package_identification:_identify(doc) by extensions ['colcon_pkg']
[0.099s] Level 1:colcon.colcon_core.package_identification:_identify(doc) by extension 'colcon_pkg'
[0.099s] Level 1:colcon.colcon_core.package_identification:_identify(doc) by extensions ['colcon_meta']
[0.099s] Level 1:colcon.colcon_core.package_identification:_identify(doc) by extension 'colcon_meta'
[0.099s] Level 1:colcon.colcon_core.package_identification:_identify(doc) by extensions ['ros']
[0.099s] Level 1:colcon.colcon_core.package_identification:_identify(doc) by extension 'ros'
[0.099s] Level 1:colcon.colcon_core.package_identification:_identify(doc) by extensions ['cmake', 'python']
[0.099s] Level 1:colcon.colcon_core.package_identification:_identify(doc) by extension 'cmake'
[0.099s] Level 1:colcon.colcon_core.package_identification:_identify(doc) by extension 'python'
[0.099s] Level 1:colcon.colcon_core.package_identification:_identify(doc) by extensions ['python_setup_py']
[0.099s] Level 1:colcon.colcon_core.package_identification:_identify(doc) by extension 'python_setup_py'
[0.100s] Level 1:colcon.colcon_core.package_identification:_identify(install) by extensions ['ignore', 'ignore_ament_install']
[0.100s] Level 1:colcon.colcon_core.package_identification:_identify(install) by extension 'ignore'
[0.100s] Level 1:colcon.colcon_core.package_identification:_identify(install) ignored
[0.100s] Level 1:colcon.colcon_core.package_identification:_identify(irc_ros_controllers) by extensions ['ignore', 'ignore_ament_install']
[0.100s] Level 1:colcon.colcon_core.package_identification:_identify(irc_ros_controllers) by extension 'ignore'
[0.100s] Level 1:colcon.colcon_core.package_identification:_identify(irc_ros_controllers) by extension 'ignore_ament_install'
[0.100s] Level 1:colcon.colcon_core.package_identification:_identify(irc_ros_controllers) by extensions ['colcon_pkg']
[0.100s] Level 1:colcon.colcon_core.package_identification:_identify(irc_ros_controllers) by extension 'colcon_pkg'
[0.100s] Level 1:colcon.colcon_core.package_identification:_identify(irc_ros_controllers) by extensions ['colcon_meta']
[0.100s] Level 1:colcon.colcon_core.package_identification:_identify(irc_ros_controllers) by extension 'colcon_meta'
[0.100s] Level 1:colcon.colcon_core.package_identification:_identify(irc_ros_controllers) by extensions ['ros']
[0.100s] Level 1:colcon.colcon_core.package_identification:_identify(irc_ros_controllers) by extension 'ros'
[0.102s] DEBUG:colcon.colcon_core.package_identification:Package 'irc_ros_controllers' with type 'ros.ament_cmake' and name 'irc_ros_controllers'
[0.102s] Level 1:colcon.colcon_core.package_identification:_identify(irc_ros_dashboard) by extensions ['ignore', 'ignore_ament_install']
[0.102s] Level 1:colcon.colcon_core.package_identification:_identify(irc_ros_dashboard) by extension 'ignore'
[0.102s] Level 1:colcon.colcon_core.package_identification:_identify(irc_ros_dashboard) by extension 'ignore_ament_install'
[0.102s] Level 1:colcon.colcon_core.package_identification:_identify(irc_ros_dashboard) by extensions ['colcon_pkg']
[0.102s] Level 1:colcon.colcon_core.package_identification:_identify(irc_ros_dashboard) by extension 'colcon_pkg'
[0.102s] Level 1:colcon.colcon_core.package_identification:_identify(irc_ros_dashboard) by extensions ['colcon_meta']
[0.102s] Level 1:colcon.colcon_core.package_identification:_identify(irc_ros_dashboard) by extension 'colcon_meta'
[0.102s] Level 1:colcon.colcon_core.package_identification:_identify(irc_ros_dashboard) by extensions ['ros']
[0.102s] Level 1:colcon.colcon_core.package_identification:_identify(irc_ros_dashboard) by extension 'ros'
[0.102s] DEBUG:colcon.colcon_core.package_identification:Package 'irc_ros_dashboard' with type 'ros.ament_python' and name 'irc_ros_dashboard'
[0.102s] Level 1:colcon.colcon_core.package_identification:_identify(irc_ros_examples) by extensions ['ignore', 'ignore_ament_install']
[0.102s] Level 1:colcon.colcon_core.package_identification:_identify(irc_ros_examples) by extension 'ignore'
[0.102s] Level 1:colcon.colcon_core.package_identification:_identify(irc_ros_examples) by extension 'ignore_ament_install'
[0.102s] Level 1:colcon.colcon_core.package_identification:_identify(irc_ros_examples) by extensions ['colcon_pkg']
[0.102s] Level 1:colcon.colcon_core.package_identification:_identify(irc_ros_examples) by extension 'colcon_pkg'
[0.102s] Level 1:colcon.colcon_core.package_identification:_identify(irc_ros_examples) by extensions ['colcon_meta']
[0.102s] Level 1:colcon.colcon_core.package_identification:_identify(irc_ros_examples) by extension 'colcon_meta'
[0.102s] Level 1:colcon.colcon_core.package_identification:_identify(irc_ros_examples) by extensions ['ros']
[0.102s] Level 1:colcon.colcon_core.package_identification:_identify(irc_ros_examples) by extension 'ros'
[0.103s] DEBUG:colcon.colcon_core.package_identification:Package 'irc_ros_examples' with type 'ros.ament_cmake' and name 'irc_ros_examples'
[0.103s] Level 1:colcon.colcon_core.package_identification:_identify(irc_ros_hardware) by extensions ['ignore', 'ignore_ament_install']
[0.103s] Level 1:colcon.colcon_core.package_identification:_identify(irc_ros_hardware) by extension 'ignore'
[0.103s] Level 1:colcon.colcon_core.package_identification:_identify(irc_ros_hardware) by extension 'ignore_ament_install'
[0.103s] Level 1:colcon.colcon_core.package_identification:_identify(irc_ros_hardware) by extensions ['colcon_pkg']
[0.103s] Level 1:colcon.colcon_core.package_identification:_identify(irc_ros_hardware) by extension 'colcon_pkg'
[0.103s] Level 1:colcon.colcon_core.package_identification:_identify(irc_ros_hardware) by extensions ['colcon_meta']
[0.103s] Level 1:colcon.colcon_core.package_identification:_identify(irc_ros_hardware) by extension 'colcon_meta'
[0.103s] Level 1:colcon.colcon_core.package_identification:_identify(irc_ros_hardware) by extensions ['ros']
[0.103s] Level 1:colcon.colcon_core.package_identification:_identify(irc_ros_hardware) by extension 'ros'
[0.104s] DEBUG:colcon.colcon_core.package_identification:Package 'irc_ros_hardware' with type 'ros.ament_cmake' and name 'irc_ros_hardware'
[0.104s] Level 1:colcon.colcon_core.package_identification:_identify(irc_ros_msgs) by extensions ['ignore', 'ignore_ament_install']
[0.104s] Level 1:colcon.colcon_core.package_identification:_identify(irc_ros_msgs) by extension 'ignore'
[0.104s] Level 1:colcon.colcon_core.package_identification:_identify(irc_ros_msgs) by extension 'ignore_ament_install'
[0.104s] Level 1:colcon.colcon_core.package_identification:_identify(irc_ros_msgs) by extensions ['colcon_pkg']
[0.104s] Level 1:colcon.colcon_core.package_identification:_identify(irc_ros_msgs) by extension 'colcon_pkg'
[0.104s] Level 1:colcon.colcon_core.package_identification:_identify(irc_ros_msgs) by extensions ['colcon_meta']
[0.104s] Level 1:colcon.colcon_core.package_identification:_identify(irc_ros_msgs) by extension 'colcon_meta'
[0.104s] Level 1:colcon.colcon_core.package_identification:_identify(irc_ros_msgs) by extensions ['ros']
[0.104s] Level 1:colcon.colcon_core.package_identification:_identify(irc_ros_msgs) by extension 'ros'
[0.105s] DEBUG:colcon.colcon_core.package_identification:Package 'irc_ros_msgs' with type 'ros.ament_cmake' and name 'irc_ros_msgs'
[0.105s] Level 1:colcon.colcon_core.package_identification:_identify(irc_ros_navigation2) by extensions ['ignore', 'ignore_ament_install']
[0.105s] Level 1:colcon.colcon_core.package_identification:_identify(irc_ros_navigation2) by extension 'ignore'
[0.105s] Level 1:colcon.colcon_core.package_identification:_identify(irc_ros_navigation2) by extension 'ignore_ament_install'
[0.105s] Level 1:colcon.colcon_core.package_identification:_identify(irc_ros_navigation2) by extensions ['colcon_pkg']
[0.105s] Level 1:colcon.colcon_core.package_identification:_identify(irc_ros_navigation2) by extension 'colcon_pkg'
[0.105s] Level 1:colcon.colcon_core.package_identification:_identify(irc_ros_navigation2) by extensions ['colcon_meta']
[0.105s] Level 1:colcon.colcon_core.package_identification:_identify(irc_ros_navigation2) by extension 'colcon_meta'
[0.105s] Level 1:colcon.colcon_core.package_identification:_identify(irc_ros_navigation2) by extensions ['ros']
[0.105s] Level 1:colcon.colcon_core.package_identification:_identify(irc_ros_navigation2) by extension 'ros'
[0.105s] DEBUG:colcon.colcon_core.package_identification:Package 'irc_ros_navigation2' with type 'ros.ament_cmake' and name 'irc_ros_navigation2'
[0.105s] Level 1:colcon.colcon_core.package_identification:_identify(log) by extensions ['ignore', 'ignore_ament_install']
[0.105s] Level 1:colcon.colcon_core.package_identification:_identify(log) by extension 'ignore'
[0.105s] Level 1:colcon.colcon_core.package_identification:_identify(log) ignored
[0.105s] Level 1:colcon.colcon_core.package_identification:_identify(src) by extensions ['ignore', 'ignore_ament_install']
[0.105s] Level 1:colcon.colcon_core.package_identification:_identify(src) by extension 'ignore'
[0.105s] Level 1:colcon.colcon_core.package_identification:_identify(src) by extension 'ignore_ament_install'
[0.105s] Level 1:colcon.colcon_core.package_identification:_identify(src) by extensions ['colcon_pkg']
[0.106s] Level 1:colcon.colcon_core.package_identification:_identify(src) by extension 'colcon_pkg'
[0.106s] Level 1:colcon.colcon_core.package_identification:_identify(src) by extensions ['colcon_meta']
[0.106s] Level 1:colcon.colcon_core.package_identification:_identify(src) by extension 'colcon_meta'
[0.106s] Level 1:colcon.colcon_core.package_identification:_identify(src) by extensions ['ros']
[0.106s] Level 1:colcon.colcon_core.package_identification:_identify(src) by extension 'ros'
[0.106s] Level 1:colcon.colcon_core.package_identification:_identify(src) by extensions ['cmake', 'python']
[0.106s] Level 1:colcon.colcon_core.package_identification:_identify(src) by extension 'cmake'
[0.106s] Level 1:colcon.colcon_core.package_identification:_identify(src) by extension 'python'
[0.106s] Level 1:colcon.colcon_core.package_identification:_identify(src) by extensions ['python_setup_py']
[0.106s] Level 1:colcon.colcon_core.package_identification:_identify(src) by extension 'python_setup_py'
[0.106s] Level 1:colcon.colcon_core.package_identification:_identify(src/irc_ros_bringup) by extensions ['ignore', 'ignore_ament_install']
[0.106s] Level 1:colcon.colcon_core.package_identification:_identify(src/irc_ros_bringup) by extension 'ignore'
[0.106s] Level 1:colcon.colcon_core.package_identification:_identify(src/irc_ros_bringup) by extension 'ignore_ament_install'
[0.106s] Level 1:colcon.colcon_core.package_identification:_identify(src/irc_ros_bringup) by extensions ['colcon_pkg']
[0.106s] Level 1:colcon.colcon_core.package_identification:_identify(src/irc_ros_bringup) by extension 'colcon_pkg'
[0.106s] Level 1:colcon.colcon_core.package_identification:_identify(src/irc_ros_bringup) by extensions ['colcon_meta']
[0.106s] Level 1:colcon.colcon_core.package_identification:_identify(src/irc_ros_bringup) by extension 'colcon_meta'
[0.106s] Level 1:colcon.colcon_core.package_identification:_identify(src/irc_ros_bringup) by extensions ['ros']
[0.106s] Level 1:colcon.colcon_core.package_identification:_identify(src/irc_ros_bringup) by extension 'ros'
[0.107s] DEBUG:colcon.colcon_core.package_identification:Package 'src/irc_ros_bringup' with type 'ros.ament_cmake' and name 'irc_ros_bringup'
[0.107s] Level 1:colcon.colcon_core.package_identification:_identify(src/irc_ros_description) by extensions ['ignore', 'ignore_ament_install']
[0.107s] Level 1:colcon.colcon_core.package_identification:_identify(src/irc_ros_description) by extension 'ignore'
[0.107s] Level 1:colcon.colcon_core.package_identification:_identify(src/irc_ros_description) by extension 'ignore_ament_install'
[0.107s] Level 1:colcon.colcon_core.package_identification:_identify(src/irc_ros_description) by extensions ['colcon_pkg']
[0.107s] Level 1:colcon.colcon_core.package_identification:_identify(src/irc_ros_description) by extension 'colcon_pkg'
[0.107s] Level 1:colcon.colcon_core.package_identification:_identify(src/irc_ros_description) by extensions ['colcon_meta']
[0.107s] Level 1:colcon.colcon_core.package_identification:_identify(src/irc_ros_description) by extension 'colcon_meta'
[0.107s] Level 1:colcon.colcon_core.package_identification:_identify(src/irc_ros_description) by extensions ['ros']
[0.107s] Level 1:colcon.colcon_core.package_identification:_identify(src/irc_ros_description) by extension 'ros'
[0.107s] DEBUG:colcon.colcon_core.package_identification:Package 'src/irc_ros_description' with type 'ros.ament_cmake' and name 'irc_ros_description'
[0.107s] Level 1:colcon.colcon_core.package_identification:_identify(src/irc_ros_moveit_config) by extensions ['ignore', 'ignore_ament_install']
[0.107s] Level 1:colcon.colcon_core.package_identification:_identify(src/irc_ros_moveit_config) by extension 'ignore'
[0.107s] Level 1:colcon.colcon_core.package_identification:_identify(src/irc_ros_moveit_config) by extension 'ignore_ament_install'
[0.107s] Level 1:colcon.colcon_core.package_identification:_identify(src/irc_ros_moveit_config) by extensions ['colcon_pkg']
[0.107s] Level 1:colcon.colcon_core.package_identification:_identify(src/irc_ros_moveit_config) by extension 'colcon_pkg'
[0.107s] Level 1:colcon.colcon_core.package_identification:_identify(src/irc_ros_moveit_config) by extensions ['colcon_meta']
[0.108s] Level 1:colcon.colcon_core.package_identification:_identify(src/irc_ros_moveit_config) by extension 'colcon_meta'
[0.108s] Level 1:colcon.colcon_core.package_identification:_identify(src/irc_ros_moveit_config) by extensions ['ros']
[0.108s] Level 1:colcon.colcon_core.package_identification:_identify(src/irc_ros_moveit_config) by extension 'ros'
[0.108s] DEBUG:colcon.colcon_core.package_identification:Package 'src/irc_ros_moveit_config' with type 'ros.ament_cmake' and name 'irc_ros_moveit_config'
[0.108s] Level 1:colcon.colcon_core.package_identification:_identify(src/testtube_sorting) by extensions ['ignore', 'ignore_ament_install']
[0.108s] Level 1:colcon.colcon_core.package_identification:_identify(src/testtube_sorting) by extension 'ignore'
[0.108s] Level 1:colcon.colcon_core.package_identification:_identify(src/testtube_sorting) by extension 'ignore_ament_install'
[0.108s] Level 1:colcon.colcon_core.package_identification:_identify(src/testtube_sorting) by extensions ['colcon_pkg']
[0.108s] Level 1:colcon.colcon_core.package_identification:_identify(src/testtube_sorting) by extension 'colcon_pkg'
[0.108s] Level 1:colcon.colcon_core.package_identification:_identify(src/testtube_sorting) by extensions ['colcon_meta']
[0.108s] Level 1:colcon.colcon_core.package_identification:_identify(src/testtube_sorting) by extension 'colcon_meta'
[0.108s] Level 1:colcon.colcon_core.package_identification:_identify(src/testtube_sorting) by extensions ['ros']
[0.108s] Level 1:colcon.colcon_core.package_identification:_identify(src/testtube_sorting) by extension 'ros'
[0.108s] DEBUG:colcon.colcon_core.package_identification:Package 'src/testtube_sorting' with type 'ros.ament_python' and name 'testtube_sorting'
[0.109s] Level 1:colcon.colcon_core.package_discovery:discover_packages(recursive) using defaults
[0.109s] Level 1:colcon.colcon_core.package_discovery:discover_packages(ignore) discover
[0.109s] Level 1:colcon.colcon_core.package_discovery:discover_packages(ignore) using defaults
[0.109s] Level 1:colcon.colcon_core.package_discovery:discover_packages(path) discover
[0.109s] Level 1:colcon.colcon_core.package_discovery:discover_packages(path) using defaults
[0.122s] INFO:colcon.colcon_core.package_selection:Skipping not selected package 'irc_ros_description' in 'src/irc_ros_description'
[0.122s] INFO:colcon.colcon_core.package_selection:Skipping not selected package 'irc_ros_msgs' in 'irc_ros_msgs'
[0.122s] INFO:colcon.colcon_core.package_selection:Skipping not selected package 'irc_ros_navigation2' in 'irc_ros_navigation2'
[0.122s] INFO:colcon.colcon_core.package_selection:Skipping not selected package 'irc_ros_dashboard' in 'irc_ros_dashboard'
[0.122s] INFO:colcon.colcon_core.package_selection:Skipping not selected package 'irc_ros_hardware' in 'irc_ros_hardware'
[0.122s] INFO:colcon.colcon_core.package_selection:Skipping not selected package 'irc_ros_moveit_config' in 'src/irc_ros_moveit_config'
[0.122s] INFO:colcon.colcon_core.package_selection:Skipping not selected package 'irc_ros_bringup' in 'src/irc_ros_bringup'
[0.122s] INFO:colcon.colcon_core.package_selection:Skipping not selected package 'irc_ros_controllers' in 'irc_ros_controllers'
[0.123s] INFO:colcon.colcon_core.package_selection:Skipping not selected package 'irc_ros_examples' in 'irc_ros_examples'
[0.123s] Level 1:colcon.colcon_core.package_discovery:discover_packages(prefix_path) check parameters
[0.123s] Level 1:colcon.colcon_core.package_discovery:discover_packages(prefix_path) discover
[0.124s] DEBUG:colcon.colcon_installed_package_information.package_discovery:Found 2 installed packages in /home/anand/rebel_ws/install
[0.125s] DEBUG:colcon.colcon_installed_package_information.package_discovery:Found 1 installed packages in /home/anand/ros2_works/install
[0.125s] DEBUG:colcon.colcon_installed_package_information.package_discovery:Found 379 installed packages in /opt/ros/humble
[0.127s] Level 1:colcon.colcon_core.package_discovery:discover_packages(prefix_path) using defaults
[0.152s] Level 5:colcon.colcon_core.verb:set package 'testtube_sorting' build argument 'cmake_args' from command line to 'None'
[0.152s] Level 5:colcon.colcon_core.verb:set package 'testtube_sorting' build argument 'cmake_target' from command line to 'None'
[0.152s] Level 5:colcon.colcon_core.verb:set package 'testtube_sorting' build argument 'cmake_target_skip_unavailable' from command line to 'False'
[0.152s] Level 5:colcon.colcon_core.verb:set package 'testtube_sorting' build argument 'cmake_clean_cache' from command line to 'False'
[0.152s] Level 5:colcon.colcon_core.verb:set package 'testtube_sorting' build argument 'cmake_clean_first' from command line to 'False'
[0.152s] Level 5:colcon.colcon_core.verb:set package 'testtube_sorting' build argument 'cmake_force_configure' from command line to 'False'
[0.152s] Level 5:colcon.colcon_core.verb:set package 'testtube_sorting' build argument 'ament_cmake_args' from command line to 'None'
[0.152s] Level 5:colcon.colcon_core.verb:set package 'testtube_sorting' build argument 'catkin_cmake_args' from command line to 'None'
[0.152s] Level 5:colcon.colcon_core.verb:set package 'testtube_sorting' build argument 'catkin_skip_building_tests' from command line to 'False'
[0.152s] DEBUG:colcon.colcon_core.verb:Building package 'testtube_sorting' with the following arguments: {'ament_cmake_args': None, 'build_base': '/home/anand/Igus/Igus_ROS2/build/testtube_sorting', 'catkin_cmake_args': None, 'catkin_skip_building_tests': False, 'cmake_args': None, 'cmake_clean_cache': False, 'cmake_clean_first': False, 'cmake_force_configure': False, 'cmake_target': None, 'cmake_target_skip_unavailable': False, 'install_base': '/home/anand/Igus/Igus_ROS2/install/testtube_sorting', 'merge_install': False, 'path': '/home/anand/Igus/Igus_ROS2/src/testtube_sorting', 'symlink_install': False, 'test_result_base': None}
[0.153s] INFO:colcon.colcon_core.executor:Executing jobs using 'parallel' executor
[0.153s] DEBUG:colcon.colcon_parallel_executor.executor.parallel:run_until_complete
[0.153s] INFO:colcon.colcon_ros.task.ament_python.build:Building ROS package in '/home/anand/Igus/Igus_ROS2/src/testtube_sorting' with build type 'ament_python'
[0.154s] Level 1:colcon.colcon_core.shell:create_environment_hook('testtube_sorting', 'ament_prefix_path')
[0.155s] INFO:colcon.colcon_core.plugin_system:Skipping extension 'colcon_core.shell.bat': Not used on non-Windows systems
[0.156s] INFO:colcon.colcon_core.shell:Creating environment hook '/home/anand/Igus/Igus_ROS2/install/testtube_sorting/share/testtube_sorting/hook/ament_prefix_path.ps1'
[0.156s] INFO:colcon.colcon_core.shell:Creating environment descriptor '/home/anand/Igus/Igus_ROS2/install/testtube_sorting/share/testtube_sorting/hook/ament_prefix_path.dsv'
[0.156s] INFO:colcon.colcon_core.shell:Creating environment hook '/home/anand/Igus/Igus_ROS2/install/testtube_sorting/share/testtube_sorting/hook/ament_prefix_path.sh'
[0.157s] INFO:colcon.colcon_core.shell:Skip shell extension 'powershell' for command environment: Not usable outside of PowerShell
[0.157s] DEBUG:colcon.colcon_core.shell:Skip shell extension 'dsv' for command environment
[0.290s] INFO:colcon.colcon_core.task.python.build:Building Python package in '/home/anand/Igus/Igus_ROS2/src/testtube_sorting'
[0.290s] INFO:colcon.colcon_core.shell:Skip shell extension 'powershell' for command environment: Not usable outside of PowerShell
[0.290s] DEBUG:colcon.colcon_core.shell:Skip shell extension 'dsv' for command environment
[0.617s] DEBUG:colcon.colcon_core.event_handler.log_command:Invoking command in '/home/anand/Igus/Igus_ROS2/src/testtube_sorting': PYTHONPATH=/home/anand/Igus/Igus_ROS2/build/testtube_sorting/prefix_override:/usr/lib/python3/dist-packages/colcon_core/task/python/colcon_distutils_commands:/home/anand/Igus/Igus_ROS2/install/testtube_sorting/lib/python3.10/site-packages:${PYTHONPATH} /usr/bin/python3 -W ignore:setup.py install is deprecated -W ignore:easy_install command is deprecated setup.py egg_info --egg-base ../../build/testtube_sorting build --build-base /home/anand/Igus/Igus_ROS2/build/testtube_sorting/build install --record /home/anand/Igus/Igus_ROS2/build/testtube_sorting/install.log --single-version-externally-managed install_data
[0.927s] DEBUG:colcon.colcon_core.event_handler.log_command:Invoked command in '/home/anand/Igus/Igus_ROS2/src/testtube_sorting' returned '0': PYTHONPATH=/home/anand/Igus/Igus_ROS2/build/testtube_sorting/prefix_override:/usr/lib/python3/dist-packages/colcon_core/task/python/colcon_distutils_commands:/home/anand/Igus/Igus_ROS2/install/testtube_sorting/lib/python3.10/site-packages:${PYTHONPATH} /usr/bin/python3 -W ignore:setup.py install is deprecated -W ignore:easy_install command is deprecated setup.py egg_info --egg-base ../../build/testtube_sorting build --build-base /home/anand/Igus/Igus_ROS2/build/testtube_sorting/build install --record /home/anand/Igus/Igus_ROS2/build/testtube_sorting/install.log --single-version-externally-managed install_data
[0.928s] Level 1:colcon.colcon_core.environment:checking '/home/anand/Igus/Igus_ROS2/install/testtube_sorting' for CMake module files
[0.928s] Level 1:colcon.colcon_core.environment:checking '/home/anand/Igus/Igus_ROS2/install/testtube_sorting' for CMake config files
[0.929s] Level 1:colcon.colcon_core.environment:checking '/home/anand/Igus/Igus_ROS2/install/testtube_sorting/lib'
[0.929s] Level 1:colcon.colcon_core.environment:checking '/home/anand/Igus/Igus_ROS2/install/testtube_sorting/bin'
[0.929s] Level 1:colcon.colcon_core.environment:checking '/home/anand/Igus/Igus_ROS2/install/testtube_sorting/lib/pkgconfig/testtube_sorting.pc'
[0.929s] Level 1:colcon.colcon_core.environment:checking '/home/anand/Igus/Igus_ROS2/install/testtube_sorting/lib/python3.10/site-packages'
[0.929s] Level 1:colcon.colcon_core.shell:create_environment_hook('testtube_sorting', 'pythonpath')
[0.929s] INFO:colcon.colcon_core.shell:Creating environment hook '/home/anand/Igus/Igus_ROS2/install/testtube_sorting/share/testtube_sorting/hook/pythonpath.ps1'
[0.930s] INFO:colcon.colcon_core.shell:Creating environment descriptor '/home/anand/Igus/Igus_ROS2/install/testtube_sorting/share/testtube_sorting/hook/pythonpath.dsv'
[0.930s] INFO:colcon.colcon_core.shell:Creating environment hook '/home/anand/Igus/Igus_ROS2/install/testtube_sorting/share/testtube_sorting/hook/pythonpath.sh'
[0.930s] Level 1:colcon.colcon_core.environment:checking '/home/anand/Igus/Igus_ROS2/install/testtube_sorting/bin'
[0.930s] Level 1:colcon.colcon_core.environment:create_environment_scripts_only(testtube_sorting)
[0.931s] INFO:colcon.colcon_core.shell:Creating package script '/home/anand/Igus/Igus_ROS2/install/testtube_sorting/share/testtube_sorting/package.ps1'
[0.931s] INFO:colcon.colcon_core.shell:Creating package descriptor '/home/anand/Igus/Igus_ROS2/install/testtube_sorting/share/testtube_sorting/package.dsv'
[0.932s] INFO:colcon.colcon_core.shell:Creating package script '/home/anand/Igus/Igus_ROS2/install/testtube_sorting/share/testtube_sorting/package.sh'
[0.932s] INFO:colcon.colcon_core.shell:Creating package script '/home/anand/Igus/Igus_ROS2/install/testtube_sorting/share/testtube_sorting/package.bash'
[0.932s] INFO:colcon.colcon_core.shell:Creating package script '/home/anand/Igus/Igus_ROS2/install/testtube_sorting/share/testtube_sorting/package.zsh'
[0.933s] Level 1:colcon.colcon_core.environment:create_file_with_runtime_dependencies(/home/anand/Igus/Igus_ROS2/install/testtube_sorting/share/colcon-core/packages/testtube_sorting)
[0.933s] DEBUG:colcon.colcon_parallel_executor.executor.parallel:closing loop
[0.933s] DEBUG:colcon.colcon_parallel_executor.executor.parallel:loop closed
[0.933s] DEBUG:colcon.colcon_parallel_executor.executor.parallel:run_until_complete finished with '0'
[0.933s] DEBUG:colcon.colcon_core.event_reactor:joining thread
[0.936s] INFO:colcon.colcon_core.plugin_system:Skipping extension 'colcon_notification.desktop_notification.terminal_notifier': Not used on non-Darwin systems
[0.936s] INFO:colcon.colcon_core.plugin_system:Skipping extension 'colcon_notification.desktop_notification.win32': Not used on non-Windows systems
[0.936s] INFO:colcon.colcon_notification.desktop_notification:Sending desktop notification using 'notify2'
[0.947s] DEBUG:colcon.colcon_core.event_reactor:joined thread
[0.947s] INFO:colcon.colcon_core.shell:Creating prefix script '/home/anand/Igus/Igus_ROS2/install/local_setup.ps1'
[0.948s] INFO:colcon.colcon_core.shell:Creating prefix util module '/home/anand/Igus/Igus_ROS2/install/_local_setup_util_ps1.py'
[0.949s] INFO:colcon.colcon_core.shell:Creating prefix chain script '/home/anand/Igus/Igus_ROS2/install/setup.ps1'
[0.950s] INFO:colcon.colcon_core.shell:Creating prefix script '/home/anand/Igus/Igus_ROS2/install/local_setup.sh'
[0.950s] INFO:colcon.colcon_core.shell:Creating prefix util module '/home/anand/Igus/Igus_ROS2/install/_local_setup_util_sh.py'
[0.950s] INFO:colcon.colcon_core.shell:Creating prefix chain script '/home/anand/Igus/Igus_ROS2/install/setup.sh'
[0.951s] INFO:colcon.colcon_core.shell:Creating prefix script '/home/anand/Igus/Igus_ROS2/install/local_setup.bash'
[0.951s] INFO:colcon.colcon_core.shell:Creating prefix chain script '/home/anand/Igus/Igus_ROS2/install/setup.bash'
[0.952s] INFO:colcon.colcon_core.shell:Creating prefix script '/home/anand/Igus/Igus_ROS2/install/local_setup.zsh'
[0.952s] INFO:colcon.colcon_core.shell:Creating prefix chain script '/home/anand/Igus/Igus_ROS2/install/setup.zsh'
