[0.016s] Invoking command in '/home/anand/Igus/Igus_ROS2/build/irc_ros_hardware': CMAKE_PREFIX_PATH=/home/anand/Igus/Igus_ROS2/install/irc_ros_msgs:/home/anand/Igus/Igus_ROS2/install/irc_ros_navigation2:/home/anand/Igus/Igus_ROS2/install/irc_ros_controllers:/home/anand/Igus/Igus_ROS2/install/irc_ros_bringup:/home/anand/Igus/Igus_ROS2/install/irc_ros_hardware:/home/anand/Igus/Igus_ROS2/install/irc_ros_examples:/home/anand/Igus/Igus_ROS2/install/irc_ros_moveit_config:/home/anand/Igus/Igus_ROS2/install/irc_ros_description:/home/anand/rover_ws/install/rover_description:/home/anand/rebel_ws/install/myrobot_moveit_config:/home/anand/rebel_ws/install/igus_rebel_description:/home/anand/Igus/Igus_ROS2/install/testtube_sorting:/home/anand/Igus/Igus_ROS2/install/irc_ros_dashboard:/opt/ros/humble LD_LIBRARY_PATH=/home/anand/Igus/Igus_ROS2/install/irc_ros_msgs/lib:/home/anand/Igus/Igus_ROS2/install/irc_ros_controllers/lib:/home/anand/Igus/Igus_ROS2/install/irc_ros_hardware/lib:/usr/lib/x86_64-linux-gnu/gazebo-11/plugins:/opt/ros/humble/opt/rviz_ogre_vendor/lib:/opt/ros/humble/lib/x86_64-linux-gnu:/opt/ros/humble/lib /usr/bin/cmake --build /home/anand/Igus/Igus_ROS2/build/irc_ros_hardware -- -j16 -l16
[0.179s] [100%] Built target irc_ros_hardware
[0.182s] Invoked command in '/home/anand/Igus/Igus_ROS2/build/irc_ros_hardware' returned '0': CMAKE_PREFIX_PATH=/home/anand/Igus/Igus_ROS2/install/irc_ros_msgs:/home/anand/Igus/Igus_ROS2/install/irc_ros_navigation2:/home/anand/Igus/Igus_ROS2/install/irc_ros_controllers:/home/anand/Igus/Igus_ROS2/install/irc_ros_bringup:/home/anand/Igus/Igus_ROS2/install/irc_ros_hardware:/home/anand/Igus/Igus_ROS2/install/irc_ros_examples:/home/anand/Igus/Igus_ROS2/install/irc_ros_moveit_config:/home/anand/Igus/Igus_ROS2/install/irc_ros_description:/home/anand/rover_ws/install/rover_description:/home/anand/rebel_ws/install/myrobot_moveit_config:/home/anand/rebel_ws/install/igus_rebel_description:/home/anand/Igus/Igus_ROS2/install/testtube_sorting:/home/anand/Igus/Igus_ROS2/install/irc_ros_dashboard:/opt/ros/humble LD_LIBRARY_PATH=/home/anand/Igus/Igus_ROS2/install/irc_ros_msgs/lib:/home/anand/Igus/Igus_ROS2/install/irc_ros_controllers/lib:/home/anand/Igus/Igus_ROS2/install/irc_ros_hardware/lib:/usr/lib/x86_64-linux-gnu/gazebo-11/plugins:/opt/ros/humble/opt/rviz_ogre_vendor/lib:/opt/ros/humble/lib/x86_64-linux-gnu:/opt/ros/humble/lib /usr/bin/cmake --build /home/anand/Igus/Igus_ROS2/build/irc_ros_hardware -- -j16 -l16
[0.182s] Invoking command in '/home/anand/Igus/Igus_ROS2/build/irc_ros_hardware': CMAKE_PREFIX_PATH=/home/anand/Igus/Igus_ROS2/install/irc_ros_msgs:/home/anand/Igus/Igus_ROS2/install/irc_ros_navigation2:/home/anand/Igus/Igus_ROS2/install/irc_ros_controllers:/home/anand/Igus/Igus_ROS2/install/irc_ros_bringup:/home/anand/Igus/Igus_ROS2/install/irc_ros_hardware:/home/anand/Igus/Igus_ROS2/install/irc_ros_examples:/home/anand/Igus/Igus_ROS2/install/irc_ros_moveit_config:/home/anand/Igus/Igus_ROS2/install/irc_ros_description:/home/anand/rover_ws/install/rover_description:/home/anand/rebel_ws/install/myrobot_moveit_config:/home/anand/rebel_ws/install/igus_rebel_description:/home/anand/Igus/Igus_ROS2/install/testtube_sorting:/home/anand/Igus/Igus_ROS2/install/irc_ros_dashboard:/opt/ros/humble LD_LIBRARY_PATH=/home/anand/Igus/Igus_ROS2/install/irc_ros_msgs/lib:/home/anand/Igus/Igus_ROS2/install/irc_ros_controllers/lib:/home/anand/Igus/Igus_ROS2/install/irc_ros_hardware/lib:/usr/lib/x86_64-linux-gnu/gazebo-11/plugins:/opt/ros/humble/opt/rviz_ogre_vendor/lib:/opt/ros/humble/lib/x86_64-linux-gnu:/opt/ros/humble/lib /usr/bin/cmake --install /home/anand/Igus/Igus_ROS2/build/irc_ros_hardware
[0.189s] -- Install configuration: ""
[0.190s] -- Execute custom install script
[0.190s] -- Up-to-date symlink: /home/anand/Igus/Igus_ROS2/install/irc_ros_hardware/share/irc_ros_hardware//irc_ros_hardware.xml
[0.190s] -- Up-to-date symlink: /home/anand/Igus/Igus_ROS2/install/irc_ros_hardware/lib/libirc_ros_hardware.so
[0.190s] -- Up-to-date symlink: /home/anand/Igus/Igus_ROS2/install/irc_ros_hardware/include/irc_ros_hardware/CAN/can_interface.hpp
[0.190s] -- Up-to-date symlink: /home/anand/Igus/Igus_ROS2/install/irc_ros_hardware/include/irc_ros_hardware/CAN/can_message.hpp
[0.190s] -- Up-to-date symlink: /home/anand/Igus/Igus_ROS2/install/irc_ros_hardware/include/irc_ros_hardware/CAN/can_socket.hpp
[0.190s] -- Up-to-date symlink: /home/anand/Igus/Igus_ROS2/install/irc_ros_hardware/include/irc_ros_hardware/CAN/cprcan_v2.hpp
[0.191s] -- Up-to-date symlink: /home/anand/Igus/Igus_ROS2/install/irc_ros_hardware/include/irc_ros_hardware/CAN/digital_io.hpp
[0.191s] -- Up-to-date symlink: /home/anand/Igus/Igus_ROS2/install/irc_ros_hardware/include/irc_ros_hardware/CAN/joint.hpp
[0.191s] -- Up-to-date symlink: /home/anand/Igus/Igus_ROS2/install/irc_ros_hardware/include/irc_ros_hardware/CAN/module.hpp
[0.191s] -- Up-to-date symlink: /home/anand/Igus/Igus_ROS2/install/irc_ros_hardware/include/irc_ros_hardware/CAN/modulestates.hpp
[0.191s] -- Up-to-date symlink: /home/anand/Igus/Igus_ROS2/install/irc_ros_hardware/include/irc_ros_hardware/CRI/cri_keywords.hpp
[0.191s] -- Up-to-date symlink: /home/anand/Igus/Igus_ROS2/install/irc_ros_hardware/include/irc_ros_hardware/CRI/cri_messages.hpp
[0.191s] -- Up-to-date symlink: /home/anand/Igus/Igus_ROS2/install/irc_ros_hardware/include/irc_ros_hardware/CRI/cri_socket.hpp
[0.191s] -- Up-to-date symlink: /home/anand/Igus/Igus_ROS2/install/irc_ros_hardware/include/irc_ros_hardware/common/errorstate.hpp
[0.191s] -- Up-to-date symlink: /home/anand/Igus/Igus_ROS2/install/irc_ros_hardware/include/irc_ros_hardware/irc_ros_can.hpp
[0.192s] -- Up-to-date symlink: /home/anand/Igus/Igus_ROS2/install/irc_ros_hardware/include/irc_ros_hardware/irc_ros_cri.hpp
[0.192s] -- Up-to-date symlink: /home/anand/Igus/Igus_ROS2/install/irc_ros_hardware/share/irc_ros_hardware/environment/library_path.sh
[0.192s] -- Up-to-date symlink: /home/anand/Igus/Igus_ROS2/install/irc_ros_hardware/share/irc_ros_hardware/environment/library_path.dsv
[0.192s] -- Up-to-date symlink: /home/anand/Igus/Igus_ROS2/install/irc_ros_hardware/share/ament_index/resource_index/package_run_dependencies/irc_ros_hardware
[0.192s] -- Up-to-date symlink: /home/anand/Igus/Igus_ROS2/install/irc_ros_hardware/share/ament_index/resource_index/parent_prefix_path/irc_ros_hardware
[0.192s] -- Up-to-date symlink: /home/anand/Igus/Igus_ROS2/install/irc_ros_hardware/share/irc_ros_hardware/environment/ament_prefix_path.sh
[0.192s] -- Up-to-date symlink: /home/anand/Igus/Igus_ROS2/install/irc_ros_hardware/share/irc_ros_hardware/environment/ament_prefix_path.dsv
[0.192s] -- Up-to-date symlink: /home/anand/Igus/Igus_ROS2/install/irc_ros_hardware/share/irc_ros_hardware/environment/path.sh
[0.192s] -- Up-to-date symlink: /home/anand/Igus/Igus_ROS2/install/irc_ros_hardware/share/irc_ros_hardware/environment/path.dsv
[0.193s] -- Up-to-date symlink: /home/anand/Igus/Igus_ROS2/install/irc_ros_hardware/share/irc_ros_hardware/local_setup.bash
[0.193s] -- Up-to-date symlink: /home/anand/Igus/Igus_ROS2/install/irc_ros_hardware/share/irc_ros_hardware/local_setup.sh
[0.193s] -- Up-to-date symlink: /home/anand/Igus/Igus_ROS2/install/irc_ros_hardware/share/irc_ros_hardware/local_setup.zsh
[0.193s] -- Up-to-date symlink: /home/anand/Igus/Igus_ROS2/install/irc_ros_hardware/share/irc_ros_hardware/local_setup.dsv
[0.193s] -- Symlinking: /home/anand/Igus/Igus_ROS2/install/irc_ros_hardware/share/irc_ros_hardware/package.dsv
[0.201s] -- Up-to-date symlink: /home/anand/Igus/Igus_ROS2/install/irc_ros_hardware/share/ament_index/resource_index/packages/irc_ros_hardware
[0.201s] -- Up-to-date symlink: /home/anand/Igus/Igus_ROS2/install/irc_ros_hardware/share/ament_index/resource_index/hardware_interface__pluginlib__plugin/irc_ros_hardware
[0.201s] -- Up-to-date symlink: /home/anand/Igus/Igus_ROS2/install/irc_ros_hardware/share/irc_ros_hardware/cmake/ament_cmake_export_dependencies-extras.cmake
[0.201s] -- Up-to-date symlink: /home/anand/Igus/Igus_ROS2/install/irc_ros_hardware/share/irc_ros_hardware/cmake/ament_cmake_export_include_directories-extras.cmake
[0.201s] -- Up-to-date symlink: /home/anand/Igus/Igus_ROS2/install/irc_ros_hardware/share/irc_ros_hardware/cmake/ament_cmake_export_libraries-extras.cmake
[0.201s] -- Up-to-date symlink: /home/anand/Igus/Igus_ROS2/install/irc_ros_hardware/share/irc_ros_hardware/cmake/irc_ros_hardwareConfig.cmake
[0.201s] -- Up-to-date symlink: /home/anand/Igus/Igus_ROS2/install/irc_ros_hardware/share/irc_ros_hardware/cmake/irc_ros_hardwareConfig-version.cmake
[0.201s] -- Up-to-date symlink: /home/anand/Igus/Igus_ROS2/install/irc_ros_hardware/share/irc_ros_hardware/package.xml
[0.204s] Invoked command in '/home/anand/Igus/Igus_ROS2/build/irc_ros_hardware' returned '0': CMAKE_PREFIX_PATH=/home/anand/Igus/Igus_ROS2/install/irc_ros_msgs:/home/anand/Igus/Igus_ROS2/install/irc_ros_navigation2:/home/anand/Igus/Igus_ROS2/install/irc_ros_controllers:/home/anand/Igus/Igus_ROS2/install/irc_ros_bringup:/home/anand/Igus/Igus_ROS2/install/irc_ros_hardware:/home/anand/Igus/Igus_ROS2/install/irc_ros_examples:/home/anand/Igus/Igus_ROS2/install/irc_ros_moveit_config:/home/anand/Igus/Igus_ROS2/install/irc_ros_description:/home/anand/rover_ws/install/rover_description:/home/anand/rebel_ws/install/myrobot_moveit_config:/home/anand/rebel_ws/install/igus_rebel_description:/home/anand/Igus/Igus_ROS2/install/testtube_sorting:/home/anand/Igus/Igus_ROS2/install/irc_ros_dashboard:/opt/ros/humble LD_LIBRARY_PATH=/home/anand/Igus/Igus_ROS2/install/irc_ros_msgs/lib:/home/anand/Igus/Igus_ROS2/install/irc_ros_controllers/lib:/home/anand/Igus/Igus_ROS2/install/irc_ros_hardware/lib:/usr/lib/x86_64-linux-gnu/gazebo-11/plugins:/opt/ros/humble/opt/rviz_ogre_vendor/lib:/opt/ros/humble/lib/x86_64-linux-gnu:/opt/ros/humble/lib /usr/bin/cmake --install /home/anand/Igus/Igus_ROS2/build/irc_ros_hardware
